<html>
<head>
<title>TestNG:  Surefire test</title>
<link href="../testng.css" rel="stylesheet" type="text/css" />
<link href="../my-testng.css" rel="stylesheet" type="text/css" />

<style type="text/css">
.log { display: none;} 
.stack-trace { display: none;} 
</style>
<script type="text/javascript">
<!--
function flip(e) {
  current = e.style.display;
  if (current == 'block') {
    e.style.display = 'none';
    return 0;
  }
  else {
    e.style.display = 'block';
    return 1;
  }
}

function toggleBox(szDivId, elem, msg1, msg2)
{
  var res = -1;  if (document.getElementById) {
    res = flip(document.getElementById(szDivId));
  }
  else if (document.all) {
    // this is the way old msie versions work
    res = flip(document.all[szDivId]);
  }
  if(elem) {
    if(res == 0) elem.innerHTML = msg1; else elem.innerHTML = msg2;
  }

}

function toggleAllBoxes() {
  if (document.getElementsByTagName) {
    d = document.getElementsByTagName('div');
    for (i = 0; i < d.length; i++) {
      if (d[i].className == 'log') {
        flip(d[i]);
      }
    }
  }
}

// -->
</script>

</head>
<body>
<h2 align='center'>Surefire test</h2><table border='1' align="center">
<tr>
<td>Tests passed/Failed/Skipped:</td><td>56/0/0</td>
</tr><tr>
<td>Started on:</td><td>Mon Oct 29 21:28:24 CET 2018</td>
</tr>
<tr><td>Total time:</td><td>13 seconds (13696 ms)</td>
</tr><tr>
<td>Included groups:</td><td></td>
</tr><tr>
<td>Excluded groups:</td><td></td>
</tr>
</table><p/>
<small><i>(Hover the method name to see the test class name)</i></small><p/>
<table width='100%' border='1' class='invocation-passed'>
<tr><td colspan='4' align='center'><b>PASSED TESTS</b></td></tr>
<tr><td><b>Test method</b></td>
<td width="30%"><b>Exception</b></td>
<td width="10%"><b>Time (seconds)</b></td>
<td><b>Instance</b></td>
</tr>
<tr>
<td title='cz.muni.fi.pa165.smartphonEShop.dao.ClaimDaoTest.create()'><b>create</b><br>Test class: cz.muni.fi.pa165.smartphonEShop.dao.ClaimDaoTest</td>
<td></td>
<td>0</td>
<td>cz.muni.fi.pa165.smartphonEShop.dao.ClaimDaoTest@61c4eee0</td></tr>
<tr>
<td title='cz.muni.fi.pa165.smartphonEShop.dao.OrderDaoTest.create()'><b>create</b><br>Test class: cz.muni.fi.pa165.smartphonEShop.dao.OrderDaoTest</td>
<td></td>
<td>0</td>
<td>cz.muni.fi.pa165.smartphonEShop.dao.OrderDaoTest@6f10d5b6</td></tr>
<tr>
<td title='cz.muni.fi.pa165.smartphonEShop.dao.AddressDaoTest.createNull()'><b>createNull</b><br>Test class: cz.muni.fi.pa165.smartphonEShop.dao.AddressDaoTest</td>
<td><div><pre>java.lang.IllegalArgumentException: Address is null!
	at cz.muni.fi.pa165.smartphonEShop.dao.AddressDaoImpl.create(AddressDaoImpl.java:24)
	at cz.muni.fi.pa165.smartphonEShop.dao.AddressDaoTest.createNull(AddressDaoTest.java:110)
	at org.springframework.test.context.testng.AbstractTestNGSpringContextTests.run(AbstractTestNGSpringContextTests.java:180)
... Removed 32 stack frames</pre></div><a href='#' onClick='toggleBox("stack-trace508047053", this, "Click to show all stack frames", "Click to hide stack frames")'>Click to show all stack frames</a>
<div class='stack-trace' id='stack-trace508047053'><pre>java.lang.IllegalArgumentException: Address is null!
	at cz.muni.fi.pa165.smartphonEShop.dao.AddressDaoImpl.create(AddressDaoImpl.java:24)
	at cz.muni.fi.pa165.smartphonEShop.dao.AddressDaoTest.createNull(AddressDaoTest.java:110)
	at java.base/jdk.internal.reflect.NativeMethodAccessorImpl.invoke0(Native Method)
	at java.base/jdk.internal.reflect.NativeMethodAccessorImpl.invoke(NativeMethodAccessorImpl.java:62)
	at java.base/jdk.internal.reflect.DelegatingMethodAccessorImpl.invoke(DelegatingMethodAccessorImpl.java:43)
	at java.base/java.lang.reflect.Method.invoke(Method.java:564)
	at org.testng.internal.MethodInvocationHelper.invokeMethod(MethodInvocationHelper.java:131)
	at org.testng.internal.MethodInvocationHelper$1.runTestMethod(MethodInvocationHelper.java:237)
	at org.springframework.test.context.testng.AbstractTestNGSpringContextTests.run(AbstractTestNGSpringContextTests.java:180)
	at org.testng.internal.MethodInvocationHelper.invokeHookable(MethodInvocationHelper.java:249)
	at org.testng.internal.Invoker.invokeMethod(Invoker.java:654)
	at org.testng.internal.Invoker.invokeTestMethod(Invoker.java:792)
	at org.testng.internal.Invoker.invokeTestMethods(Invoker.java:1103)
	at org.testng.internal.TestMethodWorker.invokeTestMethods(TestMethodWorker.java:140)
	at org.testng.internal.TestMethodWorker.run(TestMethodWorker.java:122)
	at org.testng.TestRunner.privateRun(TestRunner.java:739)
	at org.testng.TestRunner.run(TestRunner.java:589)
	at org.testng.SuiteRunner.runTest(SuiteRunner.java:398)
	at org.testng.SuiteRunner.runSequentially(SuiteRunner.java:392)
	at org.testng.SuiteRunner.privateRun(SuiteRunner.java:354)
	at org.testng.SuiteRunner.run(SuiteRunner.java:302)
	at org.testng.SuiteRunnerWorker.runSuite(SuiteRunnerWorker.java:53)
	at org.testng.SuiteRunnerWorker.run(SuiteRunnerWorker.java:96)
	at org.testng.TestNG.runSuitesSequentially(TestNG.java:1145)
	at org.testng.TestNG.runSuitesLocally(TestNG.java:1067)
	at org.testng.TestNG.runSuites(TestNG.java:997)
	at org.testng.TestNG.run(TestNG.java:965)
	at org.apache.maven.surefire.testng.TestNGExecutor.run(TestNGExecutor.java:135)
	at org.apache.maven.surefire.testng.TestNGDirectoryTestSuite.executeMulti(TestNGDirectoryTestSuite.java:193)
	at org.apache.maven.surefire.testng.TestNGDirectoryTestSuite.execute(TestNGDirectoryTestSuite.java:94)
	at org.apache.maven.surefire.testng.TestNGProvider.invoke(TestNGProvider.java:146)
	at org.apache.maven.surefire.booter.ForkedBooter.invokeProviderInSameClassLoader(ForkedBooter.java:384)
	at org.apache.maven.surefire.booter.ForkedBooter.runSuitesInProcess(ForkedBooter.java:345)
	at org.apache.maven.surefire.booter.ForkedBooter.execute(ForkedBooter.java:126)
	at org.apache.maven.surefire.booter.ForkedBooter.main(ForkedBooter.java:418)
</pre></div></td>
<td>0</td>
<td>cz.muni.fi.pa165.smartphonEShop.dao.AddressDaoTest@35841320</td></tr>
<tr>
<td title='cz.muni.fi.pa165.smartphonEShop.dao.ClaimDaoTest.createNull()'><b>createNull</b><br>Test class: cz.muni.fi.pa165.smartphonEShop.dao.ClaimDaoTest</td>
<td><div><pre>java.lang.IllegalArgumentException: claim is null!
	at cz.muni.fi.pa165.smartphonEShop.dao.ClaimDaoImpl.create(ClaimDaoImpl.java:20)
	at cz.muni.fi.pa165.smartphonEShop.dao.ClaimDaoTest.createNull(ClaimDaoTest.java:220)
	at org.springframework.test.context.testng.AbstractTestNGSpringContextTests.run(AbstractTestNGSpringContextTests.java:180)
... Removed 32 stack frames</pre></div><a href='#' onClick='toggleBox("stack-trace891684741", this, "Click to show all stack frames", "Click to hide stack frames")'>Click to show all stack frames</a>
<div class='stack-trace' id='stack-trace891684741'><pre>java.lang.IllegalArgumentException: claim is null!
	at cz.muni.fi.pa165.smartphonEShop.dao.ClaimDaoImpl.create(ClaimDaoImpl.java:20)
	at cz.muni.fi.pa165.smartphonEShop.dao.ClaimDaoTest.createNull(ClaimDaoTest.java:220)
	at java.base/jdk.internal.reflect.NativeMethodAccessorImpl.invoke0(Native Method)
	at java.base/jdk.internal.reflect.NativeMethodAccessorImpl.invoke(NativeMethodAccessorImpl.java:62)
	at java.base/jdk.internal.reflect.DelegatingMethodAccessorImpl.invoke(DelegatingMethodAccessorImpl.java:43)
	at java.base/java.lang.reflect.Method.invoke(Method.java:564)
	at org.testng.internal.MethodInvocationHelper.invokeMethod(MethodInvocationHelper.java:131)
	at org.testng.internal.MethodInvocationHelper$1.runTestMethod(MethodInvocationHelper.java:237)
	at org.springframework.test.context.testng.AbstractTestNGSpringContextTests.run(AbstractTestNGSpringContextTests.java:180)
	at org.testng.internal.MethodInvocationHelper.invokeHookable(MethodInvocationHelper.java:249)
	at org.testng.internal.Invoker.invokeMethod(Invoker.java:654)
	at org.testng.internal.Invoker.invokeTestMethod(Invoker.java:792)
	at org.testng.internal.Invoker.invokeTestMethods(Invoker.java:1103)
	at org.testng.internal.TestMethodWorker.invokeTestMethods(TestMethodWorker.java:140)
	at org.testng.internal.TestMethodWorker.run(TestMethodWorker.java:122)
	at org.testng.TestRunner.privateRun(TestRunner.java:739)
	at org.testng.TestRunner.run(TestRunner.java:589)
	at org.testng.SuiteRunner.runTest(SuiteRunner.java:398)
	at org.testng.SuiteRunner.runSequentially(SuiteRunner.java:392)
	at org.testng.SuiteRunner.privateRun(SuiteRunner.java:354)
	at org.testng.SuiteRunner.run(SuiteRunner.java:302)
	at org.testng.SuiteRunnerWorker.runSuite(SuiteRunnerWorker.java:53)
	at org.testng.SuiteRunnerWorker.run(SuiteRunnerWorker.java:96)
	at org.testng.TestNG.runSuitesSequentially(TestNG.java:1145)
	at org.testng.TestNG.runSuitesLocally(TestNG.java:1067)
	at org.testng.TestNG.runSuites(TestNG.java:997)
	at org.testng.TestNG.run(TestNG.java:965)
	at org.apache.maven.surefire.testng.TestNGExecutor.run(TestNGExecutor.java:135)
	at org.apache.maven.surefire.testng.TestNGDirectoryTestSuite.executeMulti(TestNGDirectoryTestSuite.java:193)
	at org.apache.maven.surefire.testng.TestNGDirectoryTestSuite.execute(TestNGDirectoryTestSuite.java:94)
	at org.apache.maven.surefire.testng.TestNGProvider.invoke(TestNGProvider.java:146)
	at org.apache.maven.surefire.booter.ForkedBooter.invokeProviderInSameClassLoader(ForkedBooter.java:384)
	at org.apache.maven.surefire.booter.ForkedBooter.runSuitesInProcess(ForkedBooter.java:345)
	at org.apache.maven.surefire.booter.ForkedBooter.execute(ForkedBooter.java:126)
	at org.apache.maven.surefire.booter.ForkedBooter.main(ForkedBooter.java:418)
</pre></div></td>
<td>0</td>
<td>cz.muni.fi.pa165.smartphonEShop.dao.ClaimDaoTest@61c4eee0</td></tr>
<tr>
<td title='cz.muni.fi.pa165.smartphonEShop.dao.OrderDaoTest.createNull()'><b>createNull</b><br>Test class: cz.muni.fi.pa165.smartphonEShop.dao.OrderDaoTest</td>
<td><div><pre>java.lang.IllegalArgumentException: Order is null!
	at cz.muni.fi.pa165.smartphonEShop.dao.OrderDaoImpl.create(OrderDaoImpl.java:21)
	at cz.muni.fi.pa165.smartphonEShop.dao.OrderDaoTest.createNull(OrderDaoTest.java:171)
	at org.springframework.test.context.testng.AbstractTestNGSpringContextTests.run(AbstractTestNGSpringContextTests.java:180)
... Removed 32 stack frames</pre></div><a href='#' onClick='toggleBox("stack-trace258721628", this, "Click to show all stack frames", "Click to hide stack frames")'>Click to show all stack frames</a>
<div class='stack-trace' id='stack-trace258721628'><pre>java.lang.IllegalArgumentException: Order is null!
	at cz.muni.fi.pa165.smartphonEShop.dao.OrderDaoImpl.create(OrderDaoImpl.java:21)
	at cz.muni.fi.pa165.smartphonEShop.dao.OrderDaoTest.createNull(OrderDaoTest.java:171)
	at java.base/jdk.internal.reflect.NativeMethodAccessorImpl.invoke0(Native Method)
	at java.base/jdk.internal.reflect.NativeMethodAccessorImpl.invoke(NativeMethodAccessorImpl.java:62)
	at java.base/jdk.internal.reflect.DelegatingMethodAccessorImpl.invoke(DelegatingMethodAccessorImpl.java:43)
	at java.base/java.lang.reflect.Method.invoke(Method.java:564)
	at org.testng.internal.MethodInvocationHelper.invokeMethod(MethodInvocationHelper.java:131)
	at org.testng.internal.MethodInvocationHelper$1.runTestMethod(MethodInvocationHelper.java:237)
	at org.springframework.test.context.testng.AbstractTestNGSpringContextTests.run(AbstractTestNGSpringContextTests.java:180)
	at org.testng.internal.MethodInvocationHelper.invokeHookable(MethodInvocationHelper.java:249)
	at org.testng.internal.Invoker.invokeMethod(Invoker.java:654)
	at org.testng.internal.Invoker.invokeTestMethod(Invoker.java:792)
	at org.testng.internal.Invoker.invokeTestMethods(Invoker.java:1103)
	at org.testng.internal.TestMethodWorker.invokeTestMethods(TestMethodWorker.java:140)
	at org.testng.internal.TestMethodWorker.run(TestMethodWorker.java:122)
	at org.testng.TestRunner.privateRun(TestRunner.java:739)
	at org.testng.TestRunner.run(TestRunner.java:589)
	at org.testng.SuiteRunner.runTest(SuiteRunner.java:398)
	at org.testng.SuiteRunner.runSequentially(SuiteRunner.java:392)
	at org.testng.SuiteRunner.privateRun(SuiteRunner.java:354)
	at org.testng.SuiteRunner.run(SuiteRunner.java:302)
	at org.testng.SuiteRunnerWorker.runSuite(SuiteRunnerWorker.java:53)
	at org.testng.SuiteRunnerWorker.run(SuiteRunnerWorker.java:96)
	at org.testng.TestNG.runSuitesSequentially(TestNG.java:1145)
	at org.testng.TestNG.runSuitesLocally(TestNG.java:1067)
	at org.testng.TestNG.runSuites(TestNG.java:997)
	at org.testng.TestNG.run(TestNG.java:965)
	at org.apache.maven.surefire.testng.TestNGExecutor.run(TestNGExecutor.java:135)
	at org.apache.maven.surefire.testng.TestNGDirectoryTestSuite.executeMulti(TestNGDirectoryTestSuite.java:193)
	at org.apache.maven.surefire.testng.TestNGDirectoryTestSuite.execute(TestNGDirectoryTestSuite.java:94)
	at org.apache.maven.surefire.testng.TestNGProvider.invoke(TestNGProvider.java:146)
	at org.apache.maven.surefire.booter.ForkedBooter.invokeProviderInSameClassLoader(ForkedBooter.java:384)
	at org.apache.maven.surefire.booter.ForkedBooter.runSuitesInProcess(ForkedBooter.java:345)
	at org.apache.maven.surefire.booter.ForkedBooter.execute(ForkedBooter.java:126)
	at org.apache.maven.surefire.booter.ForkedBooter.main(ForkedBooter.java:418)
</pre></div></td>
<td>0</td>
<td>cz.muni.fi.pa165.smartphonEShop.dao.OrderDaoTest@6f10d5b6</td></tr>
<tr>
<td title='cz.muni.fi.pa165.smartphonEShop.dao.PersonDaoTest.createNull()'><b>createNull</b><br>Test class: cz.muni.fi.pa165.smartphonEShop.dao.PersonDaoTest</td>
<td><div><pre>java.lang.IllegalArgumentException: claim is null!
	at cz.muni.fi.pa165.smartphonEShop.dao.PersonDaoImpl.create(PersonDaoImpl.java:19)
	at cz.muni.fi.pa165.smartphonEShop.dao.PersonDaoTest.createNull(PersonDaoTest.java:144)
	at org.springframework.test.context.testng.AbstractTestNGSpringContextTests.run(AbstractTestNGSpringContextTests.java:180)
... Removed 32 stack frames</pre></div><a href='#' onClick='toggleBox("stack-trace876029877", this, "Click to show all stack frames", "Click to hide stack frames")'>Click to show all stack frames</a>
<div class='stack-trace' id='stack-trace876029877'><pre>java.lang.IllegalArgumentException: claim is null!
	at cz.muni.fi.pa165.smartphonEShop.dao.PersonDaoImpl.create(PersonDaoImpl.java:19)
	at cz.muni.fi.pa165.smartphonEShop.dao.PersonDaoTest.createNull(PersonDaoTest.java:144)
	at java.base/jdk.internal.reflect.NativeMethodAccessorImpl.invoke0(Native Method)
	at java.base/jdk.internal.reflect.NativeMethodAccessorImpl.invoke(NativeMethodAccessorImpl.java:62)
	at java.base/jdk.internal.reflect.DelegatingMethodAccessorImpl.invoke(DelegatingMethodAccessorImpl.java:43)
	at java.base/java.lang.reflect.Method.invoke(Method.java:564)
	at org.testng.internal.MethodInvocationHelper.invokeMethod(MethodInvocationHelper.java:131)
	at org.testng.internal.MethodInvocationHelper$1.runTestMethod(MethodInvocationHelper.java:237)
	at org.springframework.test.context.testng.AbstractTestNGSpringContextTests.run(AbstractTestNGSpringContextTests.java:180)
	at org.testng.internal.MethodInvocationHelper.invokeHookable(MethodInvocationHelper.java:249)
	at org.testng.internal.Invoker.invokeMethod(Invoker.java:654)
	at org.testng.internal.Invoker.invokeTestMethod(Invoker.java:792)
	at org.testng.internal.Invoker.invokeTestMethods(Invoker.java:1103)
	at org.testng.internal.TestMethodWorker.invokeTestMethods(TestMethodWorker.java:140)
	at org.testng.internal.TestMethodWorker.run(TestMethodWorker.java:122)
	at org.testng.TestRunner.privateRun(TestRunner.java:739)
	at org.testng.TestRunner.run(TestRunner.java:589)
	at org.testng.SuiteRunner.runTest(SuiteRunner.java:398)
	at org.testng.SuiteRunner.runSequentially(SuiteRunner.java:392)
	at org.testng.SuiteRunner.privateRun(SuiteRunner.java:354)
	at org.testng.SuiteRunner.run(SuiteRunner.java:302)
	at org.testng.SuiteRunnerWorker.runSuite(SuiteRunnerWorker.java:53)
	at org.testng.SuiteRunnerWorker.run(SuiteRunnerWorker.java:96)
	at org.testng.TestNG.runSuitesSequentially(TestNG.java:1145)
	at org.testng.TestNG.runSuitesLocally(TestNG.java:1067)
	at org.testng.TestNG.runSuites(TestNG.java:997)
	at org.testng.TestNG.run(TestNG.java:965)
	at org.apache.maven.surefire.testng.TestNGExecutor.run(TestNGExecutor.java:135)
	at org.apache.maven.surefire.testng.TestNGDirectoryTestSuite.executeMulti(TestNGDirectoryTestSuite.java:193)
	at org.apache.maven.surefire.testng.TestNGDirectoryTestSuite.execute(TestNGDirectoryTestSuite.java:94)
	at org.apache.maven.surefire.testng.TestNGProvider.invoke(TestNGProvider.java:146)
	at org.apache.maven.surefire.booter.ForkedBooter.invokeProviderInSameClassLoader(ForkedBooter.java:384)
	at org.apache.maven.surefire.booter.ForkedBooter.runSuitesInProcess(ForkedBooter.java:345)
	at org.apache.maven.surefire.booter.ForkedBooter.execute(ForkedBooter.java:126)
	at org.apache.maven.surefire.booter.ForkedBooter.main(ForkedBooter.java:418)
</pre></div></td>
<td>0</td>
<td>cz.muni.fi.pa165.smartphonEShop.dao.PersonDaoTest@1040be71</td></tr>
<tr>
<td title='cz.muni.fi.pa165.smartphonEShop.dao.PhoneDaoTest.createNull()'><b>createNull</b><br>Test class: cz.muni.fi.pa165.smartphonEShop.dao.PhoneDaoTest</td>
<td><div><pre>java.lang.IllegalArgumentException: Phone is null!
	at cz.muni.fi.pa165.smartphonEShop.dao.PhoneDaoImpl.create(PhoneDaoImpl.java:28)
	at cz.muni.fi.pa165.smartphonEShop.dao.PhoneDaoTest.createNull(PhoneDaoTest.java:147)
	at org.springframework.test.context.testng.AbstractTestNGSpringContextTests.run(AbstractTestNGSpringContextTests.java:180)
... Removed 32 stack frames</pre></div><a href='#' onClick='toggleBox("stack-trace216688561", this, "Click to show all stack frames", "Click to hide stack frames")'>Click to show all stack frames</a>
<div class='stack-trace' id='stack-trace216688561'><pre>java.lang.IllegalArgumentException: Phone is null!
	at cz.muni.fi.pa165.smartphonEShop.dao.PhoneDaoImpl.create(PhoneDaoImpl.java:28)
	at cz.muni.fi.pa165.smartphonEShop.dao.PhoneDaoTest.createNull(PhoneDaoTest.java:147)
	at java.base/jdk.internal.reflect.NativeMethodAccessorImpl.invoke0(Native Method)
	at java.base/jdk.internal.reflect.NativeMethodAccessorImpl.invoke(NativeMethodAccessorImpl.java:62)
	at java.base/jdk.internal.reflect.DelegatingMethodAccessorImpl.invoke(DelegatingMethodAccessorImpl.java:43)
	at java.base/java.lang.reflect.Method.invoke(Method.java:564)
	at org.testng.internal.MethodInvocationHelper.invokeMethod(MethodInvocationHelper.java:131)
	at org.testng.internal.MethodInvocationHelper$1.runTestMethod(MethodInvocationHelper.java:237)
	at org.springframework.test.context.testng.AbstractTestNGSpringContextTests.run(AbstractTestNGSpringContextTests.java:180)
	at org.testng.internal.MethodInvocationHelper.invokeHookable(MethodInvocationHelper.java:249)
	at org.testng.internal.Invoker.invokeMethod(Invoker.java:654)
	at org.testng.internal.Invoker.invokeTestMethod(Invoker.java:792)
	at org.testng.internal.Invoker.invokeTestMethods(Invoker.java:1103)
	at org.testng.internal.TestMethodWorker.invokeTestMethods(TestMethodWorker.java:140)
	at org.testng.internal.TestMethodWorker.run(TestMethodWorker.java:122)
	at org.testng.TestRunner.privateRun(TestRunner.java:739)
	at org.testng.TestRunner.run(TestRunner.java:589)
	at org.testng.SuiteRunner.runTest(SuiteRunner.java:398)
	at org.testng.SuiteRunner.runSequentially(SuiteRunner.java:392)
	at org.testng.SuiteRunner.privateRun(SuiteRunner.java:354)
	at org.testng.SuiteRunner.run(SuiteRunner.java:302)
	at org.testng.SuiteRunnerWorker.runSuite(SuiteRunnerWorker.java:53)
	at org.testng.SuiteRunnerWorker.run(SuiteRunnerWorker.java:96)
	at org.testng.TestNG.runSuitesSequentially(TestNG.java:1145)
	at org.testng.TestNG.runSuitesLocally(TestNG.java:1067)
	at org.testng.TestNG.runSuites(TestNG.java:997)
	at org.testng.TestNG.run(TestNG.java:965)
	at org.apache.maven.surefire.testng.TestNGExecutor.run(TestNGExecutor.java:135)
	at org.apache.maven.surefire.testng.TestNGDirectoryTestSuite.executeMulti(TestNGDirectoryTestSuite.java:193)
	at org.apache.maven.surefire.testng.TestNGDirectoryTestSuite.execute(TestNGDirectoryTestSuite.java:94)
	at org.apache.maven.surefire.testng.TestNGProvider.invoke(TestNGProvider.java:146)
	at org.apache.maven.surefire.booter.ForkedBooter.invokeProviderInSameClassLoader(ForkedBooter.java:384)
	at org.apache.maven.surefire.booter.ForkedBooter.runSuitesInProcess(ForkedBooter.java:345)
	at org.apache.maven.surefire.booter.ForkedBooter.execute(ForkedBooter.java:126)
	at org.apache.maven.surefire.booter.ForkedBooter.main(ForkedBooter.java:418)
</pre></div></td>
<td>0</td>
<td>cz.muni.fi.pa165.smartphonEShop.dao.PhoneDaoTest@548a24a</td></tr>
<tr>
<td title='cz.muni.fi.pa165.smartphonEShop.dao.StockDaoTest.createNull()'><b>createNull</b><br>Test class: cz.muni.fi.pa165.smartphonEShop.dao.StockDaoTest</td>
<td><div><pre>java.lang.IllegalArgumentException: Stock is null!
	at cz.muni.fi.pa165.smartphonEShop.dao.StockDaoImpl.create(StockDaoImpl.java:28)
	at cz.muni.fi.pa165.smartphonEShop.dao.StockDaoTest.createNull(StockDaoTest.java:133)
	at org.springframework.test.context.testng.AbstractTestNGSpringContextTests.run(AbstractTestNGSpringContextTests.java:180)
... Removed 32 stack frames</pre></div><a href='#' onClick='toggleBox("stack-trace640225682", this, "Click to show all stack frames", "Click to hide stack frames")'>Click to show all stack frames</a>
<div class='stack-trace' id='stack-trace640225682'><pre>java.lang.IllegalArgumentException: Stock is null!
	at cz.muni.fi.pa165.smartphonEShop.dao.StockDaoImpl.create(StockDaoImpl.java:28)
	at cz.muni.fi.pa165.smartphonEShop.dao.StockDaoTest.createNull(StockDaoTest.java:133)
	at java.base/jdk.internal.reflect.NativeMethodAccessorImpl.invoke0(Native Method)
	at java.base/jdk.internal.reflect.NativeMethodAccessorImpl.invoke(NativeMethodAccessorImpl.java:62)
	at java.base/jdk.internal.reflect.DelegatingMethodAccessorImpl.invoke(DelegatingMethodAccessorImpl.java:43)
	at java.base/java.lang.reflect.Method.invoke(Method.java:564)
	at org.testng.internal.MethodInvocationHelper.invokeMethod(MethodInvocationHelper.java:131)
	at org.testng.internal.MethodInvocationHelper$1.runTestMethod(MethodInvocationHelper.java:237)
	at org.springframework.test.context.testng.AbstractTestNGSpringContextTests.run(AbstractTestNGSpringContextTests.java:180)
	at org.testng.internal.MethodInvocationHelper.invokeHookable(MethodInvocationHelper.java:249)
	at org.testng.internal.Invoker.invokeMethod(Invoker.java:654)
	at org.testng.internal.Invoker.invokeTestMethod(Invoker.java:792)
	at org.testng.internal.Invoker.invokeTestMethods(Invoker.java:1103)
	at org.testng.internal.TestMethodWorker.invokeTestMethods(TestMethodWorker.java:140)
	at org.testng.internal.TestMethodWorker.run(TestMethodWorker.java:122)
	at org.testng.TestRunner.privateRun(TestRunner.java:739)
	at org.testng.TestRunner.run(TestRunner.java:589)
	at org.testng.SuiteRunner.runTest(SuiteRunner.java:398)
	at org.testng.SuiteRunner.runSequentially(SuiteRunner.java:392)
	at org.testng.SuiteRunner.privateRun(SuiteRunner.java:354)
	at org.testng.SuiteRunner.run(SuiteRunner.java:302)
	at org.testng.SuiteRunnerWorker.runSuite(SuiteRunnerWorker.java:53)
	at org.testng.SuiteRunnerWorker.run(SuiteRunnerWorker.java:96)
	at org.testng.TestNG.runSuitesSequentially(TestNG.java:1145)
	at org.testng.TestNG.runSuitesLocally(TestNG.java:1067)
	at org.testng.TestNG.runSuites(TestNG.java:997)
	at org.testng.TestNG.run(TestNG.java:965)
	at org.apache.maven.surefire.testng.TestNGExecutor.run(TestNGExecutor.java:135)
	at org.apache.maven.surefire.testng.TestNGDirectoryTestSuite.executeMulti(TestNGDirectoryTestSuite.java:193)
	at org.apache.maven.surefire.testng.TestNGDirectoryTestSuite.execute(TestNGDirectoryTestSuite.java:94)
	at org.apache.maven.surefire.testng.TestNGProvider.invoke(TestNGProvider.java:146)
	at org.apache.maven.surefire.booter.ForkedBooter.invokeProviderInSameClassLoader(ForkedBooter.java:384)
	at org.apache.maven.surefire.booter.ForkedBooter.runSuitesInProcess(ForkedBooter.java:345)
	at org.apache.maven.surefire.booter.ForkedBooter.execute(ForkedBooter.java:126)
	at org.apache.maven.surefire.booter.ForkedBooter.main(ForkedBooter.java:418)
</pre></div></td>
<td>0</td>
<td>cz.muni.fi.pa165.smartphonEShop.dao.StockDaoTest@433defed</td></tr>
<tr>
<td title='cz.muni.fi.pa165.smartphonEShop.dao.AddressDaoTest.delete()'><b>delete</b><br>Test class: cz.muni.fi.pa165.smartphonEShop.dao.AddressDaoTest</td>
<td></td>
<td>0</td>
<td>cz.muni.fi.pa165.smartphonEShop.dao.AddressDaoTest@35841320</td></tr>
<tr>
<td title='cz.muni.fi.pa165.smartphonEShop.dao.ClaimDaoTest.delete()'><b>delete</b><br>Test class: cz.muni.fi.pa165.smartphonEShop.dao.ClaimDaoTest</td>
<td></td>
<td>0</td>
<td>cz.muni.fi.pa165.smartphonEShop.dao.ClaimDaoTest@61c4eee0</td></tr>
<tr>
<td title='cz.muni.fi.pa165.smartphonEShop.dao.OrderDaoTest.delete()'><b>delete</b><br>Test class: cz.muni.fi.pa165.smartphonEShop.dao.OrderDaoTest</td>
<td></td>
<td>0</td>
<td>cz.muni.fi.pa165.smartphonEShop.dao.OrderDaoTest@6f10d5b6</td></tr>
<tr>
<td title='cz.muni.fi.pa165.smartphonEShop.dao.PersonDaoTest.delete()'><b>delete</b><br>Test class: cz.muni.fi.pa165.smartphonEShop.dao.PersonDaoTest</td>
<td></td>
<td>0</td>
<td>cz.muni.fi.pa165.smartphonEShop.dao.PersonDaoTest@1040be71</td></tr>
<tr>
<td title='cz.muni.fi.pa165.smartphonEShop.dao.PhoneDaoTest.delete()'><b>delete</b><br>Test class: cz.muni.fi.pa165.smartphonEShop.dao.PhoneDaoTest</td>
<td></td>
<td>0</td>
<td>cz.muni.fi.pa165.smartphonEShop.dao.PhoneDaoTest@548a24a</td></tr>
<tr>
<td title='cz.muni.fi.pa165.smartphonEShop.dao.StockDaoTest.delete()'><b>delete</b><br>Test class: cz.muni.fi.pa165.smartphonEShop.dao.StockDaoTest</td>
<td></td>
<td>0</td>
<td>cz.muni.fi.pa165.smartphonEShop.dao.StockDaoTest@433defed</td></tr>
<tr>
<td title='cz.muni.fi.pa165.smartphonEShop.dao.AddressDaoTest.deleteNull()'><b>deleteNull</b><br>Test class: cz.muni.fi.pa165.smartphonEShop.dao.AddressDaoTest</td>
<td><div><pre>java.lang.IllegalArgumentException: Address is null!
	at cz.muni.fi.pa165.smartphonEShop.dao.AddressDaoImpl.delete(AddressDaoImpl.java:40)
	at cz.muni.fi.pa165.smartphonEShop.dao.AddressDaoTest.deleteNull(AddressDaoTest.java:122)
	at org.springframework.test.context.testng.AbstractTestNGSpringContextTests.run(AbstractTestNGSpringContextTests.java:180)
... Removed 32 stack frames</pre></div><a href='#' onClick='toggleBox("stack-trace859258736", this, "Click to show all stack frames", "Click to hide stack frames")'>Click to show all stack frames</a>
<div class='stack-trace' id='stack-trace859258736'><pre>java.lang.IllegalArgumentException: Address is null!
	at cz.muni.fi.pa165.smartphonEShop.dao.AddressDaoImpl.delete(AddressDaoImpl.java:40)
	at cz.muni.fi.pa165.smartphonEShop.dao.AddressDaoTest.deleteNull(AddressDaoTest.java:122)
	at java.base/jdk.internal.reflect.NativeMethodAccessorImpl.invoke0(Native Method)
	at java.base/jdk.internal.reflect.NativeMethodAccessorImpl.invoke(NativeMethodAccessorImpl.java:62)
	at java.base/jdk.internal.reflect.DelegatingMethodAccessorImpl.invoke(DelegatingMethodAccessorImpl.java:43)
	at java.base/java.lang.reflect.Method.invoke(Method.java:564)
	at org.testng.internal.MethodInvocationHelper.invokeMethod(MethodInvocationHelper.java:131)
	at org.testng.internal.MethodInvocationHelper$1.runTestMethod(MethodInvocationHelper.java:237)
	at org.springframework.test.context.testng.AbstractTestNGSpringContextTests.run(AbstractTestNGSpringContextTests.java:180)
	at org.testng.internal.MethodInvocationHelper.invokeHookable(MethodInvocationHelper.java:249)
	at org.testng.internal.Invoker.invokeMethod(Invoker.java:654)
	at org.testng.internal.Invoker.invokeTestMethod(Invoker.java:792)
	at org.testng.internal.Invoker.invokeTestMethods(Invoker.java:1103)
	at org.testng.internal.TestMethodWorker.invokeTestMethods(TestMethodWorker.java:140)
	at org.testng.internal.TestMethodWorker.run(TestMethodWorker.java:122)
	at org.testng.TestRunner.privateRun(TestRunner.java:739)
	at org.testng.TestRunner.run(TestRunner.java:589)
	at org.testng.SuiteRunner.runTest(SuiteRunner.java:398)
	at org.testng.SuiteRunner.runSequentially(SuiteRunner.java:392)
	at org.testng.SuiteRunner.privateRun(SuiteRunner.java:354)
	at org.testng.SuiteRunner.run(SuiteRunner.java:302)
	at org.testng.SuiteRunnerWorker.runSuite(SuiteRunnerWorker.java:53)
	at org.testng.SuiteRunnerWorker.run(SuiteRunnerWorker.java:96)
	at org.testng.TestNG.runSuitesSequentially(TestNG.java:1145)
	at org.testng.TestNG.runSuitesLocally(TestNG.java:1067)
	at org.testng.TestNG.runSuites(TestNG.java:997)
	at org.testng.TestNG.run(TestNG.java:965)
	at org.apache.maven.surefire.testng.TestNGExecutor.run(TestNGExecutor.java:135)
	at org.apache.maven.surefire.testng.TestNGDirectoryTestSuite.executeMulti(TestNGDirectoryTestSuite.java:193)
	at org.apache.maven.surefire.testng.TestNGDirectoryTestSuite.execute(TestNGDirectoryTestSuite.java:94)
	at org.apache.maven.surefire.testng.TestNGProvider.invoke(TestNGProvider.java:146)
	at org.apache.maven.surefire.booter.ForkedBooter.invokeProviderInSameClassLoader(ForkedBooter.java:384)
	at org.apache.maven.surefire.booter.ForkedBooter.runSuitesInProcess(ForkedBooter.java:345)
	at org.apache.maven.surefire.booter.ForkedBooter.execute(ForkedBooter.java:126)
	at org.apache.maven.surefire.booter.ForkedBooter.main(ForkedBooter.java:418)
</pre></div></td>
<td>0</td>
<td>cz.muni.fi.pa165.smartphonEShop.dao.AddressDaoTest@35841320</td></tr>
<tr>
<td title='cz.muni.fi.pa165.smartphonEShop.dao.ClaimDaoTest.deleteNull()'><b>deleteNull</b><br>Test class: cz.muni.fi.pa165.smartphonEShop.dao.ClaimDaoTest</td>
<td><div><pre>java.lang.IllegalArgumentException: claim is null!
	at cz.muni.fi.pa165.smartphonEShop.dao.ClaimDaoImpl.delete(ClaimDaoImpl.java:36)
	at cz.muni.fi.pa165.smartphonEShop.dao.ClaimDaoTest.deleteNull(ClaimDaoTest.java:205)
	at org.springframework.test.context.testng.AbstractTestNGSpringContextTests.run(AbstractTestNGSpringContextTests.java:180)
... Removed 32 stack frames</pre></div><a href='#' onClick='toggleBox("stack-trace728687687", this, "Click to show all stack frames", "Click to hide stack frames")'>Click to show all stack frames</a>
<div class='stack-trace' id='stack-trace728687687'><pre>java.lang.IllegalArgumentException: claim is null!
	at cz.muni.fi.pa165.smartphonEShop.dao.ClaimDaoImpl.delete(ClaimDaoImpl.java:36)
	at cz.muni.fi.pa165.smartphonEShop.dao.ClaimDaoTest.deleteNull(ClaimDaoTest.java:205)
	at java.base/jdk.internal.reflect.NativeMethodAccessorImpl.invoke0(Native Method)
	at java.base/jdk.internal.reflect.NativeMethodAccessorImpl.invoke(NativeMethodAccessorImpl.java:62)
	at java.base/jdk.internal.reflect.DelegatingMethodAccessorImpl.invoke(DelegatingMethodAccessorImpl.java:43)
	at java.base/java.lang.reflect.Method.invoke(Method.java:564)
	at org.testng.internal.MethodInvocationHelper.invokeMethod(MethodInvocationHelper.java:131)
	at org.testng.internal.MethodInvocationHelper$1.runTestMethod(MethodInvocationHelper.java:237)
	at org.springframework.test.context.testng.AbstractTestNGSpringContextTests.run(AbstractTestNGSpringContextTests.java:180)
	at org.testng.internal.MethodInvocationHelper.invokeHookable(MethodInvocationHelper.java:249)
	at org.testng.internal.Invoker.invokeMethod(Invoker.java:654)
	at org.testng.internal.Invoker.invokeTestMethod(Invoker.java:792)
	at org.testng.internal.Invoker.invokeTestMethods(Invoker.java:1103)
	at org.testng.internal.TestMethodWorker.invokeTestMethods(TestMethodWorker.java:140)
	at org.testng.internal.TestMethodWorker.run(TestMethodWorker.java:122)
	at org.testng.TestRunner.privateRun(TestRunner.java:739)
	at org.testng.TestRunner.run(TestRunner.java:589)
	at org.testng.SuiteRunner.runTest(SuiteRunner.java:398)
	at org.testng.SuiteRunner.runSequentially(SuiteRunner.java:392)
	at org.testng.SuiteRunner.privateRun(SuiteRunner.java:354)
	at org.testng.SuiteRunner.run(SuiteRunner.java:302)
	at org.testng.SuiteRunnerWorker.runSuite(SuiteRunnerWorker.java:53)
	at org.testng.SuiteRunnerWorker.run(SuiteRunnerWorker.java:96)
	at org.testng.TestNG.runSuitesSequentially(TestNG.java:1145)
	at org.testng.TestNG.runSuitesLocally(TestNG.java:1067)
	at org.testng.TestNG.runSuites(TestNG.java:997)
	at org.testng.TestNG.run(TestNG.java:965)
	at org.apache.maven.surefire.testng.TestNGExecutor.run(TestNGExecutor.java:135)
	at org.apache.maven.surefire.testng.TestNGDirectoryTestSuite.executeMulti(TestNGDirectoryTestSuite.java:193)
	at org.apache.maven.surefire.testng.TestNGDirectoryTestSuite.execute(TestNGDirectoryTestSuite.java:94)
	at org.apache.maven.surefire.testng.TestNGProvider.invoke(TestNGProvider.java:146)
	at org.apache.maven.surefire.booter.ForkedBooter.invokeProviderInSameClassLoader(ForkedBooter.java:384)
	at org.apache.maven.surefire.booter.ForkedBooter.runSuitesInProcess(ForkedBooter.java:345)
	at org.apache.maven.surefire.booter.ForkedBooter.execute(ForkedBooter.java:126)
	at org.apache.maven.surefire.booter.ForkedBooter.main(ForkedBooter.java:418)
</pre></div></td>
<td>0</td>
<td>cz.muni.fi.pa165.smartphonEShop.dao.ClaimDaoTest@61c4eee0</td></tr>
<tr>
<td title='cz.muni.fi.pa165.smartphonEShop.dao.OrderDaoTest.deleteNull()'><b>deleteNull</b><br>Test class: cz.muni.fi.pa165.smartphonEShop.dao.OrderDaoTest</td>
<td><div><pre>java.lang.IllegalArgumentException: Order is null!
	at cz.muni.fi.pa165.smartphonEShop.dao.OrderDaoImpl.delete(OrderDaoImpl.java:39)
	at cz.muni.fi.pa165.smartphonEShop.dao.OrderDaoTest.deleteNull(OrderDaoTest.java:183)
	at org.springframework.test.context.testng.AbstractTestNGSpringContextTests.run(AbstractTestNGSpringContextTests.java:180)
... Removed 32 stack frames</pre></div><a href='#' onClick='toggleBox("stack-trace2022311187", this, "Click to show all stack frames", "Click to hide stack frames")'>Click to show all stack frames</a>
<div class='stack-trace' id='stack-trace2022311187'><pre>java.lang.IllegalArgumentException: Order is null!
	at cz.muni.fi.pa165.smartphonEShop.dao.OrderDaoImpl.delete(OrderDaoImpl.java:39)
	at cz.muni.fi.pa165.smartphonEShop.dao.OrderDaoTest.deleteNull(OrderDaoTest.java:183)
	at java.base/jdk.internal.reflect.NativeMethodAccessorImpl.invoke0(Native Method)
	at java.base/jdk.internal.reflect.NativeMethodAccessorImpl.invoke(NativeMethodAccessorImpl.java:62)
	at java.base/jdk.internal.reflect.DelegatingMethodAccessorImpl.invoke(DelegatingMethodAccessorImpl.java:43)
	at java.base/java.lang.reflect.Method.invoke(Method.java:564)
	at org.testng.internal.MethodInvocationHelper.invokeMethod(MethodInvocationHelper.java:131)
	at org.testng.internal.MethodInvocationHelper$1.runTestMethod(MethodInvocationHelper.java:237)
	at org.springframework.test.context.testng.AbstractTestNGSpringContextTests.run(AbstractTestNGSpringContextTests.java:180)
	at org.testng.internal.MethodInvocationHelper.invokeHookable(MethodInvocationHelper.java:249)
	at org.testng.internal.Invoker.invokeMethod(Invoker.java:654)
	at org.testng.internal.Invoker.invokeTestMethod(Invoker.java:792)
	at org.testng.internal.Invoker.invokeTestMethods(Invoker.java:1103)
	at org.testng.internal.TestMethodWorker.invokeTestMethods(TestMethodWorker.java:140)
	at org.testng.internal.TestMethodWorker.run(TestMethodWorker.java:122)
	at org.testng.TestRunner.privateRun(TestRunner.java:739)
	at org.testng.TestRunner.run(TestRunner.java:589)
	at org.testng.SuiteRunner.runTest(SuiteRunner.java:398)
	at org.testng.SuiteRunner.runSequentially(SuiteRunner.java:392)
	at org.testng.SuiteRunner.privateRun(SuiteRunner.java:354)
	at org.testng.SuiteRunner.run(SuiteRunner.java:302)
	at org.testng.SuiteRunnerWorker.runSuite(SuiteRunnerWorker.java:53)
	at org.testng.SuiteRunnerWorker.run(SuiteRunnerWorker.java:96)
	at org.testng.TestNG.runSuitesSequentially(TestNG.java:1145)
	at org.testng.TestNG.runSuitesLocally(TestNG.java:1067)
	at org.testng.TestNG.runSuites(TestNG.java:997)
	at org.testng.TestNG.run(TestNG.java:965)
	at org.apache.maven.surefire.testng.TestNGExecutor.run(TestNGExecutor.java:135)
	at org.apache.maven.surefire.testng.TestNGDirectoryTestSuite.executeMulti(TestNGDirectoryTestSuite.java:193)
	at org.apache.maven.surefire.testng.TestNGDirectoryTestSuite.execute(TestNGDirectoryTestSuite.java:94)
	at org.apache.maven.surefire.testng.TestNGProvider.invoke(TestNGProvider.java:146)
	at org.apache.maven.surefire.booter.ForkedBooter.invokeProviderInSameClassLoader(ForkedBooter.java:384)
	at org.apache.maven.surefire.booter.ForkedBooter.runSuitesInProcess(ForkedBooter.java:345)
	at org.apache.maven.surefire.booter.ForkedBooter.execute(ForkedBooter.java:126)
	at org.apache.maven.surefire.booter.ForkedBooter.main(ForkedBooter.java:418)
</pre></div></td>
<td>0</td>
<td>cz.muni.fi.pa165.smartphonEShop.dao.OrderDaoTest@6f10d5b6</td></tr>
<tr>
<td title='cz.muni.fi.pa165.smartphonEShop.dao.PersonDaoTest.deleteNull()'><b>deleteNull</b><br>Test class: cz.muni.fi.pa165.smartphonEShop.dao.PersonDaoTest</td>
<td><div><pre>java.lang.IllegalArgumentException: Address is null!
	at cz.muni.fi.pa165.smartphonEShop.dao.PersonDaoImpl.delete(PersonDaoImpl.java:35)
	at cz.muni.fi.pa165.smartphonEShop.dao.PersonDaoTest.deleteNull(PersonDaoTest.java:156)
	at org.springframework.test.context.testng.AbstractTestNGSpringContextTests.run(AbstractTestNGSpringContextTests.java:180)
... Removed 32 stack frames</pre></div><a href='#' onClick='toggleBox("stack-trace868872620", this, "Click to show all stack frames", "Click to hide stack frames")'>Click to show all stack frames</a>
<div class='stack-trace' id='stack-trace868872620'><pre>java.lang.IllegalArgumentException: Address is null!
	at cz.muni.fi.pa165.smartphonEShop.dao.PersonDaoImpl.delete(PersonDaoImpl.java:35)
	at cz.muni.fi.pa165.smartphonEShop.dao.PersonDaoTest.deleteNull(PersonDaoTest.java:156)
	at java.base/jdk.internal.reflect.NativeMethodAccessorImpl.invoke0(Native Method)
	at java.base/jdk.internal.reflect.NativeMethodAccessorImpl.invoke(NativeMethodAccessorImpl.java:62)
	at java.base/jdk.internal.reflect.DelegatingMethodAccessorImpl.invoke(DelegatingMethodAccessorImpl.java:43)
	at java.base/java.lang.reflect.Method.invoke(Method.java:564)
	at org.testng.internal.MethodInvocationHelper.invokeMethod(MethodInvocationHelper.java:131)
	at org.testng.internal.MethodInvocationHelper$1.runTestMethod(MethodInvocationHelper.java:237)
	at org.springframework.test.context.testng.AbstractTestNGSpringContextTests.run(AbstractTestNGSpringContextTests.java:180)
	at org.testng.internal.MethodInvocationHelper.invokeHookable(MethodInvocationHelper.java:249)
	at org.testng.internal.Invoker.invokeMethod(Invoker.java:654)
	at org.testng.internal.Invoker.invokeTestMethod(Invoker.java:792)
	at org.testng.internal.Invoker.invokeTestMethods(Invoker.java:1103)
	at org.testng.internal.TestMethodWorker.invokeTestMethods(TestMethodWorker.java:140)
	at org.testng.internal.TestMethodWorker.run(TestMethodWorker.java:122)
	at org.testng.TestRunner.privateRun(TestRunner.java:739)
	at org.testng.TestRunner.run(TestRunner.java:589)
	at org.testng.SuiteRunner.runTest(SuiteRunner.java:398)
	at org.testng.SuiteRunner.runSequentially(SuiteRunner.java:392)
	at org.testng.SuiteRunner.privateRun(SuiteRunner.java:354)
	at org.testng.SuiteRunner.run(SuiteRunner.java:302)
	at org.testng.SuiteRunnerWorker.runSuite(SuiteRunnerWorker.java:53)
	at org.testng.SuiteRunnerWorker.run(SuiteRunnerWorker.java:96)
	at org.testng.TestNG.runSuitesSequentially(TestNG.java:1145)
	at org.testng.TestNG.runSuitesLocally(TestNG.java:1067)
	at org.testng.TestNG.runSuites(TestNG.java:997)
	at org.testng.TestNG.run(TestNG.java:965)
	at org.apache.maven.surefire.testng.TestNGExecutor.run(TestNGExecutor.java:135)
	at org.apache.maven.surefire.testng.TestNGDirectoryTestSuite.executeMulti(TestNGDirectoryTestSuite.java:193)
	at org.apache.maven.surefire.testng.TestNGDirectoryTestSuite.execute(TestNGDirectoryTestSuite.java:94)
	at org.apache.maven.surefire.testng.TestNGProvider.invoke(TestNGProvider.java:146)
	at org.apache.maven.surefire.booter.ForkedBooter.invokeProviderInSameClassLoader(ForkedBooter.java:384)
	at org.apache.maven.surefire.booter.ForkedBooter.runSuitesInProcess(ForkedBooter.java:345)
	at org.apache.maven.surefire.booter.ForkedBooter.execute(ForkedBooter.java:126)
	at org.apache.maven.surefire.booter.ForkedBooter.main(ForkedBooter.java:418)
</pre></div></td>
<td>0</td>
<td>cz.muni.fi.pa165.smartphonEShop.dao.PersonDaoTest@1040be71</td></tr>
<tr>
<td title='cz.muni.fi.pa165.smartphonEShop.dao.PhoneDaoTest.deleteNull()'><b>deleteNull</b><br>Test class: cz.muni.fi.pa165.smartphonEShop.dao.PhoneDaoTest</td>
<td><div><pre>java.lang.IllegalArgumentException: Phone is null!
	at cz.muni.fi.pa165.smartphonEShop.dao.PhoneDaoImpl.delete(PhoneDaoImpl.java:46)
	at cz.muni.fi.pa165.smartphonEShop.dao.PhoneDaoTest.deleteNull(PhoneDaoTest.java:159)
	at org.springframework.test.context.testng.AbstractTestNGSpringContextTests.run(AbstractTestNGSpringContextTests.java:180)
... Removed 32 stack frames</pre></div><a href='#' onClick='toggleBox("stack-trace1592756758", this, "Click to show all stack frames", "Click to hide stack frames")'>Click to show all stack frames</a>
<div class='stack-trace' id='stack-trace1592756758'><pre>java.lang.IllegalArgumentException: Phone is null!
	at cz.muni.fi.pa165.smartphonEShop.dao.PhoneDaoImpl.delete(PhoneDaoImpl.java:46)
	at cz.muni.fi.pa165.smartphonEShop.dao.PhoneDaoTest.deleteNull(PhoneDaoTest.java:159)
	at java.base/jdk.internal.reflect.NativeMethodAccessorImpl.invoke0(Native Method)
	at java.base/jdk.internal.reflect.NativeMethodAccessorImpl.invoke(NativeMethodAccessorImpl.java:62)
	at java.base/jdk.internal.reflect.DelegatingMethodAccessorImpl.invoke(DelegatingMethodAccessorImpl.java:43)
	at java.base/java.lang.reflect.Method.invoke(Method.java:564)
	at org.testng.internal.MethodInvocationHelper.invokeMethod(MethodInvocationHelper.java:131)
	at org.testng.internal.MethodInvocationHelper$1.runTestMethod(MethodInvocationHelper.java:237)
	at org.springframework.test.context.testng.AbstractTestNGSpringContextTests.run(AbstractTestNGSpringContextTests.java:180)
	at org.testng.internal.MethodInvocationHelper.invokeHookable(MethodInvocationHelper.java:249)
	at org.testng.internal.Invoker.invokeMethod(Invoker.java:654)
	at org.testng.internal.Invoker.invokeTestMethod(Invoker.java:792)
	at org.testng.internal.Invoker.invokeTestMethods(Invoker.java:1103)
	at org.testng.internal.TestMethodWorker.invokeTestMethods(TestMethodWorker.java:140)
	at org.testng.internal.TestMethodWorker.run(TestMethodWorker.java:122)
	at org.testng.TestRunner.privateRun(TestRunner.java:739)
	at org.testng.TestRunner.run(TestRunner.java:589)
	at org.testng.SuiteRunner.runTest(SuiteRunner.java:398)
	at org.testng.SuiteRunner.runSequentially(SuiteRunner.java:392)
	at org.testng.SuiteRunner.privateRun(SuiteRunner.java:354)
	at org.testng.SuiteRunner.run(SuiteRunner.java:302)
	at org.testng.SuiteRunnerWorker.runSuite(SuiteRunnerWorker.java:53)
	at org.testng.SuiteRunnerWorker.run(SuiteRunnerWorker.java:96)
	at org.testng.TestNG.runSuitesSequentially(TestNG.java:1145)
	at org.testng.TestNG.runSuitesLocally(TestNG.java:1067)
	at org.testng.TestNG.runSuites(TestNG.java:997)
	at org.testng.TestNG.run(TestNG.java:965)
	at org.apache.maven.surefire.testng.TestNGExecutor.run(TestNGExecutor.java:135)
	at org.apache.maven.surefire.testng.TestNGDirectoryTestSuite.executeMulti(TestNGDirectoryTestSuite.java:193)
	at org.apache.maven.surefire.testng.TestNGDirectoryTestSuite.execute(TestNGDirectoryTestSuite.java:94)
	at org.apache.maven.surefire.testng.TestNGProvider.invoke(TestNGProvider.java:146)
	at org.apache.maven.surefire.booter.ForkedBooter.invokeProviderInSameClassLoader(ForkedBooter.java:384)
	at org.apache.maven.surefire.booter.ForkedBooter.runSuitesInProcess(ForkedBooter.java:345)
	at org.apache.maven.surefire.booter.ForkedBooter.execute(ForkedBooter.java:126)
	at org.apache.maven.surefire.booter.ForkedBooter.main(ForkedBooter.java:418)
</pre></div></td>
<td>0</td>
<td>cz.muni.fi.pa165.smartphonEShop.dao.PhoneDaoTest@548a24a</td></tr>
<tr>
<td title='cz.muni.fi.pa165.smartphonEShop.dao.StockDaoTest.deleteNull()'><b>deleteNull</b><br>Test class: cz.muni.fi.pa165.smartphonEShop.dao.StockDaoTest</td>
<td><div><pre>java.lang.IllegalArgumentException: Stock is null!
	at cz.muni.fi.pa165.smartphonEShop.dao.StockDaoImpl.delete(StockDaoImpl.java:46)
	at cz.muni.fi.pa165.smartphonEShop.dao.StockDaoTest.deleteNull(StockDaoTest.java:145)
	at org.springframework.test.context.testng.AbstractTestNGSpringContextTests.run(AbstractTestNGSpringContextTests.java:180)
... Removed 32 stack frames</pre></div><a href='#' onClick='toggleBox("stack-trace677143503", this, "Click to show all stack frames", "Click to hide stack frames")'>Click to show all stack frames</a>
<div class='stack-trace' id='stack-trace677143503'><pre>java.lang.IllegalArgumentException: Stock is null!
	at cz.muni.fi.pa165.smartphonEShop.dao.StockDaoImpl.delete(StockDaoImpl.java:46)
	at cz.muni.fi.pa165.smartphonEShop.dao.StockDaoTest.deleteNull(StockDaoTest.java:145)
	at java.base/jdk.internal.reflect.NativeMethodAccessorImpl.invoke0(Native Method)
	at java.base/jdk.internal.reflect.NativeMethodAccessorImpl.invoke(NativeMethodAccessorImpl.java:62)
	at java.base/jdk.internal.reflect.DelegatingMethodAccessorImpl.invoke(DelegatingMethodAccessorImpl.java:43)
	at java.base/java.lang.reflect.Method.invoke(Method.java:564)
	at org.testng.internal.MethodInvocationHelper.invokeMethod(MethodInvocationHelper.java:131)
	at org.testng.internal.MethodInvocationHelper$1.runTestMethod(MethodInvocationHelper.java:237)
	at org.springframework.test.context.testng.AbstractTestNGSpringContextTests.run(AbstractTestNGSpringContextTests.java:180)
	at org.testng.internal.MethodInvocationHelper.invokeHookable(MethodInvocationHelper.java:249)
	at org.testng.internal.Invoker.invokeMethod(Invoker.java:654)
	at org.testng.internal.Invoker.invokeTestMethod(Invoker.java:792)
	at org.testng.internal.Invoker.invokeTestMethods(Invoker.java:1103)
	at org.testng.internal.TestMethodWorker.invokeTestMethods(TestMethodWorker.java:140)
	at org.testng.internal.TestMethodWorker.run(TestMethodWorker.java:122)
	at org.testng.TestRunner.privateRun(TestRunner.java:739)
	at org.testng.TestRunner.run(TestRunner.java:589)
	at org.testng.SuiteRunner.runTest(SuiteRunner.java:398)
	at org.testng.SuiteRunner.runSequentially(SuiteRunner.java:392)
	at org.testng.SuiteRunner.privateRun(SuiteRunner.java:354)
	at org.testng.SuiteRunner.run(SuiteRunner.java:302)
	at org.testng.SuiteRunnerWorker.runSuite(SuiteRunnerWorker.java:53)
	at org.testng.SuiteRunnerWorker.run(SuiteRunnerWorker.java:96)
	at org.testng.TestNG.runSuitesSequentially(TestNG.java:1145)
	at org.testng.TestNG.runSuitesLocally(TestNG.java:1067)
	at org.testng.TestNG.runSuites(TestNG.java:997)
	at org.testng.TestNG.run(TestNG.java:965)
	at org.apache.maven.surefire.testng.TestNGExecutor.run(TestNGExecutor.java:135)
	at org.apache.maven.surefire.testng.TestNGDirectoryTestSuite.executeMulti(TestNGDirectoryTestSuite.java:193)
	at org.apache.maven.surefire.testng.TestNGDirectoryTestSuite.execute(TestNGDirectoryTestSuite.java:94)
	at org.apache.maven.surefire.testng.TestNGProvider.invoke(TestNGProvider.java:146)
	at org.apache.maven.surefire.booter.ForkedBooter.invokeProviderInSameClassLoader(ForkedBooter.java:384)
	at org.apache.maven.surefire.booter.ForkedBooter.runSuitesInProcess(ForkedBooter.java:345)
	at org.apache.maven.surefire.booter.ForkedBooter.execute(ForkedBooter.java:126)
	at org.apache.maven.surefire.booter.ForkedBooter.main(ForkedBooter.java:418)
</pre></div></td>
<td>0</td>
<td>cz.muni.fi.pa165.smartphonEShop.dao.StockDaoTest@433defed</td></tr>
<tr>
<td title='cz.muni.fi.pa165.smartphonEShop.dao.AddressDaoTest.findAll()'><b>findAll</b><br>Test class: cz.muni.fi.pa165.smartphonEShop.dao.AddressDaoTest</td>
<td></td>
<td>0</td>
<td>cz.muni.fi.pa165.smartphonEShop.dao.AddressDaoTest@35841320</td></tr>
<tr>
<td title='cz.muni.fi.pa165.smartphonEShop.dao.ClaimDaoTest.findAll()'><b>findAll</b><br>Test class: cz.muni.fi.pa165.smartphonEShop.dao.ClaimDaoTest</td>
<td></td>
<td>0</td>
<td>cz.muni.fi.pa165.smartphonEShop.dao.ClaimDaoTest@61c4eee0</td></tr>
<tr>
<td title='cz.muni.fi.pa165.smartphonEShop.dao.OrderDaoTest.findAll()'><b>findAll</b><br>Test class: cz.muni.fi.pa165.smartphonEShop.dao.OrderDaoTest</td>
<td></td>
<td>0</td>
<td>cz.muni.fi.pa165.smartphonEShop.dao.OrderDaoTest@6f10d5b6</td></tr>
<tr>
<td title='cz.muni.fi.pa165.smartphonEShop.dao.PersonDaoTest.findAll()'><b>findAll</b><br>Test class: cz.muni.fi.pa165.smartphonEShop.dao.PersonDaoTest</td>
<td></td>
<td>0</td>
<td>cz.muni.fi.pa165.smartphonEShop.dao.PersonDaoTest@1040be71</td></tr>
<tr>
<td title='cz.muni.fi.pa165.smartphonEShop.dao.PhoneDaoTest.findAll()'><b>findAll</b><br>Test class: cz.muni.fi.pa165.smartphonEShop.dao.PhoneDaoTest</td>
<td></td>
<td>0</td>
<td>cz.muni.fi.pa165.smartphonEShop.dao.PhoneDaoTest@548a24a</td></tr>
<tr>
<td title='cz.muni.fi.pa165.smartphonEShop.dao.StockDaoTest.findAll()'><b>findAll</b><br>Test class: cz.muni.fi.pa165.smartphonEShop.dao.StockDaoTest</td>
<td></td>
<td>0</td>
<td>cz.muni.fi.pa165.smartphonEShop.dao.StockDaoTest@433defed</td></tr>
<tr>
<td title='cz.muni.fi.pa165.smartphonEShop.dao.AddressDaoTest.findById()'><b>findById</b><br>Test class: cz.muni.fi.pa165.smartphonEShop.dao.AddressDaoTest</td>
<td></td>
<td>0</td>
<td>cz.muni.fi.pa165.smartphonEShop.dao.AddressDaoTest@35841320</td></tr>
<tr>
<td title='cz.muni.fi.pa165.smartphonEShop.dao.ClaimDaoTest.findById()'><b>findById</b><br>Test class: cz.muni.fi.pa165.smartphonEShop.dao.ClaimDaoTest</td>
<td></td>
<td>0</td>
<td>cz.muni.fi.pa165.smartphonEShop.dao.ClaimDaoTest@61c4eee0</td></tr>
<tr>
<td title='cz.muni.fi.pa165.smartphonEShop.dao.OrderDaoTest.findById()'><b>findById</b><br>Test class: cz.muni.fi.pa165.smartphonEShop.dao.OrderDaoTest</td>
<td></td>
<td>0</td>
<td>cz.muni.fi.pa165.smartphonEShop.dao.OrderDaoTest@6f10d5b6</td></tr>
<tr>
<td title='cz.muni.fi.pa165.smartphonEShop.dao.PersonDaoTest.findById()'><b>findById</b><br>Test class: cz.muni.fi.pa165.smartphonEShop.dao.PersonDaoTest</td>
<td></td>
<td>0</td>
<td>cz.muni.fi.pa165.smartphonEShop.dao.PersonDaoTest@1040be71</td></tr>
<tr>
<td title='cz.muni.fi.pa165.smartphonEShop.dao.PhoneDaoTest.findById()'><b>findById</b><br>Test class: cz.muni.fi.pa165.smartphonEShop.dao.PhoneDaoTest</td>
<td></td>
<td>0</td>
<td>cz.muni.fi.pa165.smartphonEShop.dao.PhoneDaoTest@548a24a</td></tr>
<tr>
<td title='cz.muni.fi.pa165.smartphonEShop.dao.StockDaoTest.findById()'><b>findById</b><br>Test class: cz.muni.fi.pa165.smartphonEShop.dao.StockDaoTest</td>
<td></td>
<td>0</td>
<td>cz.muni.fi.pa165.smartphonEShop.dao.StockDaoTest@433defed</td></tr>
<tr>
<td title='cz.muni.fi.pa165.smartphonEShop.dao.AddressDaoTest.findByIdNegative()'><b>findByIdNegative</b><br>Test class: cz.muni.fi.pa165.smartphonEShop.dao.AddressDaoTest</td>
<td><div><pre>java.lang.IllegalArgumentException: AddressId is null or less than 0!
	at cz.muni.fi.pa165.smartphonEShop.dao.AddressDaoImpl.findById(AddressDaoImpl.java:54)
	at cz.muni.fi.pa165.smartphonEShop.dao.AddressDaoTest.findByIdNegative(AddressDaoTest.java:134)
	at org.springframework.test.context.testng.AbstractTestNGSpringContextTests.run(AbstractTestNGSpringContextTests.java:180)
... Removed 32 stack frames</pre></div><a href='#' onClick='toggleBox("stack-trace931940545", this, "Click to show all stack frames", "Click to hide stack frames")'>Click to show all stack frames</a>
<div class='stack-trace' id='stack-trace931940545'><pre>java.lang.IllegalArgumentException: AddressId is null or less than 0!
	at cz.muni.fi.pa165.smartphonEShop.dao.AddressDaoImpl.findById(AddressDaoImpl.java:54)
	at cz.muni.fi.pa165.smartphonEShop.dao.AddressDaoTest.findByIdNegative(AddressDaoTest.java:134)
	at java.base/jdk.internal.reflect.NativeMethodAccessorImpl.invoke0(Native Method)
	at java.base/jdk.internal.reflect.NativeMethodAccessorImpl.invoke(NativeMethodAccessorImpl.java:62)
	at java.base/jdk.internal.reflect.DelegatingMethodAccessorImpl.invoke(DelegatingMethodAccessorImpl.java:43)
	at java.base/java.lang.reflect.Method.invoke(Method.java:564)
	at org.testng.internal.MethodInvocationHelper.invokeMethod(MethodInvocationHelper.java:131)
	at org.testng.internal.MethodInvocationHelper$1.runTestMethod(MethodInvocationHelper.java:237)
	at org.springframework.test.context.testng.AbstractTestNGSpringContextTests.run(AbstractTestNGSpringContextTests.java:180)
	at org.testng.internal.MethodInvocationHelper.invokeHookable(MethodInvocationHelper.java:249)
	at org.testng.internal.Invoker.invokeMethod(Invoker.java:654)
	at org.testng.internal.Invoker.invokeTestMethod(Invoker.java:792)
	at org.testng.internal.Invoker.invokeTestMethods(Invoker.java:1103)
	at org.testng.internal.TestMethodWorker.invokeTestMethods(TestMethodWorker.java:140)
	at org.testng.internal.TestMethodWorker.run(TestMethodWorker.java:122)
	at org.testng.TestRunner.privateRun(TestRunner.java:739)
	at org.testng.TestRunner.run(TestRunner.java:589)
	at org.testng.SuiteRunner.runTest(SuiteRunner.java:398)
	at org.testng.SuiteRunner.runSequentially(SuiteRunner.java:392)
	at org.testng.SuiteRunner.privateRun(SuiteRunner.java:354)
	at org.testng.SuiteRunner.run(SuiteRunner.java:302)
	at org.testng.SuiteRunnerWorker.runSuite(SuiteRunnerWorker.java:53)
	at org.testng.SuiteRunnerWorker.run(SuiteRunnerWorker.java:96)
	at org.testng.TestNG.runSuitesSequentially(TestNG.java:1145)
	at org.testng.TestNG.runSuitesLocally(TestNG.java:1067)
	at org.testng.TestNG.runSuites(TestNG.java:997)
	at org.testng.TestNG.run(TestNG.java:965)
	at org.apache.maven.surefire.testng.TestNGExecutor.run(TestNGExecutor.java:135)
	at org.apache.maven.surefire.testng.TestNGDirectoryTestSuite.executeMulti(TestNGDirectoryTestSuite.java:193)
	at org.apache.maven.surefire.testng.TestNGDirectoryTestSuite.execute(TestNGDirectoryTestSuite.java:94)
	at org.apache.maven.surefire.testng.TestNGProvider.invoke(TestNGProvider.java:146)
	at org.apache.maven.surefire.booter.ForkedBooter.invokeProviderInSameClassLoader(ForkedBooter.java:384)
	at org.apache.maven.surefire.booter.ForkedBooter.runSuitesInProcess(ForkedBooter.java:345)
	at org.apache.maven.surefire.booter.ForkedBooter.execute(ForkedBooter.java:126)
	at org.apache.maven.surefire.booter.ForkedBooter.main(ForkedBooter.java:418)
</pre></div></td>
<td>0</td>
<td>cz.muni.fi.pa165.smartphonEShop.dao.AddressDaoTest@35841320</td></tr>
<tr>
<td title='cz.muni.fi.pa165.smartphonEShop.dao.ClaimDaoTest.findByIdNegative()'><b>findByIdNegative</b><br>Test class: cz.muni.fi.pa165.smartphonEShop.dao.ClaimDaoTest</td>
<td><div><pre>java.lang.IllegalArgumentException: claim is null or less than 0!
	at cz.muni.fi.pa165.smartphonEShop.dao.ClaimDaoImpl.findById(ClaimDaoImpl.java:44)
	at cz.muni.fi.pa165.smartphonEShop.dao.ClaimDaoTest.findByIdNegative(ClaimDaoTest.java:215)
	at org.springframework.test.context.testng.AbstractTestNGSpringContextTests.run(AbstractTestNGSpringContextTests.java:180)
... Removed 32 stack frames</pre></div><a href='#' onClick='toggleBox("stack-trace2077969769", this, "Click to show all stack frames", "Click to hide stack frames")'>Click to show all stack frames</a>
<div class='stack-trace' id='stack-trace2077969769'><pre>java.lang.IllegalArgumentException: claim is null or less than 0!
	at cz.muni.fi.pa165.smartphonEShop.dao.ClaimDaoImpl.findById(ClaimDaoImpl.java:44)
	at cz.muni.fi.pa165.smartphonEShop.dao.ClaimDaoTest.findByIdNegative(ClaimDaoTest.java:215)
	at java.base/jdk.internal.reflect.NativeMethodAccessorImpl.invoke0(Native Method)
	at java.base/jdk.internal.reflect.NativeMethodAccessorImpl.invoke(NativeMethodAccessorImpl.java:62)
	at java.base/jdk.internal.reflect.DelegatingMethodAccessorImpl.invoke(DelegatingMethodAccessorImpl.java:43)
	at java.base/java.lang.reflect.Method.invoke(Method.java:564)
	at org.testng.internal.MethodInvocationHelper.invokeMethod(MethodInvocationHelper.java:131)
	at org.testng.internal.MethodInvocationHelper$1.runTestMethod(MethodInvocationHelper.java:237)
	at org.springframework.test.context.testng.AbstractTestNGSpringContextTests.run(AbstractTestNGSpringContextTests.java:180)
	at org.testng.internal.MethodInvocationHelper.invokeHookable(MethodInvocationHelper.java:249)
	at org.testng.internal.Invoker.invokeMethod(Invoker.java:654)
	at org.testng.internal.Invoker.invokeTestMethod(Invoker.java:792)
	at org.testng.internal.Invoker.invokeTestMethods(Invoker.java:1103)
	at org.testng.internal.TestMethodWorker.invokeTestMethods(TestMethodWorker.java:140)
	at org.testng.internal.TestMethodWorker.run(TestMethodWorker.java:122)
	at org.testng.TestRunner.privateRun(TestRunner.java:739)
	at org.testng.TestRunner.run(TestRunner.java:589)
	at org.testng.SuiteRunner.runTest(SuiteRunner.java:398)
	at org.testng.SuiteRunner.runSequentially(SuiteRunner.java:392)
	at org.testng.SuiteRunner.privateRun(SuiteRunner.java:354)
	at org.testng.SuiteRunner.run(SuiteRunner.java:302)
	at org.testng.SuiteRunnerWorker.runSuite(SuiteRunnerWorker.java:53)
	at org.testng.SuiteRunnerWorker.run(SuiteRunnerWorker.java:96)
	at org.testng.TestNG.runSuitesSequentially(TestNG.java:1145)
	at org.testng.TestNG.runSuitesLocally(TestNG.java:1067)
	at org.testng.TestNG.runSuites(TestNG.java:997)
	at org.testng.TestNG.run(TestNG.java:965)
	at org.apache.maven.surefire.testng.TestNGExecutor.run(TestNGExecutor.java:135)
	at org.apache.maven.surefire.testng.TestNGDirectoryTestSuite.executeMulti(TestNGDirectoryTestSuite.java:193)
	at org.apache.maven.surefire.testng.TestNGDirectoryTestSuite.execute(TestNGDirectoryTestSuite.java:94)
	at org.apache.maven.surefire.testng.TestNGProvider.invoke(TestNGProvider.java:146)
	at org.apache.maven.surefire.booter.ForkedBooter.invokeProviderInSameClassLoader(ForkedBooter.java:384)
	at org.apache.maven.surefire.booter.ForkedBooter.runSuitesInProcess(ForkedBooter.java:345)
	at org.apache.maven.surefire.booter.ForkedBooter.execute(ForkedBooter.java:126)
	at org.apache.maven.surefire.booter.ForkedBooter.main(ForkedBooter.java:418)
</pre></div></td>
<td>0</td>
<td>cz.muni.fi.pa165.smartphonEShop.dao.ClaimDaoTest@61c4eee0</td></tr>
<tr>
<td title='cz.muni.fi.pa165.smartphonEShop.dao.OrderDaoTest.findByIdNegative()'><b>findByIdNegative</b><br>Test class: cz.muni.fi.pa165.smartphonEShop.dao.OrderDaoTest</td>
<td><div><pre>java.lang.IllegalArgumentException: ID is null or less than 0!
	at cz.muni.fi.pa165.smartphonEShop.dao.OrderDaoImpl.findById(OrderDaoImpl.java:48)
	at cz.muni.fi.pa165.smartphonEShop.dao.OrderDaoTest.findByIdNegative(OrderDaoTest.java:195)
	at org.springframework.test.context.testng.AbstractTestNGSpringContextTests.run(AbstractTestNGSpringContextTests.java:180)
... Removed 32 stack frames</pre></div><a href='#' onClick='toggleBox("stack-trace876008407", this, "Click to show all stack frames", "Click to hide stack frames")'>Click to show all stack frames</a>
<div class='stack-trace' id='stack-trace876008407'><pre>java.lang.IllegalArgumentException: ID is null or less than 0!
	at cz.muni.fi.pa165.smartphonEShop.dao.OrderDaoImpl.findById(OrderDaoImpl.java:48)
	at cz.muni.fi.pa165.smartphonEShop.dao.OrderDaoTest.findByIdNegative(OrderDaoTest.java:195)
	at java.base/jdk.internal.reflect.NativeMethodAccessorImpl.invoke0(Native Method)
	at java.base/jdk.internal.reflect.NativeMethodAccessorImpl.invoke(NativeMethodAccessorImpl.java:62)
	at java.base/jdk.internal.reflect.DelegatingMethodAccessorImpl.invoke(DelegatingMethodAccessorImpl.java:43)
	at java.base/java.lang.reflect.Method.invoke(Method.java:564)
	at org.testng.internal.MethodInvocationHelper.invokeMethod(MethodInvocationHelper.java:131)
	at org.testng.internal.MethodInvocationHelper$1.runTestMethod(MethodInvocationHelper.java:237)
	at org.springframework.test.context.testng.AbstractTestNGSpringContextTests.run(AbstractTestNGSpringContextTests.java:180)
	at org.testng.internal.MethodInvocationHelper.invokeHookable(MethodInvocationHelper.java:249)
	at org.testng.internal.Invoker.invokeMethod(Invoker.java:654)
	at org.testng.internal.Invoker.invokeTestMethod(Invoker.java:792)
	at org.testng.internal.Invoker.invokeTestMethods(Invoker.java:1103)
	at org.testng.internal.TestMethodWorker.invokeTestMethods(TestMethodWorker.java:140)
	at org.testng.internal.TestMethodWorker.run(TestMethodWorker.java:122)
	at org.testng.TestRunner.privateRun(TestRunner.java:739)
	at org.testng.TestRunner.run(TestRunner.java:589)
	at org.testng.SuiteRunner.runTest(SuiteRunner.java:398)
	at org.testng.SuiteRunner.runSequentially(SuiteRunner.java:392)
	at org.testng.SuiteRunner.privateRun(SuiteRunner.java:354)
	at org.testng.SuiteRunner.run(SuiteRunner.java:302)
	at org.testng.SuiteRunnerWorker.runSuite(SuiteRunnerWorker.java:53)
	at org.testng.SuiteRunnerWorker.run(SuiteRunnerWorker.java:96)
	at org.testng.TestNG.runSuitesSequentially(TestNG.java:1145)
	at org.testng.TestNG.runSuitesLocally(TestNG.java:1067)
	at org.testng.TestNG.runSuites(TestNG.java:997)
	at org.testng.TestNG.run(TestNG.java:965)
	at org.apache.maven.surefire.testng.TestNGExecutor.run(TestNGExecutor.java:135)
	at org.apache.maven.surefire.testng.TestNGDirectoryTestSuite.executeMulti(TestNGDirectoryTestSuite.java:193)
	at org.apache.maven.surefire.testng.TestNGDirectoryTestSuite.execute(TestNGDirectoryTestSuite.java:94)
	at org.apache.maven.surefire.testng.TestNGProvider.invoke(TestNGProvider.java:146)
	at org.apache.maven.surefire.booter.ForkedBooter.invokeProviderInSameClassLoader(ForkedBooter.java:384)
	at org.apache.maven.surefire.booter.ForkedBooter.runSuitesInProcess(ForkedBooter.java:345)
	at org.apache.maven.surefire.booter.ForkedBooter.execute(ForkedBooter.java:126)
	at org.apache.maven.surefire.booter.ForkedBooter.main(ForkedBooter.java:418)
</pre></div></td>
<td>0</td>
<td>cz.muni.fi.pa165.smartphonEShop.dao.OrderDaoTest@6f10d5b6</td></tr>
<tr>
<td title='cz.muni.fi.pa165.smartphonEShop.dao.PersonDaoTest.findByIdNegative()'><b>findByIdNegative</b><br>Test class: cz.muni.fi.pa165.smartphonEShop.dao.PersonDaoTest</td>
<td><div><pre>java.lang.IllegalArgumentException: AddressId is null or less than 0!
	at cz.muni.fi.pa165.smartphonEShop.dao.PersonDaoImpl.findById(PersonDaoImpl.java:43)
	at cz.muni.fi.pa165.smartphonEShop.dao.PersonDaoTest.findByIdNegative(PersonDaoTest.java:168)
	at org.springframework.test.context.testng.AbstractTestNGSpringContextTests.run(AbstractTestNGSpringContextTests.java:180)
... Removed 32 stack frames</pre></div><a href='#' onClick='toggleBox("stack-trace256719132", this, "Click to show all stack frames", "Click to hide stack frames")'>Click to show all stack frames</a>
<div class='stack-trace' id='stack-trace256719132'><pre>java.lang.IllegalArgumentException: AddressId is null or less than 0!
	at cz.muni.fi.pa165.smartphonEShop.dao.PersonDaoImpl.findById(PersonDaoImpl.java:43)
	at cz.muni.fi.pa165.smartphonEShop.dao.PersonDaoTest.findByIdNegative(PersonDaoTest.java:168)
	at java.base/jdk.internal.reflect.NativeMethodAccessorImpl.invoke0(Native Method)
	at java.base/jdk.internal.reflect.NativeMethodAccessorImpl.invoke(NativeMethodAccessorImpl.java:62)
	at java.base/jdk.internal.reflect.DelegatingMethodAccessorImpl.invoke(DelegatingMethodAccessorImpl.java:43)
	at java.base/java.lang.reflect.Method.invoke(Method.java:564)
	at org.testng.internal.MethodInvocationHelper.invokeMethod(MethodInvocationHelper.java:131)
	at org.testng.internal.MethodInvocationHelper$1.runTestMethod(MethodInvocationHelper.java:237)
	at org.springframework.test.context.testng.AbstractTestNGSpringContextTests.run(AbstractTestNGSpringContextTests.java:180)
	at org.testng.internal.MethodInvocationHelper.invokeHookable(MethodInvocationHelper.java:249)
	at org.testng.internal.Invoker.invokeMethod(Invoker.java:654)
	at org.testng.internal.Invoker.invokeTestMethod(Invoker.java:792)
	at org.testng.internal.Invoker.invokeTestMethods(Invoker.java:1103)
	at org.testng.internal.TestMethodWorker.invokeTestMethods(TestMethodWorker.java:140)
	at org.testng.internal.TestMethodWorker.run(TestMethodWorker.java:122)
	at org.testng.TestRunner.privateRun(TestRunner.java:739)
	at org.testng.TestRunner.run(TestRunner.java:589)
	at org.testng.SuiteRunner.runTest(SuiteRunner.java:398)
	at org.testng.SuiteRunner.runSequentially(SuiteRunner.java:392)
	at org.testng.SuiteRunner.privateRun(SuiteRunner.java:354)
	at org.testng.SuiteRunner.run(SuiteRunner.java:302)
	at org.testng.SuiteRunnerWorker.runSuite(SuiteRunnerWorker.java:53)
	at org.testng.SuiteRunnerWorker.run(SuiteRunnerWorker.java:96)
	at org.testng.TestNG.runSuitesSequentially(TestNG.java:1145)
	at org.testng.TestNG.runSuitesLocally(TestNG.java:1067)
	at org.testng.TestNG.runSuites(TestNG.java:997)
	at org.testng.TestNG.run(TestNG.java:965)
	at org.apache.maven.surefire.testng.TestNGExecutor.run(TestNGExecutor.java:135)
	at org.apache.maven.surefire.testng.TestNGDirectoryTestSuite.executeMulti(TestNGDirectoryTestSuite.java:193)
	at org.apache.maven.surefire.testng.TestNGDirectoryTestSuite.execute(TestNGDirectoryTestSuite.java:94)
	at org.apache.maven.surefire.testng.TestNGProvider.invoke(TestNGProvider.java:146)
	at org.apache.maven.surefire.booter.ForkedBooter.invokeProviderInSameClassLoader(ForkedBooter.java:384)
	at org.apache.maven.surefire.booter.ForkedBooter.runSuitesInProcess(ForkedBooter.java:345)
	at org.apache.maven.surefire.booter.ForkedBooter.execute(ForkedBooter.java:126)
	at org.apache.maven.surefire.booter.ForkedBooter.main(ForkedBooter.java:418)
</pre></div></td>
<td>0</td>
<td>cz.muni.fi.pa165.smartphonEShop.dao.PersonDaoTest@1040be71</td></tr>
<tr>
<td title='cz.muni.fi.pa165.smartphonEShop.dao.PhoneDaoTest.findByIdNegative()'><b>findByIdNegative</b><br>Test class: cz.muni.fi.pa165.smartphonEShop.dao.PhoneDaoTest</td>
<td><div><pre>java.lang.IllegalArgumentException: PhoneId is null or less than 0!
	at cz.muni.fi.pa165.smartphonEShop.dao.PhoneDaoImpl.findById(PhoneDaoImpl.java:59)
	at cz.muni.fi.pa165.smartphonEShop.dao.PhoneDaoTest.findByIdNegative(PhoneDaoTest.java:171)
	at org.springframework.test.context.testng.AbstractTestNGSpringContextTests.run(AbstractTestNGSpringContextTests.java:180)
... Removed 32 stack frames</pre></div><a href='#' onClick='toggleBox("stack-trace382329720", this, "Click to show all stack frames", "Click to hide stack frames")'>Click to show all stack frames</a>
<div class='stack-trace' id='stack-trace382329720'><pre>java.lang.IllegalArgumentException: PhoneId is null or less than 0!
	at cz.muni.fi.pa165.smartphonEShop.dao.PhoneDaoImpl.findById(PhoneDaoImpl.java:59)
	at cz.muni.fi.pa165.smartphonEShop.dao.PhoneDaoTest.findByIdNegative(PhoneDaoTest.java:171)
	at java.base/jdk.internal.reflect.NativeMethodAccessorImpl.invoke0(Native Method)
	at java.base/jdk.internal.reflect.NativeMethodAccessorImpl.invoke(NativeMethodAccessorImpl.java:62)
	at java.base/jdk.internal.reflect.DelegatingMethodAccessorImpl.invoke(DelegatingMethodAccessorImpl.java:43)
	at java.base/java.lang.reflect.Method.invoke(Method.java:564)
	at org.testng.internal.MethodInvocationHelper.invokeMethod(MethodInvocationHelper.java:131)
	at org.testng.internal.MethodInvocationHelper$1.runTestMethod(MethodInvocationHelper.java:237)
	at org.springframework.test.context.testng.AbstractTestNGSpringContextTests.run(AbstractTestNGSpringContextTests.java:180)
	at org.testng.internal.MethodInvocationHelper.invokeHookable(MethodInvocationHelper.java:249)
	at org.testng.internal.Invoker.invokeMethod(Invoker.java:654)
	at org.testng.internal.Invoker.invokeTestMethod(Invoker.java:792)
	at org.testng.internal.Invoker.invokeTestMethods(Invoker.java:1103)
	at org.testng.internal.TestMethodWorker.invokeTestMethods(TestMethodWorker.java:140)
	at org.testng.internal.TestMethodWorker.run(TestMethodWorker.java:122)
	at org.testng.TestRunner.privateRun(TestRunner.java:739)
	at org.testng.TestRunner.run(TestRunner.java:589)
	at org.testng.SuiteRunner.runTest(SuiteRunner.java:398)
	at org.testng.SuiteRunner.runSequentially(SuiteRunner.java:392)
	at org.testng.SuiteRunner.privateRun(SuiteRunner.java:354)
	at org.testng.SuiteRunner.run(SuiteRunner.java:302)
	at org.testng.SuiteRunnerWorker.runSuite(SuiteRunnerWorker.java:53)
	at org.testng.SuiteRunnerWorker.run(SuiteRunnerWorker.java:96)
	at org.testng.TestNG.runSuitesSequentially(TestNG.java:1145)
	at org.testng.TestNG.runSuitesLocally(TestNG.java:1067)
	at org.testng.TestNG.runSuites(TestNG.java:997)
	at org.testng.TestNG.run(TestNG.java:965)
	at org.apache.maven.surefire.testng.TestNGExecutor.run(TestNGExecutor.java:135)
	at org.apache.maven.surefire.testng.TestNGDirectoryTestSuite.executeMulti(TestNGDirectoryTestSuite.java:193)
	at org.apache.maven.surefire.testng.TestNGDirectoryTestSuite.execute(TestNGDirectoryTestSuite.java:94)
	at org.apache.maven.surefire.testng.TestNGProvider.invoke(TestNGProvider.java:146)
	at org.apache.maven.surefire.booter.ForkedBooter.invokeProviderInSameClassLoader(ForkedBooter.java:384)
	at org.apache.maven.surefire.booter.ForkedBooter.runSuitesInProcess(ForkedBooter.java:345)
	at org.apache.maven.surefire.booter.ForkedBooter.execute(ForkedBooter.java:126)
	at org.apache.maven.surefire.booter.ForkedBooter.main(ForkedBooter.java:418)
</pre></div></td>
<td>0</td>
<td>cz.muni.fi.pa165.smartphonEShop.dao.PhoneDaoTest@548a24a</td></tr>
<tr>
<td title='cz.muni.fi.pa165.smartphonEShop.dao.StockDaoTest.findByIdNegative()'><b>findByIdNegative</b><br>Test class: cz.muni.fi.pa165.smartphonEShop.dao.StockDaoTest</td>
<td><div><pre>java.lang.IllegalArgumentException: StockId is null or less than 0!
	at cz.muni.fi.pa165.smartphonEShop.dao.StockDaoImpl.findById(StockDaoImpl.java:59)
	at cz.muni.fi.pa165.smartphonEShop.dao.StockDaoTest.findByIdNegative(StockDaoTest.java:157)
	at org.springframework.test.context.testng.AbstractTestNGSpringContextTests.run(AbstractTestNGSpringContextTests.java:180)
... Removed 32 stack frames</pre></div><a href='#' onClick='toggleBox("stack-trace1023535667", this, "Click to show all stack frames", "Click to hide stack frames")'>Click to show all stack frames</a>
<div class='stack-trace' id='stack-trace1023535667'><pre>java.lang.IllegalArgumentException: StockId is null or less than 0!
	at cz.muni.fi.pa165.smartphonEShop.dao.StockDaoImpl.findById(StockDaoImpl.java:59)
	at cz.muni.fi.pa165.smartphonEShop.dao.StockDaoTest.findByIdNegative(StockDaoTest.java:157)
	at java.base/jdk.internal.reflect.NativeMethodAccessorImpl.invoke0(Native Method)
	at java.base/jdk.internal.reflect.NativeMethodAccessorImpl.invoke(NativeMethodAccessorImpl.java:62)
	at java.base/jdk.internal.reflect.DelegatingMethodAccessorImpl.invoke(DelegatingMethodAccessorImpl.java:43)
	at java.base/java.lang.reflect.Method.invoke(Method.java:564)
	at org.testng.internal.MethodInvocationHelper.invokeMethod(MethodInvocationHelper.java:131)
	at org.testng.internal.MethodInvocationHelper$1.runTestMethod(MethodInvocationHelper.java:237)
	at org.springframework.test.context.testng.AbstractTestNGSpringContextTests.run(AbstractTestNGSpringContextTests.java:180)
	at org.testng.internal.MethodInvocationHelper.invokeHookable(MethodInvocationHelper.java:249)
	at org.testng.internal.Invoker.invokeMethod(Invoker.java:654)
	at org.testng.internal.Invoker.invokeTestMethod(Invoker.java:792)
	at org.testng.internal.Invoker.invokeTestMethods(Invoker.java:1103)
	at org.testng.internal.TestMethodWorker.invokeTestMethods(TestMethodWorker.java:140)
	at org.testng.internal.TestMethodWorker.run(TestMethodWorker.java:122)
	at org.testng.TestRunner.privateRun(TestRunner.java:739)
	at org.testng.TestRunner.run(TestRunner.java:589)
	at org.testng.SuiteRunner.runTest(SuiteRunner.java:398)
	at org.testng.SuiteRunner.runSequentially(SuiteRunner.java:392)
	at org.testng.SuiteRunner.privateRun(SuiteRunner.java:354)
	at org.testng.SuiteRunner.run(SuiteRunner.java:302)
	at org.testng.SuiteRunnerWorker.runSuite(SuiteRunnerWorker.java:53)
	at org.testng.SuiteRunnerWorker.run(SuiteRunnerWorker.java:96)
	at org.testng.TestNG.runSuitesSequentially(TestNG.java:1145)
	at org.testng.TestNG.runSuitesLocally(TestNG.java:1067)
	at org.testng.TestNG.runSuites(TestNG.java:997)
	at org.testng.TestNG.run(TestNG.java:965)
	at org.apache.maven.surefire.testng.TestNGExecutor.run(TestNGExecutor.java:135)
	at org.apache.maven.surefire.testng.TestNGDirectoryTestSuite.executeMulti(TestNGDirectoryTestSuite.java:193)
	at org.apache.maven.surefire.testng.TestNGDirectoryTestSuite.execute(TestNGDirectoryTestSuite.java:94)
	at org.apache.maven.surefire.testng.TestNGProvider.invoke(TestNGProvider.java:146)
	at org.apache.maven.surefire.booter.ForkedBooter.invokeProviderInSameClassLoader(ForkedBooter.java:384)
	at org.apache.maven.surefire.booter.ForkedBooter.runSuitesInProcess(ForkedBooter.java:345)
	at org.apache.maven.surefire.booter.ForkedBooter.execute(ForkedBooter.java:126)
	at org.apache.maven.surefire.booter.ForkedBooter.main(ForkedBooter.java:418)
</pre></div></td>
<td>0</td>
<td>cz.muni.fi.pa165.smartphonEShop.dao.StockDaoTest@433defed</td></tr>
<tr>
<td title='cz.muni.fi.pa165.smartphonEShop.dao.AddressDaoTest.findByIdNull()'><b>findByIdNull</b><br>Test class: cz.muni.fi.pa165.smartphonEShop.dao.AddressDaoTest</td>
<td><div><pre>java.lang.IllegalArgumentException: AddressId is null or less than 0!
	at cz.muni.fi.pa165.smartphonEShop.dao.AddressDaoImpl.findById(AddressDaoImpl.java:54)
	at cz.muni.fi.pa165.smartphonEShop.dao.AddressDaoTest.findByIdNull(AddressDaoTest.java:128)
	at org.springframework.test.context.testng.AbstractTestNGSpringContextTests.run(AbstractTestNGSpringContextTests.java:180)
... Removed 32 stack frames</pre></div><a href='#' onClick='toggleBox("stack-trace1055951310", this, "Click to show all stack frames", "Click to hide stack frames")'>Click to show all stack frames</a>
<div class='stack-trace' id='stack-trace1055951310'><pre>java.lang.IllegalArgumentException: AddressId is null or less than 0!
	at cz.muni.fi.pa165.smartphonEShop.dao.AddressDaoImpl.findById(AddressDaoImpl.java:54)
	at cz.muni.fi.pa165.smartphonEShop.dao.AddressDaoTest.findByIdNull(AddressDaoTest.java:128)
	at java.base/jdk.internal.reflect.NativeMethodAccessorImpl.invoke0(Native Method)
	at java.base/jdk.internal.reflect.NativeMethodAccessorImpl.invoke(NativeMethodAccessorImpl.java:62)
	at java.base/jdk.internal.reflect.DelegatingMethodAccessorImpl.invoke(DelegatingMethodAccessorImpl.java:43)
	at java.base/java.lang.reflect.Method.invoke(Method.java:564)
	at org.testng.internal.MethodInvocationHelper.invokeMethod(MethodInvocationHelper.java:131)
	at org.testng.internal.MethodInvocationHelper$1.runTestMethod(MethodInvocationHelper.java:237)
	at org.springframework.test.context.testng.AbstractTestNGSpringContextTests.run(AbstractTestNGSpringContextTests.java:180)
	at org.testng.internal.MethodInvocationHelper.invokeHookable(MethodInvocationHelper.java:249)
	at org.testng.internal.Invoker.invokeMethod(Invoker.java:654)
	at org.testng.internal.Invoker.invokeTestMethod(Invoker.java:792)
	at org.testng.internal.Invoker.invokeTestMethods(Invoker.java:1103)
	at org.testng.internal.TestMethodWorker.invokeTestMethods(TestMethodWorker.java:140)
	at org.testng.internal.TestMethodWorker.run(TestMethodWorker.java:122)
	at org.testng.TestRunner.privateRun(TestRunner.java:739)
	at org.testng.TestRunner.run(TestRunner.java:589)
	at org.testng.SuiteRunner.runTest(SuiteRunner.java:398)
	at org.testng.SuiteRunner.runSequentially(SuiteRunner.java:392)
	at org.testng.SuiteRunner.privateRun(SuiteRunner.java:354)
	at org.testng.SuiteRunner.run(SuiteRunner.java:302)
	at org.testng.SuiteRunnerWorker.runSuite(SuiteRunnerWorker.java:53)
	at org.testng.SuiteRunnerWorker.run(SuiteRunnerWorker.java:96)
	at org.testng.TestNG.runSuitesSequentially(TestNG.java:1145)
	at org.testng.TestNG.runSuitesLocally(TestNG.java:1067)
	at org.testng.TestNG.runSuites(TestNG.java:997)
	at org.testng.TestNG.run(TestNG.java:965)
	at org.apache.maven.surefire.testng.TestNGExecutor.run(TestNGExecutor.java:135)
	at org.apache.maven.surefire.testng.TestNGDirectoryTestSuite.executeMulti(TestNGDirectoryTestSuite.java:193)
	at org.apache.maven.surefire.testng.TestNGDirectoryTestSuite.execute(TestNGDirectoryTestSuite.java:94)
	at org.apache.maven.surefire.testng.TestNGProvider.invoke(TestNGProvider.java:146)
	at org.apache.maven.surefire.booter.ForkedBooter.invokeProviderInSameClassLoader(ForkedBooter.java:384)
	at org.apache.maven.surefire.booter.ForkedBooter.runSuitesInProcess(ForkedBooter.java:345)
	at org.apache.maven.surefire.booter.ForkedBooter.execute(ForkedBooter.java:126)
	at org.apache.maven.surefire.booter.ForkedBooter.main(ForkedBooter.java:418)
</pre></div></td>
<td>0</td>
<td>cz.muni.fi.pa165.smartphonEShop.dao.AddressDaoTest@35841320</td></tr>
<tr>
<td title='cz.muni.fi.pa165.smartphonEShop.dao.ClaimDaoTest.findByIdNull()'><b>findByIdNull</b><br>Test class: cz.muni.fi.pa165.smartphonEShop.dao.ClaimDaoTest</td>
<td><div><pre>java.lang.IllegalArgumentException: claim is null or less than 0!
	at cz.muni.fi.pa165.smartphonEShop.dao.ClaimDaoImpl.findById(ClaimDaoImpl.java:44)
	at cz.muni.fi.pa165.smartphonEShop.dao.ClaimDaoTest.findByIdNull(ClaimDaoTest.java:210)
	at org.springframework.test.context.testng.AbstractTestNGSpringContextTests.run(AbstractTestNGSpringContextTests.java:180)
... Removed 32 stack frames</pre></div><a href='#' onClick='toggleBox("stack-trace1023062848", this, "Click to show all stack frames", "Click to hide stack frames")'>Click to show all stack frames</a>
<div class='stack-trace' id='stack-trace1023062848'><pre>java.lang.IllegalArgumentException: claim is null or less than 0!
	at cz.muni.fi.pa165.smartphonEShop.dao.ClaimDaoImpl.findById(ClaimDaoImpl.java:44)
	at cz.muni.fi.pa165.smartphonEShop.dao.ClaimDaoTest.findByIdNull(ClaimDaoTest.java:210)
	at java.base/jdk.internal.reflect.NativeMethodAccessorImpl.invoke0(Native Method)
	at java.base/jdk.internal.reflect.NativeMethodAccessorImpl.invoke(NativeMethodAccessorImpl.java:62)
	at java.base/jdk.internal.reflect.DelegatingMethodAccessorImpl.invoke(DelegatingMethodAccessorImpl.java:43)
	at java.base/java.lang.reflect.Method.invoke(Method.java:564)
	at org.testng.internal.MethodInvocationHelper.invokeMethod(MethodInvocationHelper.java:131)
	at org.testng.internal.MethodInvocationHelper$1.runTestMethod(MethodInvocationHelper.java:237)
	at org.springframework.test.context.testng.AbstractTestNGSpringContextTests.run(AbstractTestNGSpringContextTests.java:180)
	at org.testng.internal.MethodInvocationHelper.invokeHookable(MethodInvocationHelper.java:249)
	at org.testng.internal.Invoker.invokeMethod(Invoker.java:654)
	at org.testng.internal.Invoker.invokeTestMethod(Invoker.java:792)
	at org.testng.internal.Invoker.invokeTestMethods(Invoker.java:1103)
	at org.testng.internal.TestMethodWorker.invokeTestMethods(TestMethodWorker.java:140)
	at org.testng.internal.TestMethodWorker.run(TestMethodWorker.java:122)
	at org.testng.TestRunner.privateRun(TestRunner.java:739)
	at org.testng.TestRunner.run(TestRunner.java:589)
	at org.testng.SuiteRunner.runTest(SuiteRunner.java:398)
	at org.testng.SuiteRunner.runSequentially(SuiteRunner.java:392)
	at org.testng.SuiteRunner.privateRun(SuiteRunner.java:354)
	at org.testng.SuiteRunner.run(SuiteRunner.java:302)
	at org.testng.SuiteRunnerWorker.runSuite(SuiteRunnerWorker.java:53)
	at org.testng.SuiteRunnerWorker.run(SuiteRunnerWorker.java:96)
	at org.testng.TestNG.runSuitesSequentially(TestNG.java:1145)
	at org.testng.TestNG.runSuitesLocally(TestNG.java:1067)
	at org.testng.TestNG.runSuites(TestNG.java:997)
	at org.testng.TestNG.run(TestNG.java:965)
	at org.apache.maven.surefire.testng.TestNGExecutor.run(TestNGExecutor.java:135)
	at org.apache.maven.surefire.testng.TestNGDirectoryTestSuite.executeMulti(TestNGDirectoryTestSuite.java:193)
	at org.apache.maven.surefire.testng.TestNGDirectoryTestSuite.execute(TestNGDirectoryTestSuite.java:94)
	at org.apache.maven.surefire.testng.TestNGProvider.invoke(TestNGProvider.java:146)
	at org.apache.maven.surefire.booter.ForkedBooter.invokeProviderInSameClassLoader(ForkedBooter.java:384)
	at org.apache.maven.surefire.booter.ForkedBooter.runSuitesInProcess(ForkedBooter.java:345)
	at org.apache.maven.surefire.booter.ForkedBooter.execute(ForkedBooter.java:126)
	at org.apache.maven.surefire.booter.ForkedBooter.main(ForkedBooter.java:418)
</pre></div></td>
<td>0</td>
<td>cz.muni.fi.pa165.smartphonEShop.dao.ClaimDaoTest@61c4eee0</td></tr>
<tr>
<td title='cz.muni.fi.pa165.smartphonEShop.dao.OrderDaoTest.findByIdNull()'><b>findByIdNull</b><br>Test class: cz.muni.fi.pa165.smartphonEShop.dao.OrderDaoTest</td>
<td><div><pre>java.lang.IllegalArgumentException: ID is null or less than 0!
	at cz.muni.fi.pa165.smartphonEShop.dao.OrderDaoImpl.findById(OrderDaoImpl.java:48)
	at cz.muni.fi.pa165.smartphonEShop.dao.OrderDaoTest.findByIdNull(OrderDaoTest.java:189)
	at org.springframework.test.context.testng.AbstractTestNGSpringContextTests.run(AbstractTestNGSpringContextTests.java:180)
... Removed 32 stack frames</pre></div><a href='#' onClick='toggleBox("stack-trace1852606548", this, "Click to show all stack frames", "Click to hide stack frames")'>Click to show all stack frames</a>
<div class='stack-trace' id='stack-trace1852606548'><pre>java.lang.IllegalArgumentException: ID is null or less than 0!
	at cz.muni.fi.pa165.smartphonEShop.dao.OrderDaoImpl.findById(OrderDaoImpl.java:48)
	at cz.muni.fi.pa165.smartphonEShop.dao.OrderDaoTest.findByIdNull(OrderDaoTest.java:189)
	at java.base/jdk.internal.reflect.NativeMethodAccessorImpl.invoke0(Native Method)
	at java.base/jdk.internal.reflect.NativeMethodAccessorImpl.invoke(NativeMethodAccessorImpl.java:62)
	at java.base/jdk.internal.reflect.DelegatingMethodAccessorImpl.invoke(DelegatingMethodAccessorImpl.java:43)
	at java.base/java.lang.reflect.Method.invoke(Method.java:564)
	at org.testng.internal.MethodInvocationHelper.invokeMethod(MethodInvocationHelper.java:131)
	at org.testng.internal.MethodInvocationHelper$1.runTestMethod(MethodInvocationHelper.java:237)
	at org.springframework.test.context.testng.AbstractTestNGSpringContextTests.run(AbstractTestNGSpringContextTests.java:180)
	at org.testng.internal.MethodInvocationHelper.invokeHookable(MethodInvocationHelper.java:249)
	at org.testng.internal.Invoker.invokeMethod(Invoker.java:654)
	at org.testng.internal.Invoker.invokeTestMethod(Invoker.java:792)
	at org.testng.internal.Invoker.invokeTestMethods(Invoker.java:1103)
	at org.testng.internal.TestMethodWorker.invokeTestMethods(TestMethodWorker.java:140)
	at org.testng.internal.TestMethodWorker.run(TestMethodWorker.java:122)
	at org.testng.TestRunner.privateRun(TestRunner.java:739)
	at org.testng.TestRunner.run(TestRunner.java:589)
	at org.testng.SuiteRunner.runTest(SuiteRunner.java:398)
	at org.testng.SuiteRunner.runSequentially(SuiteRunner.java:392)
	at org.testng.SuiteRunner.privateRun(SuiteRunner.java:354)
	at org.testng.SuiteRunner.run(SuiteRunner.java:302)
	at org.testng.SuiteRunnerWorker.runSuite(SuiteRunnerWorker.java:53)
	at org.testng.SuiteRunnerWorker.run(SuiteRunnerWorker.java:96)
	at org.testng.TestNG.runSuitesSequentially(TestNG.java:1145)
	at org.testng.TestNG.runSuitesLocally(TestNG.java:1067)
	at org.testng.TestNG.runSuites(TestNG.java:997)
	at org.testng.TestNG.run(TestNG.java:965)
	at org.apache.maven.surefire.testng.TestNGExecutor.run(TestNGExecutor.java:135)
	at org.apache.maven.surefire.testng.TestNGDirectoryTestSuite.executeMulti(TestNGDirectoryTestSuite.java:193)
	at org.apache.maven.surefire.testng.TestNGDirectoryTestSuite.execute(TestNGDirectoryTestSuite.java:94)
	at org.apache.maven.surefire.testng.TestNGProvider.invoke(TestNGProvider.java:146)
	at org.apache.maven.surefire.booter.ForkedBooter.invokeProviderInSameClassLoader(ForkedBooter.java:384)
	at org.apache.maven.surefire.booter.ForkedBooter.runSuitesInProcess(ForkedBooter.java:345)
	at org.apache.maven.surefire.booter.ForkedBooter.execute(ForkedBooter.java:126)
	at org.apache.maven.surefire.booter.ForkedBooter.main(ForkedBooter.java:418)
</pre></div></td>
<td>0</td>
<td>cz.muni.fi.pa165.smartphonEShop.dao.OrderDaoTest@6f10d5b6</td></tr>
<tr>
<td title='cz.muni.fi.pa165.smartphonEShop.dao.PersonDaoTest.findByIdNull()'><b>findByIdNull</b><br>Test class: cz.muni.fi.pa165.smartphonEShop.dao.PersonDaoTest</td>
<td><div><pre>java.lang.IllegalArgumentException: AddressId is null or less than 0!
	at cz.muni.fi.pa165.smartphonEShop.dao.PersonDaoImpl.findById(PersonDaoImpl.java:43)
	at cz.muni.fi.pa165.smartphonEShop.dao.PersonDaoTest.findByIdNull(PersonDaoTest.java:162)
	at org.springframework.test.context.testng.AbstractTestNGSpringContextTests.run(AbstractTestNGSpringContextTests.java:180)
... Removed 32 stack frames</pre></div><a href='#' onClick='toggleBox("stack-trace1980783296", this, "Click to show all stack frames", "Click to hide stack frames")'>Click to show all stack frames</a>
<div class='stack-trace' id='stack-trace1980783296'><pre>java.lang.IllegalArgumentException: AddressId is null or less than 0!
	at cz.muni.fi.pa165.smartphonEShop.dao.PersonDaoImpl.findById(PersonDaoImpl.java:43)
	at cz.muni.fi.pa165.smartphonEShop.dao.PersonDaoTest.findByIdNull(PersonDaoTest.java:162)
	at java.base/jdk.internal.reflect.NativeMethodAccessorImpl.invoke0(Native Method)
	at java.base/jdk.internal.reflect.NativeMethodAccessorImpl.invoke(NativeMethodAccessorImpl.java:62)
	at java.base/jdk.internal.reflect.DelegatingMethodAccessorImpl.invoke(DelegatingMethodAccessorImpl.java:43)
	at java.base/java.lang.reflect.Method.invoke(Method.java:564)
	at org.testng.internal.MethodInvocationHelper.invokeMethod(MethodInvocationHelper.java:131)
	at org.testng.internal.MethodInvocationHelper$1.runTestMethod(MethodInvocationHelper.java:237)
	at org.springframework.test.context.testng.AbstractTestNGSpringContextTests.run(AbstractTestNGSpringContextTests.java:180)
	at org.testng.internal.MethodInvocationHelper.invokeHookable(MethodInvocationHelper.java:249)
	at org.testng.internal.Invoker.invokeMethod(Invoker.java:654)
	at org.testng.internal.Invoker.invokeTestMethod(Invoker.java:792)
	at org.testng.internal.Invoker.invokeTestMethods(Invoker.java:1103)
	at org.testng.internal.TestMethodWorker.invokeTestMethods(TestMethodWorker.java:140)
	at org.testng.internal.TestMethodWorker.run(TestMethodWorker.java:122)
	at org.testng.TestRunner.privateRun(TestRunner.java:739)
	at org.testng.TestRunner.run(TestRunner.java:589)
	at org.testng.SuiteRunner.runTest(SuiteRunner.java:398)
	at org.testng.SuiteRunner.runSequentially(SuiteRunner.java:392)
	at org.testng.SuiteRunner.privateRun(SuiteRunner.java:354)
	at org.testng.SuiteRunner.run(SuiteRunner.java:302)
	at org.testng.SuiteRunnerWorker.runSuite(SuiteRunnerWorker.java:53)
	at org.testng.SuiteRunnerWorker.run(SuiteRunnerWorker.java:96)
	at org.testng.TestNG.runSuitesSequentially(TestNG.java:1145)
	at org.testng.TestNG.runSuitesLocally(TestNG.java:1067)
	at org.testng.TestNG.runSuites(TestNG.java:997)
	at org.testng.TestNG.run(TestNG.java:965)
	at org.apache.maven.surefire.testng.TestNGExecutor.run(TestNGExecutor.java:135)
	at org.apache.maven.surefire.testng.TestNGDirectoryTestSuite.executeMulti(TestNGDirectoryTestSuite.java:193)
	at org.apache.maven.surefire.testng.TestNGDirectoryTestSuite.execute(TestNGDirectoryTestSuite.java:94)
	at org.apache.maven.surefire.testng.TestNGProvider.invoke(TestNGProvider.java:146)
	at org.apache.maven.surefire.booter.ForkedBooter.invokeProviderInSameClassLoader(ForkedBooter.java:384)
	at org.apache.maven.surefire.booter.ForkedBooter.runSuitesInProcess(ForkedBooter.java:345)
	at org.apache.maven.surefire.booter.ForkedBooter.execute(ForkedBooter.java:126)
	at org.apache.maven.surefire.booter.ForkedBooter.main(ForkedBooter.java:418)
</pre></div></td>
<td>0</td>
<td>cz.muni.fi.pa165.smartphonEShop.dao.PersonDaoTest@1040be71</td></tr>
<tr>
<td title='cz.muni.fi.pa165.smartphonEShop.dao.PhoneDaoTest.findByIdNull()'><b>findByIdNull</b><br>Test class: cz.muni.fi.pa165.smartphonEShop.dao.PhoneDaoTest</td>
<td><div><pre>java.lang.IllegalArgumentException: PhoneId is null or less than 0!
	at cz.muni.fi.pa165.smartphonEShop.dao.PhoneDaoImpl.findById(PhoneDaoImpl.java:59)
	at cz.muni.fi.pa165.smartphonEShop.dao.PhoneDaoTest.findByIdNull(PhoneDaoTest.java:165)
	at org.springframework.test.context.testng.AbstractTestNGSpringContextTests.run(AbstractTestNGSpringContextTests.java:180)
... Removed 32 stack frames</pre></div><a href='#' onClick='toggleBox("stack-trace1443288375", this, "Click to show all stack frames", "Click to hide stack frames")'>Click to show all stack frames</a>
<div class='stack-trace' id='stack-trace1443288375'><pre>java.lang.IllegalArgumentException: PhoneId is null or less than 0!
	at cz.muni.fi.pa165.smartphonEShop.dao.PhoneDaoImpl.findById(PhoneDaoImpl.java:59)
	at cz.muni.fi.pa165.smartphonEShop.dao.PhoneDaoTest.findByIdNull(PhoneDaoTest.java:165)
	at java.base/jdk.internal.reflect.NativeMethodAccessorImpl.invoke0(Native Method)
	at java.base/jdk.internal.reflect.NativeMethodAccessorImpl.invoke(NativeMethodAccessorImpl.java:62)
	at java.base/jdk.internal.reflect.DelegatingMethodAccessorImpl.invoke(DelegatingMethodAccessorImpl.java:43)
	at java.base/java.lang.reflect.Method.invoke(Method.java:564)
	at org.testng.internal.MethodInvocationHelper.invokeMethod(MethodInvocationHelper.java:131)
	at org.testng.internal.MethodInvocationHelper$1.runTestMethod(MethodInvocationHelper.java:237)
	at org.springframework.test.context.testng.AbstractTestNGSpringContextTests.run(AbstractTestNGSpringContextTests.java:180)
	at org.testng.internal.MethodInvocationHelper.invokeHookable(MethodInvocationHelper.java:249)
	at org.testng.internal.Invoker.invokeMethod(Invoker.java:654)
	at org.testng.internal.Invoker.invokeTestMethod(Invoker.java:792)
	at org.testng.internal.Invoker.invokeTestMethods(Invoker.java:1103)
	at org.testng.internal.TestMethodWorker.invokeTestMethods(TestMethodWorker.java:140)
	at org.testng.internal.TestMethodWorker.run(TestMethodWorker.java:122)
	at org.testng.TestRunner.privateRun(TestRunner.java:739)
	at org.testng.TestRunner.run(TestRunner.java:589)
	at org.testng.SuiteRunner.runTest(SuiteRunner.java:398)
	at org.testng.SuiteRunner.runSequentially(SuiteRunner.java:392)
	at org.testng.SuiteRunner.privateRun(SuiteRunner.java:354)
	at org.testng.SuiteRunner.run(SuiteRunner.java:302)
	at org.testng.SuiteRunnerWorker.runSuite(SuiteRunnerWorker.java:53)
	at org.testng.SuiteRunnerWorker.run(SuiteRunnerWorker.java:96)
	at org.testng.TestNG.runSuitesSequentially(TestNG.java:1145)
	at org.testng.TestNG.runSuitesLocally(TestNG.java:1067)
	at org.testng.TestNG.runSuites(TestNG.java:997)
	at org.testng.TestNG.run(TestNG.java:965)
	at org.apache.maven.surefire.testng.TestNGExecutor.run(TestNGExecutor.java:135)
	at org.apache.maven.surefire.testng.TestNGDirectoryTestSuite.executeMulti(TestNGDirectoryTestSuite.java:193)
	at org.apache.maven.surefire.testng.TestNGDirectoryTestSuite.execute(TestNGDirectoryTestSuite.java:94)
	at org.apache.maven.surefire.testng.TestNGProvider.invoke(TestNGProvider.java:146)
	at org.apache.maven.surefire.booter.ForkedBooter.invokeProviderInSameClassLoader(ForkedBooter.java:384)
	at org.apache.maven.surefire.booter.ForkedBooter.runSuitesInProcess(ForkedBooter.java:345)
	at org.apache.maven.surefire.booter.ForkedBooter.execute(ForkedBooter.java:126)
	at org.apache.maven.surefire.booter.ForkedBooter.main(ForkedBooter.java:418)
</pre></div></td>
<td>0</td>
<td>cz.muni.fi.pa165.smartphonEShop.dao.PhoneDaoTest@548a24a</td></tr>
<tr>
<td title='cz.muni.fi.pa165.smartphonEShop.dao.StockDaoTest.findByIdNull()'><b>findByIdNull</b><br>Test class: cz.muni.fi.pa165.smartphonEShop.dao.StockDaoTest</td>
<td><div><pre>java.lang.IllegalArgumentException: StockId is null or less than 0!
	at cz.muni.fi.pa165.smartphonEShop.dao.StockDaoImpl.findById(StockDaoImpl.java:59)
	at cz.muni.fi.pa165.smartphonEShop.dao.StockDaoTest.findByIdNull(StockDaoTest.java:151)
	at org.springframework.test.context.testng.AbstractTestNGSpringContextTests.run(AbstractTestNGSpringContextTests.java:180)
... Removed 32 stack frames</pre></div><a href='#' onClick='toggleBox("stack-trace972598720", this, "Click to show all stack frames", "Click to hide stack frames")'>Click to show all stack frames</a>
<div class='stack-trace' id='stack-trace972598720'><pre>java.lang.IllegalArgumentException: StockId is null or less than 0!
	at cz.muni.fi.pa165.smartphonEShop.dao.StockDaoImpl.findById(StockDaoImpl.java:59)
	at cz.muni.fi.pa165.smartphonEShop.dao.StockDaoTest.findByIdNull(StockDaoTest.java:151)
	at java.base/jdk.internal.reflect.NativeMethodAccessorImpl.invoke0(Native Method)
	at java.base/jdk.internal.reflect.NativeMethodAccessorImpl.invoke(NativeMethodAccessorImpl.java:62)
	at java.base/jdk.internal.reflect.DelegatingMethodAccessorImpl.invoke(DelegatingMethodAccessorImpl.java:43)
	at java.base/java.lang.reflect.Method.invoke(Method.java:564)
	at org.testng.internal.MethodInvocationHelper.invokeMethod(MethodInvocationHelper.java:131)
	at org.testng.internal.MethodInvocationHelper$1.runTestMethod(MethodInvocationHelper.java:237)
	at org.springframework.test.context.testng.AbstractTestNGSpringContextTests.run(AbstractTestNGSpringContextTests.java:180)
	at org.testng.internal.MethodInvocationHelper.invokeHookable(MethodInvocationHelper.java:249)
	at org.testng.internal.Invoker.invokeMethod(Invoker.java:654)
	at org.testng.internal.Invoker.invokeTestMethod(Invoker.java:792)
	at org.testng.internal.Invoker.invokeTestMethods(Invoker.java:1103)
	at org.testng.internal.TestMethodWorker.invokeTestMethods(TestMethodWorker.java:140)
	at org.testng.internal.TestMethodWorker.run(TestMethodWorker.java:122)
	at org.testng.TestRunner.privateRun(TestRunner.java:739)
	at org.testng.TestRunner.run(TestRunner.java:589)
	at org.testng.SuiteRunner.runTest(SuiteRunner.java:398)
	at org.testng.SuiteRunner.runSequentially(SuiteRunner.java:392)
	at org.testng.SuiteRunner.privateRun(SuiteRunner.java:354)
	at org.testng.SuiteRunner.run(SuiteRunner.java:302)
	at org.testng.SuiteRunnerWorker.runSuite(SuiteRunnerWorker.java:53)
	at org.testng.SuiteRunnerWorker.run(SuiteRunnerWorker.java:96)
	at org.testng.TestNG.runSuitesSequentially(TestNG.java:1145)
	at org.testng.TestNG.runSuitesLocally(TestNG.java:1067)
	at org.testng.TestNG.runSuites(TestNG.java:997)
	at org.testng.TestNG.run(TestNG.java:965)
	at org.apache.maven.surefire.testng.TestNGExecutor.run(TestNGExecutor.java:135)
	at org.apache.maven.surefire.testng.TestNGDirectoryTestSuite.executeMulti(TestNGDirectoryTestSuite.java:193)
	at org.apache.maven.surefire.testng.TestNGDirectoryTestSuite.execute(TestNGDirectoryTestSuite.java:94)
	at org.apache.maven.surefire.testng.TestNGProvider.invoke(TestNGProvider.java:146)
	at org.apache.maven.surefire.booter.ForkedBooter.invokeProviderInSameClassLoader(ForkedBooter.java:384)
	at org.apache.maven.surefire.booter.ForkedBooter.runSuitesInProcess(ForkedBooter.java:345)
	at org.apache.maven.surefire.booter.ForkedBooter.execute(ForkedBooter.java:126)
	at org.apache.maven.surefire.booter.ForkedBooter.main(ForkedBooter.java:418)
</pre></div></td>
<td>0</td>
<td>cz.muni.fi.pa165.smartphonEShop.dao.StockDaoTest@433defed</td></tr>
<tr>
<td title='cz.muni.fi.pa165.smartphonEShop.dao.AddressDaoTest.update()'><b>update</b><br>Test class: cz.muni.fi.pa165.smartphonEShop.dao.AddressDaoTest</td>
<td></td>
<td>0</td>
<td>cz.muni.fi.pa165.smartphonEShop.dao.AddressDaoTest@35841320</td></tr>
<tr>
<td title='cz.muni.fi.pa165.smartphonEShop.dao.ClaimDaoTest.update()'><b>update</b><br>Test class: cz.muni.fi.pa165.smartphonEShop.dao.ClaimDaoTest</td>
<td></td>
<td>0</td>
<td>cz.muni.fi.pa165.smartphonEShop.dao.ClaimDaoTest@61c4eee0</td></tr>
<tr>
<td title='cz.muni.fi.pa165.smartphonEShop.dao.OrderDaoTest.update()'><b>update</b><br>Test class: cz.muni.fi.pa165.smartphonEShop.dao.OrderDaoTest</td>
<td></td>
<td>0</td>
<td>cz.muni.fi.pa165.smartphonEShop.dao.OrderDaoTest@6f10d5b6</td></tr>
<tr>
<td title='cz.muni.fi.pa165.smartphonEShop.dao.PersonDaoTest.update()'><b>update</b><br>Test class: cz.muni.fi.pa165.smartphonEShop.dao.PersonDaoTest</td>
<td></td>
<td>0</td>
<td>cz.muni.fi.pa165.smartphonEShop.dao.PersonDaoTest@1040be71</td></tr>
<tr>
<td title='cz.muni.fi.pa165.smartphonEShop.dao.PhoneDaoTest.update()'><b>update</b><br>Test class: cz.muni.fi.pa165.smartphonEShop.dao.PhoneDaoTest</td>
<td></td>
<td>0</td>
<td>cz.muni.fi.pa165.smartphonEShop.dao.PhoneDaoTest@548a24a</td></tr>
<tr>
<td title='cz.muni.fi.pa165.smartphonEShop.dao.StockDaoTest.update()'><b>update</b><br>Test class: cz.muni.fi.pa165.smartphonEShop.dao.StockDaoTest</td>
<td></td>
<td>0</td>
<td>cz.muni.fi.pa165.smartphonEShop.dao.StockDaoTest@433defed</td></tr>
<tr>
<td title='cz.muni.fi.pa165.smartphonEShop.dao.AddressDaoTest.updateNull()'><b>updateNull</b><br>Test class: cz.muni.fi.pa165.smartphonEShop.dao.AddressDaoTest</td>
<td><div><pre>java.lang.IllegalArgumentException: Address is null!
	at cz.muni.fi.pa165.smartphonEShop.dao.AddressDaoImpl.update(AddressDaoImpl.java:32)
	at cz.muni.fi.pa165.smartphonEShop.dao.AddressDaoTest.updateNull(AddressDaoTest.java:116)
	at org.springframework.test.context.testng.AbstractTestNGSpringContextTests.run(AbstractTestNGSpringContextTests.java:180)
... Removed 32 stack frames</pre></div><a href='#' onClick='toggleBox("stack-trace2101977504", this, "Click to show all stack frames", "Click to hide stack frames")'>Click to show all stack frames</a>
<div class='stack-trace' id='stack-trace2101977504'><pre>java.lang.IllegalArgumentException: Address is null!
	at cz.muni.fi.pa165.smartphonEShop.dao.AddressDaoImpl.update(AddressDaoImpl.java:32)
	at cz.muni.fi.pa165.smartphonEShop.dao.AddressDaoTest.updateNull(AddressDaoTest.java:116)
	at java.base/jdk.internal.reflect.NativeMethodAccessorImpl.invoke0(Native Method)
	at java.base/jdk.internal.reflect.NativeMethodAccessorImpl.invoke(NativeMethodAccessorImpl.java:62)
	at java.base/jdk.internal.reflect.DelegatingMethodAccessorImpl.invoke(DelegatingMethodAccessorImpl.java:43)
	at java.base/java.lang.reflect.Method.invoke(Method.java:564)
	at org.testng.internal.MethodInvocationHelper.invokeMethod(MethodInvocationHelper.java:131)
	at org.testng.internal.MethodInvocationHelper$1.runTestMethod(MethodInvocationHelper.java:237)
	at org.springframework.test.context.testng.AbstractTestNGSpringContextTests.run(AbstractTestNGSpringContextTests.java:180)
	at org.testng.internal.MethodInvocationHelper.invokeHookable(MethodInvocationHelper.java:249)
	at org.testng.internal.Invoker.invokeMethod(Invoker.java:654)
	at org.testng.internal.Invoker.invokeTestMethod(Invoker.java:792)
	at org.testng.internal.Invoker.invokeTestMethods(Invoker.java:1103)
	at org.testng.internal.TestMethodWorker.invokeTestMethods(TestMethodWorker.java:140)
	at org.testng.internal.TestMethodWorker.run(TestMethodWorker.java:122)
	at org.testng.TestRunner.privateRun(TestRunner.java:739)
	at org.testng.TestRunner.run(TestRunner.java:589)
	at org.testng.SuiteRunner.runTest(SuiteRunner.java:398)
	at org.testng.SuiteRunner.runSequentially(SuiteRunner.java:392)
	at org.testng.SuiteRunner.privateRun(SuiteRunner.java:354)
	at org.testng.SuiteRunner.run(SuiteRunner.java:302)
	at org.testng.SuiteRunnerWorker.runSuite(SuiteRunnerWorker.java:53)
	at org.testng.SuiteRunnerWorker.run(SuiteRunnerWorker.java:96)
	at org.testng.TestNG.runSuitesSequentially(TestNG.java:1145)
	at org.testng.TestNG.runSuitesLocally(TestNG.java:1067)
	at org.testng.TestNG.runSuites(TestNG.java:997)
	at org.testng.TestNG.run(TestNG.java:965)
	at org.apache.maven.surefire.testng.TestNGExecutor.run(TestNGExecutor.java:135)
	at org.apache.maven.surefire.testng.TestNGDirectoryTestSuite.executeMulti(TestNGDirectoryTestSuite.java:193)
	at org.apache.maven.surefire.testng.TestNGDirectoryTestSuite.execute(TestNGDirectoryTestSuite.java:94)
	at org.apache.maven.surefire.testng.TestNGProvider.invoke(TestNGProvider.java:146)
	at org.apache.maven.surefire.booter.ForkedBooter.invokeProviderInSameClassLoader(ForkedBooter.java:384)
	at org.apache.maven.surefire.booter.ForkedBooter.runSuitesInProcess(ForkedBooter.java:345)
	at org.apache.maven.surefire.booter.ForkedBooter.execute(ForkedBooter.java:126)
	at org.apache.maven.surefire.booter.ForkedBooter.main(ForkedBooter.java:418)
</pre></div></td>
<td>0</td>
<td>cz.muni.fi.pa165.smartphonEShop.dao.AddressDaoTest@35841320</td></tr>
<tr>
<td title='cz.muni.fi.pa165.smartphonEShop.dao.ClaimDaoTest.updateNull()'><b>updateNull</b><br>Test class: cz.muni.fi.pa165.smartphonEShop.dao.ClaimDaoTest</td>
<td><div><pre>java.lang.IllegalArgumentException: claim is null!
	at cz.muni.fi.pa165.smartphonEShop.dao.ClaimDaoImpl.update(ClaimDaoImpl.java:28)
	at cz.muni.fi.pa165.smartphonEShop.dao.ClaimDaoTest.updateNull(ClaimDaoTest.java:200)
	at org.springframework.test.context.testng.AbstractTestNGSpringContextTests.run(AbstractTestNGSpringContextTests.java:180)
... Removed 32 stack frames</pre></div><a href='#' onClick='toggleBox("stack-trace486178528", this, "Click to show all stack frames", "Click to hide stack frames")'>Click to show all stack frames</a>
<div class='stack-trace' id='stack-trace486178528'><pre>java.lang.IllegalArgumentException: claim is null!
	at cz.muni.fi.pa165.smartphonEShop.dao.ClaimDaoImpl.update(ClaimDaoImpl.java:28)
	at cz.muni.fi.pa165.smartphonEShop.dao.ClaimDaoTest.updateNull(ClaimDaoTest.java:200)
	at java.base/jdk.internal.reflect.NativeMethodAccessorImpl.invoke0(Native Method)
	at java.base/jdk.internal.reflect.NativeMethodAccessorImpl.invoke(NativeMethodAccessorImpl.java:62)
	at java.base/jdk.internal.reflect.DelegatingMethodAccessorImpl.invoke(DelegatingMethodAccessorImpl.java:43)
	at java.base/java.lang.reflect.Method.invoke(Method.java:564)
	at org.testng.internal.MethodInvocationHelper.invokeMethod(MethodInvocationHelper.java:131)
	at org.testng.internal.MethodInvocationHelper$1.runTestMethod(MethodInvocationHelper.java:237)
	at org.springframework.test.context.testng.AbstractTestNGSpringContextTests.run(AbstractTestNGSpringContextTests.java:180)
	at org.testng.internal.MethodInvocationHelper.invokeHookable(MethodInvocationHelper.java:249)
	at org.testng.internal.Invoker.invokeMethod(Invoker.java:654)
	at org.testng.internal.Invoker.invokeTestMethod(Invoker.java:792)
	at org.testng.internal.Invoker.invokeTestMethods(Invoker.java:1103)
	at org.testng.internal.TestMethodWorker.invokeTestMethods(TestMethodWorker.java:140)
	at org.testng.internal.TestMethodWorker.run(TestMethodWorker.java:122)
	at org.testng.TestRunner.privateRun(TestRunner.java:739)
	at org.testng.TestRunner.run(TestRunner.java:589)
	at org.testng.SuiteRunner.runTest(SuiteRunner.java:398)
	at org.testng.SuiteRunner.runSequentially(SuiteRunner.java:392)
	at org.testng.SuiteRunner.privateRun(SuiteRunner.java:354)
	at org.testng.SuiteRunner.run(SuiteRunner.java:302)
	at org.testng.SuiteRunnerWorker.runSuite(SuiteRunnerWorker.java:53)
	at org.testng.SuiteRunnerWorker.run(SuiteRunnerWorker.java:96)
	at org.testng.TestNG.runSuitesSequentially(TestNG.java:1145)
	at org.testng.TestNG.runSuitesLocally(TestNG.java:1067)
	at org.testng.TestNG.runSuites(TestNG.java:997)
	at org.testng.TestNG.run(TestNG.java:965)
	at org.apache.maven.surefire.testng.TestNGExecutor.run(TestNGExecutor.java:135)
	at org.apache.maven.surefire.testng.TestNGDirectoryTestSuite.executeMulti(TestNGDirectoryTestSuite.java:193)
	at org.apache.maven.surefire.testng.TestNGDirectoryTestSuite.execute(TestNGDirectoryTestSuite.java:94)
	at org.apache.maven.surefire.testng.TestNGProvider.invoke(TestNGProvider.java:146)
	at org.apache.maven.surefire.booter.ForkedBooter.invokeProviderInSameClassLoader(ForkedBooter.java:384)
	at org.apache.maven.surefire.booter.ForkedBooter.runSuitesInProcess(ForkedBooter.java:345)
	at org.apache.maven.surefire.booter.ForkedBooter.execute(ForkedBooter.java:126)
	at org.apache.maven.surefire.booter.ForkedBooter.main(ForkedBooter.java:418)
</pre></div></td>
<td>0</td>
<td>cz.muni.fi.pa165.smartphonEShop.dao.ClaimDaoTest@61c4eee0</td></tr>
<tr>
<td title='cz.muni.fi.pa165.smartphonEShop.dao.OrderDaoTest.updateNull()'><b>updateNull</b><br>Test class: cz.muni.fi.pa165.smartphonEShop.dao.OrderDaoTest</td>
<td><div><pre>java.lang.IllegalArgumentException: Order is null!
	at cz.muni.fi.pa165.smartphonEShop.dao.OrderDaoImpl.update(OrderDaoImpl.java:30)
	at cz.muni.fi.pa165.smartphonEShop.dao.OrderDaoTest.updateNull(OrderDaoTest.java:177)
	at org.springframework.test.context.testng.AbstractTestNGSpringContextTests.run(AbstractTestNGSpringContextTests.java:180)
... Removed 32 stack frames</pre></div><a href='#' onClick='toggleBox("stack-trace1903062949", this, "Click to show all stack frames", "Click to hide stack frames")'>Click to show all stack frames</a>
<div class='stack-trace' id='stack-trace1903062949'><pre>java.lang.IllegalArgumentException: Order is null!
	at cz.muni.fi.pa165.smartphonEShop.dao.OrderDaoImpl.update(OrderDaoImpl.java:30)
	at cz.muni.fi.pa165.smartphonEShop.dao.OrderDaoTest.updateNull(OrderDaoTest.java:177)
	at java.base/jdk.internal.reflect.NativeMethodAccessorImpl.invoke0(Native Method)
	at java.base/jdk.internal.reflect.NativeMethodAccessorImpl.invoke(NativeMethodAccessorImpl.java:62)
	at java.base/jdk.internal.reflect.DelegatingMethodAccessorImpl.invoke(DelegatingMethodAccessorImpl.java:43)
	at java.base/java.lang.reflect.Method.invoke(Method.java:564)
	at org.testng.internal.MethodInvocationHelper.invokeMethod(MethodInvocationHelper.java:131)
	at org.testng.internal.MethodInvocationHelper$1.runTestMethod(MethodInvocationHelper.java:237)
	at org.springframework.test.context.testng.AbstractTestNGSpringContextTests.run(AbstractTestNGSpringContextTests.java:180)
	at org.testng.internal.MethodInvocationHelper.invokeHookable(MethodInvocationHelper.java:249)
	at org.testng.internal.Invoker.invokeMethod(Invoker.java:654)
	at org.testng.internal.Invoker.invokeTestMethod(Invoker.java:792)
	at org.testng.internal.Invoker.invokeTestMethods(Invoker.java:1103)
	at org.testng.internal.TestMethodWorker.invokeTestMethods(TestMethodWorker.java:140)
	at org.testng.internal.TestMethodWorker.run(TestMethodWorker.java:122)
	at org.testng.TestRunner.privateRun(TestRunner.java:739)
	at org.testng.TestRunner.run(TestRunner.java:589)
	at org.testng.SuiteRunner.runTest(SuiteRunner.java:398)
	at org.testng.SuiteRunner.runSequentially(SuiteRunner.java:392)
	at org.testng.SuiteRunner.privateRun(SuiteRunner.java:354)
	at org.testng.SuiteRunner.run(SuiteRunner.java:302)
	at org.testng.SuiteRunnerWorker.runSuite(SuiteRunnerWorker.java:53)
	at org.testng.SuiteRunnerWorker.run(SuiteRunnerWorker.java:96)
	at org.testng.TestNG.runSuitesSequentially(TestNG.java:1145)
	at org.testng.TestNG.runSuitesLocally(TestNG.java:1067)
	at org.testng.TestNG.runSuites(TestNG.java:997)
	at org.testng.TestNG.run(TestNG.java:965)
	at org.apache.maven.surefire.testng.TestNGExecutor.run(TestNGExecutor.java:135)
	at org.apache.maven.surefire.testng.TestNGDirectoryTestSuite.executeMulti(TestNGDirectoryTestSuite.java:193)
	at org.apache.maven.surefire.testng.TestNGDirectoryTestSuite.execute(TestNGDirectoryTestSuite.java:94)
	at org.apache.maven.surefire.testng.TestNGProvider.invoke(TestNGProvider.java:146)
	at org.apache.maven.surefire.booter.ForkedBooter.invokeProviderInSameClassLoader(ForkedBooter.java:384)
	at org.apache.maven.surefire.booter.ForkedBooter.runSuitesInProcess(ForkedBooter.java:345)
	at org.apache.maven.surefire.booter.ForkedBooter.execute(ForkedBooter.java:126)
	at org.apache.maven.surefire.booter.ForkedBooter.main(ForkedBooter.java:418)
</pre></div></td>
<td>0</td>
<td>cz.muni.fi.pa165.smartphonEShop.dao.OrderDaoTest@6f10d5b6</td></tr>
<tr>
<td title='cz.muni.fi.pa165.smartphonEShop.dao.PersonDaoTest.updateNull()'><b>updateNull</b><br>Test class: cz.muni.fi.pa165.smartphonEShop.dao.PersonDaoTest</td>
<td><div><pre>java.lang.IllegalArgumentException: Address is null!
	at cz.muni.fi.pa165.smartphonEShop.dao.PersonDaoImpl.update(PersonDaoImpl.java:27)
	at cz.muni.fi.pa165.smartphonEShop.dao.PersonDaoTest.updateNull(PersonDaoTest.java:150)
	at org.springframework.test.context.testng.AbstractTestNGSpringContextTests.run(AbstractTestNGSpringContextTests.java:180)
... Removed 32 stack frames</pre></div><a href='#' onClick='toggleBox("stack-trace159536229", this, "Click to show all stack frames", "Click to hide stack frames")'>Click to show all stack frames</a>
<div class='stack-trace' id='stack-trace159536229'><pre>java.lang.IllegalArgumentException: Address is null!
	at cz.muni.fi.pa165.smartphonEShop.dao.PersonDaoImpl.update(PersonDaoImpl.java:27)
	at cz.muni.fi.pa165.smartphonEShop.dao.PersonDaoTest.updateNull(PersonDaoTest.java:150)
	at java.base/jdk.internal.reflect.NativeMethodAccessorImpl.invoke0(Native Method)
	at java.base/jdk.internal.reflect.NativeMethodAccessorImpl.invoke(NativeMethodAccessorImpl.java:62)
	at java.base/jdk.internal.reflect.DelegatingMethodAccessorImpl.invoke(DelegatingMethodAccessorImpl.java:43)
	at java.base/java.lang.reflect.Method.invoke(Method.java:564)
	at org.testng.internal.MethodInvocationHelper.invokeMethod(MethodInvocationHelper.java:131)
	at org.testng.internal.MethodInvocationHelper$1.runTestMethod(MethodInvocationHelper.java:237)
	at org.springframework.test.context.testng.AbstractTestNGSpringContextTests.run(AbstractTestNGSpringContextTests.java:180)
	at org.testng.internal.MethodInvocationHelper.invokeHookable(MethodInvocationHelper.java:249)
	at org.testng.internal.Invoker.invokeMethod(Invoker.java:654)
	at org.testng.internal.Invoker.invokeTestMethod(Invoker.java:792)
	at org.testng.internal.Invoker.invokeTestMethods(Invoker.java:1103)
	at org.testng.internal.TestMethodWorker.invokeTestMethods(TestMethodWorker.java:140)
	at org.testng.internal.TestMethodWorker.run(TestMethodWorker.java:122)
	at org.testng.TestRunner.privateRun(TestRunner.java:739)
	at org.testng.TestRunner.run(TestRunner.java:589)
	at org.testng.SuiteRunner.runTest(SuiteRunner.java:398)
	at org.testng.SuiteRunner.runSequentially(SuiteRunner.java:392)
	at org.testng.SuiteRunner.privateRun(SuiteRunner.java:354)
	at org.testng.SuiteRunner.run(SuiteRunner.java:302)
	at org.testng.SuiteRunnerWorker.runSuite(SuiteRunnerWorker.java:53)
	at org.testng.SuiteRunnerWorker.run(SuiteRunnerWorker.java:96)
	at org.testng.TestNG.runSuitesSequentially(TestNG.java:1145)
	at org.testng.TestNG.runSuitesLocally(TestNG.java:1067)
	at org.testng.TestNG.runSuites(TestNG.java:997)
	at org.testng.TestNG.run(TestNG.java:965)
	at org.apache.maven.surefire.testng.TestNGExecutor.run(TestNGExecutor.java:135)
	at org.apache.maven.surefire.testng.TestNGDirectoryTestSuite.executeMulti(TestNGDirectoryTestSuite.java:193)
	at org.apache.maven.surefire.testng.TestNGDirectoryTestSuite.execute(TestNGDirectoryTestSuite.java:94)
	at org.apache.maven.surefire.testng.TestNGProvider.invoke(TestNGProvider.java:146)
	at org.apache.maven.surefire.booter.ForkedBooter.invokeProviderInSameClassLoader(ForkedBooter.java:384)
	at org.apache.maven.surefire.booter.ForkedBooter.runSuitesInProcess(ForkedBooter.java:345)
	at org.apache.maven.surefire.booter.ForkedBooter.execute(ForkedBooter.java:126)
	at org.apache.maven.surefire.booter.ForkedBooter.main(ForkedBooter.java:418)
</pre></div></td>
<td>0</td>
<td>cz.muni.fi.pa165.smartphonEShop.dao.PersonDaoTest@1040be71</td></tr>
<tr>
<td title='cz.muni.fi.pa165.smartphonEShop.dao.PhoneDaoTest.updateNull()'><b>updateNull</b><br>Test class: cz.muni.fi.pa165.smartphonEShop.dao.PhoneDaoTest</td>
<td><div><pre>java.lang.IllegalArgumentException: Phone is null!
	at cz.muni.fi.pa165.smartphonEShop.dao.PhoneDaoImpl.update(PhoneDaoImpl.java:37)
	at cz.muni.fi.pa165.smartphonEShop.dao.PhoneDaoTest.updateNull(PhoneDaoTest.java:153)
	at org.springframework.test.context.testng.AbstractTestNGSpringContextTests.run(AbstractTestNGSpringContextTests.java:180)
... Removed 32 stack frames</pre></div><a href='#' onClick='toggleBox("stack-trace1483270801", this, "Click to show all stack frames", "Click to hide stack frames")'>Click to show all stack frames</a>
<div class='stack-trace' id='stack-trace1483270801'><pre>java.lang.IllegalArgumentException: Phone is null!
	at cz.muni.fi.pa165.smartphonEShop.dao.PhoneDaoImpl.update(PhoneDaoImpl.java:37)
	at cz.muni.fi.pa165.smartphonEShop.dao.PhoneDaoTest.updateNull(PhoneDaoTest.java:153)
	at java.base/jdk.internal.reflect.NativeMethodAccessorImpl.invoke0(Native Method)
	at java.base/jdk.internal.reflect.NativeMethodAccessorImpl.invoke(NativeMethodAccessorImpl.java:62)
	at java.base/jdk.internal.reflect.DelegatingMethodAccessorImpl.invoke(DelegatingMethodAccessorImpl.java:43)
	at java.base/java.lang.reflect.Method.invoke(Method.java:564)
	at org.testng.internal.MethodInvocationHelper.invokeMethod(MethodInvocationHelper.java:131)
	at org.testng.internal.MethodInvocationHelper$1.runTestMethod(MethodInvocationHelper.java:237)
	at org.springframework.test.context.testng.AbstractTestNGSpringContextTests.run(AbstractTestNGSpringContextTests.java:180)
	at org.testng.internal.MethodInvocationHelper.invokeHookable(MethodInvocationHelper.java:249)
	at org.testng.internal.Invoker.invokeMethod(Invoker.java:654)
	at org.testng.internal.Invoker.invokeTestMethod(Invoker.java:792)
	at org.testng.internal.Invoker.invokeTestMethods(Invoker.java:1103)
	at org.testng.internal.TestMethodWorker.invokeTestMethods(TestMethodWorker.java:140)
	at org.testng.internal.TestMethodWorker.run(TestMethodWorker.java:122)
	at org.testng.TestRunner.privateRun(TestRunner.java:739)
	at org.testng.TestRunner.run(TestRunner.java:589)
	at org.testng.SuiteRunner.runTest(SuiteRunner.java:398)
	at org.testng.SuiteRunner.runSequentially(SuiteRunner.java:392)
	at org.testng.SuiteRunner.privateRun(SuiteRunner.java:354)
	at org.testng.SuiteRunner.run(SuiteRunner.java:302)
	at org.testng.SuiteRunnerWorker.runSuite(SuiteRunnerWorker.java:53)
	at org.testng.SuiteRunnerWorker.run(SuiteRunnerWorker.java:96)
	at org.testng.TestNG.runSuitesSequentially(TestNG.java:1145)
	at org.testng.TestNG.runSuitesLocally(TestNG.java:1067)
	at org.testng.TestNG.runSuites(TestNG.java:997)
	at org.testng.TestNG.run(TestNG.java:965)
	at org.apache.maven.surefire.testng.TestNGExecutor.run(TestNGExecutor.java:135)
	at org.apache.maven.surefire.testng.TestNGDirectoryTestSuite.executeMulti(TestNGDirectoryTestSuite.java:193)
	at org.apache.maven.surefire.testng.TestNGDirectoryTestSuite.execute(TestNGDirectoryTestSuite.java:94)
	at org.apache.maven.surefire.testng.TestNGProvider.invoke(TestNGProvider.java:146)
	at org.apache.maven.surefire.booter.ForkedBooter.invokeProviderInSameClassLoader(ForkedBooter.java:384)
	at org.apache.maven.surefire.booter.ForkedBooter.runSuitesInProcess(ForkedBooter.java:345)
	at org.apache.maven.surefire.booter.ForkedBooter.execute(ForkedBooter.java:126)
	at org.apache.maven.surefire.booter.ForkedBooter.main(ForkedBooter.java:418)
</pre></div></td>
<td>0</td>
<td>cz.muni.fi.pa165.smartphonEShop.dao.PhoneDaoTest@548a24a</td></tr>
<tr>
<td title='cz.muni.fi.pa165.smartphonEShop.dao.StockDaoTest.updateNull()'><b>updateNull</b><br>Test class: cz.muni.fi.pa165.smartphonEShop.dao.StockDaoTest</td>
<td><div><pre>java.lang.IllegalArgumentException: Stock is null!
	at cz.muni.fi.pa165.smartphonEShop.dao.StockDaoImpl.update(StockDaoImpl.java:37)
	at cz.muni.fi.pa165.smartphonEShop.dao.StockDaoTest.updateNull(StockDaoTest.java:139)
	at org.springframework.test.context.testng.AbstractTestNGSpringContextTests.run(AbstractTestNGSpringContextTests.java:180)
... Removed 32 stack frames</pre></div><a href='#' onClick='toggleBox("stack-trace450483646", this, "Click to show all stack frames", "Click to hide stack frames")'>Click to show all stack frames</a>
<div class='stack-trace' id='stack-trace450483646'><pre>java.lang.IllegalArgumentException: Stock is null!
	at cz.muni.fi.pa165.smartphonEShop.dao.StockDaoImpl.update(StockDaoImpl.java:37)
	at cz.muni.fi.pa165.smartphonEShop.dao.StockDaoTest.updateNull(StockDaoTest.java:139)
	at java.base/jdk.internal.reflect.NativeMethodAccessorImpl.invoke0(Native Method)
	at java.base/jdk.internal.reflect.NativeMethodAccessorImpl.invoke(NativeMethodAccessorImpl.java:62)
	at java.base/jdk.internal.reflect.DelegatingMethodAccessorImpl.invoke(DelegatingMethodAccessorImpl.java:43)
	at java.base/java.lang.reflect.Method.invoke(Method.java:564)
	at org.testng.internal.MethodInvocationHelper.invokeMethod(MethodInvocationHelper.java:131)
	at org.testng.internal.MethodInvocationHelper$1.runTestMethod(MethodInvocationHelper.java:237)
	at org.springframework.test.context.testng.AbstractTestNGSpringContextTests.run(AbstractTestNGSpringContextTests.java:180)
	at org.testng.internal.MethodInvocationHelper.invokeHookable(MethodInvocationHelper.java:249)
	at org.testng.internal.Invoker.invokeMethod(Invoker.java:654)
	at org.testng.internal.Invoker.invokeTestMethod(Invoker.java:792)
	at org.testng.internal.Invoker.invokeTestMethods(Invoker.java:1103)
	at org.testng.internal.TestMethodWorker.invokeTestMethods(TestMethodWorker.java:140)
	at org.testng.internal.TestMethodWorker.run(TestMethodWorker.java:122)
	at org.testng.TestRunner.privateRun(TestRunner.java:739)
	at org.testng.TestRunner.run(TestRunner.java:589)
	at org.testng.SuiteRunner.runTest(SuiteRunner.java:398)
	at org.testng.SuiteRunner.runSequentially(SuiteRunner.java:392)
	at org.testng.SuiteRunner.privateRun(SuiteRunner.java:354)
	at org.testng.SuiteRunner.run(SuiteRunner.java:302)
	at org.testng.SuiteRunnerWorker.runSuite(SuiteRunnerWorker.java:53)
	at org.testng.SuiteRunnerWorker.run(SuiteRunnerWorker.java:96)
	at org.testng.TestNG.runSuitesSequentially(TestNG.java:1145)
	at org.testng.TestNG.runSuitesLocally(TestNG.java:1067)
	at org.testng.TestNG.runSuites(TestNG.java:997)
	at org.testng.TestNG.run(TestNG.java:965)
	at org.apache.maven.surefire.testng.TestNGExecutor.run(TestNGExecutor.java:135)
	at org.apache.maven.surefire.testng.TestNGDirectoryTestSuite.executeMulti(TestNGDirectoryTestSuite.java:193)
	at org.apache.maven.surefire.testng.TestNGDirectoryTestSuite.execute(TestNGDirectoryTestSuite.java:94)
	at org.apache.maven.surefire.testng.TestNGProvider.invoke(TestNGProvider.java:146)
	at org.apache.maven.surefire.booter.ForkedBooter.invokeProviderInSameClassLoader(ForkedBooter.java:384)
	at org.apache.maven.surefire.booter.ForkedBooter.runSuitesInProcess(ForkedBooter.java:345)
	at org.apache.maven.surefire.booter.ForkedBooter.execute(ForkedBooter.java:126)
	at org.apache.maven.surefire.booter.ForkedBooter.main(ForkedBooter.java:418)
</pre></div></td>
<td>0</td>
<td>cz.muni.fi.pa165.smartphonEShop.dao.StockDaoTest@433defed</td></tr>
</table><p>
</body>
</html>