<?xml version="1.0" encoding="UTF-8"?>
<testng-results ignored="0" total="56" passed="56" failed="0" skipped="0">
  <reporter-output>
  </reporter-output>
  <suite started-at="2018-10-29T21:28:24 SEČ" name="Surefire suite" finished-at="2018-10-29T21:28:38 SEČ" duration-ms="13696">
    <groups>
    </groups>
    <test started-at="2018-10-29T21:28:24 SEČ" name="Surefire test" finished-at="2018-10-29T21:28:38 SEČ" duration-ms="13696">
      <class name="cz.muni.fi.pa165.smartphonEShop.dao.PersonDaoTest">
        <test-method is-config="true" signature="springTestContextBeforeTestClass()[pri:0, instance:cz.muni.fi.pa165.smartphonEShop.dao.PersonDaoTest@1040be71]" started-at="2018-10-29T21:28:37 SEČ" name="springTestContextBeforeTestClass" finished-at="2018-10-29T21:28:37 SEČ" duration-ms="24" status="PASS">
          <reporter-output>
          </reporter-output>
        </test-method> <!-- springTestContextBeforeTestClass -->
        <test-method is-config="true" signature="springTestContextPrepareTestInstance()[pri:0, instance:cz.muni.fi.pa165.smartphonEShop.dao.PersonDaoTest@1040be71]" started-at="2018-10-29T21:28:37 SEČ" name="springTestContextPrepareTestInstance" finished-at="2018-10-29T21:28:37 SEČ" depends-on-methods="org.springframework.test.context.testng.AbstractTestNGSpringContextTests.springTestContextBeforeTestClass" duration-ms="5" status="PASS">
          <reporter-output>
          </reporter-output>
        </test-method> <!-- springTestContextPrepareTestInstance -->
        <test-method is-config="true" signature="springTestContextBeforeTestMethod(java.lang.reflect.Method)[pri:0, instance:cz.muni.fi.pa165.smartphonEShop.dao.PersonDaoTest@1040be71]" started-at="2018-10-29T21:28:37 SEČ" name="springTestContextBeforeTestMethod" finished-at="2018-10-29T21:28:37 SEČ" duration-ms="33" status="PASS">
          <params>
            <param index="0">
              <value>
                <![CDATA[public void cz.muni.fi.pa165.smartphonEShop.dao.PersonDaoTest.createNull()]]>
              </value>
            </param>
          </params>
          <reporter-output>
          </reporter-output>
        </test-method> <!-- springTestContextBeforeTestMethod -->
        <test-method is-config="true" signature="setUp()[pri:0, instance:cz.muni.fi.pa165.smartphonEShop.dao.PersonDaoTest@1040be71]" started-at="2018-10-29T21:28:37 SEČ" name="setUp" finished-at="2018-10-29T21:28:37 SEČ" duration-ms="1" status="PASS">
          <reporter-output>
          </reporter-output>
        </test-method> <!-- setUp -->
        <test-method signature="createNull()[pri:0, instance:cz.muni.fi.pa165.smartphonEShop.dao.PersonDaoTest@1040be71]" started-at="2018-10-29T21:28:37 SEČ" name="createNull" finished-at="2018-10-29T21:28:37 SEČ" duration-ms="0" status="PASS">
          <exception class="java.lang.IllegalArgumentException">
            <message>
              <![CDATA[claim is null!]]>
            </message>
            <full-stacktrace>
              <![CDATA[java.lang.IllegalArgumentException: claim is null!
at cz.muni.fi.pa165.smartphonEShop.dao.PersonDaoImpl.create(PersonDaoImpl.java:19)
at cz.muni.fi.pa165.smartphonEShop.dao.PersonDaoTest.createNull(PersonDaoTest.java:144)
at java.base/jdk.internal.reflect.NativeMethodAccessorImpl.invoke0(Native Method)
at java.base/jdk.internal.reflect.NativeMethodAccessorImpl.invoke(NativeMethodAccessorImpl.java:62)
at java.base/jdk.internal.reflect.DelegatingMethodAccessorImpl.invoke(DelegatingMethodAccessorImpl.java:43)
at java.base/java.lang.reflect.Method.invoke(Method.java:564)
at org.testng.internal.MethodInvocationHelper.invokeMethod(MethodInvocationHelper.java:131)
at org.testng.internal.MethodInvocationHelper$1.runTestMethod(MethodInvocationHelper.java:237)
at org.springframework.test.context.testng.AbstractTestNGSpringContextTests.run(AbstractTestNGSpringContextTests.java:180)
at org.testng.internal.MethodInvocationHelper.invokeHookable(MethodInvocationHelper.java:249)
at org.testng.internal.Invoker.invokeMethod(Invoker.java:654)
at org.testng.internal.Invoker.invokeTestMethod(Invoker.java:792)
at org.testng.internal.Invoker.invokeTestMethods(Invoker.java:1103)
at org.testng.internal.TestMethodWorker.invokeTestMethods(TestMethodWorker.java:140)
at org.testng.internal.TestMethodWorker.run(TestMethodWorker.java:122)
at org.testng.TestRunner.privateRun(TestRunner.java:739)
at org.testng.TestRunner.run(TestRunner.java:589)
at org.testng.SuiteRunner.runTest(SuiteRunner.java:398)
at org.testng.SuiteRunner.runSequentially(SuiteRunner.java:392)
at org.testng.SuiteRunner.privateRun(SuiteRunner.java:354)
at org.testng.SuiteRunner.run(SuiteRunner.java:302)
at org.testng.SuiteRunnerWorker.runSuite(SuiteRunnerWorker.java:53)
at org.testng.SuiteRunnerWorker.run(SuiteRunnerWorker.java:96)
at org.testng.TestNG.runSuitesSequentially(TestNG.java:1145)
at org.testng.TestNG.runSuitesLocally(TestNG.java:1067)
at org.testng.TestNG.runSuites(TestNG.java:997)
at org.testng.TestNG.run(TestNG.java:965)
at org.apache.maven.surefire.testng.TestNGExecutor.run(TestNGExecutor.java:135)
at org.apache.maven.surefire.testng.TestNGDirectoryTestSuite.executeMulti(TestNGDirectoryTestSuite.java:193)
at org.apache.maven.surefire.testng.TestNGDirectoryTestSuite.execute(TestNGDirectoryTestSuite.java:94)
at org.apache.maven.surefire.testng.TestNGProvider.invoke(TestNGProvider.java:146)
at org.apache.maven.surefire.booter.ForkedBooter.invokeProviderInSameClassLoader(ForkedBooter.java:384)
at org.apache.maven.surefire.booter.ForkedBooter.runSuitesInProcess(ForkedBooter.java:345)
at org.apache.maven.surefire.booter.ForkedBooter.execute(ForkedBooter.java:126)
at org.apache.maven.surefire.booter.ForkedBooter.main(ForkedBooter.java:418)
]]>
            </full-stacktrace>
          </exception> <!-- java.lang.IllegalArgumentException -->
          <reporter-output>
          </reporter-output>
        </test-method> <!-- createNull -->
        <test-method is-config="true" signature="springTestContextAfterTestMethod(java.lang.reflect.Method)[pri:0, instance:cz.muni.fi.pa165.smartphonEShop.dao.PersonDaoTest@1040be71]" started-at="2018-10-29T21:28:37 SEČ" name="springTestContextAfterTestMethod" finished-at="2018-10-29T21:28:37 SEČ" duration-ms="2" status="PASS">
          <params>
            <param index="0">
              <value>
                <![CDATA[public void cz.muni.fi.pa165.smartphonEShop.dao.PersonDaoTest.createNull()]]>
              </value>
            </param>
          </params>
          <reporter-output>
          </reporter-output>
        </test-method> <!-- springTestContextAfterTestMethod -->
        <test-method is-config="true" signature="springTestContextBeforeTestMethod(java.lang.reflect.Method)[pri:0, instance:cz.muni.fi.pa165.smartphonEShop.dao.PersonDaoTest@1040be71]" started-at="2018-10-29T21:28:37 SEČ" name="springTestContextBeforeTestMethod" finished-at="2018-10-29T21:28:37 SEČ" duration-ms="11" status="PASS">
          <params>
            <param index="0">
              <value>
                <![CDATA[public void cz.muni.fi.pa165.smartphonEShop.dao.PersonDaoTest.delete()]]>
              </value>
            </param>
          </params>
          <reporter-output>
          </reporter-output>
        </test-method> <!-- springTestContextBeforeTestMethod -->
        <test-method is-config="true" signature="setUp()[pri:0, instance:cz.muni.fi.pa165.smartphonEShop.dao.PersonDaoTest@1040be71]" started-at="2018-10-29T21:28:37 SEČ" name="setUp" finished-at="2018-10-29T21:28:37 SEČ" duration-ms="0" status="PASS">
          <reporter-output>
          </reporter-output>
        </test-method> <!-- setUp -->
        <test-method signature="delete()[pri:0, instance:cz.muni.fi.pa165.smartphonEShop.dao.PersonDaoTest@1040be71]" started-at="2018-10-29T21:28:37 SEČ" name="delete" finished-at="2018-10-29T21:28:37 SEČ" duration-ms="126" status="PASS">
          <reporter-output>
          </reporter-output>
        </test-method> <!-- delete -->
        <test-method is-config="true" signature="springTestContextAfterTestMethod(java.lang.reflect.Method)[pri:0, instance:cz.muni.fi.pa165.smartphonEShop.dao.PersonDaoTest@1040be71]" started-at="2018-10-29T21:28:37 SEČ" name="springTestContextAfterTestMethod" finished-at="2018-10-29T21:28:37 SEČ" duration-ms="7" status="PASS">
          <params>
            <param index="0">
              <value>
                <![CDATA[public void cz.muni.fi.pa165.smartphonEShop.dao.PersonDaoTest.delete()]]>
              </value>
            </param>
          </params>
          <reporter-output>
          </reporter-output>
        </test-method> <!-- springTestContextAfterTestMethod -->
        <test-method is-config="true" signature="springTestContextBeforeTestMethod(java.lang.reflect.Method)[pri:0, instance:cz.muni.fi.pa165.smartphonEShop.dao.PersonDaoTest@1040be71]" started-at="2018-10-29T21:28:37 SEČ" name="springTestContextBeforeTestMethod" finished-at="2018-10-29T21:28:37 SEČ" duration-ms="5" status="PASS">
          <params>
            <param index="0">
              <value>
                <![CDATA[public void cz.muni.fi.pa165.smartphonEShop.dao.PersonDaoTest.deleteNull()]]>
              </value>
            </param>
          </params>
          <reporter-output>
          </reporter-output>
        </test-method> <!-- springTestContextBeforeTestMethod -->
        <test-method is-config="true" signature="setUp()[pri:0, instance:cz.muni.fi.pa165.smartphonEShop.dao.PersonDaoTest@1040be71]" started-at="2018-10-29T21:28:37 SEČ" name="setUp" finished-at="2018-10-29T21:28:37 SEČ" duration-ms="1" status="PASS">
          <reporter-output>
          </reporter-output>
        </test-method> <!-- setUp -->
        <test-method signature="deleteNull()[pri:0, instance:cz.muni.fi.pa165.smartphonEShop.dao.PersonDaoTest@1040be71]" started-at="2018-10-29T21:28:37 SEČ" name="deleteNull" finished-at="2018-10-29T21:28:37 SEČ" duration-ms="1" status="PASS">
          <exception class="java.lang.IllegalArgumentException">
            <message>
              <![CDATA[Address is null!]]>
            </message>
            <full-stacktrace>
              <![CDATA[java.lang.IllegalArgumentException: Address is null!
at cz.muni.fi.pa165.smartphonEShop.dao.PersonDaoImpl.delete(PersonDaoImpl.java:35)
at cz.muni.fi.pa165.smartphonEShop.dao.PersonDaoTest.deleteNull(PersonDaoTest.java:156)
at java.base/jdk.internal.reflect.NativeMethodAccessorImpl.invoke0(Native Method)
at java.base/jdk.internal.reflect.NativeMethodAccessorImpl.invoke(NativeMethodAccessorImpl.java:62)
at java.base/jdk.internal.reflect.DelegatingMethodAccessorImpl.invoke(DelegatingMethodAccessorImpl.java:43)
at java.base/java.lang.reflect.Method.invoke(Method.java:564)
at org.testng.internal.MethodInvocationHelper.invokeMethod(MethodInvocationHelper.java:131)
at org.testng.internal.MethodInvocationHelper$1.runTestMethod(MethodInvocationHelper.java:237)
at org.springframework.test.context.testng.AbstractTestNGSpringContextTests.run(AbstractTestNGSpringContextTests.java:180)
at org.testng.internal.MethodInvocationHelper.invokeHookable(MethodInvocationHelper.java:249)
at org.testng.internal.Invoker.invokeMethod(Invoker.java:654)
at org.testng.internal.Invoker.invokeTestMethod(Invoker.java:792)
at org.testng.internal.Invoker.invokeTestMethods(Invoker.java:1103)
at org.testng.internal.TestMethodWorker.invokeTestMethods(TestMethodWorker.java:140)
at org.testng.internal.TestMethodWorker.run(TestMethodWorker.java:122)
at org.testng.TestRunner.privateRun(TestRunner.java:739)
at org.testng.TestRunner.run(TestRunner.java:589)
at org.testng.SuiteRunner.runTest(SuiteRunner.java:398)
at org.testng.SuiteRunner.runSequentially(SuiteRunner.java:392)
at org.testng.SuiteRunner.privateRun(SuiteRunner.java:354)
at org.testng.SuiteRunner.run(SuiteRunner.java:302)
at org.testng.SuiteRunnerWorker.runSuite(SuiteRunnerWorker.java:53)
at org.testng.SuiteRunnerWorker.run(SuiteRunnerWorker.java:96)
at org.testng.TestNG.runSuitesSequentially(TestNG.java:1145)
at org.testng.TestNG.runSuitesLocally(TestNG.java:1067)
at org.testng.TestNG.runSuites(TestNG.java:997)
at org.testng.TestNG.run(TestNG.java:965)
at org.apache.maven.surefire.testng.TestNGExecutor.run(TestNGExecutor.java:135)
at org.apache.maven.surefire.testng.TestNGDirectoryTestSuite.executeMulti(TestNGDirectoryTestSuite.java:193)
at org.apache.maven.surefire.testng.TestNGDirectoryTestSuite.execute(TestNGDirectoryTestSuite.java:94)
at org.apache.maven.surefire.testng.TestNGProvider.invoke(TestNGProvider.java:146)
at org.apache.maven.surefire.booter.ForkedBooter.invokeProviderInSameClassLoader(ForkedBooter.java:384)
at org.apache.maven.surefire.booter.ForkedBooter.runSuitesInProcess(ForkedBooter.java:345)
at org.apache.maven.surefire.booter.ForkedBooter.execute(ForkedBooter.java:126)
at org.apache.maven.surefire.booter.ForkedBooter.main(ForkedBooter.java:418)
]]>
            </full-stacktrace>
          </exception> <!-- java.lang.IllegalArgumentException -->
          <reporter-output>
          </reporter-output>
        </test-method> <!-- deleteNull -->
        <test-method is-config="true" signature="springTestContextAfterTestMethod(java.lang.reflect.Method)[pri:0, instance:cz.muni.fi.pa165.smartphonEShop.dao.PersonDaoTest@1040be71]" started-at="2018-10-29T21:28:37 SEČ" name="springTestContextAfterTestMethod" finished-at="2018-10-29T21:28:37 SEČ" duration-ms="5" status="PASS">
          <params>
            <param index="0">
              <value>
                <![CDATA[public void cz.muni.fi.pa165.smartphonEShop.dao.PersonDaoTest.deleteNull()]]>
              </value>
            </param>
          </params>
          <reporter-output>
          </reporter-output>
        </test-method> <!-- springTestContextAfterTestMethod -->
        <test-method is-config="true" signature="springTestContextBeforeTestMethod(java.lang.reflect.Method)[pri:0, instance:cz.muni.fi.pa165.smartphonEShop.dao.PersonDaoTest@1040be71]" started-at="2018-10-29T21:28:37 SEČ" name="springTestContextBeforeTestMethod" finished-at="2018-10-29T21:28:37 SEČ" duration-ms="11" status="PASS">
          <params>
            <param index="0">
              <value>
                <![CDATA[public void cz.muni.fi.pa165.smartphonEShop.dao.PersonDaoTest.findAll()]]>
              </value>
            </param>
          </params>
          <reporter-output>
          </reporter-output>
        </test-method> <!-- springTestContextBeforeTestMethod -->
        <test-method signature="findAll()[pri:0, instance:cz.muni.fi.pa165.smartphonEShop.dao.PersonDaoTest@1040be71]" started-at="2018-10-29T21:28:37 SEČ" name="findAll" finished-at="2018-10-29T21:28:37 SEČ" duration-ms="44" status="PASS">
          <reporter-output>
          </reporter-output>
        </test-method> <!-- findAll -->
        <test-method is-config="true" signature="setUp()[pri:0, instance:cz.muni.fi.pa165.smartphonEShop.dao.PersonDaoTest@1040be71]" started-at="2018-10-29T21:28:37 SEČ" name="setUp" finished-at="2018-10-29T21:28:37 SEČ" duration-ms="0" status="PASS">
          <reporter-output>
          </reporter-output>
        </test-method> <!-- setUp -->
        <test-method is-config="true" signature="springTestContextAfterTestMethod(java.lang.reflect.Method)[pri:0, instance:cz.muni.fi.pa165.smartphonEShop.dao.PersonDaoTest@1040be71]" started-at="2018-10-29T21:28:37 SEČ" name="springTestContextAfterTestMethod" finished-at="2018-10-29T21:28:37 SEČ" duration-ms="15" status="PASS">
          <params>
            <param index="0">
              <value>
                <![CDATA[public void cz.muni.fi.pa165.smartphonEShop.dao.PersonDaoTest.findAll()]]>
              </value>
            </param>
          </params>
          <reporter-output>
          </reporter-output>
        </test-method> <!-- springTestContextAfterTestMethod -->
        <test-method is-config="true" signature="springTestContextBeforeTestMethod(java.lang.reflect.Method)[pri:0, instance:cz.muni.fi.pa165.smartphonEShop.dao.PersonDaoTest@1040be71]" started-at="2018-10-29T21:28:37 SEČ" name="springTestContextBeforeTestMethod" finished-at="2018-10-29T21:28:37 SEČ" duration-ms="4" status="PASS">
          <params>
            <param index="0">
              <value>
                <![CDATA[public void cz.muni.fi.pa165.smartphonEShop.dao.PersonDaoTest.findById()]]>
              </value>
            </param>
          </params>
          <reporter-output>
          </reporter-output>
        </test-method> <!-- springTestContextBeforeTestMethod -->
        <test-method is-config="true" signature="setUp()[pri:0, instance:cz.muni.fi.pa165.smartphonEShop.dao.PersonDaoTest@1040be71]" started-at="2018-10-29T21:28:37 SEČ" name="setUp" finished-at="2018-10-29T21:28:37 SEČ" duration-ms="1" status="PASS">
          <reporter-output>
          </reporter-output>
        </test-method> <!-- setUp -->
        <test-method signature="findById()[pri:0, instance:cz.muni.fi.pa165.smartphonEShop.dao.PersonDaoTest@1040be71]" started-at="2018-10-29T21:28:37 SEČ" name="findById" finished-at="2018-10-29T21:28:37 SEČ" duration-ms="8" status="PASS">
          <reporter-output>
          </reporter-output>
        </test-method> <!-- findById -->
        <test-method is-config="true" signature="springTestContextAfterTestMethod(java.lang.reflect.Method)[pri:0, instance:cz.muni.fi.pa165.smartphonEShop.dao.PersonDaoTest@1040be71]" started-at="2018-10-29T21:28:37 SEČ" name="springTestContextAfterTestMethod" finished-at="2018-10-29T21:28:37 SEČ" duration-ms="4" status="PASS">
          <params>
            <param index="0">
              <value>
                <![CDATA[public void cz.muni.fi.pa165.smartphonEShop.dao.PersonDaoTest.findById()]]>
              </value>
            </param>
          </params>
          <reporter-output>
          </reporter-output>
        </test-method> <!-- springTestContextAfterTestMethod -->
        <test-method is-config="true" signature="springTestContextBeforeTestMethod(java.lang.reflect.Method)[pri:0, instance:cz.muni.fi.pa165.smartphonEShop.dao.PersonDaoTest@1040be71]" started-at="2018-10-29T21:28:37 SEČ" name="springTestContextBeforeTestMethod" finished-at="2018-10-29T21:28:37 SEČ" duration-ms="17" status="PASS">
          <params>
            <param index="0">
              <value>
                <![CDATA[public void cz.muni.fi.pa165.smartphonEShop.dao.PersonDaoTest.findByIdNegative()]]>
              </value>
            </param>
          </params>
          <reporter-output>
          </reporter-output>
        </test-method> <!-- springTestContextBeforeTestMethod -->
        <test-method signature="findByIdNegative()[pri:0, instance:cz.muni.fi.pa165.smartphonEShop.dao.PersonDaoTest@1040be71]" started-at="2018-10-29T21:28:37 SEČ" name="findByIdNegative" finished-at="2018-10-29T21:28:37 SEČ" duration-ms="0" status="PASS">
          <exception class="java.lang.IllegalArgumentException">
            <message>
              <![CDATA[AddressId is null or less than 0!]]>
            </message>
            <full-stacktrace>
              <![CDATA[java.lang.IllegalArgumentException: AddressId is null or less than 0!
at cz.muni.fi.pa165.smartphonEShop.dao.PersonDaoImpl.findById(PersonDaoImpl.java:43)
at cz.muni.fi.pa165.smartphonEShop.dao.PersonDaoTest.findByIdNegative(PersonDaoTest.java:168)
at java.base/jdk.internal.reflect.NativeMethodAccessorImpl.invoke0(Native Method)
at java.base/jdk.internal.reflect.NativeMethodAccessorImpl.invoke(NativeMethodAccessorImpl.java:62)
at java.base/jdk.internal.reflect.DelegatingMethodAccessorImpl.invoke(DelegatingMethodAccessorImpl.java:43)
at java.base/java.lang.reflect.Method.invoke(Method.java:564)
at org.testng.internal.MethodInvocationHelper.invokeMethod(MethodInvocationHelper.java:131)
at org.testng.internal.MethodInvocationHelper$1.runTestMethod(MethodInvocationHelper.java:237)
at org.springframework.test.context.testng.AbstractTestNGSpringContextTests.run(AbstractTestNGSpringContextTests.java:180)
at org.testng.internal.MethodInvocationHelper.invokeHookable(MethodInvocationHelper.java:249)
at org.testng.internal.Invoker.invokeMethod(Invoker.java:654)
at org.testng.internal.Invoker.invokeTestMethod(Invoker.java:792)
at org.testng.internal.Invoker.invokeTestMethods(Invoker.java:1103)
at org.testng.internal.TestMethodWorker.invokeTestMethods(TestMethodWorker.java:140)
at org.testng.internal.TestMethodWorker.run(TestMethodWorker.java:122)
at org.testng.TestRunner.privateRun(TestRunner.java:739)
at org.testng.TestRunner.run(TestRunner.java:589)
at org.testng.SuiteRunner.runTest(SuiteRunner.java:398)
at org.testng.SuiteRunner.runSequentially(SuiteRunner.java:392)
at org.testng.SuiteRunner.privateRun(SuiteRunner.java:354)
at org.testng.SuiteRunner.run(SuiteRunner.java:302)
at org.testng.SuiteRunnerWorker.runSuite(SuiteRunnerWorker.java:53)
at org.testng.SuiteRunnerWorker.run(SuiteRunnerWorker.java:96)
at org.testng.TestNG.runSuitesSequentially(TestNG.java:1145)
at org.testng.TestNG.runSuitesLocally(TestNG.java:1067)
at org.testng.TestNG.runSuites(TestNG.java:997)
at org.testng.TestNG.run(TestNG.java:965)
at org.apache.maven.surefire.testng.TestNGExecutor.run(TestNGExecutor.java:135)
at org.apache.maven.surefire.testng.TestNGDirectoryTestSuite.executeMulti(TestNGDirectoryTestSuite.java:193)
at org.apache.maven.surefire.testng.TestNGDirectoryTestSuite.execute(TestNGDirectoryTestSuite.java:94)
at org.apache.maven.surefire.testng.TestNGProvider.invoke(TestNGProvider.java:146)
at org.apache.maven.surefire.booter.ForkedBooter.invokeProviderInSameClassLoader(ForkedBooter.java:384)
at org.apache.maven.surefire.booter.ForkedBooter.runSuitesInProcess(ForkedBooter.java:345)
at org.apache.maven.surefire.booter.ForkedBooter.execute(ForkedBooter.java:126)
at org.apache.maven.surefire.booter.ForkedBooter.main(ForkedBooter.java:418)
]]>
            </full-stacktrace>
          </exception> <!-- java.lang.IllegalArgumentException -->
          <reporter-output>
          </reporter-output>
        </test-method> <!-- findByIdNegative -->
        <test-method is-config="true" signature="setUp()[pri:0, instance:cz.muni.fi.pa165.smartphonEShop.dao.PersonDaoTest@1040be71]" started-at="2018-10-29T21:28:37 SEČ" name="setUp" finished-at="2018-10-29T21:28:37 SEČ" duration-ms="0" status="PASS">
          <reporter-output>
          </reporter-output>
        </test-method> <!-- setUp -->
        <test-method is-config="true" signature="springTestContextAfterTestMethod(java.lang.reflect.Method)[pri:0, instance:cz.muni.fi.pa165.smartphonEShop.dao.PersonDaoTest@1040be71]" started-at="2018-10-29T21:28:37 SEČ" name="springTestContextAfterTestMethod" finished-at="2018-10-29T21:28:37 SEČ" duration-ms="2" status="PASS">
          <params>
            <param index="0">
              <value>
                <![CDATA[public void cz.muni.fi.pa165.smartphonEShop.dao.PersonDaoTest.findByIdNegative()]]>
              </value>
            </param>
          </params>
          <reporter-output>
          </reporter-output>
        </test-method> <!-- springTestContextAfterTestMethod -->
        <test-method is-config="true" signature="springTestContextBeforeTestMethod(java.lang.reflect.Method)[pri:0, instance:cz.muni.fi.pa165.smartphonEShop.dao.PersonDaoTest@1040be71]" started-at="2018-10-29T21:28:37 SEČ" name="springTestContextBeforeTestMethod" finished-at="2018-10-29T21:28:37 SEČ" duration-ms="10" status="PASS">
          <params>
            <param index="0">
              <value>
                <![CDATA[public void cz.muni.fi.pa165.smartphonEShop.dao.PersonDaoTest.findByIdNull()]]>
              </value>
            </param>
          </params>
          <reporter-output>
          </reporter-output>
        </test-method> <!-- springTestContextBeforeTestMethod -->
        <test-method is-config="true" signature="setUp()[pri:0, instance:cz.muni.fi.pa165.smartphonEShop.dao.PersonDaoTest@1040be71]" started-at="2018-10-29T21:28:37 SEČ" name="setUp" finished-at="2018-10-29T21:28:37 SEČ" duration-ms="0" status="PASS">
          <reporter-output>
          </reporter-output>
        </test-method> <!-- setUp -->
        <test-method signature="findByIdNull()[pri:0, instance:cz.muni.fi.pa165.smartphonEShop.dao.PersonDaoTest@1040be71]" started-at="2018-10-29T21:28:37 SEČ" name="findByIdNull" finished-at="2018-10-29T21:28:37 SEČ" duration-ms="0" status="PASS">
          <exception class="java.lang.IllegalArgumentException">
            <message>
              <![CDATA[AddressId is null or less than 0!]]>
            </message>
            <full-stacktrace>
              <![CDATA[java.lang.IllegalArgumentException: AddressId is null or less than 0!
at cz.muni.fi.pa165.smartphonEShop.dao.PersonDaoImpl.findById(PersonDaoImpl.java:43)
at cz.muni.fi.pa165.smartphonEShop.dao.PersonDaoTest.findByIdNull(PersonDaoTest.java:162)
at java.base/jdk.internal.reflect.NativeMethodAccessorImpl.invoke0(Native Method)
at java.base/jdk.internal.reflect.NativeMethodAccessorImpl.invoke(NativeMethodAccessorImpl.java:62)
at java.base/jdk.internal.reflect.DelegatingMethodAccessorImpl.invoke(DelegatingMethodAccessorImpl.java:43)
at java.base/java.lang.reflect.Method.invoke(Method.java:564)
at org.testng.internal.MethodInvocationHelper.invokeMethod(MethodInvocationHelper.java:131)
at org.testng.internal.MethodInvocationHelper$1.runTestMethod(MethodInvocationHelper.java:237)
at org.springframework.test.context.testng.AbstractTestNGSpringContextTests.run(AbstractTestNGSpringContextTests.java:180)
at org.testng.internal.MethodInvocationHelper.invokeHookable(MethodInvocationHelper.java:249)
at org.testng.internal.Invoker.invokeMethod(Invoker.java:654)
at org.testng.internal.Invoker.invokeTestMethod(Invoker.java:792)
at org.testng.internal.Invoker.invokeTestMethods(Invoker.java:1103)
at org.testng.internal.TestMethodWorker.invokeTestMethods(TestMethodWorker.java:140)
at org.testng.internal.TestMethodWorker.run(TestMethodWorker.java:122)
at org.testng.TestRunner.privateRun(TestRunner.java:739)
at org.testng.TestRunner.run(TestRunner.java:589)
at org.testng.SuiteRunner.runTest(SuiteRunner.java:398)
at org.testng.SuiteRunner.runSequentially(SuiteRunner.java:392)
at org.testng.SuiteRunner.privateRun(SuiteRunner.java:354)
at org.testng.SuiteRunner.run(SuiteRunner.java:302)
at org.testng.SuiteRunnerWorker.runSuite(SuiteRunnerWorker.java:53)
at org.testng.SuiteRunnerWorker.run(SuiteRunnerWorker.java:96)
at org.testng.TestNG.runSuitesSequentially(TestNG.java:1145)
at org.testng.TestNG.runSuitesLocally(TestNG.java:1067)
at org.testng.TestNG.runSuites(TestNG.java:997)
at org.testng.TestNG.run(TestNG.java:965)
at org.apache.maven.surefire.testng.TestNGExecutor.run(TestNGExecutor.java:135)
at org.apache.maven.surefire.testng.TestNGDirectoryTestSuite.executeMulti(TestNGDirectoryTestSuite.java:193)
at org.apache.maven.surefire.testng.TestNGDirectoryTestSuite.execute(TestNGDirectoryTestSuite.java:94)
at org.apache.maven.surefire.testng.TestNGProvider.invoke(TestNGProvider.java:146)
at org.apache.maven.surefire.booter.ForkedBooter.invokeProviderInSameClassLoader(ForkedBooter.java:384)
at org.apache.maven.surefire.booter.ForkedBooter.runSuitesInProcess(ForkedBooter.java:345)
at org.apache.maven.surefire.booter.ForkedBooter.execute(ForkedBooter.java:126)
at org.apache.maven.surefire.booter.ForkedBooter.main(ForkedBooter.java:418)
]]>
            </full-stacktrace>
          </exception> <!-- java.lang.IllegalArgumentException -->
          <reporter-output>
          </reporter-output>
        </test-method> <!-- findByIdNull -->
        <test-method is-config="true" signature="springTestContextAfterTestMethod(java.lang.reflect.Method)[pri:0, instance:cz.muni.fi.pa165.smartphonEShop.dao.PersonDaoTest@1040be71]" started-at="2018-10-29T21:28:37 SEČ" name="springTestContextAfterTestMethod" finished-at="2018-10-29T21:28:37 SEČ" duration-ms="2" status="PASS">
          <params>
            <param index="0">
              <value>
                <![CDATA[public void cz.muni.fi.pa165.smartphonEShop.dao.PersonDaoTest.findByIdNull()]]>
              </value>
            </param>
          </params>
          <reporter-output>
          </reporter-output>
        </test-method> <!-- springTestContextAfterTestMethod -->
        <test-method is-config="true" signature="springTestContextBeforeTestMethod(java.lang.reflect.Method)[pri:0, instance:cz.muni.fi.pa165.smartphonEShop.dao.PersonDaoTest@1040be71]" started-at="2018-10-29T21:28:37 SEČ" name="springTestContextBeforeTestMethod" finished-at="2018-10-29T21:28:37 SEČ" duration-ms="32" status="PASS">
          <params>
            <param index="0">
              <value>
                <![CDATA[public void cz.muni.fi.pa165.smartphonEShop.dao.PersonDaoTest.update()]]>
              </value>
            </param>
          </params>
          <reporter-output>
          </reporter-output>
        </test-method> <!-- springTestContextBeforeTestMethod -->
        <test-method is-config="true" signature="setUp()[pri:0, instance:cz.muni.fi.pa165.smartphonEShop.dao.PersonDaoTest@1040be71]" started-at="2018-10-29T21:28:37 SEČ" name="setUp" finished-at="2018-10-29T21:28:37 SEČ" duration-ms="1" status="PASS">
          <reporter-output>
          </reporter-output>
        </test-method> <!-- setUp -->
        <test-method signature="update()[pri:0, instance:cz.muni.fi.pa165.smartphonEShop.dao.PersonDaoTest@1040be71]" started-at="2018-10-29T21:28:37 SEČ" name="update" finished-at="2018-10-29T21:28:37 SEČ" duration-ms="2" status="PASS">
          <reporter-output>
          </reporter-output>
        </test-method> <!-- update -->
        <test-method is-config="true" signature="springTestContextAfterTestMethod(java.lang.reflect.Method)[pri:0, instance:cz.muni.fi.pa165.smartphonEShop.dao.PersonDaoTest@1040be71]" started-at="2018-10-29T21:28:37 SEČ" name="springTestContextAfterTestMethod" finished-at="2018-10-29T21:28:37 SEČ" duration-ms="2" status="PASS">
          <params>
            <param index="0">
              <value>
                <![CDATA[public void cz.muni.fi.pa165.smartphonEShop.dao.PersonDaoTest.update()]]>
              </value>
            </param>
          </params>
          <reporter-output>
          </reporter-output>
        </test-method> <!-- springTestContextAfterTestMethod -->
        <test-method is-config="true" signature="springTestContextBeforeTestMethod(java.lang.reflect.Method)[pri:0, instance:cz.muni.fi.pa165.smartphonEShop.dao.PersonDaoTest@1040be71]" started-at="2018-10-29T21:28:37 SEČ" name="springTestContextBeforeTestMethod" finished-at="2018-10-29T21:28:37 SEČ" duration-ms="6" status="PASS">
          <params>
            <param index="0">
              <value>
                <![CDATA[public void cz.muni.fi.pa165.smartphonEShop.dao.PersonDaoTest.updateNull()]]>
              </value>
            </param>
          </params>
          <reporter-output>
          </reporter-output>
        </test-method> <!-- springTestContextBeforeTestMethod -->
        <test-method is-config="true" signature="setUp()[pri:0, instance:cz.muni.fi.pa165.smartphonEShop.dao.PersonDaoTest@1040be71]" started-at="2018-10-29T21:28:37 SEČ" name="setUp" finished-at="2018-10-29T21:28:37 SEČ" duration-ms="0" status="PASS">
          <reporter-output>
          </reporter-output>
        </test-method> <!-- setUp -->
        <test-method signature="updateNull()[pri:0, instance:cz.muni.fi.pa165.smartphonEShop.dao.PersonDaoTest@1040be71]" started-at="2018-10-29T21:28:37 SEČ" name="updateNull" finished-at="2018-10-29T21:28:37 SEČ" duration-ms="0" status="PASS">
          <exception class="java.lang.IllegalArgumentException">
            <message>
              <![CDATA[Address is null!]]>
            </message>
            <full-stacktrace>
              <![CDATA[java.lang.IllegalArgumentException: Address is null!
at cz.muni.fi.pa165.smartphonEShop.dao.PersonDaoImpl.update(PersonDaoImpl.java:27)
at cz.muni.fi.pa165.smartphonEShop.dao.PersonDaoTest.updateNull(PersonDaoTest.java:150)
at java.base/jdk.internal.reflect.NativeMethodAccessorImpl.invoke0(Native Method)
at java.base/jdk.internal.reflect.NativeMethodAccessorImpl.invoke(NativeMethodAccessorImpl.java:62)
at java.base/jdk.internal.reflect.DelegatingMethodAccessorImpl.invoke(DelegatingMethodAccessorImpl.java:43)
at java.base/java.lang.reflect.Method.invoke(Method.java:564)
at org.testng.internal.MethodInvocationHelper.invokeMethod(MethodInvocationHelper.java:131)
at org.testng.internal.MethodInvocationHelper$1.runTestMethod(MethodInvocationHelper.java:237)
at org.springframework.test.context.testng.AbstractTestNGSpringContextTests.run(AbstractTestNGSpringContextTests.java:180)
at org.testng.internal.MethodInvocationHelper.invokeHookable(MethodInvocationHelper.java:249)
at org.testng.internal.Invoker.invokeMethod(Invoker.java:654)
at org.testng.internal.Invoker.invokeTestMethod(Invoker.java:792)
at org.testng.internal.Invoker.invokeTestMethods(Invoker.java:1103)
at org.testng.internal.TestMethodWorker.invokeTestMethods(TestMethodWorker.java:140)
at org.testng.internal.TestMethodWorker.run(TestMethodWorker.java:122)
at org.testng.TestRunner.privateRun(TestRunner.java:739)
at org.testng.TestRunner.run(TestRunner.java:589)
at org.testng.SuiteRunner.runTest(SuiteRunner.java:398)
at org.testng.SuiteRunner.runSequentially(SuiteRunner.java:392)
at org.testng.SuiteRunner.privateRun(SuiteRunner.java:354)
at org.testng.SuiteRunner.run(SuiteRunner.java:302)
at org.testng.SuiteRunnerWorker.runSuite(SuiteRunnerWorker.java:53)
at org.testng.SuiteRunnerWorker.run(SuiteRunnerWorker.java:96)
at org.testng.TestNG.runSuitesSequentially(TestNG.java:1145)
at org.testng.TestNG.runSuitesLocally(TestNG.java:1067)
at org.testng.TestNG.runSuites(TestNG.java:997)
at org.testng.TestNG.run(TestNG.java:965)
at org.apache.maven.surefire.testng.TestNGExecutor.run(TestNGExecutor.java:135)
at org.apache.maven.surefire.testng.TestNGDirectoryTestSuite.executeMulti(TestNGDirectoryTestSuite.java:193)
at org.apache.maven.surefire.testng.TestNGDirectoryTestSuite.execute(TestNGDirectoryTestSuite.java:94)
at org.apache.maven.surefire.testng.TestNGProvider.invoke(TestNGProvider.java:146)
at org.apache.maven.surefire.booter.ForkedBooter.invokeProviderInSameClassLoader(ForkedBooter.java:384)
at org.apache.maven.surefire.booter.ForkedBooter.runSuitesInProcess(ForkedBooter.java:345)
at org.apache.maven.surefire.booter.ForkedBooter.execute(ForkedBooter.java:126)
at org.apache.maven.surefire.booter.ForkedBooter.main(ForkedBooter.java:418)
]]>
            </full-stacktrace>
          </exception> <!-- java.lang.IllegalArgumentException -->
          <reporter-output>
          </reporter-output>
        </test-method> <!-- updateNull -->
        <test-method is-config="true" signature="springTestContextAfterTestMethod(java.lang.reflect.Method)[pri:0, instance:cz.muni.fi.pa165.smartphonEShop.dao.PersonDaoTest@1040be71]" started-at="2018-10-29T21:28:37 SEČ" name="springTestContextAfterTestMethod" finished-at="2018-10-29T21:28:37 SEČ" duration-ms="4" status="PASS">
          <params>
            <param index="0">
              <value>
                <![CDATA[public void cz.muni.fi.pa165.smartphonEShop.dao.PersonDaoTest.updateNull()]]>
              </value>
            </param>
          </params>
          <reporter-output>
          </reporter-output>
        </test-method> <!-- springTestContextAfterTestMethod -->
        <test-method is-config="true" signature="springTestContextAfterTestClass()[pri:0, instance:cz.muni.fi.pa165.smartphonEShop.dao.PersonDaoTest@1040be71]" started-at="2018-10-29T21:28:37 SEČ" name="springTestContextAfterTestClass" finished-at="2018-10-29T21:28:37 SEČ" duration-ms="0" status="PASS">
          <reporter-output>
          </reporter-output>
        </test-method> <!-- springTestContextAfterTestClass -->
      </class> <!-- cz.muni.fi.pa165.smartphonEShop.dao.PersonDaoTest -->
      <class name="cz.muni.fi.pa165.smartphonEShop.dao.ClaimDaoTest">
        <test-method is-config="true" signature="springTestContextBeforeTestClass()[pri:0, instance:cz.muni.fi.pa165.smartphonEShop.dao.ClaimDaoTest@61c4eee0]" started-at="2018-10-29T21:28:35 SEČ" name="springTestContextBeforeTestClass" finished-at="2018-10-29T21:28:35 SEČ" duration-ms="0" status="PASS">
          <reporter-output>
          </reporter-output>
        </test-method> <!-- springTestContextBeforeTestClass -->
        <test-method is-config="true" signature="springTestContextPrepareTestInstance()[pri:0, instance:cz.muni.fi.pa165.smartphonEShop.dao.ClaimDaoTest@61c4eee0]" started-at="2018-10-29T21:28:35 SEČ" name="springTestContextPrepareTestInstance" finished-at="2018-10-29T21:28:35 SEČ" depends-on-methods="org.springframework.test.context.testng.AbstractTestNGSpringContextTests.springTestContextBeforeTestClass" duration-ms="12" status="PASS">
          <reporter-output>
          </reporter-output>
        </test-method> <!-- springTestContextPrepareTestInstance -->
        <test-method is-config="true" signature="springTestContextBeforeTestMethod(java.lang.reflect.Method)[pri:0, instance:cz.muni.fi.pa165.smartphonEShop.dao.ClaimDaoTest@61c4eee0]" started-at="2018-10-29T21:28:35 SEČ" name="springTestContextBeforeTestMethod" finished-at="2018-10-29T21:28:35 SEČ" duration-ms="12" status="PASS">
          <params>
            <param index="0">
              <value>
                <![CDATA[public void cz.muni.fi.pa165.smartphonEShop.dao.ClaimDaoTest.create()]]>
              </value>
            </param>
          </params>
          <reporter-output>
          </reporter-output>
        </test-method> <!-- springTestContextBeforeTestMethod -->
        <test-method is-config="true" signature="setUp()[pri:0, instance:cz.muni.fi.pa165.smartphonEShop.dao.ClaimDaoTest@61c4eee0]" started-at="2018-10-29T21:28:35 SEČ" name="setUp" finished-at="2018-10-29T21:28:35 SEČ" duration-ms="157" status="PASS">
          <reporter-output>
          </reporter-output>
        </test-method> <!-- setUp -->
        <test-method signature="create()[pri:0, instance:cz.muni.fi.pa165.smartphonEShop.dao.ClaimDaoTest@61c4eee0]" started-at="2018-10-29T21:28:35 SEČ" name="create" finished-at="2018-10-29T21:28:35 SEČ" duration-ms="186" status="PASS">
          <reporter-output>
          </reporter-output>
        </test-method> <!-- create -->
        <test-method is-config="true" signature="springTestContextAfterTestMethod(java.lang.reflect.Method)[pri:0, instance:cz.muni.fi.pa165.smartphonEShop.dao.ClaimDaoTest@61c4eee0]" started-at="2018-10-29T21:28:35 SEČ" name="springTestContextAfterTestMethod" finished-at="2018-10-29T21:28:35 SEČ" duration-ms="26" status="PASS">
          <params>
            <param index="0">
              <value>
                <![CDATA[public void cz.muni.fi.pa165.smartphonEShop.dao.ClaimDaoTest.create()]]>
              </value>
            </param>
          </params>
          <reporter-output>
          </reporter-output>
        </test-method> <!-- springTestContextAfterTestMethod -->
        <test-method is-config="true" signature="springTestContextBeforeTestMethod(java.lang.reflect.Method)[pri:0, instance:cz.muni.fi.pa165.smartphonEShop.dao.ClaimDaoTest@61c4eee0]" started-at="2018-10-29T21:28:35 SEČ" name="springTestContextBeforeTestMethod" finished-at="2018-10-29T21:28:35 SEČ" duration-ms="10" status="PASS">
          <params>
            <param index="0">
              <value>
                <![CDATA[public void cz.muni.fi.pa165.smartphonEShop.dao.ClaimDaoTest.createNull()]]>
              </value>
            </param>
          </params>
          <reporter-output>
          </reporter-output>
        </test-method> <!-- springTestContextBeforeTestMethod -->
        <test-method is-config="true" signature="setUp()[pri:0, instance:cz.muni.fi.pa165.smartphonEShop.dao.ClaimDaoTest@61c4eee0]" started-at="2018-10-29T21:28:35 SEČ" name="setUp" finished-at="2018-10-29T21:28:35 SEČ" duration-ms="18" status="PASS">
          <reporter-output>
          </reporter-output>
        </test-method> <!-- setUp -->
        <test-method signature="createNull()[pri:0, instance:cz.muni.fi.pa165.smartphonEShop.dao.ClaimDaoTest@61c4eee0]" started-at="2018-10-29T21:28:35 SEČ" name="createNull" finished-at="2018-10-29T21:28:35 SEČ" duration-ms="1" status="PASS">
          <exception class="java.lang.IllegalArgumentException">
            <message>
              <![CDATA[claim is null!]]>
            </message>
            <full-stacktrace>
              <![CDATA[java.lang.IllegalArgumentException: claim is null!
at cz.muni.fi.pa165.smartphonEShop.dao.ClaimDaoImpl.create(ClaimDaoImpl.java:20)
at cz.muni.fi.pa165.smartphonEShop.dao.ClaimDaoTest.createNull(ClaimDaoTest.java:220)
at java.base/jdk.internal.reflect.NativeMethodAccessorImpl.invoke0(Native Method)
at java.base/jdk.internal.reflect.NativeMethodAccessorImpl.invoke(NativeMethodAccessorImpl.java:62)
at java.base/jdk.internal.reflect.DelegatingMethodAccessorImpl.invoke(DelegatingMethodAccessorImpl.java:43)
at java.base/java.lang.reflect.Method.invoke(Method.java:564)
at org.testng.internal.MethodInvocationHelper.invokeMethod(MethodInvocationHelper.java:131)
at org.testng.internal.MethodInvocationHelper$1.runTestMethod(MethodInvocationHelper.java:237)
at org.springframework.test.context.testng.AbstractTestNGSpringContextTests.run(AbstractTestNGSpringContextTests.java:180)
at org.testng.internal.MethodInvocationHelper.invokeHookable(MethodInvocationHelper.java:249)
at org.testng.internal.Invoker.invokeMethod(Invoker.java:654)
at org.testng.internal.Invoker.invokeTestMethod(Invoker.java:792)
at org.testng.internal.Invoker.invokeTestMethods(Invoker.java:1103)
at org.testng.internal.TestMethodWorker.invokeTestMethods(TestMethodWorker.java:140)
at org.testng.internal.TestMethodWorker.run(TestMethodWorker.java:122)
at org.testng.TestRunner.privateRun(TestRunner.java:739)
at org.testng.TestRunner.run(TestRunner.java:589)
at org.testng.SuiteRunner.runTest(SuiteRunner.java:398)
at org.testng.SuiteRunner.runSequentially(SuiteRunner.java:392)
at org.testng.SuiteRunner.privateRun(SuiteRunner.java:354)
at org.testng.SuiteRunner.run(SuiteRunner.java:302)
at org.testng.SuiteRunnerWorker.runSuite(SuiteRunnerWorker.java:53)
at org.testng.SuiteRunnerWorker.run(SuiteRunnerWorker.java:96)
at org.testng.TestNG.runSuitesSequentially(TestNG.java:1145)
at org.testng.TestNG.runSuitesLocally(TestNG.java:1067)
at org.testng.TestNG.runSuites(TestNG.java:997)
at org.testng.TestNG.run(TestNG.java:965)
at org.apache.maven.surefire.testng.TestNGExecutor.run(TestNGExecutor.java:135)
at org.apache.maven.surefire.testng.TestNGDirectoryTestSuite.executeMulti(TestNGDirectoryTestSuite.java:193)
at org.apache.maven.surefire.testng.TestNGDirectoryTestSuite.execute(TestNGDirectoryTestSuite.java:94)
at org.apache.maven.surefire.testng.TestNGProvider.invoke(TestNGProvider.java:146)
at org.apache.maven.surefire.booter.ForkedBooter.invokeProviderInSameClassLoader(ForkedBooter.java:384)
at org.apache.maven.surefire.booter.ForkedBooter.runSuitesInProcess(ForkedBooter.java:345)
at org.apache.maven.surefire.booter.ForkedBooter.execute(ForkedBooter.java:126)
at org.apache.maven.surefire.booter.ForkedBooter.main(ForkedBooter.java:418)
]]>
            </full-stacktrace>
          </exception> <!-- java.lang.IllegalArgumentException -->
          <reporter-output>
          </reporter-output>
        </test-method> <!-- createNull -->
        <test-method is-config="true" signature="springTestContextAfterTestMethod(java.lang.reflect.Method)[pri:0, instance:cz.muni.fi.pa165.smartphonEShop.dao.ClaimDaoTest@61c4eee0]" started-at="2018-10-29T21:28:35 SEČ" name="springTestContextAfterTestMethod" finished-at="2018-10-29T21:28:35 SEČ" duration-ms="4" status="PASS">
          <params>
            <param index="0">
              <value>
                <![CDATA[public void cz.muni.fi.pa165.smartphonEShop.dao.ClaimDaoTest.createNull()]]>
              </value>
            </param>
          </params>
          <reporter-output>
          </reporter-output>
        </test-method> <!-- springTestContextAfterTestMethod -->
        <test-method is-config="true" signature="springTestContextBeforeTestMethod(java.lang.reflect.Method)[pri:0, instance:cz.muni.fi.pa165.smartphonEShop.dao.ClaimDaoTest@61c4eee0]" started-at="2018-10-29T21:28:35 SEČ" name="springTestContextBeforeTestMethod" finished-at="2018-10-29T21:28:35 SEČ" duration-ms="8" status="PASS">
          <params>
            <param index="0">
              <value>
                <![CDATA[public void cz.muni.fi.pa165.smartphonEShop.dao.ClaimDaoTest.delete()]]>
              </value>
            </param>
          </params>
          <reporter-output>
          </reporter-output>
        </test-method> <!-- springTestContextBeforeTestMethod -->
        <test-method is-config="true" signature="setUp()[pri:0, instance:cz.muni.fi.pa165.smartphonEShop.dao.ClaimDaoTest@61c4eee0]" started-at="2018-10-29T21:28:35 SEČ" name="setUp" finished-at="2018-10-29T21:28:35 SEČ" duration-ms="43" status="PASS">
          <reporter-output>
          </reporter-output>
        </test-method> <!-- setUp -->
        <test-method signature="delete()[pri:0, instance:cz.muni.fi.pa165.smartphonEShop.dao.ClaimDaoTest@61c4eee0]" started-at="2018-10-29T21:28:35 SEČ" name="delete" finished-at="2018-10-29T21:28:36 SEČ" duration-ms="245" status="PASS">
          <reporter-output>
          </reporter-output>
        </test-method> <!-- delete -->
        <test-method is-config="true" signature="springTestContextAfterTestMethod(java.lang.reflect.Method)[pri:0, instance:cz.muni.fi.pa165.smartphonEShop.dao.ClaimDaoTest@61c4eee0]" started-at="2018-10-29T21:28:36 SEČ" name="springTestContextAfterTestMethod" finished-at="2018-10-29T21:28:36 SEČ" duration-ms="10" status="PASS">
          <params>
            <param index="0">
              <value>
                <![CDATA[public void cz.muni.fi.pa165.smartphonEShop.dao.ClaimDaoTest.delete()]]>
              </value>
            </param>
          </params>
          <reporter-output>
          </reporter-output>
        </test-method> <!-- springTestContextAfterTestMethod -->
        <test-method is-config="true" signature="springTestContextBeforeTestMethod(java.lang.reflect.Method)[pri:0, instance:cz.muni.fi.pa165.smartphonEShop.dao.ClaimDaoTest@61c4eee0]" started-at="2018-10-29T21:28:36 SEČ" name="springTestContextBeforeTestMethod" finished-at="2018-10-29T21:28:36 SEČ" duration-ms="4" status="PASS">
          <params>
            <param index="0">
              <value>
                <![CDATA[public void cz.muni.fi.pa165.smartphonEShop.dao.ClaimDaoTest.deleteNull()]]>
              </value>
            </param>
          </params>
          <reporter-output>
          </reporter-output>
        </test-method> <!-- springTestContextBeforeTestMethod -->
        <test-method is-config="true" signature="setUp()[pri:0, instance:cz.muni.fi.pa165.smartphonEShop.dao.ClaimDaoTest@61c4eee0]" started-at="2018-10-29T21:28:36 SEČ" name="setUp" finished-at="2018-10-29T21:28:36 SEČ" duration-ms="18" status="PASS">
          <reporter-output>
          </reporter-output>
        </test-method> <!-- setUp -->
        <test-method signature="deleteNull()[pri:0, instance:cz.muni.fi.pa165.smartphonEShop.dao.ClaimDaoTest@61c4eee0]" started-at="2018-10-29T21:28:36 SEČ" name="deleteNull" finished-at="2018-10-29T21:28:36 SEČ" duration-ms="1" status="PASS">
          <exception class="java.lang.IllegalArgumentException">
            <message>
              <![CDATA[claim is null!]]>
            </message>
            <full-stacktrace>
              <![CDATA[java.lang.IllegalArgumentException: claim is null!
at cz.muni.fi.pa165.smartphonEShop.dao.ClaimDaoImpl.delete(ClaimDaoImpl.java:36)
at cz.muni.fi.pa165.smartphonEShop.dao.ClaimDaoTest.deleteNull(ClaimDaoTest.java:205)
at java.base/jdk.internal.reflect.NativeMethodAccessorImpl.invoke0(Native Method)
at java.base/jdk.internal.reflect.NativeMethodAccessorImpl.invoke(NativeMethodAccessorImpl.java:62)
at java.base/jdk.internal.reflect.DelegatingMethodAccessorImpl.invoke(DelegatingMethodAccessorImpl.java:43)
at java.base/java.lang.reflect.Method.invoke(Method.java:564)
at org.testng.internal.MethodInvocationHelper.invokeMethod(MethodInvocationHelper.java:131)
at org.testng.internal.MethodInvocationHelper$1.runTestMethod(MethodInvocationHelper.java:237)
at org.springframework.test.context.testng.AbstractTestNGSpringContextTests.run(AbstractTestNGSpringContextTests.java:180)
at org.testng.internal.MethodInvocationHelper.invokeHookable(MethodInvocationHelper.java:249)
at org.testng.internal.Invoker.invokeMethod(Invoker.java:654)
at org.testng.internal.Invoker.invokeTestMethod(Invoker.java:792)
at org.testng.internal.Invoker.invokeTestMethods(Invoker.java:1103)
at org.testng.internal.TestMethodWorker.invokeTestMethods(TestMethodWorker.java:140)
at org.testng.internal.TestMethodWorker.run(TestMethodWorker.java:122)
at org.testng.TestRunner.privateRun(TestRunner.java:739)
at org.testng.TestRunner.run(TestRunner.java:589)
at org.testng.SuiteRunner.runTest(SuiteRunner.java:398)
at org.testng.SuiteRunner.runSequentially(SuiteRunner.java:392)
at org.testng.SuiteRunner.privateRun(SuiteRunner.java:354)
at org.testng.SuiteRunner.run(SuiteRunner.java:302)
at org.testng.SuiteRunnerWorker.runSuite(SuiteRunnerWorker.java:53)
at org.testng.SuiteRunnerWorker.run(SuiteRunnerWorker.java:96)
at org.testng.TestNG.runSuitesSequentially(TestNG.java:1145)
at org.testng.TestNG.runSuitesLocally(TestNG.java:1067)
at org.testng.TestNG.runSuites(TestNG.java:997)
at org.testng.TestNG.run(TestNG.java:965)
at org.apache.maven.surefire.testng.TestNGExecutor.run(TestNGExecutor.java:135)
at org.apache.maven.surefire.testng.TestNGDirectoryTestSuite.executeMulti(TestNGDirectoryTestSuite.java:193)
at org.apache.maven.surefire.testng.TestNGDirectoryTestSuite.execute(TestNGDirectoryTestSuite.java:94)
at org.apache.maven.surefire.testng.TestNGProvider.invoke(TestNGProvider.java:146)
at org.apache.maven.surefire.booter.ForkedBooter.invokeProviderInSameClassLoader(ForkedBooter.java:384)
at org.apache.maven.surefire.booter.ForkedBooter.runSuitesInProcess(ForkedBooter.java:345)
at org.apache.maven.surefire.booter.ForkedBooter.execute(ForkedBooter.java:126)
at org.apache.maven.surefire.booter.ForkedBooter.main(ForkedBooter.java:418)
]]>
            </full-stacktrace>
          </exception> <!-- java.lang.IllegalArgumentException -->
          <reporter-output>
          </reporter-output>
        </test-method> <!-- deleteNull -->
        <test-method is-config="true" signature="springTestContextAfterTestMethod(java.lang.reflect.Method)[pri:0, instance:cz.muni.fi.pa165.smartphonEShop.dao.ClaimDaoTest@61c4eee0]" started-at="2018-10-29T21:28:36 SEČ" name="springTestContextAfterTestMethod" finished-at="2018-10-29T21:28:36 SEČ" duration-ms="3" status="PASS">
          <params>
            <param index="0">
              <value>
                <![CDATA[public void cz.muni.fi.pa165.smartphonEShop.dao.ClaimDaoTest.deleteNull()]]>
              </value>
            </param>
          </params>
          <reporter-output>
          </reporter-output>
        </test-method> <!-- springTestContextAfterTestMethod -->
        <test-method is-config="true" signature="springTestContextBeforeTestMethod(java.lang.reflect.Method)[pri:0, instance:cz.muni.fi.pa165.smartphonEShop.dao.ClaimDaoTest@61c4eee0]" started-at="2018-10-29T21:28:36 SEČ" name="springTestContextBeforeTestMethod" finished-at="2018-10-29T21:28:36 SEČ" duration-ms="14" status="PASS">
          <params>
            <param index="0">
              <value>
                <![CDATA[public void cz.muni.fi.pa165.smartphonEShop.dao.ClaimDaoTest.findAll()]]>
              </value>
            </param>
          </params>
          <reporter-output>
          </reporter-output>
        </test-method> <!-- springTestContextBeforeTestMethod -->
        <test-method is-config="true" signature="setUp()[pri:0, instance:cz.muni.fi.pa165.smartphonEShop.dao.ClaimDaoTest@61c4eee0]" started-at="2018-10-29T21:28:36 SEČ" name="setUp" finished-at="2018-10-29T21:28:36 SEČ" duration-ms="28" status="PASS">
          <reporter-output>
          </reporter-output>
        </test-method> <!-- setUp -->
        <test-method signature="findAll()[pri:0, instance:cz.muni.fi.pa165.smartphonEShop.dao.ClaimDaoTest@61c4eee0]" started-at="2018-10-29T21:28:36 SEČ" name="findAll" finished-at="2018-10-29T21:28:36 SEČ" duration-ms="94" status="PASS">
          <reporter-output>
          </reporter-output>
        </test-method> <!-- findAll -->
        <test-method is-config="true" signature="springTestContextAfterTestMethod(java.lang.reflect.Method)[pri:0, instance:cz.muni.fi.pa165.smartphonEShop.dao.ClaimDaoTest@61c4eee0]" started-at="2018-10-29T21:28:36 SEČ" name="springTestContextAfterTestMethod" finished-at="2018-10-29T21:28:36 SEČ" duration-ms="19" status="PASS">
          <params>
            <param index="0">
              <value>
                <![CDATA[public void cz.muni.fi.pa165.smartphonEShop.dao.ClaimDaoTest.findAll()]]>
              </value>
            </param>
          </params>
          <reporter-output>
          </reporter-output>
        </test-method> <!-- springTestContextAfterTestMethod -->
        <test-method is-config="true" signature="springTestContextBeforeTestMethod(java.lang.reflect.Method)[pri:0, instance:cz.muni.fi.pa165.smartphonEShop.dao.ClaimDaoTest@61c4eee0]" started-at="2018-10-29T21:28:36 SEČ" name="springTestContextBeforeTestMethod" finished-at="2018-10-29T21:28:36 SEČ" duration-ms="14" status="PASS">
          <params>
            <param index="0">
              <value>
                <![CDATA[public void cz.muni.fi.pa165.smartphonEShop.dao.ClaimDaoTest.findById()]]>
              </value>
            </param>
          </params>
          <reporter-output>
          </reporter-output>
        </test-method> <!-- springTestContextBeforeTestMethod -->
        <test-method is-config="true" signature="setUp()[pri:0, instance:cz.muni.fi.pa165.smartphonEShop.dao.ClaimDaoTest@61c4eee0]" started-at="2018-10-29T21:28:36 SEČ" name="setUp" finished-at="2018-10-29T21:28:36 SEČ" duration-ms="16" status="PASS">
          <reporter-output>
          </reporter-output>
        </test-method> <!-- setUp -->
        <test-method signature="findById()[pri:0, instance:cz.muni.fi.pa165.smartphonEShop.dao.ClaimDaoTest@61c4eee0]" started-at="2018-10-29T21:28:36 SEČ" name="findById" finished-at="2018-10-29T21:28:36 SEČ" duration-ms="6" status="PASS">
          <reporter-output>
          </reporter-output>
        </test-method> <!-- findById -->
        <test-method is-config="true" signature="springTestContextAfterTestMethod(java.lang.reflect.Method)[pri:0, instance:cz.muni.fi.pa165.smartphonEShop.dao.ClaimDaoTest@61c4eee0]" started-at="2018-10-29T21:28:36 SEČ" name="springTestContextAfterTestMethod" finished-at="2018-10-29T21:28:36 SEČ" duration-ms="3" status="PASS">
          <params>
            <param index="0">
              <value>
                <![CDATA[public void cz.muni.fi.pa165.smartphonEShop.dao.ClaimDaoTest.findById()]]>
              </value>
            </param>
          </params>
          <reporter-output>
          </reporter-output>
        </test-method> <!-- springTestContextAfterTestMethod -->
        <test-method is-config="true" signature="springTestContextBeforeTestMethod(java.lang.reflect.Method)[pri:0, instance:cz.muni.fi.pa165.smartphonEShop.dao.ClaimDaoTest@61c4eee0]" started-at="2018-10-29T21:28:36 SEČ" name="springTestContextBeforeTestMethod" finished-at="2018-10-29T21:28:36 SEČ" duration-ms="9" status="PASS">
          <params>
            <param index="0">
              <value>
                <![CDATA[public void cz.muni.fi.pa165.smartphonEShop.dao.ClaimDaoTest.findByIdNegative()]]>
              </value>
            </param>
          </params>
          <reporter-output>
          </reporter-output>
        </test-method> <!-- springTestContextBeforeTestMethod -->
        <test-method is-config="true" signature="setUp()[pri:0, instance:cz.muni.fi.pa165.smartphonEShop.dao.ClaimDaoTest@61c4eee0]" started-at="2018-10-29T21:28:36 SEČ" name="setUp" finished-at="2018-10-29T21:28:36 SEČ" duration-ms="27" status="PASS">
          <reporter-output>
          </reporter-output>
        </test-method> <!-- setUp -->
        <test-method signature="findByIdNegative()[pri:0, instance:cz.muni.fi.pa165.smartphonEShop.dao.ClaimDaoTest@61c4eee0]" started-at="2018-10-29T21:28:36 SEČ" name="findByIdNegative" finished-at="2018-10-29T21:28:36 SEČ" duration-ms="0" status="PASS">
          <exception class="java.lang.IllegalArgumentException">
            <message>
              <![CDATA[claim is null or less than 0!]]>
            </message>
            <full-stacktrace>
              <![CDATA[java.lang.IllegalArgumentException: claim is null or less than 0!
at cz.muni.fi.pa165.smartphonEShop.dao.ClaimDaoImpl.findById(ClaimDaoImpl.java:44)
at cz.muni.fi.pa165.smartphonEShop.dao.ClaimDaoTest.findByIdNegative(ClaimDaoTest.java:215)
at java.base/jdk.internal.reflect.NativeMethodAccessorImpl.invoke0(Native Method)
at java.base/jdk.internal.reflect.NativeMethodAccessorImpl.invoke(NativeMethodAccessorImpl.java:62)
at java.base/jdk.internal.reflect.DelegatingMethodAccessorImpl.invoke(DelegatingMethodAccessorImpl.java:43)
at java.base/java.lang.reflect.Method.invoke(Method.java:564)
at org.testng.internal.MethodInvocationHelper.invokeMethod(MethodInvocationHelper.java:131)
at org.testng.internal.MethodInvocationHelper$1.runTestMethod(MethodInvocationHelper.java:237)
at org.springframework.test.context.testng.AbstractTestNGSpringContextTests.run(AbstractTestNGSpringContextTests.java:180)
at org.testng.internal.MethodInvocationHelper.invokeHookable(MethodInvocationHelper.java:249)
at org.testng.internal.Invoker.invokeMethod(Invoker.java:654)
at org.testng.internal.Invoker.invokeTestMethod(Invoker.java:792)
at org.testng.internal.Invoker.invokeTestMethods(Invoker.java:1103)
at org.testng.internal.TestMethodWorker.invokeTestMethods(TestMethodWorker.java:140)
at org.testng.internal.TestMethodWorker.run(TestMethodWorker.java:122)
at org.testng.TestRunner.privateRun(TestRunner.java:739)
at org.testng.TestRunner.run(TestRunner.java:589)
at org.testng.SuiteRunner.runTest(SuiteRunner.java:398)
at org.testng.SuiteRunner.runSequentially(SuiteRunner.java:392)
at org.testng.SuiteRunner.privateRun(SuiteRunner.java:354)
at org.testng.SuiteRunner.run(SuiteRunner.java:302)
at org.testng.SuiteRunnerWorker.runSuite(SuiteRunnerWorker.java:53)
at org.testng.SuiteRunnerWorker.run(SuiteRunnerWorker.java:96)
at org.testng.TestNG.runSuitesSequentially(TestNG.java:1145)
at org.testng.TestNG.runSuitesLocally(TestNG.java:1067)
at org.testng.TestNG.runSuites(TestNG.java:997)
at org.testng.TestNG.run(TestNG.java:965)
at org.apache.maven.surefire.testng.TestNGExecutor.run(TestNGExecutor.java:135)
at org.apache.maven.surefire.testng.TestNGDirectoryTestSuite.executeMulti(TestNGDirectoryTestSuite.java:193)
at org.apache.maven.surefire.testng.TestNGDirectoryTestSuite.execute(TestNGDirectoryTestSuite.java:94)
at org.apache.maven.surefire.testng.TestNGProvider.invoke(TestNGProvider.java:146)
at org.apache.maven.surefire.booter.ForkedBooter.invokeProviderInSameClassLoader(ForkedBooter.java:384)
at org.apache.maven.surefire.booter.ForkedBooter.runSuitesInProcess(ForkedBooter.java:345)
at org.apache.maven.surefire.booter.ForkedBooter.execute(ForkedBooter.java:126)
at org.apache.maven.surefire.booter.ForkedBooter.main(ForkedBooter.java:418)
]]>
            </full-stacktrace>
          </exception> <!-- java.lang.IllegalArgumentException -->
          <reporter-output>
          </reporter-output>
        </test-method> <!-- findByIdNegative -->
        <test-method is-config="true" signature="springTestContextAfterTestMethod(java.lang.reflect.Method)[pri:0, instance:cz.muni.fi.pa165.smartphonEShop.dao.ClaimDaoTest@61c4eee0]" started-at="2018-10-29T21:28:36 SEČ" name="springTestContextAfterTestMethod" finished-at="2018-10-29T21:28:36 SEČ" duration-ms="5" status="PASS">
          <params>
            <param index="0">
              <value>
                <![CDATA[public void cz.muni.fi.pa165.smartphonEShop.dao.ClaimDaoTest.findByIdNegative()]]>
              </value>
            </param>
          </params>
          <reporter-output>
          </reporter-output>
        </test-method> <!-- springTestContextAfterTestMethod -->
        <test-method is-config="true" signature="springTestContextBeforeTestMethod(java.lang.reflect.Method)[pri:0, instance:cz.muni.fi.pa165.smartphonEShop.dao.ClaimDaoTest@61c4eee0]" started-at="2018-10-29T21:28:36 SEČ" name="springTestContextBeforeTestMethod" finished-at="2018-10-29T21:28:36 SEČ" duration-ms="9" status="PASS">
          <params>
            <param index="0">
              <value>
                <![CDATA[public void cz.muni.fi.pa165.smartphonEShop.dao.ClaimDaoTest.findByIdNull()]]>
              </value>
            </param>
          </params>
          <reporter-output>
          </reporter-output>
        </test-method> <!-- springTestContextBeforeTestMethod -->
        <test-method is-config="true" signature="setUp()[pri:0, instance:cz.muni.fi.pa165.smartphonEShop.dao.ClaimDaoTest@61c4eee0]" started-at="2018-10-29T21:28:36 SEČ" name="setUp" finished-at="2018-10-29T21:28:36 SEČ" duration-ms="18" status="PASS">
          <reporter-output>
          </reporter-output>
        </test-method> <!-- setUp -->
        <test-method is-config="true" signature="springTestContextAfterTestMethod(java.lang.reflect.Method)[pri:0, instance:cz.muni.fi.pa165.smartphonEShop.dao.ClaimDaoTest@61c4eee0]" started-at="2018-10-29T21:28:36 SEČ" name="springTestContextAfterTestMethod" finished-at="2018-10-29T21:28:36 SEČ" duration-ms="5" status="PASS">
          <params>
            <param index="0">
              <value>
                <![CDATA[public void cz.muni.fi.pa165.smartphonEShop.dao.ClaimDaoTest.findByIdNull()]]>
              </value>
            </param>
          </params>
          <reporter-output>
          </reporter-output>
        </test-method> <!-- springTestContextAfterTestMethod -->
        <test-method signature="findByIdNull()[pri:0, instance:cz.muni.fi.pa165.smartphonEShop.dao.ClaimDaoTest@61c4eee0]" started-at="2018-10-29T21:28:36 SEČ" name="findByIdNull" finished-at="2018-10-29T21:28:36 SEČ" duration-ms="0" status="PASS">
          <exception class="java.lang.IllegalArgumentException">
            <message>
              <![CDATA[claim is null or less than 0!]]>
            </message>
            <full-stacktrace>
              <![CDATA[java.lang.IllegalArgumentException: claim is null or less than 0!
at cz.muni.fi.pa165.smartphonEShop.dao.ClaimDaoImpl.findById(ClaimDaoImpl.java:44)
at cz.muni.fi.pa165.smartphonEShop.dao.ClaimDaoTest.findByIdNull(ClaimDaoTest.java:210)
at java.base/jdk.internal.reflect.NativeMethodAccessorImpl.invoke0(Native Method)
at java.base/jdk.internal.reflect.NativeMethodAccessorImpl.invoke(NativeMethodAccessorImpl.java:62)
at java.base/jdk.internal.reflect.DelegatingMethodAccessorImpl.invoke(DelegatingMethodAccessorImpl.java:43)
at java.base/java.lang.reflect.Method.invoke(Method.java:564)
at org.testng.internal.MethodInvocationHelper.invokeMethod(MethodInvocationHelper.java:131)
at org.testng.internal.MethodInvocationHelper$1.runTestMethod(MethodInvocationHelper.java:237)
at org.springframework.test.context.testng.AbstractTestNGSpringContextTests.run(AbstractTestNGSpringContextTests.java:180)
at org.testng.internal.MethodInvocationHelper.invokeHookable(MethodInvocationHelper.java:249)
at org.testng.internal.Invoker.invokeMethod(Invoker.java:654)
at org.testng.internal.Invoker.invokeTestMethod(Invoker.java:792)
at org.testng.internal.Invoker.invokeTestMethods(Invoker.java:1103)
at org.testng.internal.TestMethodWorker.invokeTestMethods(TestMethodWorker.java:140)
at org.testng.internal.TestMethodWorker.run(TestMethodWorker.java:122)
at org.testng.TestRunner.privateRun(TestRunner.java:739)
at org.testng.TestRunner.run(TestRunner.java:589)
at org.testng.SuiteRunner.runTest(SuiteRunner.java:398)
at org.testng.SuiteRunner.runSequentially(SuiteRunner.java:392)
at org.testng.SuiteRunner.privateRun(SuiteRunner.java:354)
at org.testng.SuiteRunner.run(SuiteRunner.java:302)
at org.testng.SuiteRunnerWorker.runSuite(SuiteRunnerWorker.java:53)
at org.testng.SuiteRunnerWorker.run(SuiteRunnerWorker.java:96)
at org.testng.TestNG.runSuitesSequentially(TestNG.java:1145)
at org.testng.TestNG.runSuitesLocally(TestNG.java:1067)
at org.testng.TestNG.runSuites(TestNG.java:997)
at org.testng.TestNG.run(TestNG.java:965)
at org.apache.maven.surefire.testng.TestNGExecutor.run(TestNGExecutor.java:135)
at org.apache.maven.surefire.testng.TestNGDirectoryTestSuite.executeMulti(TestNGDirectoryTestSuite.java:193)
at org.apache.maven.surefire.testng.TestNGDirectoryTestSuite.execute(TestNGDirectoryTestSuite.java:94)
at org.apache.maven.surefire.testng.TestNGProvider.invoke(TestNGProvider.java:146)
at org.apache.maven.surefire.booter.ForkedBooter.invokeProviderInSameClassLoader(ForkedBooter.java:384)
at org.apache.maven.surefire.booter.ForkedBooter.runSuitesInProcess(ForkedBooter.java:345)
at org.apache.maven.surefire.booter.ForkedBooter.execute(ForkedBooter.java:126)
at org.apache.maven.surefire.booter.ForkedBooter.main(ForkedBooter.java:418)
]]>
            </full-stacktrace>
          </exception> <!-- java.lang.IllegalArgumentException -->
          <reporter-output>
          </reporter-output>
        </test-method> <!-- findByIdNull -->
        <test-method is-config="true" signature="springTestContextBeforeTestMethod(java.lang.reflect.Method)[pri:0, instance:cz.muni.fi.pa165.smartphonEShop.dao.ClaimDaoTest@61c4eee0]" started-at="2018-10-29T21:28:36 SEČ" name="springTestContextBeforeTestMethod" finished-at="2018-10-29T21:28:36 SEČ" duration-ms="4" status="PASS">
          <params>
            <param index="0">
              <value>
                <![CDATA[public void cz.muni.fi.pa165.smartphonEShop.dao.ClaimDaoTest.update()]]>
              </value>
            </param>
          </params>
          <reporter-output>
          </reporter-output>
        </test-method> <!-- springTestContextBeforeTestMethod -->
        <test-method is-config="true" signature="setUp()[pri:0, instance:cz.muni.fi.pa165.smartphonEShop.dao.ClaimDaoTest@61c4eee0]" started-at="2018-10-29T21:28:36 SEČ" name="setUp" finished-at="2018-10-29T21:28:36 SEČ" duration-ms="11" status="PASS">
          <reporter-output>
          </reporter-output>
        </test-method> <!-- setUp -->
        <test-method signature="update()[pri:0, instance:cz.muni.fi.pa165.smartphonEShop.dao.ClaimDaoTest@61c4eee0]" started-at="2018-10-29T21:28:36 SEČ" name="update" finished-at="2018-10-29T21:28:36 SEČ" duration-ms="3" status="PASS">
          <reporter-output>
          </reporter-output>
        </test-method> <!-- update -->
        <test-method is-config="true" signature="springTestContextAfterTestMethod(java.lang.reflect.Method)[pri:0, instance:cz.muni.fi.pa165.smartphonEShop.dao.ClaimDaoTest@61c4eee0]" started-at="2018-10-29T21:28:36 SEČ" name="springTestContextAfterTestMethod" finished-at="2018-10-29T21:28:36 SEČ" duration-ms="3" status="PASS">
          <params>
            <param index="0">
              <value>
                <![CDATA[public void cz.muni.fi.pa165.smartphonEShop.dao.ClaimDaoTest.update()]]>
              </value>
            </param>
          </params>
          <reporter-output>
          </reporter-output>
        </test-method> <!-- springTestContextAfterTestMethod -->
        <test-method is-config="true" signature="springTestContextBeforeTestMethod(java.lang.reflect.Method)[pri:0, instance:cz.muni.fi.pa165.smartphonEShop.dao.ClaimDaoTest@61c4eee0]" started-at="2018-10-29T21:28:36 SEČ" name="springTestContextBeforeTestMethod" finished-at="2018-10-29T21:28:36 SEČ" duration-ms="5" status="PASS">
          <params>
            <param index="0">
              <value>
                <![CDATA[public void cz.muni.fi.pa165.smartphonEShop.dao.ClaimDaoTest.updateNull()]]>
              </value>
            </param>
          </params>
          <reporter-output>
          </reporter-output>
        </test-method> <!-- springTestContextBeforeTestMethod -->
        <test-method is-config="true" signature="setUp()[pri:0, instance:cz.muni.fi.pa165.smartphonEShop.dao.ClaimDaoTest@61c4eee0]" started-at="2018-10-29T21:28:36 SEČ" name="setUp" finished-at="2018-10-29T21:28:36 SEČ" duration-ms="50" status="PASS">
          <reporter-output>
          </reporter-output>
        </test-method> <!-- setUp -->
        <test-method signature="updateNull()[pri:0, instance:cz.muni.fi.pa165.smartphonEShop.dao.ClaimDaoTest@61c4eee0]" started-at="2018-10-29T21:28:36 SEČ" name="updateNull" finished-at="2018-10-29T21:28:36 SEČ" duration-ms="1" status="PASS">
          <exception class="java.lang.IllegalArgumentException">
            <message>
              <![CDATA[claim is null!]]>
            </message>
            <full-stacktrace>
              <![CDATA[java.lang.IllegalArgumentException: claim is null!
at cz.muni.fi.pa165.smartphonEShop.dao.ClaimDaoImpl.update(ClaimDaoImpl.java:28)
at cz.muni.fi.pa165.smartphonEShop.dao.ClaimDaoTest.updateNull(ClaimDaoTest.java:200)
at java.base/jdk.internal.reflect.NativeMethodAccessorImpl.invoke0(Native Method)
at java.base/jdk.internal.reflect.NativeMethodAccessorImpl.invoke(NativeMethodAccessorImpl.java:62)
at java.base/jdk.internal.reflect.DelegatingMethodAccessorImpl.invoke(DelegatingMethodAccessorImpl.java:43)
at java.base/java.lang.reflect.Method.invoke(Method.java:564)
at org.testng.internal.MethodInvocationHelper.invokeMethod(MethodInvocationHelper.java:131)
at org.testng.internal.MethodInvocationHelper$1.runTestMethod(MethodInvocationHelper.java:237)
at org.springframework.test.context.testng.AbstractTestNGSpringContextTests.run(AbstractTestNGSpringContextTests.java:180)
at org.testng.internal.MethodInvocationHelper.invokeHookable(MethodInvocationHelper.java:249)
at org.testng.internal.Invoker.invokeMethod(Invoker.java:654)
at org.testng.internal.Invoker.invokeTestMethod(Invoker.java:792)
at org.testng.internal.Invoker.invokeTestMethods(Invoker.java:1103)
at org.testng.internal.TestMethodWorker.invokeTestMethods(TestMethodWorker.java:140)
at org.testng.internal.TestMethodWorker.run(TestMethodWorker.java:122)
at org.testng.TestRunner.privateRun(TestRunner.java:739)
at org.testng.TestRunner.run(TestRunner.java:589)
at org.testng.SuiteRunner.runTest(SuiteRunner.java:398)
at org.testng.SuiteRunner.runSequentially(SuiteRunner.java:392)
at org.testng.SuiteRunner.privateRun(SuiteRunner.java:354)
at org.testng.SuiteRunner.run(SuiteRunner.java:302)
at org.testng.SuiteRunnerWorker.runSuite(SuiteRunnerWorker.java:53)
at org.testng.SuiteRunnerWorker.run(SuiteRunnerWorker.java:96)
at org.testng.TestNG.runSuitesSequentially(TestNG.java:1145)
at org.testng.TestNG.runSuitesLocally(TestNG.java:1067)
at org.testng.TestNG.runSuites(TestNG.java:997)
at org.testng.TestNG.run(TestNG.java:965)
at org.apache.maven.surefire.testng.TestNGExecutor.run(TestNGExecutor.java:135)
at org.apache.maven.surefire.testng.TestNGDirectoryTestSuite.executeMulti(TestNGDirectoryTestSuite.java:193)
at org.apache.maven.surefire.testng.TestNGDirectoryTestSuite.execute(TestNGDirectoryTestSuite.java:94)
at org.apache.maven.surefire.testng.TestNGProvider.invoke(TestNGProvider.java:146)
at org.apache.maven.surefire.booter.ForkedBooter.invokeProviderInSameClassLoader(ForkedBooter.java:384)
at org.apache.maven.surefire.booter.ForkedBooter.runSuitesInProcess(ForkedBooter.java:345)
at org.apache.maven.surefire.booter.ForkedBooter.execute(ForkedBooter.java:126)
at org.apache.maven.surefire.booter.ForkedBooter.main(ForkedBooter.java:418)
]]>
            </full-stacktrace>
          </exception> <!-- java.lang.IllegalArgumentException -->
          <reporter-output>
          </reporter-output>
        </test-method> <!-- updateNull -->
        <test-method is-config="true" signature="springTestContextAfterTestMethod(java.lang.reflect.Method)[pri:0, instance:cz.muni.fi.pa165.smartphonEShop.dao.ClaimDaoTest@61c4eee0]" started-at="2018-10-29T21:28:36 SEČ" name="springTestContextAfterTestMethod" finished-at="2018-10-29T21:28:36 SEČ" duration-ms="4" status="PASS">
          <params>
            <param index="0">
              <value>
                <![CDATA[public void cz.muni.fi.pa165.smartphonEShop.dao.ClaimDaoTest.updateNull()]]>
              </value>
            </param>
          </params>
          <reporter-output>
          </reporter-output>
        </test-method> <!-- springTestContextAfterTestMethod -->
        <test-method is-config="true" signature="springTestContextAfterTestClass()[pri:0, instance:cz.muni.fi.pa165.smartphonEShop.dao.ClaimDaoTest@61c4eee0]" started-at="2018-10-29T21:28:36 SEČ" name="springTestContextAfterTestClass" finished-at="2018-10-29T21:28:36 SEČ" duration-ms="2" status="PASS">
          <reporter-output>
          </reporter-output>
        </test-method> <!-- springTestContextAfterTestClass -->
      </class> <!-- cz.muni.fi.pa165.smartphonEShop.dao.ClaimDaoTest -->
      <class name="cz.muni.fi.pa165.smartphonEShop.dao.PhoneDaoTest">
        <test-method is-config="true" signature="springTestContextBeforeTestClass()[pri:0, instance:cz.muni.fi.pa165.smartphonEShop.dao.PhoneDaoTest@548a24a]" started-at="2018-10-29T21:28:37 SEČ" name="springTestContextBeforeTestClass" finished-at="2018-10-29T21:28:37 SEČ" duration-ms="1" status="PASS">
          <reporter-output>
          </reporter-output>
        </test-method> <!-- springTestContextBeforeTestClass -->
        <test-method is-config="true" signature="springTestContextPrepareTestInstance()[pri:0, instance:cz.muni.fi.pa165.smartphonEShop.dao.PhoneDaoTest@548a24a]" started-at="2018-10-29T21:28:37 SEČ" name="springTestContextPrepareTestInstance" finished-at="2018-10-29T21:28:37 SEČ" depends-on-methods="org.springframework.test.context.testng.AbstractTestNGSpringContextTests.springTestContextBeforeTestClass" duration-ms="18" status="PASS">
          <reporter-output>
          </reporter-output>
        </test-method> <!-- springTestContextPrepareTestInstance -->
        <test-method is-config="true" signature="springTestContextBeforeTestMethod(java.lang.reflect.Method)[pri:0, instance:cz.muni.fi.pa165.smartphonEShop.dao.PhoneDaoTest@548a24a]" started-at="2018-10-29T21:28:37 SEČ" name="springTestContextBeforeTestMethod" finished-at="2018-10-29T21:28:37 SEČ" duration-ms="4" status="PASS">
          <params>
            <param index="0">
              <value>
                <![CDATA[public void cz.muni.fi.pa165.smartphonEShop.dao.PhoneDaoTest.createNull()]]>
              </value>
            </param>
          </params>
          <reporter-output>
          </reporter-output>
        </test-method> <!-- springTestContextBeforeTestMethod -->
        <test-method is-config="true" signature="setUp()[pri:0, instance:cz.muni.fi.pa165.smartphonEShop.dao.PhoneDaoTest@548a24a]" started-at="2018-10-29T21:28:37 SEČ" name="setUp" finished-at="2018-10-29T21:28:37 SEČ" duration-ms="1" status="PASS">
          <reporter-output>
          </reporter-output>
        </test-method> <!-- setUp -->
        <test-method signature="createNull()[pri:0, instance:cz.muni.fi.pa165.smartphonEShop.dao.PhoneDaoTest@548a24a]" started-at="2018-10-29T21:28:37 SEČ" name="createNull" finished-at="2018-10-29T21:28:37 SEČ" duration-ms="0" status="PASS">
          <exception class="java.lang.IllegalArgumentException">
            <message>
              <![CDATA[Phone is null!]]>
            </message>
            <full-stacktrace>
              <![CDATA[java.lang.IllegalArgumentException: Phone is null!
at cz.muni.fi.pa165.smartphonEShop.dao.PhoneDaoImpl.create(PhoneDaoImpl.java:28)
at cz.muni.fi.pa165.smartphonEShop.dao.PhoneDaoTest.createNull(PhoneDaoTest.java:147)
at java.base/jdk.internal.reflect.NativeMethodAccessorImpl.invoke0(Native Method)
at java.base/jdk.internal.reflect.NativeMethodAccessorImpl.invoke(NativeMethodAccessorImpl.java:62)
at java.base/jdk.internal.reflect.DelegatingMethodAccessorImpl.invoke(DelegatingMethodAccessorImpl.java:43)
at java.base/java.lang.reflect.Method.invoke(Method.java:564)
at org.testng.internal.MethodInvocationHelper.invokeMethod(MethodInvocationHelper.java:131)
at org.testng.internal.MethodInvocationHelper$1.runTestMethod(MethodInvocationHelper.java:237)
at org.springframework.test.context.testng.AbstractTestNGSpringContextTests.run(AbstractTestNGSpringContextTests.java:180)
at org.testng.internal.MethodInvocationHelper.invokeHookable(MethodInvocationHelper.java:249)
at org.testng.internal.Invoker.invokeMethod(Invoker.java:654)
at org.testng.internal.Invoker.invokeTestMethod(Invoker.java:792)
at org.testng.internal.Invoker.invokeTestMethods(Invoker.java:1103)
at org.testng.internal.TestMethodWorker.invokeTestMethods(TestMethodWorker.java:140)
at org.testng.internal.TestMethodWorker.run(TestMethodWorker.java:122)
at org.testng.TestRunner.privateRun(TestRunner.java:739)
at org.testng.TestRunner.run(TestRunner.java:589)
at org.testng.SuiteRunner.runTest(SuiteRunner.java:398)
at org.testng.SuiteRunner.runSequentially(SuiteRunner.java:392)
at org.testng.SuiteRunner.privateRun(SuiteRunner.java:354)
at org.testng.SuiteRunner.run(SuiteRunner.java:302)
at org.testng.SuiteRunnerWorker.runSuite(SuiteRunnerWorker.java:53)
at org.testng.SuiteRunnerWorker.run(SuiteRunnerWorker.java:96)
at org.testng.TestNG.runSuitesSequentially(TestNG.java:1145)
at org.testng.TestNG.runSuitesLocally(TestNG.java:1067)
at org.testng.TestNG.runSuites(TestNG.java:997)
at org.testng.TestNG.run(TestNG.java:965)
at org.apache.maven.surefire.testng.TestNGExecutor.run(TestNGExecutor.java:135)
at org.apache.maven.surefire.testng.TestNGDirectoryTestSuite.executeMulti(TestNGDirectoryTestSuite.java:193)
at org.apache.maven.surefire.testng.TestNGDirectoryTestSuite.execute(TestNGDirectoryTestSuite.java:94)
at org.apache.maven.surefire.testng.TestNGProvider.invoke(TestNGProvider.java:146)
at org.apache.maven.surefire.booter.ForkedBooter.invokeProviderInSameClassLoader(ForkedBooter.java:384)
at org.apache.maven.surefire.booter.ForkedBooter.runSuitesInProcess(ForkedBooter.java:345)
at org.apache.maven.surefire.booter.ForkedBooter.execute(ForkedBooter.java:126)
at org.apache.maven.surefire.booter.ForkedBooter.main(ForkedBooter.java:418)
]]>
            </full-stacktrace>
          </exception> <!-- java.lang.IllegalArgumentException -->
          <reporter-output>
          </reporter-output>
        </test-method> <!-- createNull -->
        <test-method is-config="true" signature="springTestContextAfterTestMethod(java.lang.reflect.Method)[pri:0, instance:cz.muni.fi.pa165.smartphonEShop.dao.PhoneDaoTest@548a24a]" started-at="2018-10-29T21:28:37 SEČ" name="springTestContextAfterTestMethod" finished-at="2018-10-29T21:28:37 SEČ" duration-ms="2" status="PASS">
          <params>
            <param index="0">
              <value>
                <![CDATA[public void cz.muni.fi.pa165.smartphonEShop.dao.PhoneDaoTest.createNull()]]>
              </value>
            </param>
          </params>
          <reporter-output>
          </reporter-output>
        </test-method> <!-- springTestContextAfterTestMethod -->
        <test-method is-config="true" signature="springTestContextBeforeTestMethod(java.lang.reflect.Method)[pri:0, instance:cz.muni.fi.pa165.smartphonEShop.dao.PhoneDaoTest@548a24a]" started-at="2018-10-29T21:28:37 SEČ" name="springTestContextBeforeTestMethod" finished-at="2018-10-29T21:28:37 SEČ" duration-ms="17" status="PASS">
          <params>
            <param index="0">
              <value>
                <![CDATA[public void cz.muni.fi.pa165.smartphonEShop.dao.PhoneDaoTest.delete()]]>
              </value>
            </param>
          </params>
          <reporter-output>
          </reporter-output>
        </test-method> <!-- springTestContextBeforeTestMethod -->
        <test-method is-config="true" signature="setUp()[pri:0, instance:cz.muni.fi.pa165.smartphonEShop.dao.PhoneDaoTest@548a24a]" started-at="2018-10-29T21:28:37 SEČ" name="setUp" finished-at="2018-10-29T21:28:37 SEČ" duration-ms="1" status="PASS">
          <reporter-output>
          </reporter-output>
        </test-method> <!-- setUp -->
        <test-method signature="delete()[pri:0, instance:cz.muni.fi.pa165.smartphonEShop.dao.PhoneDaoTest@548a24a]" started-at="2018-10-29T21:28:37 SEČ" name="delete" finished-at="2018-10-29T21:28:37 SEČ" duration-ms="190" status="PASS">
          <reporter-output>
          </reporter-output>
        </test-method> <!-- delete -->
        <test-method is-config="true" signature="springTestContextAfterTestMethod(java.lang.reflect.Method)[pri:0, instance:cz.muni.fi.pa165.smartphonEShop.dao.PhoneDaoTest@548a24a]" started-at="2018-10-29T21:28:37 SEČ" name="springTestContextAfterTestMethod" finished-at="2018-10-29T21:28:37 SEČ" duration-ms="39" status="PASS">
          <params>
            <param index="0">
              <value>
                <![CDATA[public void cz.muni.fi.pa165.smartphonEShop.dao.PhoneDaoTest.delete()]]>
              </value>
            </param>
          </params>
          <reporter-output>
          </reporter-output>
        </test-method> <!-- springTestContextAfterTestMethod -->
        <test-method is-config="true" signature="springTestContextBeforeTestMethod(java.lang.reflect.Method)[pri:0, instance:cz.muni.fi.pa165.smartphonEShop.dao.PhoneDaoTest@548a24a]" started-at="2018-10-29T21:28:37 SEČ" name="springTestContextBeforeTestMethod" finished-at="2018-10-29T21:28:37 SEČ" duration-ms="4" status="PASS">
          <params>
            <param index="0">
              <value>
                <![CDATA[public void cz.muni.fi.pa165.smartphonEShop.dao.PhoneDaoTest.deleteNull()]]>
              </value>
            </param>
          </params>
          <reporter-output>
          </reporter-output>
        </test-method> <!-- springTestContextBeforeTestMethod -->
        <test-method signature="deleteNull()[pri:0, instance:cz.muni.fi.pa165.smartphonEShop.dao.PhoneDaoTest@548a24a]" started-at="2018-10-29T21:28:37 SEČ" name="deleteNull" finished-at="2018-10-29T21:28:37 SEČ" duration-ms="1" status="PASS">
          <exception class="java.lang.IllegalArgumentException">
            <message>
              <![CDATA[Phone is null!]]>
            </message>
            <full-stacktrace>
              <![CDATA[java.lang.IllegalArgumentException: Phone is null!
at cz.muni.fi.pa165.smartphonEShop.dao.PhoneDaoImpl.delete(PhoneDaoImpl.java:46)
at cz.muni.fi.pa165.smartphonEShop.dao.PhoneDaoTest.deleteNull(PhoneDaoTest.java:159)
at java.base/jdk.internal.reflect.NativeMethodAccessorImpl.invoke0(Native Method)
at java.base/jdk.internal.reflect.NativeMethodAccessorImpl.invoke(NativeMethodAccessorImpl.java:62)
at java.base/jdk.internal.reflect.DelegatingMethodAccessorImpl.invoke(DelegatingMethodAccessorImpl.java:43)
at java.base/java.lang.reflect.Method.invoke(Method.java:564)
at org.testng.internal.MethodInvocationHelper.invokeMethod(MethodInvocationHelper.java:131)
at org.testng.internal.MethodInvocationHelper$1.runTestMethod(MethodInvocationHelper.java:237)
at org.springframework.test.context.testng.AbstractTestNGSpringContextTests.run(AbstractTestNGSpringContextTests.java:180)
at org.testng.internal.MethodInvocationHelper.invokeHookable(MethodInvocationHelper.java:249)
at org.testng.internal.Invoker.invokeMethod(Invoker.java:654)
at org.testng.internal.Invoker.invokeTestMethod(Invoker.java:792)
at org.testng.internal.Invoker.invokeTestMethods(Invoker.java:1103)
at org.testng.internal.TestMethodWorker.invokeTestMethods(TestMethodWorker.java:140)
at org.testng.internal.TestMethodWorker.run(TestMethodWorker.java:122)
at org.testng.TestRunner.privateRun(TestRunner.java:739)
at org.testng.TestRunner.run(TestRunner.java:589)
at org.testng.SuiteRunner.runTest(SuiteRunner.java:398)
at org.testng.SuiteRunner.runSequentially(SuiteRunner.java:392)
at org.testng.SuiteRunner.privateRun(SuiteRunner.java:354)
at org.testng.SuiteRunner.run(SuiteRunner.java:302)
at org.testng.SuiteRunnerWorker.runSuite(SuiteRunnerWorker.java:53)
at org.testng.SuiteRunnerWorker.run(SuiteRunnerWorker.java:96)
at org.testng.TestNG.runSuitesSequentially(TestNG.java:1145)
at org.testng.TestNG.runSuitesLocally(TestNG.java:1067)
at org.testng.TestNG.runSuites(TestNG.java:997)
at org.testng.TestNG.run(TestNG.java:965)
at org.apache.maven.surefire.testng.TestNGExecutor.run(TestNGExecutor.java:135)
at org.apache.maven.surefire.testng.TestNGDirectoryTestSuite.executeMulti(TestNGDirectoryTestSuite.java:193)
at org.apache.maven.surefire.testng.TestNGDirectoryTestSuite.execute(TestNGDirectoryTestSuite.java:94)
at org.apache.maven.surefire.testng.TestNGProvider.invoke(TestNGProvider.java:146)
at org.apache.maven.surefire.booter.ForkedBooter.invokeProviderInSameClassLoader(ForkedBooter.java:384)
at org.apache.maven.surefire.booter.ForkedBooter.runSuitesInProcess(ForkedBooter.java:345)
at org.apache.maven.surefire.booter.ForkedBooter.execute(ForkedBooter.java:126)
at org.apache.maven.surefire.booter.ForkedBooter.main(ForkedBooter.java:418)
]]>
            </full-stacktrace>
          </exception> <!-- java.lang.IllegalArgumentException -->
          <reporter-output>
          </reporter-output>
        </test-method> <!-- deleteNull -->
        <test-method is-config="true" signature="setUp()[pri:0, instance:cz.muni.fi.pa165.smartphonEShop.dao.PhoneDaoTest@548a24a]" started-at="2018-10-29T21:28:37 SEČ" name="setUp" finished-at="2018-10-29T21:28:37 SEČ" duration-ms="0" status="PASS">
          <reporter-output>
          </reporter-output>
        </test-method> <!-- setUp -->
        <test-method is-config="true" signature="springTestContextAfterTestMethod(java.lang.reflect.Method)[pri:0, instance:cz.muni.fi.pa165.smartphonEShop.dao.PhoneDaoTest@548a24a]" started-at="2018-10-29T21:28:37 SEČ" name="springTestContextAfterTestMethod" finished-at="2018-10-29T21:28:37 SEČ" duration-ms="1" status="PASS">
          <params>
            <param index="0">
              <value>
                <![CDATA[public void cz.muni.fi.pa165.smartphonEShop.dao.PhoneDaoTest.deleteNull()]]>
              </value>
            </param>
          </params>
          <reporter-output>
          </reporter-output>
        </test-method> <!-- springTestContextAfterTestMethod -->
        <test-method is-config="true" signature="springTestContextBeforeTestMethod(java.lang.reflect.Method)[pri:0, instance:cz.muni.fi.pa165.smartphonEShop.dao.PhoneDaoTest@548a24a]" started-at="2018-10-29T21:28:37 SEČ" name="springTestContextBeforeTestMethod" finished-at="2018-10-29T21:28:37 SEČ" duration-ms="3" status="PASS">
          <params>
            <param index="0">
              <value>
                <![CDATA[public void cz.muni.fi.pa165.smartphonEShop.dao.PhoneDaoTest.findAll()]]>
              </value>
            </param>
          </params>
          <reporter-output>
          </reporter-output>
        </test-method> <!-- springTestContextBeforeTestMethod -->
        <test-method signature="findAll()[pri:0, instance:cz.muni.fi.pa165.smartphonEShop.dao.PhoneDaoTest@548a24a]" started-at="2018-10-29T21:28:37 SEČ" name="findAll" finished-at="2018-10-29T21:28:37 SEČ" duration-ms="39" status="PASS">
          <reporter-output>
          </reporter-output>
        </test-method> <!-- findAll -->
        <test-method is-config="true" signature="setUp()[pri:0, instance:cz.muni.fi.pa165.smartphonEShop.dao.PhoneDaoTest@548a24a]" started-at="2018-10-29T21:28:37 SEČ" name="setUp" finished-at="2018-10-29T21:28:37 SEČ" duration-ms="0" status="PASS">
          <reporter-output>
          </reporter-output>
        </test-method> <!-- setUp -->
        <test-method is-config="true" signature="springTestContextAfterTestMethod(java.lang.reflect.Method)[pri:0, instance:cz.muni.fi.pa165.smartphonEShop.dao.PhoneDaoTest@548a24a]" started-at="2018-10-29T21:28:37 SEČ" name="springTestContextAfterTestMethod" finished-at="2018-10-29T21:28:37 SEČ" duration-ms="8" status="PASS">
          <params>
            <param index="0">
              <value>
                <![CDATA[public void cz.muni.fi.pa165.smartphonEShop.dao.PhoneDaoTest.findAll()]]>
              </value>
            </param>
          </params>
          <reporter-output>
          </reporter-output>
        </test-method> <!-- springTestContextAfterTestMethod -->
        <test-method is-config="true" signature="springTestContextBeforeTestMethod(java.lang.reflect.Method)[pri:0, instance:cz.muni.fi.pa165.smartphonEShop.dao.PhoneDaoTest@548a24a]" started-at="2018-10-29T21:28:37 SEČ" name="springTestContextBeforeTestMethod" finished-at="2018-10-29T21:28:37 SEČ" duration-ms="5" status="PASS">
          <params>
            <param index="0">
              <value>
                <![CDATA[public void cz.muni.fi.pa165.smartphonEShop.dao.PhoneDaoTest.findById()]]>
              </value>
            </param>
          </params>
          <reporter-output>
          </reporter-output>
        </test-method> <!-- springTestContextBeforeTestMethod -->
        <test-method signature="findById()[pri:0, instance:cz.muni.fi.pa165.smartphonEShop.dao.PhoneDaoTest@548a24a]" started-at="2018-10-29T21:28:37 SEČ" name="findById" finished-at="2018-10-29T21:28:37 SEČ" duration-ms="24" status="PASS">
          <reporter-output>
          </reporter-output>
        </test-method> <!-- findById -->
        <test-method is-config="true" signature="setUp()[pri:0, instance:cz.muni.fi.pa165.smartphonEShop.dao.PhoneDaoTest@548a24a]" started-at="2018-10-29T21:28:37 SEČ" name="setUp" finished-at="2018-10-29T21:28:37 SEČ" duration-ms="0" status="PASS">
          <reporter-output>
          </reporter-output>
        </test-method> <!-- setUp -->
        <test-method is-config="true" signature="springTestContextAfterTestMethod(java.lang.reflect.Method)[pri:0, instance:cz.muni.fi.pa165.smartphonEShop.dao.PhoneDaoTest@548a24a]" started-at="2018-10-29T21:28:37 SEČ" name="springTestContextAfterTestMethod" finished-at="2018-10-29T21:28:37 SEČ" duration-ms="3" status="PASS">
          <params>
            <param index="0">
              <value>
                <![CDATA[public void cz.muni.fi.pa165.smartphonEShop.dao.PhoneDaoTest.findById()]]>
              </value>
            </param>
          </params>
          <reporter-output>
          </reporter-output>
        </test-method> <!-- springTestContextAfterTestMethod -->
        <test-method is-config="true" signature="springTestContextBeforeTestMethod(java.lang.reflect.Method)[pri:0, instance:cz.muni.fi.pa165.smartphonEShop.dao.PhoneDaoTest@548a24a]" started-at="2018-10-29T21:28:37 SEČ" name="springTestContextBeforeTestMethod" finished-at="2018-10-29T21:28:37 SEČ" duration-ms="10" status="PASS">
          <params>
            <param index="0">
              <value>
                <![CDATA[public void cz.muni.fi.pa165.smartphonEShop.dao.PhoneDaoTest.findByIdNegative()]]>
              </value>
            </param>
          </params>
          <reporter-output>
          </reporter-output>
        </test-method> <!-- springTestContextBeforeTestMethod -->
        <test-method is-config="true" signature="setUp()[pri:0, instance:cz.muni.fi.pa165.smartphonEShop.dao.PhoneDaoTest@548a24a]" started-at="2018-10-29T21:28:37 SEČ" name="setUp" finished-at="2018-10-29T21:28:37 SEČ" duration-ms="0" status="PASS">
          <reporter-output>
          </reporter-output>
        </test-method> <!-- setUp -->
        <test-method signature="findByIdNegative()[pri:0, instance:cz.muni.fi.pa165.smartphonEShop.dao.PhoneDaoTest@548a24a]" started-at="2018-10-29T21:28:37 SEČ" name="findByIdNegative" finished-at="2018-10-29T21:28:37 SEČ" duration-ms="0" status="PASS">
          <exception class="java.lang.IllegalArgumentException">
            <message>
              <![CDATA[PhoneId is null or less than 0!]]>
            </message>
            <full-stacktrace>
              <![CDATA[java.lang.IllegalArgumentException: PhoneId is null or less than 0!
at cz.muni.fi.pa165.smartphonEShop.dao.PhoneDaoImpl.findById(PhoneDaoImpl.java:59)
at cz.muni.fi.pa165.smartphonEShop.dao.PhoneDaoTest.findByIdNegative(PhoneDaoTest.java:171)
at java.base/jdk.internal.reflect.NativeMethodAccessorImpl.invoke0(Native Method)
at java.base/jdk.internal.reflect.NativeMethodAccessorImpl.invoke(NativeMethodAccessorImpl.java:62)
at java.base/jdk.internal.reflect.DelegatingMethodAccessorImpl.invoke(DelegatingMethodAccessorImpl.java:43)
at java.base/java.lang.reflect.Method.invoke(Method.java:564)
at org.testng.internal.MethodInvocationHelper.invokeMethod(MethodInvocationHelper.java:131)
at org.testng.internal.MethodInvocationHelper$1.runTestMethod(MethodInvocationHelper.java:237)
at org.springframework.test.context.testng.AbstractTestNGSpringContextTests.run(AbstractTestNGSpringContextTests.java:180)
at org.testng.internal.MethodInvocationHelper.invokeHookable(MethodInvocationHelper.java:249)
at org.testng.internal.Invoker.invokeMethod(Invoker.java:654)
at org.testng.internal.Invoker.invokeTestMethod(Invoker.java:792)
at org.testng.internal.Invoker.invokeTestMethods(Invoker.java:1103)
at org.testng.internal.TestMethodWorker.invokeTestMethods(TestMethodWorker.java:140)
at org.testng.internal.TestMethodWorker.run(TestMethodWorker.java:122)
at org.testng.TestRunner.privateRun(TestRunner.java:739)
at org.testng.TestRunner.run(TestRunner.java:589)
at org.testng.SuiteRunner.runTest(SuiteRunner.java:398)
at org.testng.SuiteRunner.runSequentially(SuiteRunner.java:392)
at org.testng.SuiteRunner.privateRun(SuiteRunner.java:354)
at org.testng.SuiteRunner.run(SuiteRunner.java:302)
at org.testng.SuiteRunnerWorker.runSuite(SuiteRunnerWorker.java:53)
at org.testng.SuiteRunnerWorker.run(SuiteRunnerWorker.java:96)
at org.testng.TestNG.runSuitesSequentially(TestNG.java:1145)
at org.testng.TestNG.runSuitesLocally(TestNG.java:1067)
at org.testng.TestNG.runSuites(TestNG.java:997)
at org.testng.TestNG.run(TestNG.java:965)
at org.apache.maven.surefire.testng.TestNGExecutor.run(TestNGExecutor.java:135)
at org.apache.maven.surefire.testng.TestNGDirectoryTestSuite.executeMulti(TestNGDirectoryTestSuite.java:193)
at org.apache.maven.surefire.testng.TestNGDirectoryTestSuite.execute(TestNGDirectoryTestSuite.java:94)
at org.apache.maven.surefire.testng.TestNGProvider.invoke(TestNGProvider.java:146)
at org.apache.maven.surefire.booter.ForkedBooter.invokeProviderInSameClassLoader(ForkedBooter.java:384)
at org.apache.maven.surefire.booter.ForkedBooter.runSuitesInProcess(ForkedBooter.java:345)
at org.apache.maven.surefire.booter.ForkedBooter.execute(ForkedBooter.java:126)
at org.apache.maven.surefire.booter.ForkedBooter.main(ForkedBooter.java:418)
]]>
            </full-stacktrace>
          </exception> <!-- java.lang.IllegalArgumentException -->
          <reporter-output>
          </reporter-output>
        </test-method> <!-- findByIdNegative -->
        <test-method is-config="true" signature="springTestContextAfterTestMethod(java.lang.reflect.Method)[pri:0, instance:cz.muni.fi.pa165.smartphonEShop.dao.PhoneDaoTest@548a24a]" started-at="2018-10-29T21:28:37 SEČ" name="springTestContextAfterTestMethod" finished-at="2018-10-29T21:28:37 SEČ" duration-ms="4" status="PASS">
          <params>
            <param index="0">
              <value>
                <![CDATA[public void cz.muni.fi.pa165.smartphonEShop.dao.PhoneDaoTest.findByIdNegative()]]>
              </value>
            </param>
          </params>
          <reporter-output>
          </reporter-output>
        </test-method> <!-- springTestContextAfterTestMethod -->
        <test-method is-config="true" signature="springTestContextBeforeTestMethod(java.lang.reflect.Method)[pri:0, instance:cz.muni.fi.pa165.smartphonEShop.dao.PhoneDaoTest@548a24a]" started-at="2018-10-29T21:28:37 SEČ" name="springTestContextBeforeTestMethod" finished-at="2018-10-29T21:28:37 SEČ" duration-ms="3" status="PASS">
          <params>
            <param index="0">
              <value>
                <![CDATA[public void cz.muni.fi.pa165.smartphonEShop.dao.PhoneDaoTest.findByIdNull()]]>
              </value>
            </param>
          </params>
          <reporter-output>
          </reporter-output>
        </test-method> <!-- springTestContextBeforeTestMethod -->
        <test-method is-config="true" signature="setUp()[pri:0, instance:cz.muni.fi.pa165.smartphonEShop.dao.PhoneDaoTest@548a24a]" started-at="2018-10-29T21:28:37 SEČ" name="setUp" finished-at="2018-10-29T21:28:37 SEČ" duration-ms="0" status="PASS">
          <reporter-output>
          </reporter-output>
        </test-method> <!-- setUp -->
        <test-method signature="findByIdNull()[pri:0, instance:cz.muni.fi.pa165.smartphonEShop.dao.PhoneDaoTest@548a24a]" started-at="2018-10-29T21:28:37 SEČ" name="findByIdNull" finished-at="2018-10-29T21:28:37 SEČ" duration-ms="1" status="PASS">
          <exception class="java.lang.IllegalArgumentException">
            <message>
              <![CDATA[PhoneId is null or less than 0!]]>
            </message>
            <full-stacktrace>
              <![CDATA[java.lang.IllegalArgumentException: PhoneId is null or less than 0!
at cz.muni.fi.pa165.smartphonEShop.dao.PhoneDaoImpl.findById(PhoneDaoImpl.java:59)
at cz.muni.fi.pa165.smartphonEShop.dao.PhoneDaoTest.findByIdNull(PhoneDaoTest.java:165)
at java.base/jdk.internal.reflect.NativeMethodAccessorImpl.invoke0(Native Method)
at java.base/jdk.internal.reflect.NativeMethodAccessorImpl.invoke(NativeMethodAccessorImpl.java:62)
at java.base/jdk.internal.reflect.DelegatingMethodAccessorImpl.invoke(DelegatingMethodAccessorImpl.java:43)
at java.base/java.lang.reflect.Method.invoke(Method.java:564)
at org.testng.internal.MethodInvocationHelper.invokeMethod(MethodInvocationHelper.java:131)
at org.testng.internal.MethodInvocationHelper$1.runTestMethod(MethodInvocationHelper.java:237)
at org.springframework.test.context.testng.AbstractTestNGSpringContextTests.run(AbstractTestNGSpringContextTests.java:180)
at org.testng.internal.MethodInvocationHelper.invokeHookable(MethodInvocationHelper.java:249)
at org.testng.internal.Invoker.invokeMethod(Invoker.java:654)
at org.testng.internal.Invoker.invokeTestMethod(Invoker.java:792)
at org.testng.internal.Invoker.invokeTestMethods(Invoker.java:1103)
at org.testng.internal.TestMethodWorker.invokeTestMethods(TestMethodWorker.java:140)
at org.testng.internal.TestMethodWorker.run(TestMethodWorker.java:122)
at org.testng.TestRunner.privateRun(TestRunner.java:739)
at org.testng.TestRunner.run(TestRunner.java:589)
at org.testng.SuiteRunner.runTest(SuiteRunner.java:398)
at org.testng.SuiteRunner.runSequentially(SuiteRunner.java:392)
at org.testng.SuiteRunner.privateRun(SuiteRunner.java:354)
at org.testng.SuiteRunner.run(SuiteRunner.java:302)
at org.testng.SuiteRunnerWorker.runSuite(SuiteRunnerWorker.java:53)
at org.testng.SuiteRunnerWorker.run(SuiteRunnerWorker.java:96)
at org.testng.TestNG.runSuitesSequentially(TestNG.java:1145)
at org.testng.TestNG.runSuitesLocally(TestNG.java:1067)
at org.testng.TestNG.runSuites(TestNG.java:997)
at org.testng.TestNG.run(TestNG.java:965)
at org.apache.maven.surefire.testng.TestNGExecutor.run(TestNGExecutor.java:135)
at org.apache.maven.surefire.testng.TestNGDirectoryTestSuite.executeMulti(TestNGDirectoryTestSuite.java:193)
at org.apache.maven.surefire.testng.TestNGDirectoryTestSuite.execute(TestNGDirectoryTestSuite.java:94)
at org.apache.maven.surefire.testng.TestNGProvider.invoke(TestNGProvider.java:146)
at org.apache.maven.surefire.booter.ForkedBooter.invokeProviderInSameClassLoader(ForkedBooter.java:384)
at org.apache.maven.surefire.booter.ForkedBooter.runSuitesInProcess(ForkedBooter.java:345)
at org.apache.maven.surefire.booter.ForkedBooter.execute(ForkedBooter.java:126)
at org.apache.maven.surefire.booter.ForkedBooter.main(ForkedBooter.java:418)
]]>
            </full-stacktrace>
          </exception> <!-- java.lang.IllegalArgumentException -->
          <reporter-output>
          </reporter-output>
        </test-method> <!-- findByIdNull -->
        <test-method is-config="true" signature="springTestContextAfterTestMethod(java.lang.reflect.Method)[pri:0, instance:cz.muni.fi.pa165.smartphonEShop.dao.PhoneDaoTest@548a24a]" started-at="2018-10-29T21:28:37 SEČ" name="springTestContextAfterTestMethod" finished-at="2018-10-29T21:28:37 SEČ" duration-ms="2" status="PASS">
          <params>
            <param index="0">
              <value>
                <![CDATA[public void cz.muni.fi.pa165.smartphonEShop.dao.PhoneDaoTest.findByIdNull()]]>
              </value>
            </param>
          </params>
          <reporter-output>
          </reporter-output>
        </test-method> <!-- springTestContextAfterTestMethod -->
        <test-method is-config="true" signature="springTestContextBeforeTestMethod(java.lang.reflect.Method)[pri:0, instance:cz.muni.fi.pa165.smartphonEShop.dao.PhoneDaoTest@548a24a]" started-at="2018-10-29T21:28:37 SEČ" name="springTestContextBeforeTestMethod" finished-at="2018-10-29T21:28:38 SEČ" duration-ms="12" status="PASS">
          <params>
            <param index="0">
              <value>
                <![CDATA[public void cz.muni.fi.pa165.smartphonEShop.dao.PhoneDaoTest.update()]]>
              </value>
            </param>
          </params>
          <reporter-output>
          </reporter-output>
        </test-method> <!-- springTestContextBeforeTestMethod -->
        <test-method signature="update()[pri:0, instance:cz.muni.fi.pa165.smartphonEShop.dao.PhoneDaoTest@548a24a]" started-at="2018-10-29T21:28:38 SEČ" name="update" finished-at="2018-10-29T21:28:38 SEČ" duration-ms="7" status="PASS">
          <reporter-output>
          </reporter-output>
        </test-method> <!-- update -->
        <test-method is-config="true" signature="setUp()[pri:0, instance:cz.muni.fi.pa165.smartphonEShop.dao.PhoneDaoTest@548a24a]" started-at="2018-10-29T21:28:38 SEČ" name="setUp" finished-at="2018-10-29T21:28:38 SEČ" duration-ms="0" status="PASS">
          <reporter-output>
          </reporter-output>
        </test-method> <!-- setUp -->
        <test-method is-config="true" signature="springTestContextAfterTestMethod(java.lang.reflect.Method)[pri:0, instance:cz.muni.fi.pa165.smartphonEShop.dao.PhoneDaoTest@548a24a]" started-at="2018-10-29T21:28:38 SEČ" name="springTestContextAfterTestMethod" finished-at="2018-10-29T21:28:38 SEČ" duration-ms="3" status="PASS">
          <params>
            <param index="0">
              <value>
                <![CDATA[public void cz.muni.fi.pa165.smartphonEShop.dao.PhoneDaoTest.update()]]>
              </value>
            </param>
          </params>
          <reporter-output>
          </reporter-output>
        </test-method> <!-- springTestContextAfterTestMethod -->
        <test-method is-config="true" signature="springTestContextBeforeTestMethod(java.lang.reflect.Method)[pri:0, instance:cz.muni.fi.pa165.smartphonEShop.dao.PhoneDaoTest@548a24a]" started-at="2018-10-29T21:28:38 SEČ" name="springTestContextBeforeTestMethod" finished-at="2018-10-29T21:28:38 SEČ" duration-ms="27" status="PASS">
          <params>
            <param index="0">
              <value>
                <![CDATA[public void cz.muni.fi.pa165.smartphonEShop.dao.PhoneDaoTest.updateNull()]]>
              </value>
            </param>
          </params>
          <reporter-output>
          </reporter-output>
        </test-method> <!-- springTestContextBeforeTestMethod -->
        <test-method is-config="true" signature="setUp()[pri:0, instance:cz.muni.fi.pa165.smartphonEShop.dao.PhoneDaoTest@548a24a]" started-at="2018-10-29T21:28:38 SEČ" name="setUp" finished-at="2018-10-29T21:28:38 SEČ" duration-ms="0" status="PASS">
          <reporter-output>
          </reporter-output>
        </test-method> <!-- setUp -->
        <test-method signature="updateNull()[pri:0, instance:cz.muni.fi.pa165.smartphonEShop.dao.PhoneDaoTest@548a24a]" started-at="2018-10-29T21:28:38 SEČ" name="updateNull" finished-at="2018-10-29T21:28:38 SEČ" duration-ms="1" status="PASS">
          <exception class="java.lang.IllegalArgumentException">
            <message>
              <![CDATA[Phone is null!]]>
            </message>
            <full-stacktrace>
              <![CDATA[java.lang.IllegalArgumentException: Phone is null!
at cz.muni.fi.pa165.smartphonEShop.dao.PhoneDaoImpl.update(PhoneDaoImpl.java:37)
at cz.muni.fi.pa165.smartphonEShop.dao.PhoneDaoTest.updateNull(PhoneDaoTest.java:153)
at java.base/jdk.internal.reflect.NativeMethodAccessorImpl.invoke0(Native Method)
at java.base/jdk.internal.reflect.NativeMethodAccessorImpl.invoke(NativeMethodAccessorImpl.java:62)
at java.base/jdk.internal.reflect.DelegatingMethodAccessorImpl.invoke(DelegatingMethodAccessorImpl.java:43)
at java.base/java.lang.reflect.Method.invoke(Method.java:564)
at org.testng.internal.MethodInvocationHelper.invokeMethod(MethodInvocationHelper.java:131)
at org.testng.internal.MethodInvocationHelper$1.runTestMethod(MethodInvocationHelper.java:237)
at org.springframework.test.context.testng.AbstractTestNGSpringContextTests.run(AbstractTestNGSpringContextTests.java:180)
at org.testng.internal.MethodInvocationHelper.invokeHookable(MethodInvocationHelper.java:249)
at org.testng.internal.Invoker.invokeMethod(Invoker.java:654)
at org.testng.internal.Invoker.invokeTestMethod(Invoker.java:792)
at org.testng.internal.Invoker.invokeTestMethods(Invoker.java:1103)
at org.testng.internal.TestMethodWorker.invokeTestMethods(TestMethodWorker.java:140)
at org.testng.internal.TestMethodWorker.run(TestMethodWorker.java:122)
at org.testng.TestRunner.privateRun(TestRunner.java:739)
at org.testng.TestRunner.run(TestRunner.java:589)
at org.testng.SuiteRunner.runTest(SuiteRunner.java:398)
at org.testng.SuiteRunner.runSequentially(SuiteRunner.java:392)
at org.testng.SuiteRunner.privateRun(SuiteRunner.java:354)
at org.testng.SuiteRunner.run(SuiteRunner.java:302)
at org.testng.SuiteRunnerWorker.runSuite(SuiteRunnerWorker.java:53)
at org.testng.SuiteRunnerWorker.run(SuiteRunnerWorker.java:96)
at org.testng.TestNG.runSuitesSequentially(TestNG.java:1145)
at org.testng.TestNG.runSuitesLocally(TestNG.java:1067)
at org.testng.TestNG.runSuites(TestNG.java:997)
at org.testng.TestNG.run(TestNG.java:965)
at org.apache.maven.surefire.testng.TestNGExecutor.run(TestNGExecutor.java:135)
at org.apache.maven.surefire.testng.TestNGDirectoryTestSuite.executeMulti(TestNGDirectoryTestSuite.java:193)
at org.apache.maven.surefire.testng.TestNGDirectoryTestSuite.execute(TestNGDirectoryTestSuite.java:94)
at org.apache.maven.surefire.testng.TestNGProvider.invoke(TestNGProvider.java:146)
at org.apache.maven.surefire.booter.ForkedBooter.invokeProviderInSameClassLoader(ForkedBooter.java:384)
at org.apache.maven.surefire.booter.ForkedBooter.runSuitesInProcess(ForkedBooter.java:345)
at org.apache.maven.surefire.booter.ForkedBooter.execute(ForkedBooter.java:126)
at org.apache.maven.surefire.booter.ForkedBooter.main(ForkedBooter.java:418)
]]>
            </full-stacktrace>
          </exception> <!-- java.lang.IllegalArgumentException -->
          <reporter-output>
          </reporter-output>
        </test-method> <!-- updateNull -->
        <test-method is-config="true" signature="springTestContextAfterTestMethod(java.lang.reflect.Method)[pri:0, instance:cz.muni.fi.pa165.smartphonEShop.dao.PhoneDaoTest@548a24a]" started-at="2018-10-29T21:28:38 SEČ" name="springTestContextAfterTestMethod" finished-at="2018-10-29T21:28:38 SEČ" duration-ms="2" status="PASS">
          <params>
            <param index="0">
              <value>
                <![CDATA[public void cz.muni.fi.pa165.smartphonEShop.dao.PhoneDaoTest.updateNull()]]>
              </value>
            </param>
          </params>
          <reporter-output>
          </reporter-output>
        </test-method> <!-- springTestContextAfterTestMethod -->
        <test-method is-config="true" signature="springTestContextAfterTestClass()[pri:0, instance:cz.muni.fi.pa165.smartphonEShop.dao.PhoneDaoTest@548a24a]" started-at="2018-10-29T21:28:38 SEČ" name="springTestContextAfterTestClass" finished-at="2018-10-29T21:28:38 SEČ" duration-ms="1" status="PASS">
          <reporter-output>
          </reporter-output>
        </test-method> <!-- springTestContextAfterTestClass -->
      </class> <!-- cz.muni.fi.pa165.smartphonEShop.dao.PhoneDaoTest -->
      <class name="cz.muni.fi.pa165.smartphonEShop.dao.OrderDaoTest">
        <test-method is-config="true" signature="springTestContextBeforeTestClass()[pri:0, instance:cz.muni.fi.pa165.smartphonEShop.dao.OrderDaoTest@6f10d5b6]" started-at="2018-10-29T21:28:36 SEČ" name="springTestContextBeforeTestClass" finished-at="2018-10-29T21:28:36 SEČ" duration-ms="1" status="PASS">
          <reporter-output>
          </reporter-output>
        </test-method> <!-- springTestContextBeforeTestClass -->
        <test-method is-config="true" signature="springTestContextPrepareTestInstance()[pri:0, instance:cz.muni.fi.pa165.smartphonEShop.dao.OrderDaoTest@6f10d5b6]" started-at="2018-10-29T21:28:36 SEČ" name="springTestContextPrepareTestInstance" finished-at="2018-10-29T21:28:36 SEČ" depends-on-methods="org.springframework.test.context.testng.AbstractTestNGSpringContextTests.springTestContextBeforeTestClass" duration-ms="9" status="PASS">
          <reporter-output>
          </reporter-output>
        </test-method> <!-- springTestContextPrepareTestInstance -->
        <test-method is-config="true" signature="springTestContextBeforeTestMethod(java.lang.reflect.Method)[pri:0, instance:cz.muni.fi.pa165.smartphonEShop.dao.OrderDaoTest@6f10d5b6]" started-at="2018-10-29T21:28:36 SEČ" name="springTestContextBeforeTestMethod" finished-at="2018-10-29T21:28:36 SEČ" duration-ms="10" status="PASS">
          <params>
            <param index="0">
              <value>
                <![CDATA[public void cz.muni.fi.pa165.smartphonEShop.dao.OrderDaoTest.create()]]>
              </value>
            </param>
          </params>
          <reporter-output>
          </reporter-output>
        </test-method> <!-- springTestContextBeforeTestMethod -->
        <test-method is-config="true" signature="setUp()[pri:0, instance:cz.muni.fi.pa165.smartphonEShop.dao.OrderDaoTest@6f10d5b6]" started-at="2018-10-29T21:28:36 SEČ" name="setUp" finished-at="2018-10-29T21:28:36 SEČ" duration-ms="20" status="PASS">
          <reporter-output>
          </reporter-output>
        </test-method> <!-- setUp -->
        <test-method signature="create()[pri:0, instance:cz.muni.fi.pa165.smartphonEShop.dao.OrderDaoTest@6f10d5b6]" started-at="2018-10-29T21:28:36 SEČ" name="create" finished-at="2018-10-29T21:28:36 SEČ" duration-ms="3" status="PASS">
          <reporter-output>
          </reporter-output>
        </test-method> <!-- create -->
        <test-method is-config="true" signature="springTestContextAfterTestMethod(java.lang.reflect.Method)[pri:0, instance:cz.muni.fi.pa165.smartphonEShop.dao.OrderDaoTest@6f10d5b6]" started-at="2018-10-29T21:28:36 SEČ" name="springTestContextAfterTestMethod" finished-at="2018-10-29T21:28:36 SEČ" duration-ms="6" status="PASS">
          <params>
            <param index="0">
              <value>
                <![CDATA[public void cz.muni.fi.pa165.smartphonEShop.dao.OrderDaoTest.create()]]>
              </value>
            </param>
          </params>
          <reporter-output>
          </reporter-output>
        </test-method> <!-- springTestContextAfterTestMethod -->
        <test-method is-config="true" signature="springTestContextBeforeTestMethod(java.lang.reflect.Method)[pri:0, instance:cz.muni.fi.pa165.smartphonEShop.dao.OrderDaoTest@6f10d5b6]" started-at="2018-10-29T21:28:36 SEČ" name="springTestContextBeforeTestMethod" finished-at="2018-10-29T21:28:36 SEČ" duration-ms="6" status="PASS">
          <params>
            <param index="0">
              <value>
                <![CDATA[public void cz.muni.fi.pa165.smartphonEShop.dao.OrderDaoTest.createNull()]]>
              </value>
            </param>
          </params>
          <reporter-output>
          </reporter-output>
        </test-method> <!-- springTestContextBeforeTestMethod -->
        <test-method is-config="true" signature="setUp()[pri:0, instance:cz.muni.fi.pa165.smartphonEShop.dao.OrderDaoTest@6f10d5b6]" started-at="2018-10-29T21:28:36 SEČ" name="setUp" finished-at="2018-10-29T21:28:36 SEČ" duration-ms="17" status="PASS">
          <reporter-output>
          </reporter-output>
        </test-method> <!-- setUp -->
        <test-method signature="createNull()[pri:0, instance:cz.muni.fi.pa165.smartphonEShop.dao.OrderDaoTest@6f10d5b6]" started-at="2018-10-29T21:28:36 SEČ" name="createNull" finished-at="2018-10-29T21:28:36 SEČ" duration-ms="0" status="PASS">
          <exception class="java.lang.IllegalArgumentException">
            <message>
              <![CDATA[Order is null!]]>
            </message>
            <full-stacktrace>
              <![CDATA[java.lang.IllegalArgumentException: Order is null!
at cz.muni.fi.pa165.smartphonEShop.dao.OrderDaoImpl.create(OrderDaoImpl.java:21)
at cz.muni.fi.pa165.smartphonEShop.dao.OrderDaoTest.createNull(OrderDaoTest.java:171)
at java.base/jdk.internal.reflect.NativeMethodAccessorImpl.invoke0(Native Method)
at java.base/jdk.internal.reflect.NativeMethodAccessorImpl.invoke(NativeMethodAccessorImpl.java:62)
at java.base/jdk.internal.reflect.DelegatingMethodAccessorImpl.invoke(DelegatingMethodAccessorImpl.java:43)
at java.base/java.lang.reflect.Method.invoke(Method.java:564)
at org.testng.internal.MethodInvocationHelper.invokeMethod(MethodInvocationHelper.java:131)
at org.testng.internal.MethodInvocationHelper$1.runTestMethod(MethodInvocationHelper.java:237)
at org.springframework.test.context.testng.AbstractTestNGSpringContextTests.run(AbstractTestNGSpringContextTests.java:180)
at org.testng.internal.MethodInvocationHelper.invokeHookable(MethodInvocationHelper.java:249)
at org.testng.internal.Invoker.invokeMethod(Invoker.java:654)
at org.testng.internal.Invoker.invokeTestMethod(Invoker.java:792)
at org.testng.internal.Invoker.invokeTestMethods(Invoker.java:1103)
at org.testng.internal.TestMethodWorker.invokeTestMethods(TestMethodWorker.java:140)
at org.testng.internal.TestMethodWorker.run(TestMethodWorker.java:122)
at org.testng.TestRunner.privateRun(TestRunner.java:739)
at org.testng.TestRunner.run(TestRunner.java:589)
at org.testng.SuiteRunner.runTest(SuiteRunner.java:398)
at org.testng.SuiteRunner.runSequentially(SuiteRunner.java:392)
at org.testng.SuiteRunner.privateRun(SuiteRunner.java:354)
at org.testng.SuiteRunner.run(SuiteRunner.java:302)
at org.testng.SuiteRunnerWorker.runSuite(SuiteRunnerWorker.java:53)
at org.testng.SuiteRunnerWorker.run(SuiteRunnerWorker.java:96)
at org.testng.TestNG.runSuitesSequentially(TestNG.java:1145)
at org.testng.TestNG.runSuitesLocally(TestNG.java:1067)
at org.testng.TestNG.runSuites(TestNG.java:997)
at org.testng.TestNG.run(TestNG.java:965)
at org.apache.maven.surefire.testng.TestNGExecutor.run(TestNGExecutor.java:135)
at org.apache.maven.surefire.testng.TestNGDirectoryTestSuite.executeMulti(TestNGDirectoryTestSuite.java:193)
at org.apache.maven.surefire.testng.TestNGDirectoryTestSuite.execute(TestNGDirectoryTestSuite.java:94)
at org.apache.maven.surefire.testng.TestNGProvider.invoke(TestNGProvider.java:146)
at org.apache.maven.surefire.booter.ForkedBooter.invokeProviderInSameClassLoader(ForkedBooter.java:384)
at org.apache.maven.surefire.booter.ForkedBooter.runSuitesInProcess(ForkedBooter.java:345)
at org.apache.maven.surefire.booter.ForkedBooter.execute(ForkedBooter.java:126)
at org.apache.maven.surefire.booter.ForkedBooter.main(ForkedBooter.java:418)
]]>
            </full-stacktrace>
          </exception> <!-- java.lang.IllegalArgumentException -->
          <reporter-output>
          </reporter-output>
        </test-method> <!-- createNull -->
        <test-method is-config="true" signature="springTestContextAfterTestMethod(java.lang.reflect.Method)[pri:0, instance:cz.muni.fi.pa165.smartphonEShop.dao.OrderDaoTest@6f10d5b6]" started-at="2018-10-29T21:28:36 SEČ" name="springTestContextAfterTestMethod" finished-at="2018-10-29T21:28:36 SEČ" duration-ms="6" status="PASS">
          <params>
            <param index="0">
              <value>
                <![CDATA[public void cz.muni.fi.pa165.smartphonEShop.dao.OrderDaoTest.createNull()]]>
              </value>
            </param>
          </params>
          <reporter-output>
          </reporter-output>
        </test-method> <!-- springTestContextAfterTestMethod -->
        <test-method is-config="true" signature="springTestContextBeforeTestMethod(java.lang.reflect.Method)[pri:0, instance:cz.muni.fi.pa165.smartphonEShop.dao.OrderDaoTest@6f10d5b6]" started-at="2018-10-29T21:28:36 SEČ" name="springTestContextBeforeTestMethod" finished-at="2018-10-29T21:28:36 SEČ" duration-ms="6" status="PASS">
          <params>
            <param index="0">
              <value>
                <![CDATA[public void cz.muni.fi.pa165.smartphonEShop.dao.OrderDaoTest.delete()]]>
              </value>
            </param>
          </params>
          <reporter-output>
          </reporter-output>
        </test-method> <!-- springTestContextBeforeTestMethod -->
        <test-method is-config="true" signature="setUp()[pri:0, instance:cz.muni.fi.pa165.smartphonEShop.dao.OrderDaoTest@6f10d5b6]" started-at="2018-10-29T21:28:36 SEČ" name="setUp" finished-at="2018-10-29T21:28:36 SEČ" duration-ms="13" status="PASS">
          <reporter-output>
          </reporter-output>
        </test-method> <!-- setUp -->
        <test-method signature="delete()[pri:0, instance:cz.muni.fi.pa165.smartphonEShop.dao.OrderDaoTest@6f10d5b6]" started-at="2018-10-29T21:28:36 SEČ" name="delete" finished-at="2018-10-29T21:28:36 SEČ" duration-ms="212" status="PASS">
          <reporter-output>
          </reporter-output>
        </test-method> <!-- delete -->
        <test-method is-config="true" signature="springTestContextAfterTestMethod(java.lang.reflect.Method)[pri:0, instance:cz.muni.fi.pa165.smartphonEShop.dao.OrderDaoTest@6f10d5b6]" started-at="2018-10-29T21:28:36 SEČ" name="springTestContextAfterTestMethod" finished-at="2018-10-29T21:28:36 SEČ" duration-ms="8" status="PASS">
          <params>
            <param index="0">
              <value>
                <![CDATA[public void cz.muni.fi.pa165.smartphonEShop.dao.OrderDaoTest.delete()]]>
              </value>
            </param>
          </params>
          <reporter-output>
          </reporter-output>
        </test-method> <!-- springTestContextAfterTestMethod -->
        <test-method is-config="true" signature="springTestContextBeforeTestMethod(java.lang.reflect.Method)[pri:0, instance:cz.muni.fi.pa165.smartphonEShop.dao.OrderDaoTest@6f10d5b6]" started-at="2018-10-29T21:28:36 SEČ" name="springTestContextBeforeTestMethod" finished-at="2018-10-29T21:28:36 SEČ" duration-ms="6" status="PASS">
          <params>
            <param index="0">
              <value>
                <![CDATA[public void cz.muni.fi.pa165.smartphonEShop.dao.OrderDaoTest.deleteNull()]]>
              </value>
            </param>
          </params>
          <reporter-output>
          </reporter-output>
        </test-method> <!-- springTestContextBeforeTestMethod -->
        <test-method is-config="true" signature="setUp()[pri:0, instance:cz.muni.fi.pa165.smartphonEShop.dao.OrderDaoTest@6f10d5b6]" started-at="2018-10-29T21:28:36 SEČ" name="setUp" finished-at="2018-10-29T21:28:36 SEČ" duration-ms="9" status="PASS">
          <reporter-output>
          </reporter-output>
        </test-method> <!-- setUp -->
        <test-method is-config="true" signature="springTestContextAfterTestMethod(java.lang.reflect.Method)[pri:0, instance:cz.muni.fi.pa165.smartphonEShop.dao.OrderDaoTest@6f10d5b6]" started-at="2018-10-29T21:28:36 SEČ" name="springTestContextAfterTestMethod" finished-at="2018-10-29T21:28:36 SEČ" duration-ms="3" status="PASS">
          <params>
            <param index="0">
              <value>
                <![CDATA[public void cz.muni.fi.pa165.smartphonEShop.dao.OrderDaoTest.deleteNull()]]>
              </value>
            </param>
          </params>
          <reporter-output>
          </reporter-output>
        </test-method> <!-- springTestContextAfterTestMethod -->
        <test-method signature="deleteNull()[pri:0, instance:cz.muni.fi.pa165.smartphonEShop.dao.OrderDaoTest@6f10d5b6]" started-at="2018-10-29T21:28:36 SEČ" name="deleteNull" finished-at="2018-10-29T21:28:36 SEČ" duration-ms="0" status="PASS">
          <exception class="java.lang.IllegalArgumentException">
            <message>
              <![CDATA[Order is null!]]>
            </message>
            <full-stacktrace>
              <![CDATA[java.lang.IllegalArgumentException: Order is null!
at cz.muni.fi.pa165.smartphonEShop.dao.OrderDaoImpl.delete(OrderDaoImpl.java:39)
at cz.muni.fi.pa165.smartphonEShop.dao.OrderDaoTest.deleteNull(OrderDaoTest.java:183)
at java.base/jdk.internal.reflect.NativeMethodAccessorImpl.invoke0(Native Method)
at java.base/jdk.internal.reflect.NativeMethodAccessorImpl.invoke(NativeMethodAccessorImpl.java:62)
at java.base/jdk.internal.reflect.DelegatingMethodAccessorImpl.invoke(DelegatingMethodAccessorImpl.java:43)
at java.base/java.lang.reflect.Method.invoke(Method.java:564)
at org.testng.internal.MethodInvocationHelper.invokeMethod(MethodInvocationHelper.java:131)
at org.testng.internal.MethodInvocationHelper$1.runTestMethod(MethodInvocationHelper.java:237)
at org.springframework.test.context.testng.AbstractTestNGSpringContextTests.run(AbstractTestNGSpringContextTests.java:180)
at org.testng.internal.MethodInvocationHelper.invokeHookable(MethodInvocationHelper.java:249)
at org.testng.internal.Invoker.invokeMethod(Invoker.java:654)
at org.testng.internal.Invoker.invokeTestMethod(Invoker.java:792)
at org.testng.internal.Invoker.invokeTestMethods(Invoker.java:1103)
at org.testng.internal.TestMethodWorker.invokeTestMethods(TestMethodWorker.java:140)
at org.testng.internal.TestMethodWorker.run(TestMethodWorker.java:122)
at org.testng.TestRunner.privateRun(TestRunner.java:739)
at org.testng.TestRunner.run(TestRunner.java:589)
at org.testng.SuiteRunner.runTest(SuiteRunner.java:398)
at org.testng.SuiteRunner.runSequentially(SuiteRunner.java:392)
at org.testng.SuiteRunner.privateRun(SuiteRunner.java:354)
at org.testng.SuiteRunner.run(SuiteRunner.java:302)
at org.testng.SuiteRunnerWorker.runSuite(SuiteRunnerWorker.java:53)
at org.testng.SuiteRunnerWorker.run(SuiteRunnerWorker.java:96)
at org.testng.TestNG.runSuitesSequentially(TestNG.java:1145)
at org.testng.TestNG.runSuitesLocally(TestNG.java:1067)
at org.testng.TestNG.runSuites(TestNG.java:997)
at org.testng.TestNG.run(TestNG.java:965)
at org.apache.maven.surefire.testng.TestNGExecutor.run(TestNGExecutor.java:135)
at org.apache.maven.surefire.testng.TestNGDirectoryTestSuite.executeMulti(TestNGDirectoryTestSuite.java:193)
at org.apache.maven.surefire.testng.TestNGDirectoryTestSuite.execute(TestNGDirectoryTestSuite.java:94)
at org.apache.maven.surefire.testng.TestNGProvider.invoke(TestNGProvider.java:146)
at org.apache.maven.surefire.booter.ForkedBooter.invokeProviderInSameClassLoader(ForkedBooter.java:384)
at org.apache.maven.surefire.booter.ForkedBooter.runSuitesInProcess(ForkedBooter.java:345)
at org.apache.maven.surefire.booter.ForkedBooter.execute(ForkedBooter.java:126)
at org.apache.maven.surefire.booter.ForkedBooter.main(ForkedBooter.java:418)
]]>
            </full-stacktrace>
          </exception> <!-- java.lang.IllegalArgumentException -->
          <reporter-output>
          </reporter-output>
        </test-method> <!-- deleteNull -->
        <test-method is-config="true" signature="springTestContextBeforeTestMethod(java.lang.reflect.Method)[pri:0, instance:cz.muni.fi.pa165.smartphonEShop.dao.OrderDaoTest@6f10d5b6]" started-at="2018-10-29T21:28:36 SEČ" name="springTestContextBeforeTestMethod" finished-at="2018-10-29T21:28:36 SEČ" duration-ms="7" status="PASS">
          <params>
            <param index="0">
              <value>
                <![CDATA[public void cz.muni.fi.pa165.smartphonEShop.dao.OrderDaoTest.findAll()]]>
              </value>
            </param>
          </params>
          <reporter-output>
          </reporter-output>
        </test-method> <!-- springTestContextBeforeTestMethod -->
        <test-method is-config="true" signature="setUp()[pri:0, instance:cz.muni.fi.pa165.smartphonEShop.dao.OrderDaoTest@6f10d5b6]" started-at="2018-10-29T21:28:36 SEČ" name="setUp" finished-at="2018-10-29T21:28:36 SEČ" duration-ms="7" status="PASS">
          <reporter-output>
          </reporter-output>
        </test-method> <!-- setUp -->
        <test-method signature="findAll()[pri:0, instance:cz.muni.fi.pa165.smartphonEShop.dao.OrderDaoTest@6f10d5b6]" started-at="2018-10-29T21:28:36 SEČ" name="findAll" finished-at="2018-10-29T21:28:36 SEČ" duration-ms="30" status="PASS">
          <reporter-output>
          </reporter-output>
        </test-method> <!-- findAll -->
        <test-method is-config="true" signature="springTestContextAfterTestMethod(java.lang.reflect.Method)[pri:0, instance:cz.muni.fi.pa165.smartphonEShop.dao.OrderDaoTest@6f10d5b6]" started-at="2018-10-29T21:28:36 SEČ" name="springTestContextAfterTestMethod" finished-at="2018-10-29T21:28:36 SEČ" duration-ms="5" status="PASS">
          <params>
            <param index="0">
              <value>
                <![CDATA[public void cz.muni.fi.pa165.smartphonEShop.dao.OrderDaoTest.findAll()]]>
              </value>
            </param>
          </params>
          <reporter-output>
          </reporter-output>
        </test-method> <!-- springTestContextAfterTestMethod -->
        <test-method is-config="true" signature="springTestContextBeforeTestMethod(java.lang.reflect.Method)[pri:0, instance:cz.muni.fi.pa165.smartphonEShop.dao.OrderDaoTest@6f10d5b6]" started-at="2018-10-29T21:28:36 SEČ" name="springTestContextBeforeTestMethod" finished-at="2018-10-29T21:28:36 SEČ" duration-ms="7" status="PASS">
          <params>
            <param index="0">
              <value>
                <![CDATA[public void cz.muni.fi.pa165.smartphonEShop.dao.OrderDaoTest.findById()]]>
              </value>
            </param>
          </params>
          <reporter-output>
          </reporter-output>
        </test-method> <!-- springTestContextBeforeTestMethod -->
        <test-method is-config="true" signature="setUp()[pri:0, instance:cz.muni.fi.pa165.smartphonEShop.dao.OrderDaoTest@6f10d5b6]" started-at="2018-10-29T21:28:36 SEČ" name="setUp" finished-at="2018-10-29T21:28:36 SEČ" duration-ms="14" status="PASS">
          <reporter-output>
          </reporter-output>
        </test-method> <!-- setUp -->
        <test-method signature="findById()[pri:0, instance:cz.muni.fi.pa165.smartphonEShop.dao.OrderDaoTest@6f10d5b6]" started-at="2018-10-29T21:28:36 SEČ" name="findById" finished-at="2018-10-29T21:28:36 SEČ" duration-ms="24" status="PASS">
          <reporter-output>
          </reporter-output>
        </test-method> <!-- findById -->
        <test-method is-config="true" signature="springTestContextAfterTestMethod(java.lang.reflect.Method)[pri:0, instance:cz.muni.fi.pa165.smartphonEShop.dao.OrderDaoTest@6f10d5b6]" started-at="2018-10-29T21:28:36 SEČ" name="springTestContextAfterTestMethod" finished-at="2018-10-29T21:28:36 SEČ" duration-ms="4" status="PASS">
          <params>
            <param index="0">
              <value>
                <![CDATA[public void cz.muni.fi.pa165.smartphonEShop.dao.OrderDaoTest.findById()]]>
              </value>
            </param>
          </params>
          <reporter-output>
          </reporter-output>
        </test-method> <!-- springTestContextAfterTestMethod -->
        <test-method is-config="true" signature="springTestContextBeforeTestMethod(java.lang.reflect.Method)[pri:0, instance:cz.muni.fi.pa165.smartphonEShop.dao.OrderDaoTest@6f10d5b6]" started-at="2018-10-29T21:28:36 SEČ" name="springTestContextBeforeTestMethod" finished-at="2018-10-29T21:28:36 SEČ" duration-ms="8" status="PASS">
          <params>
            <param index="0">
              <value>
                <![CDATA[public void cz.muni.fi.pa165.smartphonEShop.dao.OrderDaoTest.findByIdNegative()]]>
              </value>
            </param>
          </params>
          <reporter-output>
          </reporter-output>
        </test-method> <!-- springTestContextBeforeTestMethod -->
        <test-method is-config="true" signature="setUp()[pri:0, instance:cz.muni.fi.pa165.smartphonEShop.dao.OrderDaoTest@6f10d5b6]" started-at="2018-10-29T21:28:36 SEČ" name="setUp" finished-at="2018-10-29T21:28:36 SEČ" duration-ms="15" status="PASS">
          <reporter-output>
          </reporter-output>
        </test-method> <!-- setUp -->
        <test-method signature="findByIdNegative()[pri:0, instance:cz.muni.fi.pa165.smartphonEShop.dao.OrderDaoTest@6f10d5b6]" started-at="2018-10-29T21:28:36 SEČ" name="findByIdNegative" finished-at="2018-10-29T21:28:36 SEČ" duration-ms="1" status="PASS">
          <exception class="java.lang.IllegalArgumentException">
            <message>
              <![CDATA[ID is null or less than 0!]]>
            </message>
            <full-stacktrace>
              <![CDATA[java.lang.IllegalArgumentException: ID is null or less than 0!
at cz.muni.fi.pa165.smartphonEShop.dao.OrderDaoImpl.findById(OrderDaoImpl.java:48)
at cz.muni.fi.pa165.smartphonEShop.dao.OrderDaoTest.findByIdNegative(OrderDaoTest.java:195)
at java.base/jdk.internal.reflect.NativeMethodAccessorImpl.invoke0(Native Method)
at java.base/jdk.internal.reflect.NativeMethodAccessorImpl.invoke(NativeMethodAccessorImpl.java:62)
at java.base/jdk.internal.reflect.DelegatingMethodAccessorImpl.invoke(DelegatingMethodAccessorImpl.java:43)
at java.base/java.lang.reflect.Method.invoke(Method.java:564)
at org.testng.internal.MethodInvocationHelper.invokeMethod(MethodInvocationHelper.java:131)
at org.testng.internal.MethodInvocationHelper$1.runTestMethod(MethodInvocationHelper.java:237)
at org.springframework.test.context.testng.AbstractTestNGSpringContextTests.run(AbstractTestNGSpringContextTests.java:180)
at org.testng.internal.MethodInvocationHelper.invokeHookable(MethodInvocationHelper.java:249)
at org.testng.internal.Invoker.invokeMethod(Invoker.java:654)
at org.testng.internal.Invoker.invokeTestMethod(Invoker.java:792)
at org.testng.internal.Invoker.invokeTestMethods(Invoker.java:1103)
at org.testng.internal.TestMethodWorker.invokeTestMethods(TestMethodWorker.java:140)
at org.testng.internal.TestMethodWorker.run(TestMethodWorker.java:122)
at org.testng.TestRunner.privateRun(TestRunner.java:739)
at org.testng.TestRunner.run(TestRunner.java:589)
at org.testng.SuiteRunner.runTest(SuiteRunner.java:398)
at org.testng.SuiteRunner.runSequentially(SuiteRunner.java:392)
at org.testng.SuiteRunner.privateRun(SuiteRunner.java:354)
at org.testng.SuiteRunner.run(SuiteRunner.java:302)
at org.testng.SuiteRunnerWorker.runSuite(SuiteRunnerWorker.java:53)
at org.testng.SuiteRunnerWorker.run(SuiteRunnerWorker.java:96)
at org.testng.TestNG.runSuitesSequentially(TestNG.java:1145)
at org.testng.TestNG.runSuitesLocally(TestNG.java:1067)
at org.testng.TestNG.runSuites(TestNG.java:997)
at org.testng.TestNG.run(TestNG.java:965)
at org.apache.maven.surefire.testng.TestNGExecutor.run(TestNGExecutor.java:135)
at org.apache.maven.surefire.testng.TestNGDirectoryTestSuite.executeMulti(TestNGDirectoryTestSuite.java:193)
at org.apache.maven.surefire.testng.TestNGDirectoryTestSuite.execute(TestNGDirectoryTestSuite.java:94)
at org.apache.maven.surefire.testng.TestNGProvider.invoke(TestNGProvider.java:146)
at org.apache.maven.surefire.booter.ForkedBooter.invokeProviderInSameClassLoader(ForkedBooter.java:384)
at org.apache.maven.surefire.booter.ForkedBooter.runSuitesInProcess(ForkedBooter.java:345)
at org.apache.maven.surefire.booter.ForkedBooter.execute(ForkedBooter.java:126)
at org.apache.maven.surefire.booter.ForkedBooter.main(ForkedBooter.java:418)
]]>
            </full-stacktrace>
          </exception> <!-- java.lang.IllegalArgumentException -->
          <reporter-output>
          </reporter-output>
        </test-method> <!-- findByIdNegative -->
        <test-method is-config="true" signature="springTestContextAfterTestMethod(java.lang.reflect.Method)[pri:0, instance:cz.muni.fi.pa165.smartphonEShop.dao.OrderDaoTest@6f10d5b6]" started-at="2018-10-29T21:28:36 SEČ" name="springTestContextAfterTestMethod" finished-at="2018-10-29T21:28:36 SEČ" duration-ms="3" status="PASS">
          <params>
            <param index="0">
              <value>
                <![CDATA[public void cz.muni.fi.pa165.smartphonEShop.dao.OrderDaoTest.findByIdNegative()]]>
              </value>
            </param>
          </params>
          <reporter-output>
          </reporter-output>
        </test-method> <!-- springTestContextAfterTestMethod -->
        <test-method is-config="true" signature="springTestContextBeforeTestMethod(java.lang.reflect.Method)[pri:0, instance:cz.muni.fi.pa165.smartphonEShop.dao.OrderDaoTest@6f10d5b6]" started-at="2018-10-29T21:28:36 SEČ" name="springTestContextBeforeTestMethod" finished-at="2018-10-29T21:28:37 SEČ" duration-ms="5" status="PASS">
          <params>
            <param index="0">
              <value>
                <![CDATA[public void cz.muni.fi.pa165.smartphonEShop.dao.OrderDaoTest.findByIdNull()]]>
              </value>
            </param>
          </params>
          <reporter-output>
          </reporter-output>
        </test-method> <!-- springTestContextBeforeTestMethod -->
        <test-method is-config="true" signature="setUp()[pri:0, instance:cz.muni.fi.pa165.smartphonEShop.dao.OrderDaoTest@6f10d5b6]" started-at="2018-10-29T21:28:37 SEČ" name="setUp" finished-at="2018-10-29T21:28:37 SEČ" duration-ms="24" status="PASS">
          <reporter-output>
          </reporter-output>
        </test-method> <!-- setUp -->
        <test-method signature="findByIdNull()[pri:0, instance:cz.muni.fi.pa165.smartphonEShop.dao.OrderDaoTest@6f10d5b6]" started-at="2018-10-29T21:28:37 SEČ" name="findByIdNull" finished-at="2018-10-29T21:28:37 SEČ" duration-ms="0" status="PASS">
          <exception class="java.lang.IllegalArgumentException">
            <message>
              <![CDATA[ID is null or less than 0!]]>
            </message>
            <full-stacktrace>
              <![CDATA[java.lang.IllegalArgumentException: ID is null or less than 0!
at cz.muni.fi.pa165.smartphonEShop.dao.OrderDaoImpl.findById(OrderDaoImpl.java:48)
at cz.muni.fi.pa165.smartphonEShop.dao.OrderDaoTest.findByIdNull(OrderDaoTest.java:189)
at java.base/jdk.internal.reflect.NativeMethodAccessorImpl.invoke0(Native Method)
at java.base/jdk.internal.reflect.NativeMethodAccessorImpl.invoke(NativeMethodAccessorImpl.java:62)
at java.base/jdk.internal.reflect.DelegatingMethodAccessorImpl.invoke(DelegatingMethodAccessorImpl.java:43)
at java.base/java.lang.reflect.Method.invoke(Method.java:564)
at org.testng.internal.MethodInvocationHelper.invokeMethod(MethodInvocationHelper.java:131)
at org.testng.internal.MethodInvocationHelper$1.runTestMethod(MethodInvocationHelper.java:237)
at org.springframework.test.context.testng.AbstractTestNGSpringContextTests.run(AbstractTestNGSpringContextTests.java:180)
at org.testng.internal.MethodInvocationHelper.invokeHookable(MethodInvocationHelper.java:249)
at org.testng.internal.Invoker.invokeMethod(Invoker.java:654)
at org.testng.internal.Invoker.invokeTestMethod(Invoker.java:792)
at org.testng.internal.Invoker.invokeTestMethods(Invoker.java:1103)
at org.testng.internal.TestMethodWorker.invokeTestMethods(TestMethodWorker.java:140)
at org.testng.internal.TestMethodWorker.run(TestMethodWorker.java:122)
at org.testng.TestRunner.privateRun(TestRunner.java:739)
at org.testng.TestRunner.run(TestRunner.java:589)
at org.testng.SuiteRunner.runTest(SuiteRunner.java:398)
at org.testng.SuiteRunner.runSequentially(SuiteRunner.java:392)
at org.testng.SuiteRunner.privateRun(SuiteRunner.java:354)
at org.testng.SuiteRunner.run(SuiteRunner.java:302)
at org.testng.SuiteRunnerWorker.runSuite(SuiteRunnerWorker.java:53)
at org.testng.SuiteRunnerWorker.run(SuiteRunnerWorker.java:96)
at org.testng.TestNG.runSuitesSequentially(TestNG.java:1145)
at org.testng.TestNG.runSuitesLocally(TestNG.java:1067)
at org.testng.TestNG.runSuites(TestNG.java:997)
at org.testng.TestNG.run(TestNG.java:965)
at org.apache.maven.surefire.testng.TestNGExecutor.run(TestNGExecutor.java:135)
at org.apache.maven.surefire.testng.TestNGDirectoryTestSuite.executeMulti(TestNGDirectoryTestSuite.java:193)
at org.apache.maven.surefire.testng.TestNGDirectoryTestSuite.execute(TestNGDirectoryTestSuite.java:94)
at org.apache.maven.surefire.testng.TestNGProvider.invoke(TestNGProvider.java:146)
at org.apache.maven.surefire.booter.ForkedBooter.invokeProviderInSameClassLoader(ForkedBooter.java:384)
at org.apache.maven.surefire.booter.ForkedBooter.runSuitesInProcess(ForkedBooter.java:345)
at org.apache.maven.surefire.booter.ForkedBooter.execute(ForkedBooter.java:126)
at org.apache.maven.surefire.booter.ForkedBooter.main(ForkedBooter.java:418)
]]>
            </full-stacktrace>
          </exception> <!-- java.lang.IllegalArgumentException -->
          <reporter-output>
          </reporter-output>
        </test-method> <!-- findByIdNull -->
        <test-method is-config="true" signature="springTestContextAfterTestMethod(java.lang.reflect.Method)[pri:0, instance:cz.muni.fi.pa165.smartphonEShop.dao.OrderDaoTest@6f10d5b6]" started-at="2018-10-29T21:28:37 SEČ" name="springTestContextAfterTestMethod" finished-at="2018-10-29T21:28:37 SEČ" duration-ms="3" status="PASS">
          <params>
            <param index="0">
              <value>
                <![CDATA[public void cz.muni.fi.pa165.smartphonEShop.dao.OrderDaoTest.findByIdNull()]]>
              </value>
            </param>
          </params>
          <reporter-output>
          </reporter-output>
        </test-method> <!-- springTestContextAfterTestMethod -->
        <test-method is-config="true" signature="springTestContextBeforeTestMethod(java.lang.reflect.Method)[pri:0, instance:cz.muni.fi.pa165.smartphonEShop.dao.OrderDaoTest@6f10d5b6]" started-at="2018-10-29T21:28:37 SEČ" name="springTestContextBeforeTestMethod" finished-at="2018-10-29T21:28:37 SEČ" duration-ms="99" status="PASS">
          <params>
            <param index="0">
              <value>
                <![CDATA[public void cz.muni.fi.pa165.smartphonEShop.dao.OrderDaoTest.update()]]>
              </value>
            </param>
          </params>
          <reporter-output>
          </reporter-output>
        </test-method> <!-- springTestContextBeforeTestMethod -->
        <test-method is-config="true" signature="setUp()[pri:0, instance:cz.muni.fi.pa165.smartphonEShop.dao.OrderDaoTest@6f10d5b6]" started-at="2018-10-29T21:28:37 SEČ" name="setUp" finished-at="2018-10-29T21:28:37 SEČ" duration-ms="12" status="PASS">
          <reporter-output>
          </reporter-output>
        </test-method> <!-- setUp -->
        <test-method signature="update()[pri:0, instance:cz.muni.fi.pa165.smartphonEShop.dao.OrderDaoTest@6f10d5b6]" started-at="2018-10-29T21:28:37 SEČ" name="update" finished-at="2018-10-29T21:28:37 SEČ" duration-ms="4" status="PASS">
          <reporter-output>
          </reporter-output>
        </test-method> <!-- update -->
        <test-method is-config="true" signature="springTestContextAfterTestMethod(java.lang.reflect.Method)[pri:0, instance:cz.muni.fi.pa165.smartphonEShop.dao.OrderDaoTest@6f10d5b6]" started-at="2018-10-29T21:28:37 SEČ" name="springTestContextAfterTestMethod" finished-at="2018-10-29T21:28:37 SEČ" duration-ms="8" status="PASS">
          <params>
            <param index="0">
              <value>
                <![CDATA[public void cz.muni.fi.pa165.smartphonEShop.dao.OrderDaoTest.update()]]>
              </value>
            </param>
          </params>
          <reporter-output>
          </reporter-output>
        </test-method> <!-- springTestContextAfterTestMethod -->
        <test-method is-config="true" signature="springTestContextBeforeTestMethod(java.lang.reflect.Method)[pri:0, instance:cz.muni.fi.pa165.smartphonEShop.dao.OrderDaoTest@6f10d5b6]" started-at="2018-10-29T21:28:37 SEČ" name="springTestContextBeforeTestMethod" finished-at="2018-10-29T21:28:37 SEČ" duration-ms="7" status="PASS">
          <params>
            <param index="0">
              <value>
                <![CDATA[public void cz.muni.fi.pa165.smartphonEShop.dao.OrderDaoTest.updateNull()]]>
              </value>
            </param>
          </params>
          <reporter-output>
          </reporter-output>
        </test-method> <!-- springTestContextBeforeTestMethod -->
        <test-method is-config="true" signature="setUp()[pri:0, instance:cz.muni.fi.pa165.smartphonEShop.dao.OrderDaoTest@6f10d5b6]" started-at="2018-10-29T21:28:37 SEČ" name="setUp" finished-at="2018-10-29T21:28:37 SEČ" duration-ms="9" status="PASS">
          <reporter-output>
          </reporter-output>
        </test-method> <!-- setUp -->
        <test-method signature="updateNull()[pri:0, instance:cz.muni.fi.pa165.smartphonEShop.dao.OrderDaoTest@6f10d5b6]" started-at="2018-10-29T21:28:37 SEČ" name="updateNull" finished-at="2018-10-29T21:28:37 SEČ" duration-ms="0" status="PASS">
          <exception class="java.lang.IllegalArgumentException">
            <message>
              <![CDATA[Order is null!]]>
            </message>
            <full-stacktrace>
              <![CDATA[java.lang.IllegalArgumentException: Order is null!
at cz.muni.fi.pa165.smartphonEShop.dao.OrderDaoImpl.update(OrderDaoImpl.java:30)
at cz.muni.fi.pa165.smartphonEShop.dao.OrderDaoTest.updateNull(OrderDaoTest.java:177)
at java.base/jdk.internal.reflect.NativeMethodAccessorImpl.invoke0(Native Method)
at java.base/jdk.internal.reflect.NativeMethodAccessorImpl.invoke(NativeMethodAccessorImpl.java:62)
at java.base/jdk.internal.reflect.DelegatingMethodAccessorImpl.invoke(DelegatingMethodAccessorImpl.java:43)
at java.base/java.lang.reflect.Method.invoke(Method.java:564)
at org.testng.internal.MethodInvocationHelper.invokeMethod(MethodInvocationHelper.java:131)
at org.testng.internal.MethodInvocationHelper$1.runTestMethod(MethodInvocationHelper.java:237)
at org.springframework.test.context.testng.AbstractTestNGSpringContextTests.run(AbstractTestNGSpringContextTests.java:180)
at org.testng.internal.MethodInvocationHelper.invokeHookable(MethodInvocationHelper.java:249)
at org.testng.internal.Invoker.invokeMethod(Invoker.java:654)
at org.testng.internal.Invoker.invokeTestMethod(Invoker.java:792)
at org.testng.internal.Invoker.invokeTestMethods(Invoker.java:1103)
at org.testng.internal.TestMethodWorker.invokeTestMethods(TestMethodWorker.java:140)
at org.testng.internal.TestMethodWorker.run(TestMethodWorker.java:122)
at org.testng.TestRunner.privateRun(TestRunner.java:739)
at org.testng.TestRunner.run(TestRunner.java:589)
at org.testng.SuiteRunner.runTest(SuiteRunner.java:398)
at org.testng.SuiteRunner.runSequentially(SuiteRunner.java:392)
at org.testng.SuiteRunner.privateRun(SuiteRunner.java:354)
at org.testng.SuiteRunner.run(SuiteRunner.java:302)
at org.testng.SuiteRunnerWorker.runSuite(SuiteRunnerWorker.java:53)
at org.testng.SuiteRunnerWorker.run(SuiteRunnerWorker.java:96)
at org.testng.TestNG.runSuitesSequentially(TestNG.java:1145)
at org.testng.TestNG.runSuitesLocally(TestNG.java:1067)
at org.testng.TestNG.runSuites(TestNG.java:997)
at org.testng.TestNG.run(TestNG.java:965)
at org.apache.maven.surefire.testng.TestNGExecutor.run(TestNGExecutor.java:135)
at org.apache.maven.surefire.testng.TestNGDirectoryTestSuite.executeMulti(TestNGDirectoryTestSuite.java:193)
at org.apache.maven.surefire.testng.TestNGDirectoryTestSuite.execute(TestNGDirectoryTestSuite.java:94)
at org.apache.maven.surefire.testng.TestNGProvider.invoke(TestNGProvider.java:146)
at org.apache.maven.surefire.booter.ForkedBooter.invokeProviderInSameClassLoader(ForkedBooter.java:384)
at org.apache.maven.surefire.booter.ForkedBooter.runSuitesInProcess(ForkedBooter.java:345)
at org.apache.maven.surefire.booter.ForkedBooter.execute(ForkedBooter.java:126)
at org.apache.maven.surefire.booter.ForkedBooter.main(ForkedBooter.java:418)
]]>
            </full-stacktrace>
          </exception> <!-- java.lang.IllegalArgumentException -->
          <reporter-output>
          </reporter-output>
        </test-method> <!-- updateNull -->
        <test-method is-config="true" signature="springTestContextAfterTestMethod(java.lang.reflect.Method)[pri:0, instance:cz.muni.fi.pa165.smartphonEShop.dao.OrderDaoTest@6f10d5b6]" started-at="2018-10-29T21:28:37 SEČ" name="springTestContextAfterTestMethod" finished-at="2018-10-29T21:28:37 SEČ" duration-ms="3" status="PASS">
          <params>
            <param index="0">
              <value>
                <![CDATA[public void cz.muni.fi.pa165.smartphonEShop.dao.OrderDaoTest.updateNull()]]>
              </value>
            </param>
          </params>
          <reporter-output>
          </reporter-output>
        </test-method> <!-- springTestContextAfterTestMethod -->
        <test-method is-config="true" signature="springTestContextAfterTestClass()[pri:0, instance:cz.muni.fi.pa165.smartphonEShop.dao.OrderDaoTest@6f10d5b6]" started-at="2018-10-29T21:28:37 SEČ" name="springTestContextAfterTestClass" finished-at="2018-10-29T21:28:37 SEČ" duration-ms="2" status="PASS">
          <reporter-output>
          </reporter-output>
        </test-method> <!-- springTestContextAfterTestClass -->
      </class> <!-- cz.muni.fi.pa165.smartphonEShop.dao.OrderDaoTest -->
      <class name="cz.muni.fi.pa165.smartphonEShop.dao.StockDaoTest">
        <test-method is-config="true" signature="springTestContextBeforeTestClass()[pri:0, instance:cz.muni.fi.pa165.smartphonEShop.dao.StockDaoTest@433defed]" started-at="2018-10-29T21:28:38 SEČ" name="springTestContextBeforeTestClass" finished-at="2018-10-29T21:28:38 SEČ" duration-ms="0" status="PASS">
          <reporter-output>
          </reporter-output>
        </test-method> <!-- springTestContextBeforeTestClass -->
        <test-method is-config="true" signature="springTestContextPrepareTestInstance()[pri:0, instance:cz.muni.fi.pa165.smartphonEShop.dao.StockDaoTest@433defed]" started-at="2018-10-29T21:28:38 SEČ" name="springTestContextPrepareTestInstance" finished-at="2018-10-29T21:28:38 SEČ" depends-on-methods="org.springframework.test.context.testng.AbstractTestNGSpringContextTests.springTestContextBeforeTestClass" duration-ms="4" status="PASS">
          <reporter-output>
          </reporter-output>
        </test-method> <!-- springTestContextPrepareTestInstance -->
        <test-method is-config="true" signature="springTestContextBeforeTestMethod(java.lang.reflect.Method)[pri:0, instance:cz.muni.fi.pa165.smartphonEShop.dao.StockDaoTest@433defed]" started-at="2018-10-29T21:28:38 SEČ" name="springTestContextBeforeTestMethod" finished-at="2018-10-29T21:28:38 SEČ" duration-ms="7" status="PASS">
          <params>
            <param index="0">
              <value>
                <![CDATA[public void cz.muni.fi.pa165.smartphonEShop.dao.StockDaoTest.createNull()]]>
              </value>
            </param>
          </params>
          <reporter-output>
          </reporter-output>
        </test-method> <!-- springTestContextBeforeTestMethod -->
        <test-method is-config="true" signature="setUp()[pri:0, instance:cz.muni.fi.pa165.smartphonEShop.dao.StockDaoTest@433defed]" started-at="2018-10-29T21:28:38 SEČ" name="setUp" finished-at="2018-10-29T21:28:38 SEČ" duration-ms="1" status="PASS">
          <reporter-output>
          </reporter-output>
        </test-method> <!-- setUp -->
        <test-method signature="createNull()[pri:0, instance:cz.muni.fi.pa165.smartphonEShop.dao.StockDaoTest@433defed]" started-at="2018-10-29T21:28:38 SEČ" name="createNull" finished-at="2018-10-29T21:28:38 SEČ" duration-ms="1" status="PASS">
          <exception class="java.lang.IllegalArgumentException">
            <message>
              <![CDATA[Stock is null!]]>
            </message>
            <full-stacktrace>
              <![CDATA[java.lang.IllegalArgumentException: Stock is null!
at cz.muni.fi.pa165.smartphonEShop.dao.StockDaoImpl.create(StockDaoImpl.java:28)
at cz.muni.fi.pa165.smartphonEShop.dao.StockDaoTest.createNull(StockDaoTest.java:133)
at java.base/jdk.internal.reflect.NativeMethodAccessorImpl.invoke0(Native Method)
at java.base/jdk.internal.reflect.NativeMethodAccessorImpl.invoke(NativeMethodAccessorImpl.java:62)
at java.base/jdk.internal.reflect.DelegatingMethodAccessorImpl.invoke(DelegatingMethodAccessorImpl.java:43)
at java.base/java.lang.reflect.Method.invoke(Method.java:564)
at org.testng.internal.MethodInvocationHelper.invokeMethod(MethodInvocationHelper.java:131)
at org.testng.internal.MethodInvocationHelper$1.runTestMethod(MethodInvocationHelper.java:237)
at org.springframework.test.context.testng.AbstractTestNGSpringContextTests.run(AbstractTestNGSpringContextTests.java:180)
at org.testng.internal.MethodInvocationHelper.invokeHookable(MethodInvocationHelper.java:249)
at org.testng.internal.Invoker.invokeMethod(Invoker.java:654)
at org.testng.internal.Invoker.invokeTestMethod(Invoker.java:792)
at org.testng.internal.Invoker.invokeTestMethods(Invoker.java:1103)
at org.testng.internal.TestMethodWorker.invokeTestMethods(TestMethodWorker.java:140)
at org.testng.internal.TestMethodWorker.run(TestMethodWorker.java:122)
at org.testng.TestRunner.privateRun(TestRunner.java:739)
at org.testng.TestRunner.run(TestRunner.java:589)
at org.testng.SuiteRunner.runTest(SuiteRunner.java:398)
at org.testng.SuiteRunner.runSequentially(SuiteRunner.java:392)
at org.testng.SuiteRunner.privateRun(SuiteRunner.java:354)
at org.testng.SuiteRunner.run(SuiteRunner.java:302)
at org.testng.SuiteRunnerWorker.runSuite(SuiteRunnerWorker.java:53)
at org.testng.SuiteRunnerWorker.run(SuiteRunnerWorker.java:96)
at org.testng.TestNG.runSuitesSequentially(TestNG.java:1145)
at org.testng.TestNG.runSuitesLocally(TestNG.java:1067)
at org.testng.TestNG.runSuites(TestNG.java:997)
at org.testng.TestNG.run(TestNG.java:965)
at org.apache.maven.surefire.testng.TestNGExecutor.run(TestNGExecutor.java:135)
at org.apache.maven.surefire.testng.TestNGDirectoryTestSuite.executeMulti(TestNGDirectoryTestSuite.java:193)
at org.apache.maven.surefire.testng.TestNGDirectoryTestSuite.execute(TestNGDirectoryTestSuite.java:94)
at org.apache.maven.surefire.testng.TestNGProvider.invoke(TestNGProvider.java:146)
at org.apache.maven.surefire.booter.ForkedBooter.invokeProviderInSameClassLoader(ForkedBooter.java:384)
at org.apache.maven.surefire.booter.ForkedBooter.runSuitesInProcess(ForkedBooter.java:345)
at org.apache.maven.surefire.booter.ForkedBooter.execute(ForkedBooter.java:126)
at org.apache.maven.surefire.booter.ForkedBooter.main(ForkedBooter.java:418)
]]>
            </full-stacktrace>
          </exception> <!-- java.lang.IllegalArgumentException -->
          <reporter-output>
          </reporter-output>
        </test-method> <!-- createNull -->
        <test-method is-config="true" signature="springTestContextAfterTestMethod(java.lang.reflect.Method)[pri:0, instance:cz.muni.fi.pa165.smartphonEShop.dao.StockDaoTest@433defed]" started-at="2018-10-29T21:28:38 SEČ" name="springTestContextAfterTestMethod" finished-at="2018-10-29T21:28:38 SEČ" duration-ms="2" status="PASS">
          <params>
            <param index="0">
              <value>
                <![CDATA[public void cz.muni.fi.pa165.smartphonEShop.dao.StockDaoTest.createNull()]]>
              </value>
            </param>
          </params>
          <reporter-output>
          </reporter-output>
        </test-method> <!-- springTestContextAfterTestMethod -->
        <test-method is-config="true" signature="springTestContextBeforeTestMethod(java.lang.reflect.Method)[pri:0, instance:cz.muni.fi.pa165.smartphonEShop.dao.StockDaoTest@433defed]" started-at="2018-10-29T21:28:38 SEČ" name="springTestContextBeforeTestMethod" finished-at="2018-10-29T21:28:38 SEČ" duration-ms="31" status="PASS">
          <params>
            <param index="0">
              <value>
                <![CDATA[public void cz.muni.fi.pa165.smartphonEShop.dao.StockDaoTest.delete()]]>
              </value>
            </param>
          </params>
          <reporter-output>
          </reporter-output>
        </test-method> <!-- springTestContextBeforeTestMethod -->
        <test-method is-config="true" signature="setUp()[pri:0, instance:cz.muni.fi.pa165.smartphonEShop.dao.StockDaoTest@433defed]" started-at="2018-10-29T21:28:38 SEČ" name="setUp" finished-at="2018-10-29T21:28:38 SEČ" duration-ms="1" status="PASS">
          <reporter-output>
          </reporter-output>
        </test-method> <!-- setUp -->
        <test-method signature="delete()[pri:0, instance:cz.muni.fi.pa165.smartphonEShop.dao.StockDaoTest@433defed]" started-at="2018-10-29T21:28:38 SEČ" name="delete" finished-at="2018-10-29T21:28:38 SEČ" duration-ms="73" status="PASS">
          <reporter-output>
          </reporter-output>
        </test-method> <!-- delete -->
        <test-method is-config="true" signature="springTestContextAfterTestMethod(java.lang.reflect.Method)[pri:0, instance:cz.muni.fi.pa165.smartphonEShop.dao.StockDaoTest@433defed]" started-at="2018-10-29T21:28:38 SEČ" name="springTestContextAfterTestMethod" finished-at="2018-10-29T21:28:38 SEČ" duration-ms="4" status="PASS">
          <params>
            <param index="0">
              <value>
                <![CDATA[public void cz.muni.fi.pa165.smartphonEShop.dao.StockDaoTest.delete()]]>
              </value>
            </param>
          </params>
          <reporter-output>
          </reporter-output>
        </test-method> <!-- springTestContextAfterTestMethod -->
        <test-method is-config="true" signature="springTestContextBeforeTestMethod(java.lang.reflect.Method)[pri:0, instance:cz.muni.fi.pa165.smartphonEShop.dao.StockDaoTest@433defed]" started-at="2018-10-29T21:28:38 SEČ" name="springTestContextBeforeTestMethod" finished-at="2018-10-29T21:28:38 SEČ" duration-ms="14" status="PASS">
          <params>
            <param index="0">
              <value>
                <![CDATA[public void cz.muni.fi.pa165.smartphonEShop.dao.StockDaoTest.deleteNull()]]>
              </value>
            </param>
          </params>
          <reporter-output>
          </reporter-output>
        </test-method> <!-- springTestContextBeforeTestMethod -->
        <test-method is-config="true" signature="setUp()[pri:0, instance:cz.muni.fi.pa165.smartphonEShop.dao.StockDaoTest@433defed]" started-at="2018-10-29T21:28:38 SEČ" name="setUp" finished-at="2018-10-29T21:28:38 SEČ" duration-ms="0" status="PASS">
          <reporter-output>
          </reporter-output>
        </test-method> <!-- setUp -->
        <test-method signature="deleteNull()[pri:0, instance:cz.muni.fi.pa165.smartphonEShop.dao.StockDaoTest@433defed]" started-at="2018-10-29T21:28:38 SEČ" name="deleteNull" finished-at="2018-10-29T21:28:38 SEČ" duration-ms="1" status="PASS">
          <exception class="java.lang.IllegalArgumentException">
            <message>
              <![CDATA[Stock is null!]]>
            </message>
            <full-stacktrace>
              <![CDATA[java.lang.IllegalArgumentException: Stock is null!
at cz.muni.fi.pa165.smartphonEShop.dao.StockDaoImpl.delete(StockDaoImpl.java:46)
at cz.muni.fi.pa165.smartphonEShop.dao.StockDaoTest.deleteNull(StockDaoTest.java:145)
at java.base/jdk.internal.reflect.NativeMethodAccessorImpl.invoke0(Native Method)
at java.base/jdk.internal.reflect.NativeMethodAccessorImpl.invoke(NativeMethodAccessorImpl.java:62)
at java.base/jdk.internal.reflect.DelegatingMethodAccessorImpl.invoke(DelegatingMethodAccessorImpl.java:43)
at java.base/java.lang.reflect.Method.invoke(Method.java:564)
at org.testng.internal.MethodInvocationHelper.invokeMethod(MethodInvocationHelper.java:131)
at org.testng.internal.MethodInvocationHelper$1.runTestMethod(MethodInvocationHelper.java:237)
at org.springframework.test.context.testng.AbstractTestNGSpringContextTests.run(AbstractTestNGSpringContextTests.java:180)
at org.testng.internal.MethodInvocationHelper.invokeHookable(MethodInvocationHelper.java:249)
at org.testng.internal.Invoker.invokeMethod(Invoker.java:654)
at org.testng.internal.Invoker.invokeTestMethod(Invoker.java:792)
at org.testng.internal.Invoker.invokeTestMethods(Invoker.java:1103)
at org.testng.internal.TestMethodWorker.invokeTestMethods(TestMethodWorker.java:140)
at org.testng.internal.TestMethodWorker.run(TestMethodWorker.java:122)
at org.testng.TestRunner.privateRun(TestRunner.java:739)
at org.testng.TestRunner.run(TestRunner.java:589)
at org.testng.SuiteRunner.runTest(SuiteRunner.java:398)
at org.testng.SuiteRunner.runSequentially(SuiteRunner.java:392)
at org.testng.SuiteRunner.privateRun(SuiteRunner.java:354)
at org.testng.SuiteRunner.run(SuiteRunner.java:302)
at org.testng.SuiteRunnerWorker.runSuite(SuiteRunnerWorker.java:53)
at org.testng.SuiteRunnerWorker.run(SuiteRunnerWorker.java:96)
at org.testng.TestNG.runSuitesSequentially(TestNG.java:1145)
at org.testng.TestNG.runSuitesLocally(TestNG.java:1067)
at org.testng.TestNG.runSuites(TestNG.java:997)
at org.testng.TestNG.run(TestNG.java:965)
at org.apache.maven.surefire.testng.TestNGExecutor.run(TestNGExecutor.java:135)
at org.apache.maven.surefire.testng.TestNGDirectoryTestSuite.executeMulti(TestNGDirectoryTestSuite.java:193)
at org.apache.maven.surefire.testng.TestNGDirectoryTestSuite.execute(TestNGDirectoryTestSuite.java:94)
at org.apache.maven.surefire.testng.TestNGProvider.invoke(TestNGProvider.java:146)
at org.apache.maven.surefire.booter.ForkedBooter.invokeProviderInSameClassLoader(ForkedBooter.java:384)
at org.apache.maven.surefire.booter.ForkedBooter.runSuitesInProcess(ForkedBooter.java:345)
at org.apache.maven.surefire.booter.ForkedBooter.execute(ForkedBooter.java:126)
at org.apache.maven.surefire.booter.ForkedBooter.main(ForkedBooter.java:418)
]]>
            </full-stacktrace>
          </exception> <!-- java.lang.IllegalArgumentException -->
          <reporter-output>
          </reporter-output>
        </test-method> <!-- deleteNull -->
        <test-method is-config="true" signature="springTestContextAfterTestMethod(java.lang.reflect.Method)[pri:0, instance:cz.muni.fi.pa165.smartphonEShop.dao.StockDaoTest@433defed]" started-at="2018-10-29T21:28:38 SEČ" name="springTestContextAfterTestMethod" finished-at="2018-10-29T21:28:38 SEČ" duration-ms="7" status="PASS">
          <params>
            <param index="0">
              <value>
                <![CDATA[public void cz.muni.fi.pa165.smartphonEShop.dao.StockDaoTest.deleteNull()]]>
              </value>
            </param>
          </params>
          <reporter-output>
          </reporter-output>
        </test-method> <!-- springTestContextAfterTestMethod -->
        <test-method is-config="true" signature="springTestContextBeforeTestMethod(java.lang.reflect.Method)[pri:0, instance:cz.muni.fi.pa165.smartphonEShop.dao.StockDaoTest@433defed]" started-at="2018-10-29T21:28:38 SEČ" name="springTestContextBeforeTestMethod" finished-at="2018-10-29T21:28:38 SEČ" duration-ms="4" status="PASS">
          <params>
            <param index="0">
              <value>
                <![CDATA[public void cz.muni.fi.pa165.smartphonEShop.dao.StockDaoTest.findAll()]]>
              </value>
            </param>
          </params>
          <reporter-output>
          </reporter-output>
        </test-method> <!-- springTestContextBeforeTestMethod -->
        <test-method is-config="true" signature="setUp()[pri:0, instance:cz.muni.fi.pa165.smartphonEShop.dao.StockDaoTest@433defed]" started-at="2018-10-29T21:28:38 SEČ" name="setUp" finished-at="2018-10-29T21:28:38 SEČ" duration-ms="0" status="PASS">
          <reporter-output>
          </reporter-output>
        </test-method> <!-- setUp -->
        <test-method signature="findAll()[pri:0, instance:cz.muni.fi.pa165.smartphonEShop.dao.StockDaoTest@433defed]" started-at="2018-10-29T21:28:38 SEČ" name="findAll" finished-at="2018-10-29T21:28:38 SEČ" duration-ms="23" status="PASS">
          <reporter-output>
          </reporter-output>
        </test-method> <!-- findAll -->
        <test-method is-config="true" signature="springTestContextAfterTestMethod(java.lang.reflect.Method)[pri:0, instance:cz.muni.fi.pa165.smartphonEShop.dao.StockDaoTest@433defed]" started-at="2018-10-29T21:28:38 SEČ" name="springTestContextAfterTestMethod" finished-at="2018-10-29T21:28:38 SEČ" duration-ms="10" status="PASS">
          <params>
            <param index="0">
              <value>
                <![CDATA[public void cz.muni.fi.pa165.smartphonEShop.dao.StockDaoTest.findAll()]]>
              </value>
            </param>
          </params>
          <reporter-output>
          </reporter-output>
        </test-method> <!-- springTestContextAfterTestMethod -->
        <test-method is-config="true" signature="springTestContextBeforeTestMethod(java.lang.reflect.Method)[pri:0, instance:cz.muni.fi.pa165.smartphonEShop.dao.StockDaoTest@433defed]" started-at="2018-10-29T21:28:38 SEČ" name="springTestContextBeforeTestMethod" finished-at="2018-10-29T21:28:38 SEČ" duration-ms="11" status="PASS">
          <params>
            <param index="0">
              <value>
                <![CDATA[public void cz.muni.fi.pa165.smartphonEShop.dao.StockDaoTest.findById()]]>
              </value>
            </param>
          </params>
          <reporter-output>
          </reporter-output>
        </test-method> <!-- springTestContextBeforeTestMethod -->
        <test-method signature="findById()[pri:0, instance:cz.muni.fi.pa165.smartphonEShop.dao.StockDaoTest@433defed]" started-at="2018-10-29T21:28:38 SEČ" name="findById" finished-at="2018-10-29T21:28:38 SEČ" duration-ms="17" status="PASS">
          <reporter-output>
          </reporter-output>
        </test-method> <!-- findById -->
        <test-method is-config="true" signature="setUp()[pri:0, instance:cz.muni.fi.pa165.smartphonEShop.dao.StockDaoTest@433defed]" started-at="2018-10-29T21:28:38 SEČ" name="setUp" finished-at="2018-10-29T21:28:38 SEČ" duration-ms="0" status="PASS">
          <reporter-output>
          </reporter-output>
        </test-method> <!-- setUp -->
        <test-method is-config="true" signature="springTestContextAfterTestMethod(java.lang.reflect.Method)[pri:0, instance:cz.muni.fi.pa165.smartphonEShop.dao.StockDaoTest@433defed]" started-at="2018-10-29T21:28:38 SEČ" name="springTestContextAfterTestMethod" finished-at="2018-10-29T21:28:38 SEČ" duration-ms="4" status="PASS">
          <params>
            <param index="0">
              <value>
                <![CDATA[public void cz.muni.fi.pa165.smartphonEShop.dao.StockDaoTest.findById()]]>
              </value>
            </param>
          </params>
          <reporter-output>
          </reporter-output>
        </test-method> <!-- springTestContextAfterTestMethod -->
        <test-method is-config="true" signature="springTestContextBeforeTestMethod(java.lang.reflect.Method)[pri:0, instance:cz.muni.fi.pa165.smartphonEShop.dao.StockDaoTest@433defed]" started-at="2018-10-29T21:28:38 SEČ" name="springTestContextBeforeTestMethod" finished-at="2018-10-29T21:28:38 SEČ" duration-ms="3" status="PASS">
          <params>
            <param index="0">
              <value>
                <![CDATA[public void cz.muni.fi.pa165.smartphonEShop.dao.StockDaoTest.findByIdNegative()]]>
              </value>
            </param>
          </params>
          <reporter-output>
          </reporter-output>
        </test-method> <!-- springTestContextBeforeTestMethod -->
        <test-method signature="findByIdNegative()[pri:0, instance:cz.muni.fi.pa165.smartphonEShop.dao.StockDaoTest@433defed]" started-at="2018-10-29T21:28:38 SEČ" name="findByIdNegative" finished-at="2018-10-29T21:28:38 SEČ" duration-ms="1" status="PASS">
          <exception class="java.lang.IllegalArgumentException">
            <message>
              <![CDATA[StockId is null or less than 0!]]>
            </message>
            <full-stacktrace>
              <![CDATA[java.lang.IllegalArgumentException: StockId is null or less than 0!
at cz.muni.fi.pa165.smartphonEShop.dao.StockDaoImpl.findById(StockDaoImpl.java:59)
at cz.muni.fi.pa165.smartphonEShop.dao.StockDaoTest.findByIdNegative(StockDaoTest.java:157)
at java.base/jdk.internal.reflect.NativeMethodAccessorImpl.invoke0(Native Method)
at java.base/jdk.internal.reflect.NativeMethodAccessorImpl.invoke(NativeMethodAccessorImpl.java:62)
at java.base/jdk.internal.reflect.DelegatingMethodAccessorImpl.invoke(DelegatingMethodAccessorImpl.java:43)
at java.base/java.lang.reflect.Method.invoke(Method.java:564)
at org.testng.internal.MethodInvocationHelper.invokeMethod(MethodInvocationHelper.java:131)
at org.testng.internal.MethodInvocationHelper$1.runTestMethod(MethodInvocationHelper.java:237)
at org.springframework.test.context.testng.AbstractTestNGSpringContextTests.run(AbstractTestNGSpringContextTests.java:180)
at org.testng.internal.MethodInvocationHelper.invokeHookable(MethodInvocationHelper.java:249)
at org.testng.internal.Invoker.invokeMethod(Invoker.java:654)
at org.testng.internal.Invoker.invokeTestMethod(Invoker.java:792)
at org.testng.internal.Invoker.invokeTestMethods(Invoker.java:1103)
at org.testng.internal.TestMethodWorker.invokeTestMethods(TestMethodWorker.java:140)
at org.testng.internal.TestMethodWorker.run(TestMethodWorker.java:122)
at org.testng.TestRunner.privateRun(TestRunner.java:739)
at org.testng.TestRunner.run(TestRunner.java:589)
at org.testng.SuiteRunner.runTest(SuiteRunner.java:398)
at org.testng.SuiteRunner.runSequentially(SuiteRunner.java:392)
at org.testng.SuiteRunner.privateRun(SuiteRunner.java:354)
at org.testng.SuiteRunner.run(SuiteRunner.java:302)
at org.testng.SuiteRunnerWorker.runSuite(SuiteRunnerWorker.java:53)
at org.testng.SuiteRunnerWorker.run(SuiteRunnerWorker.java:96)
at org.testng.TestNG.runSuitesSequentially(TestNG.java:1145)
at org.testng.TestNG.runSuitesLocally(TestNG.java:1067)
at org.testng.TestNG.runSuites(TestNG.java:997)
at org.testng.TestNG.run(TestNG.java:965)
at org.apache.maven.surefire.testng.TestNGExecutor.run(TestNGExecutor.java:135)
at org.apache.maven.surefire.testng.TestNGDirectoryTestSuite.executeMulti(TestNGDirectoryTestSuite.java:193)
at org.apache.maven.surefire.testng.TestNGDirectoryTestSuite.execute(TestNGDirectoryTestSuite.java:94)
at org.apache.maven.surefire.testng.TestNGProvider.invoke(TestNGProvider.java:146)
at org.apache.maven.surefire.booter.ForkedBooter.invokeProviderInSameClassLoader(ForkedBooter.java:384)
at org.apache.maven.surefire.booter.ForkedBooter.runSuitesInProcess(ForkedBooter.java:345)
at org.apache.maven.surefire.booter.ForkedBooter.execute(ForkedBooter.java:126)
at org.apache.maven.surefire.booter.ForkedBooter.main(ForkedBooter.java:418)
]]>
            </full-stacktrace>
          </exception> <!-- java.lang.IllegalArgumentException -->
          <reporter-output>
          </reporter-output>
        </test-method> <!-- findByIdNegative -->
        <test-method is-config="true" signature="setUp()[pri:0, instance:cz.muni.fi.pa165.smartphonEShop.dao.StockDaoTest@433defed]" started-at="2018-10-29T21:28:38 SEČ" name="setUp" finished-at="2018-10-29T21:28:38 SEČ" duration-ms="0" status="PASS">
          <reporter-output>
          </reporter-output>
        </test-method> <!-- setUp -->
        <test-method is-config="true" signature="springTestContextAfterTestMethod(java.lang.reflect.Method)[pri:0, instance:cz.muni.fi.pa165.smartphonEShop.dao.StockDaoTest@433defed]" started-at="2018-10-29T21:28:38 SEČ" name="springTestContextAfterTestMethod" finished-at="2018-10-29T21:28:38 SEČ" duration-ms="15" status="PASS">
          <params>
            <param index="0">
              <value>
                <![CDATA[public void cz.muni.fi.pa165.smartphonEShop.dao.StockDaoTest.findByIdNegative()]]>
              </value>
            </param>
          </params>
          <reporter-output>
          </reporter-output>
        </test-method> <!-- springTestContextAfterTestMethod -->
        <test-method is-config="true" signature="springTestContextBeforeTestMethod(java.lang.reflect.Method)[pri:0, instance:cz.muni.fi.pa165.smartphonEShop.dao.StockDaoTest@433defed]" started-at="2018-10-29T21:28:38 SEČ" name="springTestContextBeforeTestMethod" finished-at="2018-10-29T21:28:38 SEČ" duration-ms="3" status="PASS">
          <params>
            <param index="0">
              <value>
                <![CDATA[public void cz.muni.fi.pa165.smartphonEShop.dao.StockDaoTest.findByIdNull()]]>
              </value>
            </param>
          </params>
          <reporter-output>
          </reporter-output>
        </test-method> <!-- springTestContextBeforeTestMethod -->
        <test-method signature="findByIdNull()[pri:0, instance:cz.muni.fi.pa165.smartphonEShop.dao.StockDaoTest@433defed]" started-at="2018-10-29T21:28:38 SEČ" name="findByIdNull" finished-at="2018-10-29T21:28:38 SEČ" duration-ms="1" status="PASS">
          <exception class="java.lang.IllegalArgumentException">
            <message>
              <![CDATA[StockId is null or less than 0!]]>
            </message>
            <full-stacktrace>
              <![CDATA[java.lang.IllegalArgumentException: StockId is null or less than 0!
at cz.muni.fi.pa165.smartphonEShop.dao.StockDaoImpl.findById(StockDaoImpl.java:59)
at cz.muni.fi.pa165.smartphonEShop.dao.StockDaoTest.findByIdNull(StockDaoTest.java:151)
at java.base/jdk.internal.reflect.NativeMethodAccessorImpl.invoke0(Native Method)
at java.base/jdk.internal.reflect.NativeMethodAccessorImpl.invoke(NativeMethodAccessorImpl.java:62)
at java.base/jdk.internal.reflect.DelegatingMethodAccessorImpl.invoke(DelegatingMethodAccessorImpl.java:43)
at java.base/java.lang.reflect.Method.invoke(Method.java:564)
at org.testng.internal.MethodInvocationHelper.invokeMethod(MethodInvocationHelper.java:131)
at org.testng.internal.MethodInvocationHelper$1.runTestMethod(MethodInvocationHelper.java:237)
at org.springframework.test.context.testng.AbstractTestNGSpringContextTests.run(AbstractTestNGSpringContextTests.java:180)
at org.testng.internal.MethodInvocationHelper.invokeHookable(MethodInvocationHelper.java:249)
at org.testng.internal.Invoker.invokeMethod(Invoker.java:654)
at org.testng.internal.Invoker.invokeTestMethod(Invoker.java:792)
at org.testng.internal.Invoker.invokeTestMethods(Invoker.java:1103)
at org.testng.internal.TestMethodWorker.invokeTestMethods(TestMethodWorker.java:140)
at org.testng.internal.TestMethodWorker.run(TestMethodWorker.java:122)
at org.testng.TestRunner.privateRun(TestRunner.java:739)
at org.testng.TestRunner.run(TestRunner.java:589)
at org.testng.SuiteRunner.runTest(SuiteRunner.java:398)
at org.testng.SuiteRunner.runSequentially(SuiteRunner.java:392)
at org.testng.SuiteRunner.privateRun(SuiteRunner.java:354)
at org.testng.SuiteRunner.run(SuiteRunner.java:302)
at org.testng.SuiteRunnerWorker.runSuite(SuiteRunnerWorker.java:53)
at org.testng.SuiteRunnerWorker.run(SuiteRunnerWorker.java:96)
at org.testng.TestNG.runSuitesSequentially(TestNG.java:1145)
at org.testng.TestNG.runSuitesLocally(TestNG.java:1067)
at org.testng.TestNG.runSuites(TestNG.java:997)
at org.testng.TestNG.run(TestNG.java:965)
at org.apache.maven.surefire.testng.TestNGExecutor.run(TestNGExecutor.java:135)
at org.apache.maven.surefire.testng.TestNGDirectoryTestSuite.executeMulti(TestNGDirectoryTestSuite.java:193)
at org.apache.maven.surefire.testng.TestNGDirectoryTestSuite.execute(TestNGDirectoryTestSuite.java:94)
at org.apache.maven.surefire.testng.TestNGProvider.invoke(TestNGProvider.java:146)
at org.apache.maven.surefire.booter.ForkedBooter.invokeProviderInSameClassLoader(ForkedBooter.java:384)
at org.apache.maven.surefire.booter.ForkedBooter.runSuitesInProcess(ForkedBooter.java:345)
at org.apache.maven.surefire.booter.ForkedBooter.execute(ForkedBooter.java:126)
at org.apache.maven.surefire.booter.ForkedBooter.main(ForkedBooter.java:418)
]]>
            </full-stacktrace>
          </exception> <!-- java.lang.IllegalArgumentException -->
          <reporter-output>
          </reporter-output>
        </test-method> <!-- findByIdNull -->
        <test-method is-config="true" signature="setUp()[pri:0, instance:cz.muni.fi.pa165.smartphonEShop.dao.StockDaoTest@433defed]" started-at="2018-10-29T21:28:38 SEČ" name="setUp" finished-at="2018-10-29T21:28:38 SEČ" duration-ms="0" status="PASS">
          <reporter-output>
          </reporter-output>
        </test-method> <!-- setUp -->
        <test-method is-config="true" signature="springTestContextAfterTestMethod(java.lang.reflect.Method)[pri:0, instance:cz.muni.fi.pa165.smartphonEShop.dao.StockDaoTest@433defed]" started-at="2018-10-29T21:28:38 SEČ" name="springTestContextAfterTestMethod" finished-at="2018-10-29T21:28:38 SEČ" duration-ms="3" status="PASS">
          <params>
            <param index="0">
              <value>
                <![CDATA[public void cz.muni.fi.pa165.smartphonEShop.dao.StockDaoTest.findByIdNull()]]>
              </value>
            </param>
          </params>
          <reporter-output>
          </reporter-output>
        </test-method> <!-- springTestContextAfterTestMethod -->
        <test-method is-config="true" signature="springTestContextBeforeTestMethod(java.lang.reflect.Method)[pri:0, instance:cz.muni.fi.pa165.smartphonEShop.dao.StockDaoTest@433defed]" started-at="2018-10-29T21:28:38 SEČ" name="springTestContextBeforeTestMethod" finished-at="2018-10-29T21:28:38 SEČ" duration-ms="5" status="PASS">
          <params>
            <param index="0">
              <value>
                <![CDATA[public void cz.muni.fi.pa165.smartphonEShop.dao.StockDaoTest.update()]]>
              </value>
            </param>
          </params>
          <reporter-output>
          </reporter-output>
        </test-method> <!-- springTestContextBeforeTestMethod -->
        <test-method signature="update()[pri:0, instance:cz.muni.fi.pa165.smartphonEShop.dao.StockDaoTest@433defed]" started-at="2018-10-29T21:28:38 SEČ" name="update" finished-at="2018-10-29T21:28:38 SEČ" duration-ms="14" status="PASS">
          <reporter-output>
          </reporter-output>
        </test-method> <!-- update -->
        <test-method is-config="true" signature="setUp()[pri:0, instance:cz.muni.fi.pa165.smartphonEShop.dao.StockDaoTest@433defed]" started-at="2018-10-29T21:28:38 SEČ" name="setUp" finished-at="2018-10-29T21:28:38 SEČ" duration-ms="0" status="PASS">
          <reporter-output>
          </reporter-output>
        </test-method> <!-- setUp -->
        <test-method is-config="true" signature="springTestContextAfterTestMethod(java.lang.reflect.Method)[pri:0, instance:cz.muni.fi.pa165.smartphonEShop.dao.StockDaoTest@433defed]" started-at="2018-10-29T21:28:38 SEČ" name="springTestContextAfterTestMethod" finished-at="2018-10-29T21:28:38 SEČ" duration-ms="3" status="PASS">
          <params>
            <param index="0">
              <value>
                <![CDATA[public void cz.muni.fi.pa165.smartphonEShop.dao.StockDaoTest.update()]]>
              </value>
            </param>
          </params>
          <reporter-output>
          </reporter-output>
        </test-method> <!-- springTestContextAfterTestMethod -->
        <test-method is-config="true" signature="springTestContextBeforeTestMethod(java.lang.reflect.Method)[pri:0, instance:cz.muni.fi.pa165.smartphonEShop.dao.StockDaoTest@433defed]" started-at="2018-10-29T21:28:38 SEČ" name="springTestContextBeforeTestMethod" finished-at="2018-10-29T21:28:38 SEČ" duration-ms="5" status="PASS">
          <params>
            <param index="0">
              <value>
                <![CDATA[public void cz.muni.fi.pa165.smartphonEShop.dao.StockDaoTest.updateNull()]]>
              </value>
            </param>
          </params>
          <reporter-output>
          </reporter-output>
        </test-method> <!-- springTestContextBeforeTestMethod -->
        <test-method is-config="true" signature="setUp()[pri:0, instance:cz.muni.fi.pa165.smartphonEShop.dao.StockDaoTest@433defed]" started-at="2018-10-29T21:28:38 SEČ" name="setUp" finished-at="2018-10-29T21:28:38 SEČ" duration-ms="1" status="PASS">
          <reporter-output>
          </reporter-output>
        </test-method> <!-- setUp -->
        <test-method signature="updateNull()[pri:0, instance:cz.muni.fi.pa165.smartphonEShop.dao.StockDaoTest@433defed]" started-at="2018-10-29T21:28:38 SEČ" name="updateNull" finished-at="2018-10-29T21:28:38 SEČ" duration-ms="21" status="PASS">
          <exception class="java.lang.IllegalArgumentException">
            <message>
              <![CDATA[Stock is null!]]>
            </message>
            <full-stacktrace>
              <![CDATA[java.lang.IllegalArgumentException: Stock is null!
at cz.muni.fi.pa165.smartphonEShop.dao.StockDaoImpl.update(StockDaoImpl.java:37)
at cz.muni.fi.pa165.smartphonEShop.dao.StockDaoTest.updateNull(StockDaoTest.java:139)
at java.base/jdk.internal.reflect.NativeMethodAccessorImpl.invoke0(Native Method)
at java.base/jdk.internal.reflect.NativeMethodAccessorImpl.invoke(NativeMethodAccessorImpl.java:62)
at java.base/jdk.internal.reflect.DelegatingMethodAccessorImpl.invoke(DelegatingMethodAccessorImpl.java:43)
at java.base/java.lang.reflect.Method.invoke(Method.java:564)
at org.testng.internal.MethodInvocationHelper.invokeMethod(MethodInvocationHelper.java:131)
at org.testng.internal.MethodInvocationHelper$1.runTestMethod(MethodInvocationHelper.java:237)
at org.springframework.test.context.testng.AbstractTestNGSpringContextTests.run(AbstractTestNGSpringContextTests.java:180)
at org.testng.internal.MethodInvocationHelper.invokeHookable(MethodInvocationHelper.java:249)
at org.testng.internal.Invoker.invokeMethod(Invoker.java:654)
at org.testng.internal.Invoker.invokeTestMethod(Invoker.java:792)
at org.testng.internal.Invoker.invokeTestMethods(Invoker.java:1103)
at org.testng.internal.TestMethodWorker.invokeTestMethods(TestMethodWorker.java:140)
at org.testng.internal.TestMethodWorker.run(TestMethodWorker.java:122)
at org.testng.TestRunner.privateRun(TestRunner.java:739)
at org.testng.TestRunner.run(TestRunner.java:589)
at org.testng.SuiteRunner.runTest(SuiteRunner.java:398)
at org.testng.SuiteRunner.runSequentially(SuiteRunner.java:392)
at org.testng.SuiteRunner.privateRun(SuiteRunner.java:354)
at org.testng.SuiteRunner.run(SuiteRunner.java:302)
at org.testng.SuiteRunnerWorker.runSuite(SuiteRunnerWorker.java:53)
at org.testng.SuiteRunnerWorker.run(SuiteRunnerWorker.java:96)
at org.testng.TestNG.runSuitesSequentially(TestNG.java:1145)
at org.testng.TestNG.runSuitesLocally(TestNG.java:1067)
at org.testng.TestNG.runSuites(TestNG.java:997)
at org.testng.TestNG.run(TestNG.java:965)
at org.apache.maven.surefire.testng.TestNGExecutor.run(TestNGExecutor.java:135)
at org.apache.maven.surefire.testng.TestNGDirectoryTestSuite.executeMulti(TestNGDirectoryTestSuite.java:193)
at org.apache.maven.surefire.testng.TestNGDirectoryTestSuite.execute(TestNGDirectoryTestSuite.java:94)
at org.apache.maven.surefire.testng.TestNGProvider.invoke(TestNGProvider.java:146)
at org.apache.maven.surefire.booter.ForkedBooter.invokeProviderInSameClassLoader(ForkedBooter.java:384)
at org.apache.maven.surefire.booter.ForkedBooter.runSuitesInProcess(ForkedBooter.java:345)
at org.apache.maven.surefire.booter.ForkedBooter.execute(ForkedBooter.java:126)
at org.apache.maven.surefire.booter.ForkedBooter.main(ForkedBooter.java:418)
]]>
            </full-stacktrace>
          </exception> <!-- java.lang.IllegalArgumentException -->
          <reporter-output>
          </reporter-output>
        </test-method> <!-- updateNull -->
        <test-method is-config="true" signature="springTestContextAfterTestMethod(java.lang.reflect.Method)[pri:0, instance:cz.muni.fi.pa165.smartphonEShop.dao.StockDaoTest@433defed]" started-at="2018-10-29T21:28:38 SEČ" name="springTestContextAfterTestMethod" finished-at="2018-10-29T21:28:38 SEČ" duration-ms="3" status="PASS">
          <params>
            <param index="0">
              <value>
                <![CDATA[public void cz.muni.fi.pa165.smartphonEShop.dao.StockDaoTest.updateNull()]]>
              </value>
            </param>
          </params>
          <reporter-output>
          </reporter-output>
        </test-method> <!-- springTestContextAfterTestMethod -->
        <test-method is-config="true" signature="springTestContextAfterTestClass()[pri:0, instance:cz.muni.fi.pa165.smartphonEShop.dao.StockDaoTest@433defed]" started-at="2018-10-29T21:28:38 SEČ" name="springTestContextAfterTestClass" finished-at="2018-10-29T21:28:38 SEČ" duration-ms="1" status="PASS">
          <reporter-output>
          </reporter-output>
        </test-method> <!-- springTestContextAfterTestClass -->
      </class> <!-- cz.muni.fi.pa165.smartphonEShop.dao.StockDaoTest -->
      <class name="cz.muni.fi.pa165.smartphonEShop.dao.AddressDaoTest">
        <test-method is-config="true" signature="springTestContextBeforeTestClass()[pri:0, instance:cz.muni.fi.pa165.smartphonEShop.dao.AddressDaoTest@35841320]" started-at="2018-10-29T21:28:24 SEČ" name="springTestContextBeforeTestClass" finished-at="2018-10-29T21:28:24 SEČ" duration-ms="34" status="PASS">
          <reporter-output>
          </reporter-output>
        </test-method> <!-- springTestContextBeforeTestClass -->
        <test-method is-config="true" signature="springTestContextPrepareTestInstance()[pri:0, instance:cz.muni.fi.pa165.smartphonEShop.dao.AddressDaoTest@35841320]" started-at="2018-10-29T21:28:24 SEČ" name="springTestContextPrepareTestInstance" finished-at="2018-10-29T21:28:33 SEČ" depends-on-methods="org.springframework.test.context.testng.AbstractTestNGSpringContextTests.springTestContextBeforeTestClass" duration-ms="9092" status="PASS">
          <reporter-output>
          </reporter-output>
        </test-method> <!-- springTestContextPrepareTestInstance -->
        <test-method is-config="true" signature="springTestContextBeforeTestMethod(java.lang.reflect.Method)[pri:0, instance:cz.muni.fi.pa165.smartphonEShop.dao.AddressDaoTest@35841320]" started-at="2018-10-29T21:28:33 SEČ" name="springTestContextBeforeTestMethod" finished-at="2018-10-29T21:28:34 SEČ" duration-ms="326" status="PASS">
          <params>
            <param index="0">
              <value>
                <![CDATA[public void cz.muni.fi.pa165.smartphonEShop.dao.AddressDaoTest.createNull()]]>
              </value>
            </param>
          </params>
          <reporter-output>
          </reporter-output>
        </test-method> <!-- springTestContextBeforeTestMethod -->
        <test-method is-config="true" signature="setUp()[pri:0, instance:cz.muni.fi.pa165.smartphonEShop.dao.AddressDaoTest@35841320]" started-at="2018-10-29T21:28:34 SEČ" name="setUp" finished-at="2018-10-29T21:28:34 SEČ" duration-ms="0" status="PASS">
          <reporter-output>
          </reporter-output>
        </test-method> <!-- setUp -->
        <test-method signature="createNull()[pri:0, instance:cz.muni.fi.pa165.smartphonEShop.dao.AddressDaoTest@35841320]" started-at="2018-10-29T21:28:34 SEČ" name="createNull" finished-at="2018-10-29T21:28:34 SEČ" duration-ms="3" status="PASS">
          <exception class="java.lang.IllegalArgumentException">
            <message>
              <![CDATA[Address is null!]]>
            </message>
            <full-stacktrace>
              <![CDATA[java.lang.IllegalArgumentException: Address is null!
at cz.muni.fi.pa165.smartphonEShop.dao.AddressDaoImpl.create(AddressDaoImpl.java:24)
at cz.muni.fi.pa165.smartphonEShop.dao.AddressDaoTest.createNull(AddressDaoTest.java:110)
at java.base/jdk.internal.reflect.NativeMethodAccessorImpl.invoke0(Native Method)
at java.base/jdk.internal.reflect.NativeMethodAccessorImpl.invoke(NativeMethodAccessorImpl.java:62)
at java.base/jdk.internal.reflect.DelegatingMethodAccessorImpl.invoke(DelegatingMethodAccessorImpl.java:43)
at java.base/java.lang.reflect.Method.invoke(Method.java:564)
at org.testng.internal.MethodInvocationHelper.invokeMethod(MethodInvocationHelper.java:131)
at org.testng.internal.MethodInvocationHelper$1.runTestMethod(MethodInvocationHelper.java:237)
at org.springframework.test.context.testng.AbstractTestNGSpringContextTests.run(AbstractTestNGSpringContextTests.java:180)
at org.testng.internal.MethodInvocationHelper.invokeHookable(MethodInvocationHelper.java:249)
at org.testng.internal.Invoker.invokeMethod(Invoker.java:654)
at org.testng.internal.Invoker.invokeTestMethod(Invoker.java:792)
at org.testng.internal.Invoker.invokeTestMethods(Invoker.java:1103)
at org.testng.internal.TestMethodWorker.invokeTestMethods(TestMethodWorker.java:140)
at org.testng.internal.TestMethodWorker.run(TestMethodWorker.java:122)
at org.testng.TestRunner.privateRun(TestRunner.java:739)
at org.testng.TestRunner.run(TestRunner.java:589)
at org.testng.SuiteRunner.runTest(SuiteRunner.java:398)
at org.testng.SuiteRunner.runSequentially(SuiteRunner.java:392)
at org.testng.SuiteRunner.privateRun(SuiteRunner.java:354)
at org.testng.SuiteRunner.run(SuiteRunner.java:302)
at org.testng.SuiteRunnerWorker.runSuite(SuiteRunnerWorker.java:53)
at org.testng.SuiteRunnerWorker.run(SuiteRunnerWorker.java:96)
at org.testng.TestNG.runSuitesSequentially(TestNG.java:1145)
at org.testng.TestNG.runSuitesLocally(TestNG.java:1067)
at org.testng.TestNG.runSuites(TestNG.java:997)
at org.testng.TestNG.run(TestNG.java:965)
at org.apache.maven.surefire.testng.TestNGExecutor.run(TestNGExecutor.java:135)
at org.apache.maven.surefire.testng.TestNGDirectoryTestSuite.executeMulti(TestNGDirectoryTestSuite.java:193)
at org.apache.maven.surefire.testng.TestNGDirectoryTestSuite.execute(TestNGDirectoryTestSuite.java:94)
at org.apache.maven.surefire.testng.TestNGProvider.invoke(TestNGProvider.java:146)
at org.apache.maven.surefire.booter.ForkedBooter.invokeProviderInSameClassLoader(ForkedBooter.java:384)
at org.apache.maven.surefire.booter.ForkedBooter.runSuitesInProcess(ForkedBooter.java:345)
at org.apache.maven.surefire.booter.ForkedBooter.execute(ForkedBooter.java:126)
at org.apache.maven.surefire.booter.ForkedBooter.main(ForkedBooter.java:418)
]]>
            </full-stacktrace>
          </exception> <!-- java.lang.IllegalArgumentException -->
          <reporter-output>
          </reporter-output>
        </test-method> <!-- createNull -->
        <test-method is-config="true" signature="springTestContextAfterTestMethod(java.lang.reflect.Method)[pri:0, instance:cz.muni.fi.pa165.smartphonEShop.dao.AddressDaoTest@35841320]" started-at="2018-10-29T21:28:34 SEČ" name="springTestContextAfterTestMethod" finished-at="2018-10-29T21:28:34 SEČ" duration-ms="46" status="PASS">
          <params>
            <param index="0">
              <value>
                <![CDATA[public void cz.muni.fi.pa165.smartphonEShop.dao.AddressDaoTest.createNull()]]>
              </value>
            </param>
          </params>
          <reporter-output>
          </reporter-output>
        </test-method> <!-- springTestContextAfterTestMethod -->
        <test-method is-config="true" signature="springTestContextBeforeTestMethod(java.lang.reflect.Method)[pri:0, instance:cz.muni.fi.pa165.smartphonEShop.dao.AddressDaoTest@35841320]" started-at="2018-10-29T21:28:34 SEČ" name="springTestContextBeforeTestMethod" finished-at="2018-10-29T21:28:34 SEČ" duration-ms="10" status="PASS">
          <params>
            <param index="0">
              <value>
                <![CDATA[public void cz.muni.fi.pa165.smartphonEShop.dao.AddressDaoTest.delete()]]>
              </value>
            </param>
          </params>
          <reporter-output>
          </reporter-output>
        </test-method> <!-- springTestContextBeforeTestMethod -->
        <test-method signature="delete()[pri:0, instance:cz.muni.fi.pa165.smartphonEShop.dao.AddressDaoTest@35841320]" started-at="2018-10-29T21:28:34 SEČ" name="delete" finished-at="2018-10-29T21:28:35 SEČ" duration-ms="892" status="PASS">
          <reporter-output>
          </reporter-output>
        </test-method> <!-- delete -->
        <test-method is-config="true" signature="setUp()[pri:0, instance:cz.muni.fi.pa165.smartphonEShop.dao.AddressDaoTest@35841320]" started-at="2018-10-29T21:28:34 SEČ" name="setUp" finished-at="2018-10-29T21:28:34 SEČ" duration-ms="0" status="PASS">
          <reporter-output>
          </reporter-output>
        </test-method> <!-- setUp -->
        <test-method is-config="true" signature="springTestContextAfterTestMethod(java.lang.reflect.Method)[pri:0, instance:cz.muni.fi.pa165.smartphonEShop.dao.AddressDaoTest@35841320]" started-at="2018-10-29T21:28:35 SEČ" name="springTestContextAfterTestMethod" finished-at="2018-10-29T21:28:35 SEČ" duration-ms="19" status="PASS">
          <params>
            <param index="0">
              <value>
                <![CDATA[public void cz.muni.fi.pa165.smartphonEShop.dao.AddressDaoTest.delete()]]>
              </value>
            </param>
          </params>
          <reporter-output>
          </reporter-output>
        </test-method> <!-- springTestContextAfterTestMethod -->
        <test-method is-config="true" signature="springTestContextBeforeTestMethod(java.lang.reflect.Method)[pri:0, instance:cz.muni.fi.pa165.smartphonEShop.dao.AddressDaoTest@35841320]" started-at="2018-10-29T21:28:35 SEČ" name="springTestContextBeforeTestMethod" finished-at="2018-10-29T21:28:35 SEČ" duration-ms="6" status="PASS">
          <params>
            <param index="0">
              <value>
                <![CDATA[public void cz.muni.fi.pa165.smartphonEShop.dao.AddressDaoTest.deleteNull()]]>
              </value>
            </param>
          </params>
          <reporter-output>
          </reporter-output>
        </test-method> <!-- springTestContextBeforeTestMethod -->
        <test-method signature="deleteNull()[pri:0, instance:cz.muni.fi.pa165.smartphonEShop.dao.AddressDaoTest@35841320]" started-at="2018-10-29T21:28:35 SEČ" name="deleteNull" finished-at="2018-10-29T21:28:35 SEČ" duration-ms="0" status="PASS">
          <exception class="java.lang.IllegalArgumentException">
            <message>
              <![CDATA[Address is null!]]>
            </message>
            <full-stacktrace>
              <![CDATA[java.lang.IllegalArgumentException: Address is null!
at cz.muni.fi.pa165.smartphonEShop.dao.AddressDaoImpl.delete(AddressDaoImpl.java:40)
at cz.muni.fi.pa165.smartphonEShop.dao.AddressDaoTest.deleteNull(AddressDaoTest.java:122)
at java.base/jdk.internal.reflect.NativeMethodAccessorImpl.invoke0(Native Method)
at java.base/jdk.internal.reflect.NativeMethodAccessorImpl.invoke(NativeMethodAccessorImpl.java:62)
at java.base/jdk.internal.reflect.DelegatingMethodAccessorImpl.invoke(DelegatingMethodAccessorImpl.java:43)
at java.base/java.lang.reflect.Method.invoke(Method.java:564)
at org.testng.internal.MethodInvocationHelper.invokeMethod(MethodInvocationHelper.java:131)
at org.testng.internal.MethodInvocationHelper$1.runTestMethod(MethodInvocationHelper.java:237)
at org.springframework.test.context.testng.AbstractTestNGSpringContextTests.run(AbstractTestNGSpringContextTests.java:180)
at org.testng.internal.MethodInvocationHelper.invokeHookable(MethodInvocationHelper.java:249)
at org.testng.internal.Invoker.invokeMethod(Invoker.java:654)
at org.testng.internal.Invoker.invokeTestMethod(Invoker.java:792)
at org.testng.internal.Invoker.invokeTestMethods(Invoker.java:1103)
at org.testng.internal.TestMethodWorker.invokeTestMethods(TestMethodWorker.java:140)
at org.testng.internal.TestMethodWorker.run(TestMethodWorker.java:122)
at org.testng.TestRunner.privateRun(TestRunner.java:739)
at org.testng.TestRunner.run(TestRunner.java:589)
at org.testng.SuiteRunner.runTest(SuiteRunner.java:398)
at org.testng.SuiteRunner.runSequentially(SuiteRunner.java:392)
at org.testng.SuiteRunner.privateRun(SuiteRunner.java:354)
at org.testng.SuiteRunner.run(SuiteRunner.java:302)
at org.testng.SuiteRunnerWorker.runSuite(SuiteRunnerWorker.java:53)
at org.testng.SuiteRunnerWorker.run(SuiteRunnerWorker.java:96)
at org.testng.TestNG.runSuitesSequentially(TestNG.java:1145)
at org.testng.TestNG.runSuitesLocally(TestNG.java:1067)
at org.testng.TestNG.runSuites(TestNG.java:997)
at org.testng.TestNG.run(TestNG.java:965)
at org.apache.maven.surefire.testng.TestNGExecutor.run(TestNGExecutor.java:135)
at org.apache.maven.surefire.testng.TestNGDirectoryTestSuite.executeMulti(TestNGDirectoryTestSuite.java:193)
at org.apache.maven.surefire.testng.TestNGDirectoryTestSuite.execute(TestNGDirectoryTestSuite.java:94)
at org.apache.maven.surefire.testng.TestNGProvider.invoke(TestNGProvider.java:146)
at org.apache.maven.surefire.booter.ForkedBooter.invokeProviderInSameClassLoader(ForkedBooter.java:384)
at org.apache.maven.surefire.booter.ForkedBooter.runSuitesInProcess(ForkedBooter.java:345)
at org.apache.maven.surefire.booter.ForkedBooter.execute(ForkedBooter.java:126)
at org.apache.maven.surefire.booter.ForkedBooter.main(ForkedBooter.java:418)
]]>
            </full-stacktrace>
          </exception> <!-- java.lang.IllegalArgumentException -->
          <reporter-output>
          </reporter-output>
        </test-method> <!-- deleteNull -->
        <test-method is-config="true" signature="setUp()[pri:0, instance:cz.muni.fi.pa165.smartphonEShop.dao.AddressDaoTest@35841320]" started-at="2018-10-29T21:28:35 SEČ" name="setUp" finished-at="2018-10-29T21:28:35 SEČ" duration-ms="0" status="PASS">
          <reporter-output>
          </reporter-output>
        </test-method> <!-- setUp -->
        <test-method is-config="true" signature="springTestContextAfterTestMethod(java.lang.reflect.Method)[pri:0, instance:cz.muni.fi.pa165.smartphonEShop.dao.AddressDaoTest@35841320]" started-at="2018-10-29T21:28:35 SEČ" name="springTestContextAfterTestMethod" finished-at="2018-10-29T21:28:35 SEČ" duration-ms="3" status="PASS">
          <params>
            <param index="0">
              <value>
                <![CDATA[public void cz.muni.fi.pa165.smartphonEShop.dao.AddressDaoTest.deleteNull()]]>
              </value>
            </param>
          </params>
          <reporter-output>
          </reporter-output>
        </test-method> <!-- springTestContextAfterTestMethod -->
        <test-method is-config="true" signature="springTestContextBeforeTestMethod(java.lang.reflect.Method)[pri:0, instance:cz.muni.fi.pa165.smartphonEShop.dao.AddressDaoTest@35841320]" started-at="2018-10-29T21:28:35 SEČ" name="springTestContextBeforeTestMethod" finished-at="2018-10-29T21:28:35 SEČ" duration-ms="7" status="PASS">
          <params>
            <param index="0">
              <value>
                <![CDATA[public void cz.muni.fi.pa165.smartphonEShop.dao.AddressDaoTest.findAll()]]>
              </value>
            </param>
          </params>
          <reporter-output>
          </reporter-output>
        </test-method> <!-- springTestContextBeforeTestMethod -->
        <test-method is-config="true" signature="setUp()[pri:0, instance:cz.muni.fi.pa165.smartphonEShop.dao.AddressDaoTest@35841320]" started-at="2018-10-29T21:28:35 SEČ" name="setUp" finished-at="2018-10-29T21:28:35 SEČ" duration-ms="2" status="PASS">
          <reporter-output>
          </reporter-output>
        </test-method> <!-- setUp -->
        <test-method signature="findAll()[pri:0, instance:cz.muni.fi.pa165.smartphonEShop.dao.AddressDaoTest@35841320]" started-at="2018-10-29T21:28:35 SEČ" name="findAll" finished-at="2018-10-29T21:28:35 SEČ" duration-ms="16" status="PASS">
          <reporter-output>
          </reporter-output>
        </test-method> <!-- findAll -->
        <test-method is-config="true" signature="springTestContextAfterTestMethod(java.lang.reflect.Method)[pri:0, instance:cz.muni.fi.pa165.smartphonEShop.dao.AddressDaoTest@35841320]" started-at="2018-10-29T21:28:35 SEČ" name="springTestContextAfterTestMethod" finished-at="2018-10-29T21:28:35 SEČ" duration-ms="14" status="PASS">
          <params>
            <param index="0">
              <value>
                <![CDATA[public void cz.muni.fi.pa165.smartphonEShop.dao.AddressDaoTest.findAll()]]>
              </value>
            </param>
          </params>
          <reporter-output>
          </reporter-output>
        </test-method> <!-- springTestContextAfterTestMethod -->
        <test-method is-config="true" signature="springTestContextBeforeTestMethod(java.lang.reflect.Method)[pri:0, instance:cz.muni.fi.pa165.smartphonEShop.dao.AddressDaoTest@35841320]" started-at="2018-10-29T21:28:35 SEČ" name="springTestContextBeforeTestMethod" finished-at="2018-10-29T21:28:35 SEČ" duration-ms="6" status="PASS">
          <params>
            <param index="0">
              <value>
                <![CDATA[public void cz.muni.fi.pa165.smartphonEShop.dao.AddressDaoTest.findById()]]>
              </value>
            </param>
          </params>
          <reporter-output>
          </reporter-output>
        </test-method> <!-- springTestContextBeforeTestMethod -->
        <test-method is-config="true" signature="setUp()[pri:0, instance:cz.muni.fi.pa165.smartphonEShop.dao.AddressDaoTest@35841320]" started-at="2018-10-29T21:28:35 SEČ" name="setUp" finished-at="2018-10-29T21:28:35 SEČ" duration-ms="1" status="PASS">
          <reporter-output>
          </reporter-output>
        </test-method> <!-- setUp -->
        <test-method signature="findById()[pri:0, instance:cz.muni.fi.pa165.smartphonEShop.dao.AddressDaoTest@35841320]" started-at="2018-10-29T21:28:35 SEČ" name="findById" finished-at="2018-10-29T21:28:35 SEČ" duration-ms="3" status="PASS">
          <reporter-output>
          </reporter-output>
        </test-method> <!-- findById -->
        <test-method is-config="true" signature="springTestContextAfterTestMethod(java.lang.reflect.Method)[pri:0, instance:cz.muni.fi.pa165.smartphonEShop.dao.AddressDaoTest@35841320]" started-at="2018-10-29T21:28:35 SEČ" name="springTestContextAfterTestMethod" finished-at="2018-10-29T21:28:35 SEČ" duration-ms="5" status="PASS">
          <params>
            <param index="0">
              <value>
                <![CDATA[public void cz.muni.fi.pa165.smartphonEShop.dao.AddressDaoTest.findById()]]>
              </value>
            </param>
          </params>
          <reporter-output>
          </reporter-output>
        </test-method> <!-- springTestContextAfterTestMethod -->
        <test-method is-config="true" signature="springTestContextBeforeTestMethod(java.lang.reflect.Method)[pri:0, instance:cz.muni.fi.pa165.smartphonEShop.dao.AddressDaoTest@35841320]" started-at="2018-10-29T21:28:35 SEČ" name="springTestContextBeforeTestMethod" finished-at="2018-10-29T21:28:35 SEČ" duration-ms="22" status="PASS">
          <params>
            <param index="0">
              <value>
                <![CDATA[public void cz.muni.fi.pa165.smartphonEShop.dao.AddressDaoTest.findByIdNegative()]]>
              </value>
            </param>
          </params>
          <reporter-output>
          </reporter-output>
        </test-method> <!-- springTestContextBeforeTestMethod -->
        <test-method is-config="true" signature="setUp()[pri:0, instance:cz.muni.fi.pa165.smartphonEShop.dao.AddressDaoTest@35841320]" started-at="2018-10-29T21:28:35 SEČ" name="setUp" finished-at="2018-10-29T21:28:35 SEČ" duration-ms="1" status="PASS">
          <reporter-output>
          </reporter-output>
        </test-method> <!-- setUp -->
        <test-method signature="findByIdNegative()[pri:0, instance:cz.muni.fi.pa165.smartphonEShop.dao.AddressDaoTest@35841320]" started-at="2018-10-29T21:28:35 SEČ" name="findByIdNegative" finished-at="2018-10-29T21:28:35 SEČ" duration-ms="0" status="PASS">
          <exception class="java.lang.IllegalArgumentException">
            <message>
              <![CDATA[AddressId is null or less than 0!]]>
            </message>
            <full-stacktrace>
              <![CDATA[java.lang.IllegalArgumentException: AddressId is null or less than 0!
at cz.muni.fi.pa165.smartphonEShop.dao.AddressDaoImpl.findById(AddressDaoImpl.java:54)
at cz.muni.fi.pa165.smartphonEShop.dao.AddressDaoTest.findByIdNegative(AddressDaoTest.java:134)
at java.base/jdk.internal.reflect.NativeMethodAccessorImpl.invoke0(Native Method)
at java.base/jdk.internal.reflect.NativeMethodAccessorImpl.invoke(NativeMethodAccessorImpl.java:62)
at java.base/jdk.internal.reflect.DelegatingMethodAccessorImpl.invoke(DelegatingMethodAccessorImpl.java:43)
at java.base/java.lang.reflect.Method.invoke(Method.java:564)
at org.testng.internal.MethodInvocationHelper.invokeMethod(MethodInvocationHelper.java:131)
at org.testng.internal.MethodInvocationHelper$1.runTestMethod(MethodInvocationHelper.java:237)
at org.springframework.test.context.testng.AbstractTestNGSpringContextTests.run(AbstractTestNGSpringContextTests.java:180)
at org.testng.internal.MethodInvocationHelper.invokeHookable(MethodInvocationHelper.java:249)
at org.testng.internal.Invoker.invokeMethod(Invoker.java:654)
at org.testng.internal.Invoker.invokeTestMethod(Invoker.java:792)
at org.testng.internal.Invoker.invokeTestMethods(Invoker.java:1103)
at org.testng.internal.TestMethodWorker.invokeTestMethods(TestMethodWorker.java:140)
at org.testng.internal.TestMethodWorker.run(TestMethodWorker.java:122)
at org.testng.TestRunner.privateRun(TestRunner.java:739)
at org.testng.TestRunner.run(TestRunner.java:589)
at org.testng.SuiteRunner.runTest(SuiteRunner.java:398)
at org.testng.SuiteRunner.runSequentially(SuiteRunner.java:392)
at org.testng.SuiteRunner.privateRun(SuiteRunner.java:354)
at org.testng.SuiteRunner.run(SuiteRunner.java:302)
at org.testng.SuiteRunnerWorker.runSuite(SuiteRunnerWorker.java:53)
at org.testng.SuiteRunnerWorker.run(SuiteRunnerWorker.java:96)
at org.testng.TestNG.runSuitesSequentially(TestNG.java:1145)
at org.testng.TestNG.runSuitesLocally(TestNG.java:1067)
at org.testng.TestNG.runSuites(TestNG.java:997)
at org.testng.TestNG.run(TestNG.java:965)
at org.apache.maven.surefire.testng.TestNGExecutor.run(TestNGExecutor.java:135)
at org.apache.maven.surefire.testng.TestNGDirectoryTestSuite.executeMulti(TestNGDirectoryTestSuite.java:193)
at org.apache.maven.surefire.testng.TestNGDirectoryTestSuite.execute(TestNGDirectoryTestSuite.java:94)
at org.apache.maven.surefire.testng.TestNGProvider.invoke(TestNGProvider.java:146)
at org.apache.maven.surefire.booter.ForkedBooter.invokeProviderInSameClassLoader(ForkedBooter.java:384)
at org.apache.maven.surefire.booter.ForkedBooter.runSuitesInProcess(ForkedBooter.java:345)
at org.apache.maven.surefire.booter.ForkedBooter.execute(ForkedBooter.java:126)
at org.apache.maven.surefire.booter.ForkedBooter.main(ForkedBooter.java:418)
]]>
            </full-stacktrace>
          </exception> <!-- java.lang.IllegalArgumentException -->
          <reporter-output>
          </reporter-output>
        </test-method> <!-- findByIdNegative -->
        <test-method is-config="true" signature="springTestContextAfterTestMethod(java.lang.reflect.Method)[pri:0, instance:cz.muni.fi.pa165.smartphonEShop.dao.AddressDaoTest@35841320]" started-at="2018-10-29T21:28:35 SEČ" name="springTestContextAfterTestMethod" finished-at="2018-10-29T21:28:35 SEČ" duration-ms="7" status="PASS">
          <params>
            <param index="0">
              <value>
                <![CDATA[public void cz.muni.fi.pa165.smartphonEShop.dao.AddressDaoTest.findByIdNegative()]]>
              </value>
            </param>
          </params>
          <reporter-output>
          </reporter-output>
        </test-method> <!-- springTestContextAfterTestMethod -->
        <test-method is-config="true" signature="springTestContextBeforeTestMethod(java.lang.reflect.Method)[pri:0, instance:cz.muni.fi.pa165.smartphonEShop.dao.AddressDaoTest@35841320]" started-at="2018-10-29T21:28:35 SEČ" name="springTestContextBeforeTestMethod" finished-at="2018-10-29T21:28:35 SEČ" duration-ms="13" status="PASS">
          <params>
            <param index="0">
              <value>
                <![CDATA[public void cz.muni.fi.pa165.smartphonEShop.dao.AddressDaoTest.findByIdNull()]]>
              </value>
            </param>
          </params>
          <reporter-output>
          </reporter-output>
        </test-method> <!-- springTestContextBeforeTestMethod -->
        <test-method signature="findByIdNull()[pri:0, instance:cz.muni.fi.pa165.smartphonEShop.dao.AddressDaoTest@35841320]" started-at="2018-10-29T21:28:35 SEČ" name="findByIdNull" finished-at="2018-10-29T21:28:35 SEČ" duration-ms="7" status="PASS">
          <exception class="java.lang.IllegalArgumentException">
            <message>
              <![CDATA[AddressId is null or less than 0!]]>
            </message>
            <full-stacktrace>
              <![CDATA[java.lang.IllegalArgumentException: AddressId is null or less than 0!
at cz.muni.fi.pa165.smartphonEShop.dao.AddressDaoImpl.findById(AddressDaoImpl.java:54)
at cz.muni.fi.pa165.smartphonEShop.dao.AddressDaoTest.findByIdNull(AddressDaoTest.java:128)
at java.base/jdk.internal.reflect.NativeMethodAccessorImpl.invoke0(Native Method)
at java.base/jdk.internal.reflect.NativeMethodAccessorImpl.invoke(NativeMethodAccessorImpl.java:62)
at java.base/jdk.internal.reflect.DelegatingMethodAccessorImpl.invoke(DelegatingMethodAccessorImpl.java:43)
at java.base/java.lang.reflect.Method.invoke(Method.java:564)
at org.testng.internal.MethodInvocationHelper.invokeMethod(MethodInvocationHelper.java:131)
at org.testng.internal.MethodInvocationHelper$1.runTestMethod(MethodInvocationHelper.java:237)
at org.springframework.test.context.testng.AbstractTestNGSpringContextTests.run(AbstractTestNGSpringContextTests.java:180)
at org.testng.internal.MethodInvocationHelper.invokeHookable(MethodInvocationHelper.java:249)
at org.testng.internal.Invoker.invokeMethod(Invoker.java:654)
at org.testng.internal.Invoker.invokeTestMethod(Invoker.java:792)
at org.testng.internal.Invoker.invokeTestMethods(Invoker.java:1103)
at org.testng.internal.TestMethodWorker.invokeTestMethods(TestMethodWorker.java:140)
at org.testng.internal.TestMethodWorker.run(TestMethodWorker.java:122)
at org.testng.TestRunner.privateRun(TestRunner.java:739)
at org.testng.TestRunner.run(TestRunner.java:589)
at org.testng.SuiteRunner.runTest(SuiteRunner.java:398)
at org.testng.SuiteRunner.runSequentially(SuiteRunner.java:392)
at org.testng.SuiteRunner.privateRun(SuiteRunner.java:354)
at org.testng.SuiteRunner.run(SuiteRunner.java:302)
at org.testng.SuiteRunnerWorker.runSuite(SuiteRunnerWorker.java:53)
at org.testng.SuiteRunnerWorker.run(SuiteRunnerWorker.java:96)
at org.testng.TestNG.runSuitesSequentially(TestNG.java:1145)
at org.testng.TestNG.runSuitesLocally(TestNG.java:1067)
at org.testng.TestNG.runSuites(TestNG.java:997)
at org.testng.TestNG.run(TestNG.java:965)
at org.apache.maven.surefire.testng.TestNGExecutor.run(TestNGExecutor.java:135)
at org.apache.maven.surefire.testng.TestNGDirectoryTestSuite.executeMulti(TestNGDirectoryTestSuite.java:193)
at org.apache.maven.surefire.testng.TestNGDirectoryTestSuite.execute(TestNGDirectoryTestSuite.java:94)
at org.apache.maven.surefire.testng.TestNGProvider.invoke(TestNGProvider.java:146)
at org.apache.maven.surefire.booter.ForkedBooter.invokeProviderInSameClassLoader(ForkedBooter.java:384)
at org.apache.maven.surefire.booter.ForkedBooter.runSuitesInProcess(ForkedBooter.java:345)
at org.apache.maven.surefire.booter.ForkedBooter.execute(ForkedBooter.java:126)
at org.apache.maven.surefire.booter.ForkedBooter.main(ForkedBooter.java:418)
]]>
            </full-stacktrace>
          </exception> <!-- java.lang.IllegalArgumentException -->
          <reporter-output>
          </reporter-output>
        </test-method> <!-- findByIdNull -->
        <test-method is-config="true" signature="setUp()[pri:0, instance:cz.muni.fi.pa165.smartphonEShop.dao.AddressDaoTest@35841320]" started-at="2018-10-29T21:28:35 SEČ" name="setUp" finished-at="2018-10-29T21:28:35 SEČ" duration-ms="0" status="PASS">
          <reporter-output>
          </reporter-output>
        </test-method> <!-- setUp -->
        <test-method is-config="true" signature="springTestContextAfterTestMethod(java.lang.reflect.Method)[pri:0, instance:cz.muni.fi.pa165.smartphonEShop.dao.AddressDaoTest@35841320]" started-at="2018-10-29T21:28:35 SEČ" name="springTestContextAfterTestMethod" finished-at="2018-10-29T21:28:35 SEČ" duration-ms="27" status="PASS">
          <params>
            <param index="0">
              <value>
                <![CDATA[public void cz.muni.fi.pa165.smartphonEShop.dao.AddressDaoTest.findByIdNull()]]>
              </value>
            </param>
          </params>
          <reporter-output>
          </reporter-output>
        </test-method> <!-- springTestContextAfterTestMethod -->
        <test-method is-config="true" signature="springTestContextBeforeTestMethod(java.lang.reflect.Method)[pri:0, instance:cz.muni.fi.pa165.smartphonEShop.dao.AddressDaoTest@35841320]" started-at="2018-10-29T21:28:35 SEČ" name="springTestContextBeforeTestMethod" finished-at="2018-10-29T21:28:35 SEČ" duration-ms="13" status="PASS">
          <params>
            <param index="0">
              <value>
                <![CDATA[public void cz.muni.fi.pa165.smartphonEShop.dao.AddressDaoTest.update()]]>
              </value>
            </param>
          </params>
          <reporter-output>
          </reporter-output>
        </test-method> <!-- springTestContextBeforeTestMethod -->
        <test-method is-config="true" signature="setUp()[pri:0, instance:cz.muni.fi.pa165.smartphonEShop.dao.AddressDaoTest@35841320]" started-at="2018-10-29T21:28:35 SEČ" name="setUp" finished-at="2018-10-29T21:28:35 SEČ" duration-ms="1" status="PASS">
          <reporter-output>
          </reporter-output>
        </test-method> <!-- setUp -->
        <test-method signature="update()[pri:0, instance:cz.muni.fi.pa165.smartphonEShop.dao.AddressDaoTest@35841320]" started-at="2018-10-29T21:28:35 SEČ" name="update" finished-at="2018-10-29T21:28:35 SEČ" duration-ms="15" status="PASS">
          <reporter-output>
          </reporter-output>
        </test-method> <!-- update -->
        <test-method is-config="true" signature="springTestContextAfterTestMethod(java.lang.reflect.Method)[pri:0, instance:cz.muni.fi.pa165.smartphonEShop.dao.AddressDaoTest@35841320]" started-at="2018-10-29T21:28:35 SEČ" name="springTestContextAfterTestMethod" finished-at="2018-10-29T21:28:35 SEČ" duration-ms="2" status="PASS">
          <params>
            <param index="0">
              <value>
                <![CDATA[public void cz.muni.fi.pa165.smartphonEShop.dao.AddressDaoTest.update()]]>
              </value>
            </param>
          </params>
          <reporter-output>
          </reporter-output>
        </test-method> <!-- springTestContextAfterTestMethod -->
        <test-method is-config="true" signature="springTestContextBeforeTestMethod(java.lang.reflect.Method)[pri:0, instance:cz.muni.fi.pa165.smartphonEShop.dao.AddressDaoTest@35841320]" started-at="2018-10-29T21:28:35 SEČ" name="springTestContextBeforeTestMethod" finished-at="2018-10-29T21:28:35 SEČ" duration-ms="40" status="PASS">
          <params>
            <param index="0">
              <value>
                <![CDATA[public void cz.muni.fi.pa165.smartphonEShop.dao.AddressDaoTest.updateNull()]]>
              </value>
            </param>
          </params>
          <reporter-output>
          </reporter-output>
        </test-method> <!-- springTestContextBeforeTestMethod -->
        <test-method signature="updateNull()[pri:0, instance:cz.muni.fi.pa165.smartphonEShop.dao.AddressDaoTest@35841320]" started-at="2018-10-29T21:28:35 SEČ" name="updateNull" finished-at="2018-10-29T21:28:35 SEČ" duration-ms="1" status="PASS">
          <exception class="java.lang.IllegalArgumentException">
            <message>
              <![CDATA[Address is null!]]>
            </message>
            <full-stacktrace>
              <![CDATA[java.lang.IllegalArgumentException: Address is null!
at cz.muni.fi.pa165.smartphonEShop.dao.AddressDaoImpl.update(AddressDaoImpl.java:32)
at cz.muni.fi.pa165.smartphonEShop.dao.AddressDaoTest.updateNull(AddressDaoTest.java:116)
at java.base/jdk.internal.reflect.NativeMethodAccessorImpl.invoke0(Native Method)
at java.base/jdk.internal.reflect.NativeMethodAccessorImpl.invoke(NativeMethodAccessorImpl.java:62)
at java.base/jdk.internal.reflect.DelegatingMethodAccessorImpl.invoke(DelegatingMethodAccessorImpl.java:43)
at java.base/java.lang.reflect.Method.invoke(Method.java:564)
at org.testng.internal.MethodInvocationHelper.invokeMethod(MethodInvocationHelper.java:131)
at org.testng.internal.MethodInvocationHelper$1.runTestMethod(MethodInvocationHelper.java:237)
at org.springframework.test.context.testng.AbstractTestNGSpringContextTests.run(AbstractTestNGSpringContextTests.java:180)
at org.testng.internal.MethodInvocationHelper.invokeHookable(MethodInvocationHelper.java:249)
at org.testng.internal.Invoker.invokeMethod(Invoker.java:654)
at org.testng.internal.Invoker.invokeTestMethod(Invoker.java:792)
at org.testng.internal.Invoker.invokeTestMethods(Invoker.java:1103)
at org.testng.internal.TestMethodWorker.invokeTestMethods(TestMethodWorker.java:140)
at org.testng.internal.TestMethodWorker.run(TestMethodWorker.java:122)
at org.testng.TestRunner.privateRun(TestRunner.java:739)
at org.testng.TestRunner.run(TestRunner.java:589)
at org.testng.SuiteRunner.runTest(SuiteRunner.java:398)
at org.testng.SuiteRunner.runSequentially(SuiteRunner.java:392)
at org.testng.SuiteRunner.privateRun(SuiteRunner.java:354)
at org.testng.SuiteRunner.run(SuiteRunner.java:302)
at org.testng.SuiteRunnerWorker.runSuite(SuiteRunnerWorker.java:53)
at org.testng.SuiteRunnerWorker.run(SuiteRunnerWorker.java:96)
at org.testng.TestNG.runSuitesSequentially(TestNG.java:1145)
at org.testng.TestNG.runSuitesLocally(TestNG.java:1067)
at org.testng.TestNG.runSuites(TestNG.java:997)
at org.testng.TestNG.run(TestNG.java:965)
at org.apache.maven.surefire.testng.TestNGExecutor.run(TestNGExecutor.java:135)
at org.apache.maven.surefire.testng.TestNGDirectoryTestSuite.executeMulti(TestNGDirectoryTestSuite.java:193)
at org.apache.maven.surefire.testng.TestNGDirectoryTestSuite.execute(TestNGDirectoryTestSuite.java:94)
at org.apache.maven.surefire.testng.TestNGProvider.invoke(TestNGProvider.java:146)
at org.apache.maven.surefire.booter.ForkedBooter.invokeProviderInSameClassLoader(ForkedBooter.java:384)
at org.apache.maven.surefire.booter.ForkedBooter.runSuitesInProcess(ForkedBooter.java:345)
at org.apache.maven.surefire.booter.ForkedBooter.execute(ForkedBooter.java:126)
at org.apache.maven.surefire.booter.ForkedBooter.main(ForkedBooter.java:418)
]]>
            </full-stacktrace>
          </exception> <!-- java.lang.IllegalArgumentException -->
          <reporter-output>
          </reporter-output>
        </test-method> <!-- updateNull -->
        <test-method is-config="true" signature="setUp()[pri:0, instance:cz.muni.fi.pa165.smartphonEShop.dao.AddressDaoTest@35841320]" started-at="2018-10-29T21:28:35 SEČ" name="setUp" finished-at="2018-10-29T21:28:35 SEČ" duration-ms="0" status="PASS">
          <reporter-output>
          </reporter-output>
        </test-method> <!-- setUp -->
        <test-method is-config="true" signature="springTestContextAfterTestMethod(java.lang.reflect.Method)[pri:0, instance:cz.muni.fi.pa165.smartphonEShop.dao.AddressDaoTest@35841320]" started-at="2018-10-29T21:28:35 SEČ" name="springTestContextAfterTestMethod" finished-at="2018-10-29T21:28:35 SEČ" duration-ms="5" status="PASS">
          <params>
            <param index="0">
              <value>
                <![CDATA[public void cz.muni.fi.pa165.smartphonEShop.dao.AddressDaoTest.updateNull()]]>
              </value>
            </param>
          </params>
          <reporter-output>
          </reporter-output>
        </test-method> <!-- springTestContextAfterTestMethod -->
        <test-method is-config="true" signature="springTestContextAfterTestClass()[pri:0, instance:cz.muni.fi.pa165.smartphonEShop.dao.AddressDaoTest@35841320]" started-at="2018-10-29T21:28:35 SEČ" name="springTestContextAfterTestClass" finished-at="2018-10-29T21:28:35 SEČ" duration-ms="0" status="PASS">
          <reporter-output>
          </reporter-output>
        </test-method> <!-- springTestContextAfterTestClass -->
      </class> <!-- cz.muni.fi.pa165.smartphonEShop.dao.AddressDaoTest -->
    </test> <!-- Surefire test -->
  </suite> <!-- Surefire suite -->
</testng-results>
