<?xml version="1.0" encoding="UTF-8"?>
<testng-results skipped="0" failed="0" ignored="0" total="56" passed="56">
  <reporter-output>
  </reporter-output>
  <suite name="Surefire suite" duration-ms="9903" started-at="2018-11-07T18:43:24 CET" finished-at="2018-11-07T18:43:34 CET">
    <groups>
    </groups>
    <test name="Surefire test" duration-ms="9903" started-at="2018-11-07T18:43:24 CET" finished-at="2018-11-07T18:43:34 CET">
      <class name="cz.muni.fi.pa165.smartphonEShop.dao.PersonDaoTest">
        <test-method status="PASS" signature="springTestContextBeforeTestClass()[pri:0, instance:cz.muni.fi.pa165.smartphonEShop.dao.PersonDaoTest@45afc369]" name="springTestContextBeforeTestClass" is-config="true" duration-ms="0" started-at="2018-11-07T18:43:33 CET" finished-at="2018-11-07T18:43:33 CET">
          <reporter-output>
          </reporter-output>
        </test-method> <!-- springTestContextBeforeTestClass -->
        <test-method status="PASS" signature="springTestContextPrepareTestInstance()[pri:0, instance:cz.muni.fi.pa165.smartphonEShop.dao.PersonDaoTest@45afc369]" name="springTestContextPrepareTestInstance" is-config="true" duration-ms="2" started-at="2018-11-07T18:43:33 CET" depends-on-methods="org.springframework.test.context.testng.AbstractTestNGSpringContextTests.springTestContextBeforeTestClass" finished-at="2018-11-07T18:43:33 CET">
          <reporter-output>
          </reporter-output>
        </test-method> <!-- springTestContextPrepareTestInstance -->
        <test-method status="PASS" signature="springTestContextBeforeTestMethod(java.lang.reflect.Method)[pri:0, instance:cz.muni.fi.pa165.smartphonEShop.dao.PersonDaoTest@45afc369]" name="springTestContextBeforeTestMethod" is-config="true" duration-ms="3" started-at="2018-11-07T18:43:33 CET" finished-at="2018-11-07T18:43:33 CET">
          <params>
            <param index="0">
              <value>
                <![CDATA[public void cz.muni.fi.pa165.smartphonEShop.dao.PersonDaoTest.createNull()]]>
              </value>
            </param>
          </params>
          <reporter-output>
          </reporter-output>
        </test-method> <!-- springTestContextBeforeTestMethod -->
        <test-method status="PASS" signature="setUp()[pri:0, instance:cz.muni.fi.pa165.smartphonEShop.dao.PersonDaoTest@45afc369]" name="setUp" is-config="true" duration-ms="18" started-at="2018-11-07T18:43:33 CET" finished-at="2018-11-07T18:43:33 CET">
          <reporter-output>
          </reporter-output>
        </test-method> <!-- setUp -->
        <test-method status="PASS" signature="createNull()[pri:0, instance:cz.muni.fi.pa165.smartphonEShop.dao.PersonDaoTest@45afc369]" name="createNull" duration-ms="1" started-at="2018-11-07T18:43:33 CET" finished-at="2018-11-07T18:43:33 CET">
          <exception class="java.lang.IllegalArgumentException">
            <message>
              <![CDATA[claim is null!]]>
            </message>
            <full-stacktrace>
              <![CDATA[java.lang.IllegalArgumentException: claim is null!
at cz.muni.fi.pa165.smartphonEShop.dao.PersonDaoImpl.create(PersonDaoImpl.java:19)
at cz.muni.fi.pa165.smartphonEShop.dao.PersonDaoTest.createNull(PersonDaoTest.java:150)
at sun.reflect.NativeMethodAccessorImpl.invoke0(Native Method)
at sun.reflect.NativeMethodAccessorImpl.invoke(NativeMethodAccessorImpl.java:62)
at sun.reflect.DelegatingMethodAccessorImpl.invoke(DelegatingMethodAccessorImpl.java:43)
at java.lang.reflect.Method.invoke(Method.java:498)
at org.testng.internal.MethodInvocationHelper.invokeMethod(MethodInvocationHelper.java:131)
at org.testng.internal.MethodInvocationHelper$1.runTestMethod(MethodInvocationHelper.java:237)
at org.springframework.test.context.testng.AbstractTestNGSpringContextTests.run(AbstractTestNGSpringContextTests.java:180)
at org.testng.internal.MethodInvocationHelper.invokeHookable(MethodInvocationHelper.java:249)
at org.testng.internal.Invoker.invokeMethod(Invoker.java:654)
at org.testng.internal.Invoker.invokeTestMethod(Invoker.java:792)
at org.testng.internal.Invoker.invokeTestMethods(Invoker.java:1103)
at org.testng.internal.TestMethodWorker.invokeTestMethods(TestMethodWorker.java:140)
at org.testng.internal.TestMethodWorker.run(TestMethodWorker.java:122)
at org.testng.TestRunner.privateRun(TestRunner.java:739)
at org.testng.TestRunner.run(TestRunner.java:589)
at org.testng.SuiteRunner.runTest(SuiteRunner.java:398)
at org.testng.SuiteRunner.runSequentially(SuiteRunner.java:392)
at org.testng.SuiteRunner.privateRun(SuiteRunner.java:354)
at org.testng.SuiteRunner.run(SuiteRunner.java:302)
at org.testng.SuiteRunnerWorker.runSuite(SuiteRunnerWorker.java:53)
at org.testng.SuiteRunnerWorker.run(SuiteRunnerWorker.java:96)
at org.testng.TestNG.runSuitesSequentially(TestNG.java:1145)
at org.testng.TestNG.runSuitesLocally(TestNG.java:1067)
at org.testng.TestNG.runSuites(TestNG.java:997)
at org.testng.TestNG.run(TestNG.java:965)
at org.apache.maven.surefire.testng.TestNGExecutor.run(TestNGExecutor.java:135)
at org.apache.maven.surefire.testng.TestNGDirectoryTestSuite.executeMulti(TestNGDirectoryTestSuite.java:193)
at org.apache.maven.surefire.testng.TestNGDirectoryTestSuite.execute(TestNGDirectoryTestSuite.java:94)
at org.apache.maven.surefire.testng.TestNGProvider.invoke(TestNGProvider.java:146)
at org.apache.maven.surefire.booter.ForkedBooter.invokeProviderInSameClassLoader(ForkedBooter.java:384)
at org.apache.maven.surefire.booter.ForkedBooter.runSuitesInProcess(ForkedBooter.java:345)
at org.apache.maven.surefire.booter.ForkedBooter.execute(ForkedBooter.java:126)
at org.apache.maven.surefire.booter.ForkedBooter.main(ForkedBooter.java:418)
]]>
            </full-stacktrace>
          </exception> <!-- java.lang.IllegalArgumentException -->
          <reporter-output>
          </reporter-output>
        </test-method> <!-- createNull -->
        <test-method status="PASS" signature="springTestContextAfterTestMethod(java.lang.reflect.Method)[pri:0, instance:cz.muni.fi.pa165.smartphonEShop.dao.PersonDaoTest@45afc369]" name="springTestContextAfterTestMethod" is-config="true" duration-ms="2" started-at="2018-11-07T18:43:33 CET" finished-at="2018-11-07T18:43:33 CET">
          <params>
            <param index="0">
              <value>
                <![CDATA[public void cz.muni.fi.pa165.smartphonEShop.dao.PersonDaoTest.createNull()]]>
              </value>
            </param>
          </params>
          <reporter-output>
          </reporter-output>
        </test-method> <!-- springTestContextAfterTestMethod -->
        <test-method status="PASS" signature="springTestContextBeforeTestMethod(java.lang.reflect.Method)[pri:0, instance:cz.muni.fi.pa165.smartphonEShop.dao.PersonDaoTest@45afc369]" name="springTestContextBeforeTestMethod" is-config="true" duration-ms="4" started-at="2018-11-07T18:43:33 CET" finished-at="2018-11-07T18:43:33 CET">
          <params>
            <param index="0">
              <value>
                <![CDATA[public void cz.muni.fi.pa165.smartphonEShop.dao.PersonDaoTest.delete()]]>
              </value>
            </param>
          </params>
          <reporter-output>
          </reporter-output>
        </test-method> <!-- springTestContextBeforeTestMethod -->
        <test-method status="PASS" signature="setUp()[pri:0, instance:cz.muni.fi.pa165.smartphonEShop.dao.PersonDaoTest@45afc369]" name="setUp" is-config="true" duration-ms="7" started-at="2018-11-07T18:43:33 CET" finished-at="2018-11-07T18:43:33 CET">
          <reporter-output>
          </reporter-output>
        </test-method> <!-- setUp -->
        <test-method status="PASS" signature="delete()[pri:0, instance:cz.muni.fi.pa165.smartphonEShop.dao.PersonDaoTest@45afc369]" name="delete" duration-ms="197" started-at="2018-11-07T18:43:33 CET" finished-at="2018-11-07T18:43:33 CET">
          <reporter-output>
          </reporter-output>
        </test-method> <!-- delete -->
        <test-method status="PASS" signature="springTestContextAfterTestMethod(java.lang.reflect.Method)[pri:0, instance:cz.muni.fi.pa165.smartphonEShop.dao.PersonDaoTest@45afc369]" name="springTestContextAfterTestMethod" is-config="true" duration-ms="4" started-at="2018-11-07T18:43:33 CET" finished-at="2018-11-07T18:43:33 CET">
          <params>
            <param index="0">
              <value>
                <![CDATA[public void cz.muni.fi.pa165.smartphonEShop.dao.PersonDaoTest.delete()]]>
              </value>
            </param>
          </params>
          <reporter-output>
          </reporter-output>
        </test-method> <!-- springTestContextAfterTestMethod -->
        <test-method status="PASS" signature="springTestContextBeforeTestMethod(java.lang.reflect.Method)[pri:0, instance:cz.muni.fi.pa165.smartphonEShop.dao.PersonDaoTest@45afc369]" name="springTestContextBeforeTestMethod" is-config="true" duration-ms="10" started-at="2018-11-07T18:43:33 CET" finished-at="2018-11-07T18:43:33 CET">
          <params>
            <param index="0">
              <value>
                <![CDATA[public void cz.muni.fi.pa165.smartphonEShop.dao.PersonDaoTest.deleteNull()]]>
              </value>
            </param>
          </params>
          <reporter-output>
          </reporter-output>
        </test-method> <!-- springTestContextBeforeTestMethod -->
        <test-method status="PASS" signature="setUp()[pri:0, instance:cz.muni.fi.pa165.smartphonEShop.dao.PersonDaoTest@45afc369]" name="setUp" is-config="true" duration-ms="3" started-at="2018-11-07T18:43:33 CET" finished-at="2018-11-07T18:43:33 CET">
          <reporter-output>
          </reporter-output>
        </test-method> <!-- setUp -->
        <test-method status="PASS" signature="deleteNull()[pri:0, instance:cz.muni.fi.pa165.smartphonEShop.dao.PersonDaoTest@45afc369]" name="deleteNull" duration-ms="0" started-at="2018-11-07T18:43:33 CET" finished-at="2018-11-07T18:43:33 CET">
          <exception class="java.lang.IllegalArgumentException">
            <message>
              <![CDATA[Address is null!]]>
            </message>
            <full-stacktrace>
              <![CDATA[java.lang.IllegalArgumentException: Address is null!
at cz.muni.fi.pa165.smartphonEShop.dao.PersonDaoImpl.delete(PersonDaoImpl.java:35)
at cz.muni.fi.pa165.smartphonEShop.dao.PersonDaoTest.deleteNull(PersonDaoTest.java:162)
at sun.reflect.NativeMethodAccessorImpl.invoke0(Native Method)
at sun.reflect.NativeMethodAccessorImpl.invoke(NativeMethodAccessorImpl.java:62)
at sun.reflect.DelegatingMethodAccessorImpl.invoke(DelegatingMethodAccessorImpl.java:43)
at java.lang.reflect.Method.invoke(Method.java:498)
at org.testng.internal.MethodInvocationHelper.invokeMethod(MethodInvocationHelper.java:131)
at org.testng.internal.MethodInvocationHelper$1.runTestMethod(MethodInvocationHelper.java:237)
at org.springframework.test.context.testng.AbstractTestNGSpringContextTests.run(AbstractTestNGSpringContextTests.java:180)
at org.testng.internal.MethodInvocationHelper.invokeHookable(MethodInvocationHelper.java:249)
at org.testng.internal.Invoker.invokeMethod(Invoker.java:654)
at org.testng.internal.Invoker.invokeTestMethod(Invoker.java:792)
at org.testng.internal.Invoker.invokeTestMethods(Invoker.java:1103)
at org.testng.internal.TestMethodWorker.invokeTestMethods(TestMethodWorker.java:140)
at org.testng.internal.TestMethodWorker.run(TestMethodWorker.java:122)
at org.testng.TestRunner.privateRun(TestRunner.java:739)
at org.testng.TestRunner.run(TestRunner.java:589)
at org.testng.SuiteRunner.runTest(SuiteRunner.java:398)
at org.testng.SuiteRunner.runSequentially(SuiteRunner.java:392)
at org.testng.SuiteRunner.privateRun(SuiteRunner.java:354)
at org.testng.SuiteRunner.run(SuiteRunner.java:302)
at org.testng.SuiteRunnerWorker.runSuite(SuiteRunnerWorker.java:53)
at org.testng.SuiteRunnerWorker.run(SuiteRunnerWorker.java:96)
at org.testng.TestNG.runSuitesSequentially(TestNG.java:1145)
at org.testng.TestNG.runSuitesLocally(TestNG.java:1067)
at org.testng.TestNG.runSuites(TestNG.java:997)
at org.testng.TestNG.run(TestNG.java:965)
at org.apache.maven.surefire.testng.TestNGExecutor.run(TestNGExecutor.java:135)
at org.apache.maven.surefire.testng.TestNGDirectoryTestSuite.executeMulti(TestNGDirectoryTestSuite.java:193)
at org.apache.maven.surefire.testng.TestNGDirectoryTestSuite.execute(TestNGDirectoryTestSuite.java:94)
at org.apache.maven.surefire.testng.TestNGProvider.invoke(TestNGProvider.java:146)
at org.apache.maven.surefire.booter.ForkedBooter.invokeProviderInSameClassLoader(ForkedBooter.java:384)
at org.apache.maven.surefire.booter.ForkedBooter.runSuitesInProcess(ForkedBooter.java:345)
at org.apache.maven.surefire.booter.ForkedBooter.execute(ForkedBooter.java:126)
at org.apache.maven.surefire.booter.ForkedBooter.main(ForkedBooter.java:418)
]]>
            </full-stacktrace>
          </exception> <!-- java.lang.IllegalArgumentException -->
          <reporter-output>
          </reporter-output>
        </test-method> <!-- deleteNull -->
        <test-method status="PASS" signature="springTestContextAfterTestMethod(java.lang.reflect.Method)[pri:0, instance:cz.muni.fi.pa165.smartphonEShop.dao.PersonDaoTest@45afc369]" name="springTestContextAfterTestMethod" is-config="true" duration-ms="6" started-at="2018-11-07T18:43:33 CET" finished-at="2018-11-07T18:43:33 CET">
          <params>
            <param index="0">
              <value>
                <![CDATA[public void cz.muni.fi.pa165.smartphonEShop.dao.PersonDaoTest.deleteNull()]]>
              </value>
            </param>
          </params>
          <reporter-output>
          </reporter-output>
        </test-method> <!-- springTestContextAfterTestMethod -->
        <test-method status="PASS" signature="springTestContextBeforeTestMethod(java.lang.reflect.Method)[pri:0, instance:cz.muni.fi.pa165.smartphonEShop.dao.PersonDaoTest@45afc369]" name="springTestContextBeforeTestMethod" is-config="true" duration-ms="31" started-at="2018-11-07T18:43:33 CET" finished-at="2018-11-07T18:43:33 CET">
          <params>
            <param index="0">
              <value>
                <![CDATA[public void cz.muni.fi.pa165.smartphonEShop.dao.PersonDaoTest.findAll()]]>
              </value>
            </param>
          </params>
          <reporter-output>
          </reporter-output>
        </test-method> <!-- springTestContextBeforeTestMethod -->
        <test-method status="PASS" signature="setUp()[pri:0, instance:cz.muni.fi.pa165.smartphonEShop.dao.PersonDaoTest@45afc369]" name="setUp" is-config="true" duration-ms="10" started-at="2018-11-07T18:43:33 CET" finished-at="2018-11-07T18:43:33 CET">
          <reporter-output>
          </reporter-output>
        </test-method> <!-- setUp -->
        <test-method status="PASS" signature="findAll()[pri:0, instance:cz.muni.fi.pa165.smartphonEShop.dao.PersonDaoTest@45afc369]" name="findAll" duration-ms="29" started-at="2018-11-07T18:43:33 CET" finished-at="2018-11-07T18:43:33 CET">
          <reporter-output>
          </reporter-output>
        </test-method> <!-- findAll -->
        <test-method status="PASS" signature="springTestContextAfterTestMethod(java.lang.reflect.Method)[pri:0, instance:cz.muni.fi.pa165.smartphonEShop.dao.PersonDaoTest@45afc369]" name="springTestContextAfterTestMethod" is-config="true" duration-ms="21" started-at="2018-11-07T18:43:33 CET" finished-at="2018-11-07T18:43:33 CET">
          <params>
            <param index="0">
              <value>
                <![CDATA[public void cz.muni.fi.pa165.smartphonEShop.dao.PersonDaoTest.findAll()]]>
              </value>
            </param>
          </params>
          <reporter-output>
          </reporter-output>
        </test-method> <!-- springTestContextAfterTestMethod -->
        <test-method status="PASS" signature="springTestContextBeforeTestMethod(java.lang.reflect.Method)[pri:0, instance:cz.muni.fi.pa165.smartphonEShop.dao.PersonDaoTest@45afc369]" name="springTestContextBeforeTestMethod" is-config="true" duration-ms="3" started-at="2018-11-07T18:43:33 CET" finished-at="2018-11-07T18:43:33 CET">
          <params>
            <param index="0">
              <value>
                <![CDATA[public void cz.muni.fi.pa165.smartphonEShop.dao.PersonDaoTest.findById()]]>
              </value>
            </param>
          </params>
          <reporter-output>
          </reporter-output>
        </test-method> <!-- springTestContextBeforeTestMethod -->
        <test-method status="PASS" signature="setUp()[pri:0, instance:cz.muni.fi.pa165.smartphonEShop.dao.PersonDaoTest@45afc369]" name="setUp" is-config="true" duration-ms="3" started-at="2018-11-07T18:43:33 CET" finished-at="2018-11-07T18:43:33 CET">
          <reporter-output>
          </reporter-output>
        </test-method> <!-- setUp -->
        <test-method status="PASS" signature="findById()[pri:0, instance:cz.muni.fi.pa165.smartphonEShop.dao.PersonDaoTest@45afc369]" name="findById" duration-ms="5" started-at="2018-11-07T18:43:33 CET" finished-at="2018-11-07T18:43:33 CET">
          <reporter-output>
          </reporter-output>
        </test-method> <!-- findById -->
        <test-method status="PASS" signature="springTestContextAfterTestMethod(java.lang.reflect.Method)[pri:0, instance:cz.muni.fi.pa165.smartphonEShop.dao.PersonDaoTest@45afc369]" name="springTestContextAfterTestMethod" is-config="true" duration-ms="3" started-at="2018-11-07T18:43:33 CET" finished-at="2018-11-07T18:43:33 CET">
          <params>
            <param index="0">
              <value>
                <![CDATA[public void cz.muni.fi.pa165.smartphonEShop.dao.PersonDaoTest.findById()]]>
              </value>
            </param>
          </params>
          <reporter-output>
          </reporter-output>
        </test-method> <!-- springTestContextAfterTestMethod -->
        <test-method status="PASS" signature="springTestContextBeforeTestMethod(java.lang.reflect.Method)[pri:0, instance:cz.muni.fi.pa165.smartphonEShop.dao.PersonDaoTest@45afc369]" name="springTestContextBeforeTestMethod" is-config="true" duration-ms="3" started-at="2018-11-07T18:43:33 CET" finished-at="2018-11-07T18:43:33 CET">
          <params>
            <param index="0">
              <value>
                <![CDATA[public void cz.muni.fi.pa165.smartphonEShop.dao.PersonDaoTest.findByIdNegative()]]>
              </value>
            </param>
          </params>
          <reporter-output>
          </reporter-output>
        </test-method> <!-- springTestContextBeforeTestMethod -->
        <test-method status="PASS" signature="setUp()[pri:0, instance:cz.muni.fi.pa165.smartphonEShop.dao.PersonDaoTest@45afc369]" name="setUp" is-config="true" duration-ms="2" started-at="2018-11-07T18:43:33 CET" finished-at="2018-11-07T18:43:33 CET">
          <reporter-output>
          </reporter-output>
        </test-method> <!-- setUp -->
        <test-method status="PASS" signature="findByIdNegative()[pri:0, instance:cz.muni.fi.pa165.smartphonEShop.dao.PersonDaoTest@45afc369]" name="findByIdNegative" duration-ms="1" started-at="2018-11-07T18:43:33 CET" finished-at="2018-11-07T18:43:33 CET">
          <exception class="java.lang.IllegalArgumentException">
            <message>
              <![CDATA[AddressId is null or less than 0!]]>
            </message>
            <full-stacktrace>
              <![CDATA[java.lang.IllegalArgumentException: AddressId is null or less than 0!
at cz.muni.fi.pa165.smartphonEShop.dao.PersonDaoImpl.findById(PersonDaoImpl.java:43)
at cz.muni.fi.pa165.smartphonEShop.dao.PersonDaoTest.findByIdNegative(PersonDaoTest.java:174)
at sun.reflect.NativeMethodAccessorImpl.invoke0(Native Method)
at sun.reflect.NativeMethodAccessorImpl.invoke(NativeMethodAccessorImpl.java:62)
at sun.reflect.DelegatingMethodAccessorImpl.invoke(DelegatingMethodAccessorImpl.java:43)
at java.lang.reflect.Method.invoke(Method.java:498)
at org.testng.internal.MethodInvocationHelper.invokeMethod(MethodInvocationHelper.java:131)
at org.testng.internal.MethodInvocationHelper$1.runTestMethod(MethodInvocationHelper.java:237)
at org.springframework.test.context.testng.AbstractTestNGSpringContextTests.run(AbstractTestNGSpringContextTests.java:180)
at org.testng.internal.MethodInvocationHelper.invokeHookable(MethodInvocationHelper.java:249)
at org.testng.internal.Invoker.invokeMethod(Invoker.java:654)
at org.testng.internal.Invoker.invokeTestMethod(Invoker.java:792)
at org.testng.internal.Invoker.invokeTestMethods(Invoker.java:1103)
at org.testng.internal.TestMethodWorker.invokeTestMethods(TestMethodWorker.java:140)
at org.testng.internal.TestMethodWorker.run(TestMethodWorker.java:122)
at org.testng.TestRunner.privateRun(TestRunner.java:739)
at org.testng.TestRunner.run(TestRunner.java:589)
at org.testng.SuiteRunner.runTest(SuiteRunner.java:398)
at org.testng.SuiteRunner.runSequentially(SuiteRunner.java:392)
at org.testng.SuiteRunner.privateRun(SuiteRunner.java:354)
at org.testng.SuiteRunner.run(SuiteRunner.java:302)
at org.testng.SuiteRunnerWorker.runSuite(SuiteRunnerWorker.java:53)
at org.testng.SuiteRunnerWorker.run(SuiteRunnerWorker.java:96)
at org.testng.TestNG.runSuitesSequentially(TestNG.java:1145)
at org.testng.TestNG.runSuitesLocally(TestNG.java:1067)
at org.testng.TestNG.runSuites(TestNG.java:997)
at org.testng.TestNG.run(TestNG.java:965)
at org.apache.maven.surefire.testng.TestNGExecutor.run(TestNGExecutor.java:135)
at org.apache.maven.surefire.testng.TestNGDirectoryTestSuite.executeMulti(TestNGDirectoryTestSuite.java:193)
at org.apache.maven.surefire.testng.TestNGDirectoryTestSuite.execute(TestNGDirectoryTestSuite.java:94)
at org.apache.maven.surefire.testng.TestNGProvider.invoke(TestNGProvider.java:146)
at org.apache.maven.surefire.booter.ForkedBooter.invokeProviderInSameClassLoader(ForkedBooter.java:384)
at org.apache.maven.surefire.booter.ForkedBooter.runSuitesInProcess(ForkedBooter.java:345)
at org.apache.maven.surefire.booter.ForkedBooter.execute(ForkedBooter.java:126)
at org.apache.maven.surefire.booter.ForkedBooter.main(ForkedBooter.java:418)
]]>
            </full-stacktrace>
          </exception> <!-- java.lang.IllegalArgumentException -->
          <reporter-output>
          </reporter-output>
        </test-method> <!-- findByIdNegative -->
        <test-method status="PASS" signature="springTestContextAfterTestMethod(java.lang.reflect.Method)[pri:0, instance:cz.muni.fi.pa165.smartphonEShop.dao.PersonDaoTest@45afc369]" name="springTestContextAfterTestMethod" is-config="true" duration-ms="2" started-at="2018-11-07T18:43:33 CET" finished-at="2018-11-07T18:43:33 CET">
          <params>
            <param index="0">
              <value>
                <![CDATA[public void cz.muni.fi.pa165.smartphonEShop.dao.PersonDaoTest.findByIdNegative()]]>
              </value>
            </param>
          </params>
          <reporter-output>
          </reporter-output>
        </test-method> <!-- springTestContextAfterTestMethod -->
        <test-method status="PASS" signature="springTestContextBeforeTestMethod(java.lang.reflect.Method)[pri:0, instance:cz.muni.fi.pa165.smartphonEShop.dao.PersonDaoTest@45afc369]" name="springTestContextBeforeTestMethod" is-config="true" duration-ms="2" started-at="2018-11-07T18:43:33 CET" finished-at="2018-11-07T18:43:33 CET">
          <params>
            <param index="0">
              <value>
                <![CDATA[public void cz.muni.fi.pa165.smartphonEShop.dao.PersonDaoTest.findByIdNull()]]>
              </value>
            </param>
          </params>
          <reporter-output>
          </reporter-output>
        </test-method> <!-- springTestContextBeforeTestMethod -->
        <test-method status="PASS" signature="setUp()[pri:0, instance:cz.muni.fi.pa165.smartphonEShop.dao.PersonDaoTest@45afc369]" name="setUp" is-config="true" duration-ms="1" started-at="2018-11-07T18:43:33 CET" finished-at="2018-11-07T18:43:33 CET">
          <reporter-output>
          </reporter-output>
        </test-method> <!-- setUp -->
        <test-method status="PASS" signature="findByIdNull()[pri:0, instance:cz.muni.fi.pa165.smartphonEShop.dao.PersonDaoTest@45afc369]" name="findByIdNull" duration-ms="1" started-at="2018-11-07T18:43:33 CET" finished-at="2018-11-07T18:43:33 CET">
          <exception class="java.lang.IllegalArgumentException">
            <message>
              <![CDATA[AddressId is null or less than 0!]]>
            </message>
            <full-stacktrace>
              <![CDATA[java.lang.IllegalArgumentException: AddressId is null or less than 0!
at cz.muni.fi.pa165.smartphonEShop.dao.PersonDaoImpl.findById(PersonDaoImpl.java:43)
at cz.muni.fi.pa165.smartphonEShop.dao.PersonDaoTest.findByIdNull(PersonDaoTest.java:168)
at sun.reflect.NativeMethodAccessorImpl.invoke0(Native Method)
at sun.reflect.NativeMethodAccessorImpl.invoke(NativeMethodAccessorImpl.java:62)
at sun.reflect.DelegatingMethodAccessorImpl.invoke(DelegatingMethodAccessorImpl.java:43)
at java.lang.reflect.Method.invoke(Method.java:498)
at org.testng.internal.MethodInvocationHelper.invokeMethod(MethodInvocationHelper.java:131)
at org.testng.internal.MethodInvocationHelper$1.runTestMethod(MethodInvocationHelper.java:237)
at org.springframework.test.context.testng.AbstractTestNGSpringContextTests.run(AbstractTestNGSpringContextTests.java:180)
at org.testng.internal.MethodInvocationHelper.invokeHookable(MethodInvocationHelper.java:249)
at org.testng.internal.Invoker.invokeMethod(Invoker.java:654)
at org.testng.internal.Invoker.invokeTestMethod(Invoker.java:792)
at org.testng.internal.Invoker.invokeTestMethods(Invoker.java:1103)
at org.testng.internal.TestMethodWorker.invokeTestMethods(TestMethodWorker.java:140)
at org.testng.internal.TestMethodWorker.run(TestMethodWorker.java:122)
at org.testng.TestRunner.privateRun(TestRunner.java:739)
at org.testng.TestRunner.run(TestRunner.java:589)
at org.testng.SuiteRunner.runTest(SuiteRunner.java:398)
at org.testng.SuiteRunner.runSequentially(SuiteRunner.java:392)
at org.testng.SuiteRunner.privateRun(SuiteRunner.java:354)
at org.testng.SuiteRunner.run(SuiteRunner.java:302)
at org.testng.SuiteRunnerWorker.runSuite(SuiteRunnerWorker.java:53)
at org.testng.SuiteRunnerWorker.run(SuiteRunnerWorker.java:96)
at org.testng.TestNG.runSuitesSequentially(TestNG.java:1145)
at org.testng.TestNG.runSuitesLocally(TestNG.java:1067)
at org.testng.TestNG.runSuites(TestNG.java:997)
at org.testng.TestNG.run(TestNG.java:965)
at org.apache.maven.surefire.testng.TestNGExecutor.run(TestNGExecutor.java:135)
at org.apache.maven.surefire.testng.TestNGDirectoryTestSuite.executeMulti(TestNGDirectoryTestSuite.java:193)
at org.apache.maven.surefire.testng.TestNGDirectoryTestSuite.execute(TestNGDirectoryTestSuite.java:94)
at org.apache.maven.surefire.testng.TestNGProvider.invoke(TestNGProvider.java:146)
at org.apache.maven.surefire.booter.ForkedBooter.invokeProviderInSameClassLoader(ForkedBooter.java:384)
at org.apache.maven.surefire.booter.ForkedBooter.runSuitesInProcess(ForkedBooter.java:345)
at org.apache.maven.surefire.booter.ForkedBooter.execute(ForkedBooter.java:126)
at org.apache.maven.surefire.booter.ForkedBooter.main(ForkedBooter.java:418)
]]>
            </full-stacktrace>
          </exception> <!-- java.lang.IllegalArgumentException -->
          <reporter-output>
          </reporter-output>
        </test-method> <!-- findByIdNull -->
        <test-method status="PASS" signature="springTestContextAfterTestMethod(java.lang.reflect.Method)[pri:0, instance:cz.muni.fi.pa165.smartphonEShop.dao.PersonDaoTest@45afc369]" name="springTestContextAfterTestMethod" is-config="true" duration-ms="1" started-at="2018-11-07T18:43:33 CET" finished-at="2018-11-07T18:43:33 CET">
          <params>
            <param index="0">
              <value>
                <![CDATA[public void cz.muni.fi.pa165.smartphonEShop.dao.PersonDaoTest.findByIdNull()]]>
              </value>
            </param>
          </params>
          <reporter-output>
          </reporter-output>
        </test-method> <!-- springTestContextAfterTestMethod -->
        <test-method status="PASS" signature="springTestContextBeforeTestMethod(java.lang.reflect.Method)[pri:0, instance:cz.muni.fi.pa165.smartphonEShop.dao.PersonDaoTest@45afc369]" name="springTestContextBeforeTestMethod" is-config="true" duration-ms="2" started-at="2018-11-07T18:43:33 CET" finished-at="2018-11-07T18:43:33 CET">
          <params>
            <param index="0">
              <value>
                <![CDATA[public void cz.muni.fi.pa165.smartphonEShop.dao.PersonDaoTest.update()]]>
              </value>
            </param>
          </params>
          <reporter-output>
          </reporter-output>
        </test-method> <!-- springTestContextBeforeTestMethod -->
        <test-method status="PASS" signature="setUp()[pri:0, instance:cz.muni.fi.pa165.smartphonEShop.dao.PersonDaoTest@45afc369]" name="setUp" is-config="true" duration-ms="3" started-at="2018-11-07T18:43:33 CET" finished-at="2018-11-07T18:43:33 CET">
          <reporter-output>
          </reporter-output>
        </test-method> <!-- setUp -->
        <test-method status="PASS" signature="update()[pri:0, instance:cz.muni.fi.pa165.smartphonEShop.dao.PersonDaoTest@45afc369]" name="update" duration-ms="1" started-at="2018-11-07T18:43:33 CET" finished-at="2018-11-07T18:43:33 CET">
          <reporter-output>
          </reporter-output>
        </test-method> <!-- update -->
        <test-method status="PASS" signature="springTestContextAfterTestMethod(java.lang.reflect.Method)[pri:0, instance:cz.muni.fi.pa165.smartphonEShop.dao.PersonDaoTest@45afc369]" name="springTestContextAfterTestMethod" is-config="true" duration-ms="2" started-at="2018-11-07T18:43:33 CET" finished-at="2018-11-07T18:43:33 CET">
          <params>
            <param index="0">
              <value>
                <![CDATA[public void cz.muni.fi.pa165.smartphonEShop.dao.PersonDaoTest.update()]]>
              </value>
            </param>
          </params>
          <reporter-output>
          </reporter-output>
        </test-method> <!-- springTestContextAfterTestMethod -->
        <test-method status="PASS" signature="springTestContextBeforeTestMethod(java.lang.reflect.Method)[pri:0, instance:cz.muni.fi.pa165.smartphonEShop.dao.PersonDaoTest@45afc369]" name="springTestContextBeforeTestMethod" is-config="true" duration-ms="8" started-at="2018-11-07T18:43:33 CET" finished-at="2018-11-07T18:43:33 CET">
          <params>
            <param index="0">
              <value>
                <![CDATA[public void cz.muni.fi.pa165.smartphonEShop.dao.PersonDaoTest.updateNull()]]>
              </value>
            </param>
          </params>
          <reporter-output>
          </reporter-output>
        </test-method> <!-- springTestContextBeforeTestMethod -->
        <test-method status="PASS" signature="setUp()[pri:0, instance:cz.muni.fi.pa165.smartphonEShop.dao.PersonDaoTest@45afc369]" name="setUp" is-config="true" duration-ms="1" started-at="2018-11-07T18:43:33 CET" finished-at="2018-11-07T18:43:33 CET">
          <reporter-output>
          </reporter-output>
        </test-method> <!-- setUp -->
        <test-method status="PASS" signature="updateNull()[pri:0, instance:cz.muni.fi.pa165.smartphonEShop.dao.PersonDaoTest@45afc369]" name="updateNull" duration-ms="1" started-at="2018-11-07T18:43:33 CET" finished-at="2018-11-07T18:43:33 CET">
          <exception class="java.lang.IllegalArgumentException">
            <message>
              <![CDATA[Address is null!]]>
            </message>
            <full-stacktrace>
              <![CDATA[java.lang.IllegalArgumentException: Address is null!
at cz.muni.fi.pa165.smartphonEShop.dao.PersonDaoImpl.update(PersonDaoImpl.java:27)
at cz.muni.fi.pa165.smartphonEShop.dao.PersonDaoTest.updateNull(PersonDaoTest.java:156)
at sun.reflect.NativeMethodAccessorImpl.invoke0(Native Method)
at sun.reflect.NativeMethodAccessorImpl.invoke(NativeMethodAccessorImpl.java:62)
at sun.reflect.DelegatingMethodAccessorImpl.invoke(DelegatingMethodAccessorImpl.java:43)
at java.lang.reflect.Method.invoke(Method.java:498)
at org.testng.internal.MethodInvocationHelper.invokeMethod(MethodInvocationHelper.java:131)
at org.testng.internal.MethodInvocationHelper$1.runTestMethod(MethodInvocationHelper.java:237)
at org.springframework.test.context.testng.AbstractTestNGSpringContextTests.run(AbstractTestNGSpringContextTests.java:180)
at org.testng.internal.MethodInvocationHelper.invokeHookable(MethodInvocationHelper.java:249)
at org.testng.internal.Invoker.invokeMethod(Invoker.java:654)
at org.testng.internal.Invoker.invokeTestMethod(Invoker.java:792)
at org.testng.internal.Invoker.invokeTestMethods(Invoker.java:1103)
at org.testng.internal.TestMethodWorker.invokeTestMethods(TestMethodWorker.java:140)
at org.testng.internal.TestMethodWorker.run(TestMethodWorker.java:122)
at org.testng.TestRunner.privateRun(TestRunner.java:739)
at org.testng.TestRunner.run(TestRunner.java:589)
at org.testng.SuiteRunner.runTest(SuiteRunner.java:398)
at org.testng.SuiteRunner.runSequentially(SuiteRunner.java:392)
at org.testng.SuiteRunner.privateRun(SuiteRunner.java:354)
at org.testng.SuiteRunner.run(SuiteRunner.java:302)
at org.testng.SuiteRunnerWorker.runSuite(SuiteRunnerWorker.java:53)
at org.testng.SuiteRunnerWorker.run(SuiteRunnerWorker.java:96)
at org.testng.TestNG.runSuitesSequentially(TestNG.java:1145)
at org.testng.TestNG.runSuitesLocally(TestNG.java:1067)
at org.testng.TestNG.runSuites(TestNG.java:997)
at org.testng.TestNG.run(TestNG.java:965)
at org.apache.maven.surefire.testng.TestNGExecutor.run(TestNGExecutor.java:135)
at org.apache.maven.surefire.testng.TestNGDirectoryTestSuite.executeMulti(TestNGDirectoryTestSuite.java:193)
at org.apache.maven.surefire.testng.TestNGDirectoryTestSuite.execute(TestNGDirectoryTestSuite.java:94)
at org.apache.maven.surefire.testng.TestNGProvider.invoke(TestNGProvider.java:146)
at org.apache.maven.surefire.booter.ForkedBooter.invokeProviderInSameClassLoader(ForkedBooter.java:384)
at org.apache.maven.surefire.booter.ForkedBooter.runSuitesInProcess(ForkedBooter.java:345)
at org.apache.maven.surefire.booter.ForkedBooter.execute(ForkedBooter.java:126)
at org.apache.maven.surefire.booter.ForkedBooter.main(ForkedBooter.java:418)
]]>
            </full-stacktrace>
          </exception> <!-- java.lang.IllegalArgumentException -->
          <reporter-output>
          </reporter-output>
        </test-method> <!-- updateNull -->
        <test-method status="PASS" signature="springTestContextAfterTestMethod(java.lang.reflect.Method)[pri:0, instance:cz.muni.fi.pa165.smartphonEShop.dao.PersonDaoTest@45afc369]" name="springTestContextAfterTestMethod" is-config="true" duration-ms="1" started-at="2018-11-07T18:43:33 CET" finished-at="2018-11-07T18:43:33 CET">
          <params>
            <param index="0">
              <value>
                <![CDATA[public void cz.muni.fi.pa165.smartphonEShop.dao.PersonDaoTest.updateNull()]]>
              </value>
            </param>
          </params>
          <reporter-output>
          </reporter-output>
        </test-method> <!-- springTestContextAfterTestMethod -->
        <test-method status="PASS" signature="springTestContextAfterTestClass()[pri:0, instance:cz.muni.fi.pa165.smartphonEShop.dao.PersonDaoTest@45afc369]" name="springTestContextAfterTestClass" is-config="true" duration-ms="1" started-at="2018-11-07T18:43:33 CET" finished-at="2018-11-07T18:43:33 CET">
          <reporter-output>
          </reporter-output>
        </test-method> <!-- springTestContextAfterTestClass -->
      </class> <!-- cz.muni.fi.pa165.smartphonEShop.dao.PersonDaoTest -->
      <class name="cz.muni.fi.pa165.smartphonEShop.dao.ClaimDaoTest">
        <test-method status="PASS" signature="springTestContextBeforeTestClass()[pri:0, instance:cz.muni.fi.pa165.smartphonEShop.dao.ClaimDaoTest@799d4f69]" name="springTestContextBeforeTestClass" is-config="true" duration-ms="1" started-at="2018-11-07T18:43:33 CET" finished-at="2018-11-07T18:43:33 CET">
          <reporter-output>
          </reporter-output>
        </test-method> <!-- springTestContextBeforeTestClass -->
        <test-method status="PASS" signature="springTestContextPrepareTestInstance()[pri:0, instance:cz.muni.fi.pa165.smartphonEShop.dao.ClaimDaoTest@799d4f69]" name="springTestContextPrepareTestInstance" is-config="true" duration-ms="19" started-at="2018-11-07T18:43:33 CET" depends-on-methods="org.springframework.test.context.testng.AbstractTestNGSpringContextTests.springTestContextBeforeTestClass" finished-at="2018-11-07T18:43:33 CET">
          <reporter-output>
          </reporter-output>
        </test-method> <!-- springTestContextPrepareTestInstance -->
        <test-method status="PASS" signature="springTestContextBeforeTestMethod(java.lang.reflect.Method)[pri:0, instance:cz.muni.fi.pa165.smartphonEShop.dao.ClaimDaoTest@799d4f69]" name="springTestContextBeforeTestMethod" is-config="true" duration-ms="15" started-at="2018-11-07T18:43:33 CET" finished-at="2018-11-07T18:43:33 CET">
          <params>
            <param index="0">
              <value>
                <![CDATA[public void cz.muni.fi.pa165.smartphonEShop.dao.ClaimDaoTest.create()]]>
              </value>
            </param>
          </params>
          <reporter-output>
          </reporter-output>
        </test-method> <!-- springTestContextBeforeTestMethod -->
        <test-method status="PASS" signature="setUp()[pri:0, instance:cz.muni.fi.pa165.smartphonEShop.dao.ClaimDaoTest@799d4f69]" name="setUp" is-config="true" duration-ms="8" started-at="2018-11-07T18:43:33 CET" finished-at="2018-11-07T18:43:33 CET">
          <reporter-output>
          </reporter-output>
        </test-method> <!-- setUp -->
        <test-method status="PASS" signature="create()[pri:0, instance:cz.muni.fi.pa165.smartphonEShop.dao.ClaimDaoTest@799d4f69]" name="create" duration-ms="52" started-at="2018-11-07T18:43:33 CET" finished-at="2018-11-07T18:43:34 CET">
          <reporter-output>
          </reporter-output>
        </test-method> <!-- create -->
        <test-method status="PASS" signature="springTestContextAfterTestMethod(java.lang.reflect.Method)[pri:0, instance:cz.muni.fi.pa165.smartphonEShop.dao.ClaimDaoTest@799d4f69]" name="springTestContextAfterTestMethod" is-config="true" duration-ms="5" started-at="2018-11-07T18:43:34 CET" finished-at="2018-11-07T18:43:34 CET">
          <params>
            <param index="0">
              <value>
                <![CDATA[public void cz.muni.fi.pa165.smartphonEShop.dao.ClaimDaoTest.create()]]>
              </value>
            </param>
          </params>
          <reporter-output>
          </reporter-output>
        </test-method> <!-- springTestContextAfterTestMethod -->
        <test-method status="PASS" signature="springTestContextBeforeTestMethod(java.lang.reflect.Method)[pri:0, instance:cz.muni.fi.pa165.smartphonEShop.dao.ClaimDaoTest@799d4f69]" name="springTestContextBeforeTestMethod" is-config="true" duration-ms="4" started-at="2018-11-07T18:43:34 CET" finished-at="2018-11-07T18:43:34 CET">
          <params>
            <param index="0">
              <value>
                <![CDATA[public void cz.muni.fi.pa165.smartphonEShop.dao.ClaimDaoTest.createNull()]]>
              </value>
            </param>
          </params>
          <reporter-output>
          </reporter-output>
        </test-method> <!-- springTestContextBeforeTestMethod -->
        <test-method status="PASS" signature="setUp()[pri:0, instance:cz.muni.fi.pa165.smartphonEShop.dao.ClaimDaoTest@799d4f69]" name="setUp" is-config="true" duration-ms="14" started-at="2018-11-07T18:43:34 CET" finished-at="2018-11-07T18:43:34 CET">
          <reporter-output>
          </reporter-output>
        </test-method> <!-- setUp -->
        <test-method status="PASS" signature="createNull()[pri:0, instance:cz.muni.fi.pa165.smartphonEShop.dao.ClaimDaoTest@799d4f69]" name="createNull" duration-ms="0" started-at="2018-11-07T18:43:34 CET" finished-at="2018-11-07T18:43:34 CET">
          <exception class="java.lang.IllegalArgumentException">
            <message>
              <![CDATA[claim is null!]]>
            </message>
            <full-stacktrace>
              <![CDATA[java.lang.IllegalArgumentException: claim is null!
at cz.muni.fi.pa165.smartphonEShop.dao.ClaimDaoImpl.create(ClaimDaoImpl.java:20)
at cz.muni.fi.pa165.smartphonEShop.dao.ClaimDaoTest.createNull(ClaimDaoTest.java:220)
at sun.reflect.NativeMethodAccessorImpl.invoke0(Native Method)
at sun.reflect.NativeMethodAccessorImpl.invoke(NativeMethodAccessorImpl.java:62)
at sun.reflect.DelegatingMethodAccessorImpl.invoke(DelegatingMethodAccessorImpl.java:43)
at java.lang.reflect.Method.invoke(Method.java:498)
at org.testng.internal.MethodInvocationHelper.invokeMethod(MethodInvocationHelper.java:131)
at org.testng.internal.MethodInvocationHelper$1.runTestMethod(MethodInvocationHelper.java:237)
at org.springframework.test.context.testng.AbstractTestNGSpringContextTests.run(AbstractTestNGSpringContextTests.java:180)
at org.testng.internal.MethodInvocationHelper.invokeHookable(MethodInvocationHelper.java:249)
at org.testng.internal.Invoker.invokeMethod(Invoker.java:654)
at org.testng.internal.Invoker.invokeTestMethod(Invoker.java:792)
at org.testng.internal.Invoker.invokeTestMethods(Invoker.java:1103)
at org.testng.internal.TestMethodWorker.invokeTestMethods(TestMethodWorker.java:140)
at org.testng.internal.TestMethodWorker.run(TestMethodWorker.java:122)
at org.testng.TestRunner.privateRun(TestRunner.java:739)
at org.testng.TestRunner.run(TestRunner.java:589)
at org.testng.SuiteRunner.runTest(SuiteRunner.java:398)
at org.testng.SuiteRunner.runSequentially(SuiteRunner.java:392)
at org.testng.SuiteRunner.privateRun(SuiteRunner.java:354)
at org.testng.SuiteRunner.run(SuiteRunner.java:302)
at org.testng.SuiteRunnerWorker.runSuite(SuiteRunnerWorker.java:53)
at org.testng.SuiteRunnerWorker.run(SuiteRunnerWorker.java:96)
at org.testng.TestNG.runSuitesSequentially(TestNG.java:1145)
at org.testng.TestNG.runSuitesLocally(TestNG.java:1067)
at org.testng.TestNG.runSuites(TestNG.java:997)
at org.testng.TestNG.run(TestNG.java:965)
at org.apache.maven.surefire.testng.TestNGExecutor.run(TestNGExecutor.java:135)
at org.apache.maven.surefire.testng.TestNGDirectoryTestSuite.executeMulti(TestNGDirectoryTestSuite.java:193)
at org.apache.maven.surefire.testng.TestNGDirectoryTestSuite.execute(TestNGDirectoryTestSuite.java:94)
at org.apache.maven.surefire.testng.TestNGProvider.invoke(TestNGProvider.java:146)
at org.apache.maven.surefire.booter.ForkedBooter.invokeProviderInSameClassLoader(ForkedBooter.java:384)
at org.apache.maven.surefire.booter.ForkedBooter.runSuitesInProcess(ForkedBooter.java:345)
at org.apache.maven.surefire.booter.ForkedBooter.execute(ForkedBooter.java:126)
at org.apache.maven.surefire.booter.ForkedBooter.main(ForkedBooter.java:418)
]]>
            </full-stacktrace>
          </exception> <!-- java.lang.IllegalArgumentException -->
          <reporter-output>
          </reporter-output>
        </test-method> <!-- createNull -->
        <test-method status="PASS" signature="springTestContextAfterTestMethod(java.lang.reflect.Method)[pri:0, instance:cz.muni.fi.pa165.smartphonEShop.dao.ClaimDaoTest@799d4f69]" name="springTestContextAfterTestMethod" is-config="true" duration-ms="2" started-at="2018-11-07T18:43:34 CET" finished-at="2018-11-07T18:43:34 CET">
          <params>
            <param index="0">
              <value>
                <![CDATA[public void cz.muni.fi.pa165.smartphonEShop.dao.ClaimDaoTest.createNull()]]>
              </value>
            </param>
          </params>
          <reporter-output>
          </reporter-output>
        </test-method> <!-- springTestContextAfterTestMethod -->
        <test-method status="PASS" signature="springTestContextBeforeTestMethod(java.lang.reflect.Method)[pri:0, instance:cz.muni.fi.pa165.smartphonEShop.dao.ClaimDaoTest@799d4f69]" name="springTestContextBeforeTestMethod" is-config="true" duration-ms="4" started-at="2018-11-07T18:43:34 CET" finished-at="2018-11-07T18:43:34 CET">
          <params>
            <param index="0">
              <value>
                <![CDATA[public void cz.muni.fi.pa165.smartphonEShop.dao.ClaimDaoTest.delete()]]>
              </value>
            </param>
          </params>
          <reporter-output>
          </reporter-output>
        </test-method> <!-- springTestContextBeforeTestMethod -->
        <test-method status="PASS" signature="setUp()[pri:0, instance:cz.muni.fi.pa165.smartphonEShop.dao.ClaimDaoTest@799d4f69]" name="setUp" is-config="true" duration-ms="9" started-at="2018-11-07T18:43:34 CET" finished-at="2018-11-07T18:43:34 CET">
          <reporter-output>
          </reporter-output>
        </test-method> <!-- setUp -->
        <test-method status="PASS" signature="delete()[pri:0, instance:cz.muni.fi.pa165.smartphonEShop.dao.ClaimDaoTest@799d4f69]" name="delete" duration-ms="65" started-at="2018-11-07T18:43:34 CET" finished-at="2018-11-07T18:43:34 CET">
          <reporter-output>
          </reporter-output>
        </test-method> <!-- delete -->
        <test-method status="PASS" signature="springTestContextAfterTestMethod(java.lang.reflect.Method)[pri:0, instance:cz.muni.fi.pa165.smartphonEShop.dao.ClaimDaoTest@799d4f69]" name="springTestContextAfterTestMethod" is-config="true" duration-ms="7" started-at="2018-11-07T18:43:34 CET" finished-at="2018-11-07T18:43:34 CET">
          <params>
            <param index="0">
              <value>
                <![CDATA[public void cz.muni.fi.pa165.smartphonEShop.dao.ClaimDaoTest.delete()]]>
              </value>
            </param>
          </params>
          <reporter-output>
          </reporter-output>
        </test-method> <!-- springTestContextAfterTestMethod -->
        <test-method status="PASS" signature="springTestContextBeforeTestMethod(java.lang.reflect.Method)[pri:0, instance:cz.muni.fi.pa165.smartphonEShop.dao.ClaimDaoTest@799d4f69]" name="springTestContextBeforeTestMethod" is-config="true" duration-ms="4" started-at="2018-11-07T18:43:34 CET" finished-at="2018-11-07T18:43:34 CET">
          <params>
            <param index="0">
              <value>
                <![CDATA[public void cz.muni.fi.pa165.smartphonEShop.dao.ClaimDaoTest.deleteNull()]]>
              </value>
            </param>
          </params>
          <reporter-output>
          </reporter-output>
        </test-method> <!-- springTestContextBeforeTestMethod -->
        <test-method status="PASS" signature="setUp()[pri:0, instance:cz.muni.fi.pa165.smartphonEShop.dao.ClaimDaoTest@799d4f69]" name="setUp" is-config="true" duration-ms="16" started-at="2018-11-07T18:43:34 CET" finished-at="2018-11-07T18:43:34 CET">
          <reporter-output>
          </reporter-output>
        </test-method> <!-- setUp -->
        <test-method status="PASS" signature="springTestContextAfterTestMethod(java.lang.reflect.Method)[pri:0, instance:cz.muni.fi.pa165.smartphonEShop.dao.ClaimDaoTest@799d4f69]" name="springTestContextAfterTestMethod" is-config="true" duration-ms="2" started-at="2018-11-07T18:43:34 CET" finished-at="2018-11-07T18:43:34 CET">
          <params>
            <param index="0">
              <value>
                <![CDATA[public void cz.muni.fi.pa165.smartphonEShop.dao.ClaimDaoTest.deleteNull()]]>
              </value>
            </param>
          </params>
          <reporter-output>
          </reporter-output>
        </test-method> <!-- springTestContextAfterTestMethod -->
        <test-method status="PASS" signature="deleteNull()[pri:0, instance:cz.muni.fi.pa165.smartphonEShop.dao.ClaimDaoTest@799d4f69]" name="deleteNull" duration-ms="0" started-at="2018-11-07T18:43:34 CET" finished-at="2018-11-07T18:43:34 CET">
          <exception class="java.lang.IllegalArgumentException">
            <message>
              <![CDATA[claim is null!]]>
            </message>
            <full-stacktrace>
              <![CDATA[java.lang.IllegalArgumentException: claim is null!
at cz.muni.fi.pa165.smartphonEShop.dao.ClaimDaoImpl.delete(ClaimDaoImpl.java:36)
at cz.muni.fi.pa165.smartphonEShop.dao.ClaimDaoTest.deleteNull(ClaimDaoTest.java:205)
at sun.reflect.NativeMethodAccessorImpl.invoke0(Native Method)
at sun.reflect.NativeMethodAccessorImpl.invoke(NativeMethodAccessorImpl.java:62)
at sun.reflect.DelegatingMethodAccessorImpl.invoke(DelegatingMethodAccessorImpl.java:43)
at java.lang.reflect.Method.invoke(Method.java:498)
at org.testng.internal.MethodInvocationHelper.invokeMethod(MethodInvocationHelper.java:131)
at org.testng.internal.MethodInvocationHelper$1.runTestMethod(MethodInvocationHelper.java:237)
at org.springframework.test.context.testng.AbstractTestNGSpringContextTests.run(AbstractTestNGSpringContextTests.java:180)
at org.testng.internal.MethodInvocationHelper.invokeHookable(MethodInvocationHelper.java:249)
at org.testng.internal.Invoker.invokeMethod(Invoker.java:654)
at org.testng.internal.Invoker.invokeTestMethod(Invoker.java:792)
at org.testng.internal.Invoker.invokeTestMethods(Invoker.java:1103)
at org.testng.internal.TestMethodWorker.invokeTestMethods(TestMethodWorker.java:140)
at org.testng.internal.TestMethodWorker.run(TestMethodWorker.java:122)
at org.testng.TestRunner.privateRun(TestRunner.java:739)
at org.testng.TestRunner.run(TestRunner.java:589)
at org.testng.SuiteRunner.runTest(SuiteRunner.java:398)
at org.testng.SuiteRunner.runSequentially(SuiteRunner.java:392)
at org.testng.SuiteRunner.privateRun(SuiteRunner.java:354)
at org.testng.SuiteRunner.run(SuiteRunner.java:302)
at org.testng.SuiteRunnerWorker.runSuite(SuiteRunnerWorker.java:53)
at org.testng.SuiteRunnerWorker.run(SuiteRunnerWorker.java:96)
at org.testng.TestNG.runSuitesSequentially(TestNG.java:1145)
at org.testng.TestNG.runSuitesLocally(TestNG.java:1067)
at org.testng.TestNG.runSuites(TestNG.java:997)
at org.testng.TestNG.run(TestNG.java:965)
at org.apache.maven.surefire.testng.TestNGExecutor.run(TestNGExecutor.java:135)
at org.apache.maven.surefire.testng.TestNGDirectoryTestSuite.executeMulti(TestNGDirectoryTestSuite.java:193)
at org.apache.maven.surefire.testng.TestNGDirectoryTestSuite.execute(TestNGDirectoryTestSuite.java:94)
at org.apache.maven.surefire.testng.TestNGProvider.invoke(TestNGProvider.java:146)
at org.apache.maven.surefire.booter.ForkedBooter.invokeProviderInSameClassLoader(ForkedBooter.java:384)
at org.apache.maven.surefire.booter.ForkedBooter.runSuitesInProcess(ForkedBooter.java:345)
at org.apache.maven.surefire.booter.ForkedBooter.execute(ForkedBooter.java:126)
at org.apache.maven.surefire.booter.ForkedBooter.main(ForkedBooter.java:418)
]]>
            </full-stacktrace>
          </exception> <!-- java.lang.IllegalArgumentException -->
          <reporter-output>
          </reporter-output>
        </test-method> <!-- deleteNull -->
        <test-method status="PASS" signature="springTestContextBeforeTestMethod(java.lang.reflect.Method)[pri:0, instance:cz.muni.fi.pa165.smartphonEShop.dao.ClaimDaoTest@799d4f69]" name="springTestContextBeforeTestMethod" is-config="true" duration-ms="3" started-at="2018-11-07T18:43:34 CET" finished-at="2018-11-07T18:43:34 CET">
          <params>
            <param index="0">
              <value>
                <![CDATA[public void cz.muni.fi.pa165.smartphonEShop.dao.ClaimDaoTest.findAll()]]>
              </value>
            </param>
          </params>
          <reporter-output>
          </reporter-output>
        </test-method> <!-- springTestContextBeforeTestMethod -->
        <test-method status="PASS" signature="setUp()[pri:0, instance:cz.muni.fi.pa165.smartphonEShop.dao.ClaimDaoTest@799d4f69]" name="setUp" is-config="true" duration-ms="7" started-at="2018-11-07T18:43:34 CET" finished-at="2018-11-07T18:43:34 CET">
          <reporter-output>
          </reporter-output>
        </test-method> <!-- setUp -->
        <test-method status="PASS" signature="findAll()[pri:0, instance:cz.muni.fi.pa165.smartphonEShop.dao.ClaimDaoTest@799d4f69]" name="findAll" duration-ms="17" started-at="2018-11-07T18:43:34 CET" finished-at="2018-11-07T18:43:34 CET">
          <reporter-output>
          </reporter-output>
        </test-method> <!-- findAll -->
        <test-method status="PASS" signature="springTestContextAfterTestMethod(java.lang.reflect.Method)[pri:0, instance:cz.muni.fi.pa165.smartphonEShop.dao.ClaimDaoTest@799d4f69]" name="springTestContextAfterTestMethod" is-config="true" duration-ms="6" started-at="2018-11-07T18:43:34 CET" finished-at="2018-11-07T18:43:34 CET">
          <params>
            <param index="0">
              <value>
                <![CDATA[public void cz.muni.fi.pa165.smartphonEShop.dao.ClaimDaoTest.findAll()]]>
              </value>
            </param>
          </params>
          <reporter-output>
          </reporter-output>
        </test-method> <!-- springTestContextAfterTestMethod -->
        <test-method status="PASS" signature="springTestContextBeforeTestMethod(java.lang.reflect.Method)[pri:0, instance:cz.muni.fi.pa165.smartphonEShop.dao.ClaimDaoTest@799d4f69]" name="springTestContextBeforeTestMethod" is-config="true" duration-ms="3" started-at="2018-11-07T18:43:34 CET" finished-at="2018-11-07T18:43:34 CET">
          <params>
            <param index="0">
              <value>
                <![CDATA[public void cz.muni.fi.pa165.smartphonEShop.dao.ClaimDaoTest.findById()]]>
              </value>
            </param>
          </params>
          <reporter-output>
          </reporter-output>
        </test-method> <!-- springTestContextBeforeTestMethod -->
        <test-method status="PASS" signature="setUp()[pri:0, instance:cz.muni.fi.pa165.smartphonEShop.dao.ClaimDaoTest@799d4f69]" name="setUp" is-config="true" duration-ms="8" started-at="2018-11-07T18:43:34 CET" finished-at="2018-11-07T18:43:34 CET">
          <reporter-output>
          </reporter-output>
        </test-method> <!-- setUp -->
        <test-method status="PASS" signature="findById()[pri:0, instance:cz.muni.fi.pa165.smartphonEShop.dao.ClaimDaoTest@799d4f69]" name="findById" duration-ms="2" started-at="2018-11-07T18:43:34 CET" finished-at="2018-11-07T18:43:34 CET">
          <reporter-output>
          </reporter-output>
        </test-method> <!-- findById -->
        <test-method status="PASS" signature="springTestContextAfterTestMethod(java.lang.reflect.Method)[pri:0, instance:cz.muni.fi.pa165.smartphonEShop.dao.ClaimDaoTest@799d4f69]" name="springTestContextAfterTestMethod" is-config="true" duration-ms="2" started-at="2018-11-07T18:43:34 CET" finished-at="2018-11-07T18:43:34 CET">
          <params>
            <param index="0">
              <value>
                <![CDATA[public void cz.muni.fi.pa165.smartphonEShop.dao.ClaimDaoTest.findById()]]>
              </value>
            </param>
          </params>
          <reporter-output>
          </reporter-output>
        </test-method> <!-- springTestContextAfterTestMethod -->
        <test-method status="PASS" signature="springTestContextBeforeTestMethod(java.lang.reflect.Method)[pri:0, instance:cz.muni.fi.pa165.smartphonEShop.dao.ClaimDaoTest@799d4f69]" name="springTestContextBeforeTestMethod" is-config="true" duration-ms="2" started-at="2018-11-07T18:43:34 CET" finished-at="2018-11-07T18:43:34 CET">
          <params>
            <param index="0">
              <value>
                <![CDATA[public void cz.muni.fi.pa165.smartphonEShop.dao.ClaimDaoTest.findByIdNegative()]]>
              </value>
            </param>
          </params>
          <reporter-output>
          </reporter-output>
        </test-method> <!-- springTestContextBeforeTestMethod -->
        <test-method status="PASS" signature="setUp()[pri:0, instance:cz.muni.fi.pa165.smartphonEShop.dao.ClaimDaoTest@799d4f69]" name="setUp" is-config="true" duration-ms="7" started-at="2018-11-07T18:43:34 CET" finished-at="2018-11-07T18:43:34 CET">
          <reporter-output>
          </reporter-output>
        </test-method> <!-- setUp -->
        <test-method status="PASS" signature="findByIdNegative()[pri:0, instance:cz.muni.fi.pa165.smartphonEShop.dao.ClaimDaoTest@799d4f69]" name="findByIdNegative" duration-ms="0" started-at="2018-11-07T18:43:34 CET" finished-at="2018-11-07T18:43:34 CET">
          <exception class="java.lang.IllegalArgumentException">
            <message>
              <![CDATA[claim is null or less than 0!]]>
            </message>
            <full-stacktrace>
              <![CDATA[java.lang.IllegalArgumentException: claim is null or less than 0!
at cz.muni.fi.pa165.smartphonEShop.dao.ClaimDaoImpl.findById(ClaimDaoImpl.java:44)
at cz.muni.fi.pa165.smartphonEShop.dao.ClaimDaoTest.findByIdNegative(ClaimDaoTest.java:215)
at sun.reflect.NativeMethodAccessorImpl.invoke0(Native Method)
at sun.reflect.NativeMethodAccessorImpl.invoke(NativeMethodAccessorImpl.java:62)
at sun.reflect.DelegatingMethodAccessorImpl.invoke(DelegatingMethodAccessorImpl.java:43)
at java.lang.reflect.Method.invoke(Method.java:498)
at org.testng.internal.MethodInvocationHelper.invokeMethod(MethodInvocationHelper.java:131)
at org.testng.internal.MethodInvocationHelper$1.runTestMethod(MethodInvocationHelper.java:237)
at org.springframework.test.context.testng.AbstractTestNGSpringContextTests.run(AbstractTestNGSpringContextTests.java:180)
at org.testng.internal.MethodInvocationHelper.invokeHookable(MethodInvocationHelper.java:249)
at org.testng.internal.Invoker.invokeMethod(Invoker.java:654)
at org.testng.internal.Invoker.invokeTestMethod(Invoker.java:792)
at org.testng.internal.Invoker.invokeTestMethods(Invoker.java:1103)
at org.testng.internal.TestMethodWorker.invokeTestMethods(TestMethodWorker.java:140)
at org.testng.internal.TestMethodWorker.run(TestMethodWorker.java:122)
at org.testng.TestRunner.privateRun(TestRunner.java:739)
at org.testng.TestRunner.run(TestRunner.java:589)
at org.testng.SuiteRunner.runTest(SuiteRunner.java:398)
at org.testng.SuiteRunner.runSequentially(SuiteRunner.java:392)
at org.testng.SuiteRunner.privateRun(SuiteRunner.java:354)
at org.testng.SuiteRunner.run(SuiteRunner.java:302)
at org.testng.SuiteRunnerWorker.runSuite(SuiteRunnerWorker.java:53)
at org.testng.SuiteRunnerWorker.run(SuiteRunnerWorker.java:96)
at org.testng.TestNG.runSuitesSequentially(TestNG.java:1145)
at org.testng.TestNG.runSuitesLocally(TestNG.java:1067)
at org.testng.TestNG.runSuites(TestNG.java:997)
at org.testng.TestNG.run(TestNG.java:965)
at org.apache.maven.surefire.testng.TestNGExecutor.run(TestNGExecutor.java:135)
at org.apache.maven.surefire.testng.TestNGDirectoryTestSuite.executeMulti(TestNGDirectoryTestSuite.java:193)
at org.apache.maven.surefire.testng.TestNGDirectoryTestSuite.execute(TestNGDirectoryTestSuite.java:94)
at org.apache.maven.surefire.testng.TestNGProvider.invoke(TestNGProvider.java:146)
at org.apache.maven.surefire.booter.ForkedBooter.invokeProviderInSameClassLoader(ForkedBooter.java:384)
at org.apache.maven.surefire.booter.ForkedBooter.runSuitesInProcess(ForkedBooter.java:345)
at org.apache.maven.surefire.booter.ForkedBooter.execute(ForkedBooter.java:126)
at org.apache.maven.surefire.booter.ForkedBooter.main(ForkedBooter.java:418)
]]>
            </full-stacktrace>
          </exception> <!-- java.lang.IllegalArgumentException -->
          <reporter-output>
          </reporter-output>
        </test-method> <!-- findByIdNegative -->
        <test-method status="PASS" signature="springTestContextAfterTestMethod(java.lang.reflect.Method)[pri:0, instance:cz.muni.fi.pa165.smartphonEShop.dao.ClaimDaoTest@799d4f69]" name="springTestContextAfterTestMethod" is-config="true" duration-ms="1" started-at="2018-11-07T18:43:34 CET" finished-at="2018-11-07T18:43:34 CET">
          <params>
            <param index="0">
              <value>
                <![CDATA[public void cz.muni.fi.pa165.smartphonEShop.dao.ClaimDaoTest.findByIdNegative()]]>
              </value>
            </param>
          </params>
          <reporter-output>
          </reporter-output>
        </test-method> <!-- springTestContextAfterTestMethod -->
        <test-method status="PASS" signature="springTestContextBeforeTestMethod(java.lang.reflect.Method)[pri:0, instance:cz.muni.fi.pa165.smartphonEShop.dao.ClaimDaoTest@799d4f69]" name="springTestContextBeforeTestMethod" is-config="true" duration-ms="3" started-at="2018-11-07T18:43:34 CET" finished-at="2018-11-07T18:43:34 CET">
          <params>
            <param index="0">
              <value>
                <![CDATA[public void cz.muni.fi.pa165.smartphonEShop.dao.ClaimDaoTest.findByIdNull()]]>
              </value>
            </param>
          </params>
          <reporter-output>
          </reporter-output>
        </test-method> <!-- springTestContextBeforeTestMethod -->
        <test-method status="PASS" signature="setUp()[pri:0, instance:cz.muni.fi.pa165.smartphonEShop.dao.ClaimDaoTest@799d4f69]" name="setUp" is-config="true" duration-ms="6" started-at="2018-11-07T18:43:34 CET" finished-at="2018-11-07T18:43:34 CET">
          <reporter-output>
          </reporter-output>
        </test-method> <!-- setUp -->
        <test-method status="PASS" signature="findByIdNull()[pri:0, instance:cz.muni.fi.pa165.smartphonEShop.dao.ClaimDaoTest@799d4f69]" name="findByIdNull" duration-ms="1" started-at="2018-11-07T18:43:34 CET" finished-at="2018-11-07T18:43:34 CET">
          <exception class="java.lang.IllegalArgumentException">
            <message>
              <![CDATA[claim is null or less than 0!]]>
            </message>
            <full-stacktrace>
              <![CDATA[java.lang.IllegalArgumentException: claim is null or less than 0!
at cz.muni.fi.pa165.smartphonEShop.dao.ClaimDaoImpl.findById(ClaimDaoImpl.java:44)
at cz.muni.fi.pa165.smartphonEShop.dao.ClaimDaoTest.findByIdNull(ClaimDaoTest.java:210)
at sun.reflect.NativeMethodAccessorImpl.invoke0(Native Method)
at sun.reflect.NativeMethodAccessorImpl.invoke(NativeMethodAccessorImpl.java:62)
at sun.reflect.DelegatingMethodAccessorImpl.invoke(DelegatingMethodAccessorImpl.java:43)
at java.lang.reflect.Method.invoke(Method.java:498)
at org.testng.internal.MethodInvocationHelper.invokeMethod(MethodInvocationHelper.java:131)
at org.testng.internal.MethodInvocationHelper$1.runTestMethod(MethodInvocationHelper.java:237)
at org.springframework.test.context.testng.AbstractTestNGSpringContextTests.run(AbstractTestNGSpringContextTests.java:180)
at org.testng.internal.MethodInvocationHelper.invokeHookable(MethodInvocationHelper.java:249)
at org.testng.internal.Invoker.invokeMethod(Invoker.java:654)
at org.testng.internal.Invoker.invokeTestMethod(Invoker.java:792)
at org.testng.internal.Invoker.invokeTestMethods(Invoker.java:1103)
at org.testng.internal.TestMethodWorker.invokeTestMethods(TestMethodWorker.java:140)
at org.testng.internal.TestMethodWorker.run(TestMethodWorker.java:122)
at org.testng.TestRunner.privateRun(TestRunner.java:739)
at org.testng.TestRunner.run(TestRunner.java:589)
at org.testng.SuiteRunner.runTest(SuiteRunner.java:398)
at org.testng.SuiteRunner.runSequentially(SuiteRunner.java:392)
at org.testng.SuiteRunner.privateRun(SuiteRunner.java:354)
at org.testng.SuiteRunner.run(SuiteRunner.java:302)
at org.testng.SuiteRunnerWorker.runSuite(SuiteRunnerWorker.java:53)
at org.testng.SuiteRunnerWorker.run(SuiteRunnerWorker.java:96)
at org.testng.TestNG.runSuitesSequentially(TestNG.java:1145)
at org.testng.TestNG.runSuitesLocally(TestNG.java:1067)
at org.testng.TestNG.runSuites(TestNG.java:997)
at org.testng.TestNG.run(TestNG.java:965)
at org.apache.maven.surefire.testng.TestNGExecutor.run(TestNGExecutor.java:135)
at org.apache.maven.surefire.testng.TestNGDirectoryTestSuite.executeMulti(TestNGDirectoryTestSuite.java:193)
at org.apache.maven.surefire.testng.TestNGDirectoryTestSuite.execute(TestNGDirectoryTestSuite.java:94)
at org.apache.maven.surefire.testng.TestNGProvider.invoke(TestNGProvider.java:146)
at org.apache.maven.surefire.booter.ForkedBooter.invokeProviderInSameClassLoader(ForkedBooter.java:384)
at org.apache.maven.surefire.booter.ForkedBooter.runSuitesInProcess(ForkedBooter.java:345)
at org.apache.maven.surefire.booter.ForkedBooter.execute(ForkedBooter.java:126)
at org.apache.maven.surefire.booter.ForkedBooter.main(ForkedBooter.java:418)
]]>
            </full-stacktrace>
          </exception> <!-- java.lang.IllegalArgumentException -->
          <reporter-output>
          </reporter-output>
        </test-method> <!-- findByIdNull -->
        <test-method status="PASS" signature="springTestContextAfterTestMethod(java.lang.reflect.Method)[pri:0, instance:cz.muni.fi.pa165.smartphonEShop.dao.ClaimDaoTest@799d4f69]" name="springTestContextAfterTestMethod" is-config="true" duration-ms="2" started-at="2018-11-07T18:43:34 CET" finished-at="2018-11-07T18:43:34 CET">
          <params>
            <param index="0">
              <value>
                <![CDATA[public void cz.muni.fi.pa165.smartphonEShop.dao.ClaimDaoTest.findByIdNull()]]>
              </value>
            </param>
          </params>
          <reporter-output>
          </reporter-output>
        </test-method> <!-- springTestContextAfterTestMethod -->
        <test-method status="PASS" signature="springTestContextBeforeTestMethod(java.lang.reflect.Method)[pri:0, instance:cz.muni.fi.pa165.smartphonEShop.dao.ClaimDaoTest@799d4f69]" name="springTestContextBeforeTestMethod" is-config="true" duration-ms="4" started-at="2018-11-07T18:43:34 CET" finished-at="2018-11-07T18:43:34 CET">
          <params>
            <param index="0">
              <value>
                <![CDATA[public void cz.muni.fi.pa165.smartphonEShop.dao.ClaimDaoTest.update()]]>
              </value>
            </param>
          </params>
          <reporter-output>
          </reporter-output>
        </test-method> <!-- springTestContextBeforeTestMethod -->
        <test-method status="PASS" signature="setUp()[pri:0, instance:cz.muni.fi.pa165.smartphonEShop.dao.ClaimDaoTest@799d4f69]" name="setUp" is-config="true" duration-ms="25" started-at="2018-11-07T18:43:34 CET" finished-at="2018-11-07T18:43:34 CET">
          <reporter-output>
          </reporter-output>
        </test-method> <!-- setUp -->
        <test-method status="PASS" signature="update()[pri:0, instance:cz.muni.fi.pa165.smartphonEShop.dao.ClaimDaoTest@799d4f69]" name="update" duration-ms="5" started-at="2018-11-07T18:43:34 CET" finished-at="2018-11-07T18:43:34 CET">
          <reporter-output>
          </reporter-output>
        </test-method> <!-- update -->
        <test-method status="PASS" signature="springTestContextAfterTestMethod(java.lang.reflect.Method)[pri:0, instance:cz.muni.fi.pa165.smartphonEShop.dao.ClaimDaoTest@799d4f69]" name="springTestContextAfterTestMethod" is-config="true" duration-ms="3" started-at="2018-11-07T18:43:34 CET" finished-at="2018-11-07T18:43:34 CET">
          <params>
            <param index="0">
              <value>
                <![CDATA[public void cz.muni.fi.pa165.smartphonEShop.dao.ClaimDaoTest.update()]]>
              </value>
            </param>
          </params>
          <reporter-output>
          </reporter-output>
        </test-method> <!-- springTestContextAfterTestMethod -->
        <test-method status="PASS" signature="springTestContextBeforeTestMethod(java.lang.reflect.Method)[pri:0, instance:cz.muni.fi.pa165.smartphonEShop.dao.ClaimDaoTest@799d4f69]" name="springTestContextBeforeTestMethod" is-config="true" duration-ms="5" started-at="2018-11-07T18:43:34 CET" finished-at="2018-11-07T18:43:34 CET">
          <params>
            <param index="0">
              <value>
                <![CDATA[public void cz.muni.fi.pa165.smartphonEShop.dao.ClaimDaoTest.updateNull()]]>
              </value>
            </param>
          </params>
          <reporter-output>
          </reporter-output>
        </test-method> <!-- springTestContextBeforeTestMethod -->
        <test-method status="PASS" signature="setUp()[pri:0, instance:cz.muni.fi.pa165.smartphonEShop.dao.ClaimDaoTest@799d4f69]" name="setUp" is-config="true" duration-ms="27" started-at="2018-11-07T18:43:34 CET" finished-at="2018-11-07T18:43:34 CET">
          <reporter-output>
          </reporter-output>
        </test-method> <!-- setUp -->
        <test-method status="PASS" signature="updateNull()[pri:0, instance:cz.muni.fi.pa165.smartphonEShop.dao.ClaimDaoTest@799d4f69]" name="updateNull" duration-ms="1" started-at="2018-11-07T18:43:34 CET" finished-at="2018-11-07T18:43:34 CET">
          <exception class="java.lang.IllegalArgumentException">
            <message>
              <![CDATA[claim is null!]]>
            </message>
            <full-stacktrace>
              <![CDATA[java.lang.IllegalArgumentException: claim is null!
at cz.muni.fi.pa165.smartphonEShop.dao.ClaimDaoImpl.update(ClaimDaoImpl.java:28)
at cz.muni.fi.pa165.smartphonEShop.dao.ClaimDaoTest.updateNull(ClaimDaoTest.java:200)
at sun.reflect.NativeMethodAccessorImpl.invoke0(Native Method)
at sun.reflect.NativeMethodAccessorImpl.invoke(NativeMethodAccessorImpl.java:62)
at sun.reflect.DelegatingMethodAccessorImpl.invoke(DelegatingMethodAccessorImpl.java:43)
at java.lang.reflect.Method.invoke(Method.java:498)
at org.testng.internal.MethodInvocationHelper.invokeMethod(MethodInvocationHelper.java:131)
at org.testng.internal.MethodInvocationHelper$1.runTestMethod(MethodInvocationHelper.java:237)
at org.springframework.test.context.testng.AbstractTestNGSpringContextTests.run(AbstractTestNGSpringContextTests.java:180)
at org.testng.internal.MethodInvocationHelper.invokeHookable(MethodInvocationHelper.java:249)
at org.testng.internal.Invoker.invokeMethod(Invoker.java:654)
at org.testng.internal.Invoker.invokeTestMethod(Invoker.java:792)
at org.testng.internal.Invoker.invokeTestMethods(Invoker.java:1103)
at org.testng.internal.TestMethodWorker.invokeTestMethods(TestMethodWorker.java:140)
at org.testng.internal.TestMethodWorker.run(TestMethodWorker.java:122)
at org.testng.TestRunner.privateRun(TestRunner.java:739)
at org.testng.TestRunner.run(TestRunner.java:589)
at org.testng.SuiteRunner.runTest(SuiteRunner.java:398)
at org.testng.SuiteRunner.runSequentially(SuiteRunner.java:392)
at org.testng.SuiteRunner.privateRun(SuiteRunner.java:354)
at org.testng.SuiteRunner.run(SuiteRunner.java:302)
at org.testng.SuiteRunnerWorker.runSuite(SuiteRunnerWorker.java:53)
at org.testng.SuiteRunnerWorker.run(SuiteRunnerWorker.java:96)
at org.testng.TestNG.runSuitesSequentially(TestNG.java:1145)
at org.testng.TestNG.runSuitesLocally(TestNG.java:1067)
at org.testng.TestNG.runSuites(TestNG.java:997)
at org.testng.TestNG.run(TestNG.java:965)
at org.apache.maven.surefire.testng.TestNGExecutor.run(TestNGExecutor.java:135)
at org.apache.maven.surefire.testng.TestNGDirectoryTestSuite.executeMulti(TestNGDirectoryTestSuite.java:193)
at org.apache.maven.surefire.testng.TestNGDirectoryTestSuite.execute(TestNGDirectoryTestSuite.java:94)
at org.apache.maven.surefire.testng.TestNGProvider.invoke(TestNGProvider.java:146)
at org.apache.maven.surefire.booter.ForkedBooter.invokeProviderInSameClassLoader(ForkedBooter.java:384)
at org.apache.maven.surefire.booter.ForkedBooter.runSuitesInProcess(ForkedBooter.java:345)
at org.apache.maven.surefire.booter.ForkedBooter.execute(ForkedBooter.java:126)
at org.apache.maven.surefire.booter.ForkedBooter.main(ForkedBooter.java:418)
]]>
            </full-stacktrace>
          </exception> <!-- java.lang.IllegalArgumentException -->
          <reporter-output>
          </reporter-output>
        </test-method> <!-- updateNull -->
        <test-method status="PASS" signature="springTestContextAfterTestMethod(java.lang.reflect.Method)[pri:0, instance:cz.muni.fi.pa165.smartphonEShop.dao.ClaimDaoTest@799d4f69]" name="springTestContextAfterTestMethod" is-config="true" duration-ms="4" started-at="2018-11-07T18:43:34 CET" finished-at="2018-11-07T18:43:34 CET">
          <params>
            <param index="0">
              <value>
                <![CDATA[public void cz.muni.fi.pa165.smartphonEShop.dao.ClaimDaoTest.updateNull()]]>
              </value>
            </param>
          </params>
          <reporter-output>
          </reporter-output>
        </test-method> <!-- springTestContextAfterTestMethod -->
        <test-method status="PASS" signature="springTestContextAfterTestClass()[pri:0, instance:cz.muni.fi.pa165.smartphonEShop.dao.ClaimDaoTest@799d4f69]" name="springTestContextAfterTestClass" is-config="true" duration-ms="2" started-at="2018-11-07T18:43:34 CET" finished-at="2018-11-07T18:43:34 CET">
          <reporter-output>
          </reporter-output>
        </test-method> <!-- springTestContextAfterTestClass -->
      </class> <!-- cz.muni.fi.pa165.smartphonEShop.dao.ClaimDaoTest -->
      <class name="cz.muni.fi.pa165.smartphonEShop.dao.PhoneDaoTest">
        <test-method status="PASS" signature="springTestContextBeforeTestClass()[pri:0, instance:cz.muni.fi.pa165.smartphonEShop.dao.PhoneDaoTest@5cdd8682]" name="springTestContextBeforeTestClass" is-config="true" duration-ms="13" started-at="2018-11-07T18:43:24 CET" finished-at="2018-11-07T18:43:25 CET">
          <reporter-output>
          </reporter-output>
        </test-method> <!-- springTestContextBeforeTestClass -->
        <test-method status="PASS" signature="springTestContextPrepareTestInstance()[pri:0, instance:cz.muni.fi.pa165.smartphonEShop.dao.PhoneDaoTest@5cdd8682]" name="springTestContextPrepareTestInstance" is-config="true" duration-ms="7588" started-at="2018-11-07T18:43:25 CET" depends-on-methods="org.springframework.test.context.testng.AbstractTestNGSpringContextTests.springTestContextBeforeTestClass" finished-at="2018-11-07T18:43:32 CET">
          <reporter-output>
          </reporter-output>
        </test-method> <!-- springTestContextPrepareTestInstance -->
        <test-method status="PASS" signature="springTestContextBeforeTestMethod(java.lang.reflect.Method)[pri:0, instance:cz.muni.fi.pa165.smartphonEShop.dao.PhoneDaoTest@5cdd8682]" name="springTestContextBeforeTestMethod" is-config="true" duration-ms="114" started-at="2018-11-07T18:43:32 CET" finished-at="2018-11-07T18:43:32 CET">
          <params>
            <param index="0">
              <value>
                <![CDATA[public void cz.muni.fi.pa165.smartphonEShop.dao.PhoneDaoTest.createNull()]]>
              </value>
            </param>
          </params>
          <reporter-output>
          </reporter-output>
        </test-method> <!-- springTestContextBeforeTestMethod -->
        <test-method status="PASS" signature="createNull()[pri:0, instance:cz.muni.fi.pa165.smartphonEShop.dao.PhoneDaoTest@5cdd8682]" name="createNull" duration-ms="2" started-at="2018-11-07T18:43:32 CET" finished-at="2018-11-07T18:43:32 CET">
          <exception class="java.lang.IllegalArgumentException">
            <message>
              <![CDATA[Phone is null!]]>
            </message>
            <full-stacktrace>
              <![CDATA[java.lang.IllegalArgumentException: Phone is null!
at cz.muni.fi.pa165.smartphonEShop.dao.PhoneDaoImpl.create(PhoneDaoImpl.java:28)
at cz.muni.fi.pa165.smartphonEShop.dao.PhoneDaoTest.createNull(PhoneDaoTest.java:147)
at sun.reflect.NativeMethodAccessorImpl.invoke0(Native Method)
at sun.reflect.NativeMethodAccessorImpl.invoke(NativeMethodAccessorImpl.java:62)
at sun.reflect.DelegatingMethodAccessorImpl.invoke(DelegatingMethodAccessorImpl.java:43)
at java.lang.reflect.Method.invoke(Method.java:498)
at org.testng.internal.MethodInvocationHelper.invokeMethod(MethodInvocationHelper.java:131)
at org.testng.internal.MethodInvocationHelper$1.runTestMethod(MethodInvocationHelper.java:237)
at org.springframework.test.context.testng.AbstractTestNGSpringContextTests.run(AbstractTestNGSpringContextTests.java:180)
at org.testng.internal.MethodInvocationHelper.invokeHookable(MethodInvocationHelper.java:249)
at org.testng.internal.Invoker.invokeMethod(Invoker.java:654)
at org.testng.internal.Invoker.invokeTestMethod(Invoker.java:792)
at org.testng.internal.Invoker.invokeTestMethods(Invoker.java:1103)
at org.testng.internal.TestMethodWorker.invokeTestMethods(TestMethodWorker.java:140)
at org.testng.internal.TestMethodWorker.run(TestMethodWorker.java:122)
at org.testng.TestRunner.privateRun(TestRunner.java:739)
at org.testng.TestRunner.run(TestRunner.java:589)
at org.testng.SuiteRunner.runTest(SuiteRunner.java:398)
at org.testng.SuiteRunner.runSequentially(SuiteRunner.java:392)
at org.testng.SuiteRunner.privateRun(SuiteRunner.java:354)
at org.testng.SuiteRunner.run(SuiteRunner.java:302)
at org.testng.SuiteRunnerWorker.runSuite(SuiteRunnerWorker.java:53)
at org.testng.SuiteRunnerWorker.run(SuiteRunnerWorker.java:96)
at org.testng.TestNG.runSuitesSequentially(TestNG.java:1145)
at org.testng.TestNG.runSuitesLocally(TestNG.java:1067)
at org.testng.TestNG.runSuites(TestNG.java:997)
at org.testng.TestNG.run(TestNG.java:965)
at org.apache.maven.surefire.testng.TestNGExecutor.run(TestNGExecutor.java:135)
at org.apache.maven.surefire.testng.TestNGDirectoryTestSuite.executeMulti(TestNGDirectoryTestSuite.java:193)
at org.apache.maven.surefire.testng.TestNGDirectoryTestSuite.execute(TestNGDirectoryTestSuite.java:94)
at org.apache.maven.surefire.testng.TestNGProvider.invoke(TestNGProvider.java:146)
at org.apache.maven.surefire.booter.ForkedBooter.invokeProviderInSameClassLoader(ForkedBooter.java:384)
at org.apache.maven.surefire.booter.ForkedBooter.runSuitesInProcess(ForkedBooter.java:345)
at org.apache.maven.surefire.booter.ForkedBooter.execute(ForkedBooter.java:126)
at org.apache.maven.surefire.booter.ForkedBooter.main(ForkedBooter.java:418)
]]>
            </full-stacktrace>
          </exception> <!-- java.lang.IllegalArgumentException -->
          <reporter-output>
          </reporter-output>
        </test-method> <!-- createNull -->
        <test-method status="PASS" signature="setUp()[pri:0, instance:cz.muni.fi.pa165.smartphonEShop.dao.PhoneDaoTest@5cdd8682]" name="setUp" is-config="true" duration-ms="0" started-at="2018-11-07T18:43:32 CET" finished-at="2018-11-07T18:43:32 CET">
          <reporter-output>
          </reporter-output>
        </test-method> <!-- setUp -->
        <test-method status="PASS" signature="springTestContextAfterTestMethod(java.lang.reflect.Method)[pri:0, instance:cz.muni.fi.pa165.smartphonEShop.dao.PhoneDaoTest@5cdd8682]" name="springTestContextAfterTestMethod" is-config="true" duration-ms="13" started-at="2018-11-07T18:43:32 CET" finished-at="2018-11-07T18:43:32 CET">
          <params>
            <param index="0">
              <value>
                <![CDATA[public void cz.muni.fi.pa165.smartphonEShop.dao.PhoneDaoTest.createNull()]]>
              </value>
            </param>
          </params>
          <reporter-output>
          </reporter-output>
        </test-method> <!-- springTestContextAfterTestMethod -->
        <test-method status="PASS" signature="springTestContextBeforeTestMethod(java.lang.reflect.Method)[pri:0, instance:cz.muni.fi.pa165.smartphonEShop.dao.PhoneDaoTest@5cdd8682]" name="springTestContextBeforeTestMethod" is-config="true" duration-ms="6" started-at="2018-11-07T18:43:32 CET" finished-at="2018-11-07T18:43:32 CET">
          <params>
            <param index="0">
              <value>
                <![CDATA[public void cz.muni.fi.pa165.smartphonEShop.dao.PhoneDaoTest.delete()]]>
              </value>
            </param>
          </params>
          <reporter-output>
          </reporter-output>
        </test-method> <!-- springTestContextBeforeTestMethod -->
        <test-method status="PASS" signature="setUp()[pri:0, instance:cz.muni.fi.pa165.smartphonEShop.dao.PhoneDaoTest@5cdd8682]" name="setUp" is-config="true" duration-ms="0" started-at="2018-11-07T18:43:32 CET" finished-at="2018-11-07T18:43:32 CET">
          <reporter-output>
          </reporter-output>
        </test-method> <!-- setUp -->
        <test-method status="PASS" signature="delete()[pri:0, instance:cz.muni.fi.pa165.smartphonEShop.dao.PhoneDaoTest@5cdd8682]" name="delete" duration-ms="403" started-at="2018-11-07T18:43:32 CET" finished-at="2018-11-07T18:43:33 CET">
          <reporter-output>
          </reporter-output>
        </test-method> <!-- delete -->
        <test-method status="PASS" signature="springTestContextAfterTestMethod(java.lang.reflect.Method)[pri:0, instance:cz.muni.fi.pa165.smartphonEShop.dao.PhoneDaoTest@5cdd8682]" name="springTestContextAfterTestMethod" is-config="true" duration-ms="10" started-at="2018-11-07T18:43:33 CET" finished-at="2018-11-07T18:43:33 CET">
          <params>
            <param index="0">
              <value>
                <![CDATA[public void cz.muni.fi.pa165.smartphonEShop.dao.PhoneDaoTest.delete()]]>
              </value>
            </param>
          </params>
          <reporter-output>
          </reporter-output>
        </test-method> <!-- springTestContextAfterTestMethod -->
        <test-method status="PASS" signature="springTestContextBeforeTestMethod(java.lang.reflect.Method)[pri:0, instance:cz.muni.fi.pa165.smartphonEShop.dao.PhoneDaoTest@5cdd8682]" name="springTestContextBeforeTestMethod" is-config="true" duration-ms="3" started-at="2018-11-07T18:43:33 CET" finished-at="2018-11-07T18:43:33 CET">
          <params>
            <param index="0">
              <value>
                <![CDATA[public void cz.muni.fi.pa165.smartphonEShop.dao.PhoneDaoTest.deleteNull()]]>
              </value>
            </param>
          </params>
          <reporter-output>
          </reporter-output>
        </test-method> <!-- springTestContextBeforeTestMethod -->
        <test-method status="PASS" signature="setUp()[pri:0, instance:cz.muni.fi.pa165.smartphonEShop.dao.PhoneDaoTest@5cdd8682]" name="setUp" is-config="true" duration-ms="0" started-at="2018-11-07T18:43:33 CET" finished-at="2018-11-07T18:43:33 CET">
          <reporter-output>
          </reporter-output>
        </test-method> <!-- setUp -->
        <test-method status="PASS" signature="deleteNull()[pri:0, instance:cz.muni.fi.pa165.smartphonEShop.dao.PhoneDaoTest@5cdd8682]" name="deleteNull" duration-ms="0" started-at="2018-11-07T18:43:33 CET" finished-at="2018-11-07T18:43:33 CET">
          <exception class="java.lang.IllegalArgumentException">
            <message>
              <![CDATA[Phone is null!]]>
            </message>
            <full-stacktrace>
              <![CDATA[java.lang.IllegalArgumentException: Phone is null!
at cz.muni.fi.pa165.smartphonEShop.dao.PhoneDaoImpl.delete(PhoneDaoImpl.java:46)
at cz.muni.fi.pa165.smartphonEShop.dao.PhoneDaoTest.deleteNull(PhoneDaoTest.java:159)
at sun.reflect.NativeMethodAccessorImpl.invoke0(Native Method)
at sun.reflect.NativeMethodAccessorImpl.invoke(NativeMethodAccessorImpl.java:62)
at sun.reflect.DelegatingMethodAccessorImpl.invoke(DelegatingMethodAccessorImpl.java:43)
at java.lang.reflect.Method.invoke(Method.java:498)
at org.testng.internal.MethodInvocationHelper.invokeMethod(MethodInvocationHelper.java:131)
at org.testng.internal.MethodInvocationHelper$1.runTestMethod(MethodInvocationHelper.java:237)
at org.springframework.test.context.testng.AbstractTestNGSpringContextTests.run(AbstractTestNGSpringContextTests.java:180)
at org.testng.internal.MethodInvocationHelper.invokeHookable(MethodInvocationHelper.java:249)
at org.testng.internal.Invoker.invokeMethod(Invoker.java:654)
at org.testng.internal.Invoker.invokeTestMethod(Invoker.java:792)
at org.testng.internal.Invoker.invokeTestMethods(Invoker.java:1103)
at org.testng.internal.TestMethodWorker.invokeTestMethods(TestMethodWorker.java:140)
at org.testng.internal.TestMethodWorker.run(TestMethodWorker.java:122)
at org.testng.TestRunner.privateRun(TestRunner.java:739)
at org.testng.TestRunner.run(TestRunner.java:589)
at org.testng.SuiteRunner.runTest(SuiteRunner.java:398)
at org.testng.SuiteRunner.runSequentially(SuiteRunner.java:392)
at org.testng.SuiteRunner.privateRun(SuiteRunner.java:354)
at org.testng.SuiteRunner.run(SuiteRunner.java:302)
at org.testng.SuiteRunnerWorker.runSuite(SuiteRunnerWorker.java:53)
at org.testng.SuiteRunnerWorker.run(SuiteRunnerWorker.java:96)
at org.testng.TestNG.runSuitesSequentially(TestNG.java:1145)
at org.testng.TestNG.runSuitesLocally(TestNG.java:1067)
at org.testng.TestNG.runSuites(TestNG.java:997)
at org.testng.TestNG.run(TestNG.java:965)
at org.apache.maven.surefire.testng.TestNGExecutor.run(TestNGExecutor.java:135)
at org.apache.maven.surefire.testng.TestNGDirectoryTestSuite.executeMulti(TestNGDirectoryTestSuite.java:193)
at org.apache.maven.surefire.testng.TestNGDirectoryTestSuite.execute(TestNGDirectoryTestSuite.java:94)
at org.apache.maven.surefire.testng.TestNGProvider.invoke(TestNGProvider.java:146)
at org.apache.maven.surefire.booter.ForkedBooter.invokeProviderInSameClassLoader(ForkedBooter.java:384)
at org.apache.maven.surefire.booter.ForkedBooter.runSuitesInProcess(ForkedBooter.java:345)
at org.apache.maven.surefire.booter.ForkedBooter.execute(ForkedBooter.java:126)
at org.apache.maven.surefire.booter.ForkedBooter.main(ForkedBooter.java:418)
]]>
            </full-stacktrace>
          </exception> <!-- java.lang.IllegalArgumentException -->
          <reporter-output>
          </reporter-output>
        </test-method> <!-- deleteNull -->
        <test-method status="PASS" signature="springTestContextAfterTestMethod(java.lang.reflect.Method)[pri:0, instance:cz.muni.fi.pa165.smartphonEShop.dao.PhoneDaoTest@5cdd8682]" name="springTestContextAfterTestMethod" is-config="true" duration-ms="12" started-at="2018-11-07T18:43:33 CET" finished-at="2018-11-07T18:43:33 CET">
          <params>
            <param index="0">
              <value>
                <![CDATA[public void cz.muni.fi.pa165.smartphonEShop.dao.PhoneDaoTest.deleteNull()]]>
              </value>
            </param>
          </params>
          <reporter-output>
          </reporter-output>
        </test-method> <!-- springTestContextAfterTestMethod -->
        <test-method status="PASS" signature="springTestContextBeforeTestMethod(java.lang.reflect.Method)[pri:0, instance:cz.muni.fi.pa165.smartphonEShop.dao.PhoneDaoTest@5cdd8682]" name="springTestContextBeforeTestMethod" is-config="true" duration-ms="3" started-at="2018-11-07T18:43:33 CET" finished-at="2018-11-07T18:43:33 CET">
          <params>
            <param index="0">
              <value>
                <![CDATA[public void cz.muni.fi.pa165.smartphonEShop.dao.PhoneDaoTest.findAll()]]>
              </value>
            </param>
          </params>
          <reporter-output>
          </reporter-output>
        </test-method> <!-- springTestContextBeforeTestMethod -->
        <test-method status="PASS" signature="findAll()[pri:0, instance:cz.muni.fi.pa165.smartphonEShop.dao.PhoneDaoTest@5cdd8682]" name="findAll" duration-ms="25" started-at="2018-11-07T18:43:33 CET" finished-at="2018-11-07T18:43:33 CET">
          <reporter-output>
          </reporter-output>
        </test-method> <!-- findAll -->
        <test-method status="PASS" signature="setUp()[pri:0, instance:cz.muni.fi.pa165.smartphonEShop.dao.PhoneDaoTest@5cdd8682]" name="setUp" is-config="true" duration-ms="0" started-at="2018-11-07T18:43:33 CET" finished-at="2018-11-07T18:43:33 CET">
          <reporter-output>
          </reporter-output>
        </test-method> <!-- setUp -->
        <test-method status="PASS" signature="springTestContextAfterTestMethod(java.lang.reflect.Method)[pri:0, instance:cz.muni.fi.pa165.smartphonEShop.dao.PhoneDaoTest@5cdd8682]" name="springTestContextAfterTestMethod" is-config="true" duration-ms="14" started-at="2018-11-07T18:43:33 CET" finished-at="2018-11-07T18:43:33 CET">
          <params>
            <param index="0">
              <value>
                <![CDATA[public void cz.muni.fi.pa165.smartphonEShop.dao.PhoneDaoTest.findAll()]]>
              </value>
            </param>
          </params>
          <reporter-output>
          </reporter-output>
        </test-method> <!-- springTestContextAfterTestMethod -->
        <test-method status="PASS" signature="springTestContextBeforeTestMethod(java.lang.reflect.Method)[pri:0, instance:cz.muni.fi.pa165.smartphonEShop.dao.PhoneDaoTest@5cdd8682]" name="springTestContextBeforeTestMethod" is-config="true" duration-ms="3" started-at="2018-11-07T18:43:33 CET" finished-at="2018-11-07T18:43:33 CET">
          <params>
            <param index="0">
              <value>
                <![CDATA[public void cz.muni.fi.pa165.smartphonEShop.dao.PhoneDaoTest.findById()]]>
              </value>
            </param>
          </params>
          <reporter-output>
          </reporter-output>
        </test-method> <!-- springTestContextBeforeTestMethod -->
        <test-method status="PASS" signature="setUp()[pri:0, instance:cz.muni.fi.pa165.smartphonEShop.dao.PhoneDaoTest@5cdd8682]" name="setUp" is-config="true" duration-ms="0" started-at="2018-11-07T18:43:33 CET" finished-at="2018-11-07T18:43:33 CET">
          <reporter-output>
          </reporter-output>
        </test-method> <!-- setUp -->
        <test-method status="PASS" signature="findById()[pri:0, instance:cz.muni.fi.pa165.smartphonEShop.dao.PhoneDaoTest@5cdd8682]" name="findById" duration-ms="12" started-at="2018-11-07T18:43:33 CET" finished-at="2018-11-07T18:43:33 CET">
          <reporter-output>
          </reporter-output>
        </test-method> <!-- findById -->
        <test-method status="PASS" signature="springTestContextAfterTestMethod(java.lang.reflect.Method)[pri:0, instance:cz.muni.fi.pa165.smartphonEShop.dao.PhoneDaoTest@5cdd8682]" name="springTestContextAfterTestMethod" is-config="true" duration-ms="3" started-at="2018-11-07T18:43:33 CET" finished-at="2018-11-07T18:43:33 CET">
          <params>
            <param index="0">
              <value>
                <![CDATA[public void cz.muni.fi.pa165.smartphonEShop.dao.PhoneDaoTest.findById()]]>
              </value>
            </param>
          </params>
          <reporter-output>
          </reporter-output>
        </test-method> <!-- springTestContextAfterTestMethod -->
        <test-method status="PASS" signature="springTestContextBeforeTestMethod(java.lang.reflect.Method)[pri:0, instance:cz.muni.fi.pa165.smartphonEShop.dao.PhoneDaoTest@5cdd8682]" name="springTestContextBeforeTestMethod" is-config="true" duration-ms="4" started-at="2018-11-07T18:43:33 CET" finished-at="2018-11-07T18:43:33 CET">
          <params>
            <param index="0">
              <value>
                <![CDATA[public void cz.muni.fi.pa165.smartphonEShop.dao.PhoneDaoTest.findByIdNegative()]]>
              </value>
            </param>
          </params>
          <reporter-output>
          </reporter-output>
        </test-method> <!-- springTestContextBeforeTestMethod -->
        <test-method status="PASS" signature="setUp()[pri:0, instance:cz.muni.fi.pa165.smartphonEShop.dao.PhoneDaoTest@5cdd8682]" name="setUp" is-config="true" duration-ms="1" started-at="2018-11-07T18:43:33 CET" finished-at="2018-11-07T18:43:33 CET">
          <reporter-output>
          </reporter-output>
        </test-method> <!-- setUp -->
        <test-method status="PASS" signature="findByIdNegative()[pri:0, instance:cz.muni.fi.pa165.smartphonEShop.dao.PhoneDaoTest@5cdd8682]" name="findByIdNegative" duration-ms="0" started-at="2018-11-07T18:43:33 CET" finished-at="2018-11-07T18:43:33 CET">
          <exception class="java.lang.IllegalArgumentException">
            <message>
              <![CDATA[PhoneId is null or less than 0!]]>
            </message>
            <full-stacktrace>
              <![CDATA[java.lang.IllegalArgumentException: PhoneId is null or less than 0!
at cz.muni.fi.pa165.smartphonEShop.dao.PhoneDaoImpl.findById(PhoneDaoImpl.java:59)
at cz.muni.fi.pa165.smartphonEShop.dao.PhoneDaoTest.findByIdNegative(PhoneDaoTest.java:171)
at sun.reflect.NativeMethodAccessorImpl.invoke0(Native Method)
at sun.reflect.NativeMethodAccessorImpl.invoke(NativeMethodAccessorImpl.java:62)
at sun.reflect.DelegatingMethodAccessorImpl.invoke(DelegatingMethodAccessorImpl.java:43)
at java.lang.reflect.Method.invoke(Method.java:498)
at org.testng.internal.MethodInvocationHelper.invokeMethod(MethodInvocationHelper.java:131)
at org.testng.internal.MethodInvocationHelper$1.runTestMethod(MethodInvocationHelper.java:237)
at org.springframework.test.context.testng.AbstractTestNGSpringContextTests.run(AbstractTestNGSpringContextTests.java:180)
at org.testng.internal.MethodInvocationHelper.invokeHookable(MethodInvocationHelper.java:249)
at org.testng.internal.Invoker.invokeMethod(Invoker.java:654)
at org.testng.internal.Invoker.invokeTestMethod(Invoker.java:792)
at org.testng.internal.Invoker.invokeTestMethods(Invoker.java:1103)
at org.testng.internal.TestMethodWorker.invokeTestMethods(TestMethodWorker.java:140)
at org.testng.internal.TestMethodWorker.run(TestMethodWorker.java:122)
at org.testng.TestRunner.privateRun(TestRunner.java:739)
at org.testng.TestRunner.run(TestRunner.java:589)
at org.testng.SuiteRunner.runTest(SuiteRunner.java:398)
at org.testng.SuiteRunner.runSequentially(SuiteRunner.java:392)
at org.testng.SuiteRunner.privateRun(SuiteRunner.java:354)
at org.testng.SuiteRunner.run(SuiteRunner.java:302)
at org.testng.SuiteRunnerWorker.runSuite(SuiteRunnerWorker.java:53)
at org.testng.SuiteRunnerWorker.run(SuiteRunnerWorker.java:96)
at org.testng.TestNG.runSuitesSequentially(TestNG.java:1145)
at org.testng.TestNG.runSuitesLocally(TestNG.java:1067)
at org.testng.TestNG.runSuites(TestNG.java:997)
at org.testng.TestNG.run(TestNG.java:965)
at org.apache.maven.surefire.testng.TestNGExecutor.run(TestNGExecutor.java:135)
at org.apache.maven.surefire.testng.TestNGDirectoryTestSuite.executeMulti(TestNGDirectoryTestSuite.java:193)
at org.apache.maven.surefire.testng.TestNGDirectoryTestSuite.execute(TestNGDirectoryTestSuite.java:94)
at org.apache.maven.surefire.testng.TestNGProvider.invoke(TestNGProvider.java:146)
at org.apache.maven.surefire.booter.ForkedBooter.invokeProviderInSameClassLoader(ForkedBooter.java:384)
at org.apache.maven.surefire.booter.ForkedBooter.runSuitesInProcess(ForkedBooter.java:345)
at org.apache.maven.surefire.booter.ForkedBooter.execute(ForkedBooter.java:126)
at org.apache.maven.surefire.booter.ForkedBooter.main(ForkedBooter.java:418)
]]>
            </full-stacktrace>
          </exception> <!-- java.lang.IllegalArgumentException -->
          <reporter-output>
          </reporter-output>
        </test-method> <!-- findByIdNegative -->
        <test-method status="PASS" signature="springTestContextAfterTestMethod(java.lang.reflect.Method)[pri:0, instance:cz.muni.fi.pa165.smartphonEShop.dao.PhoneDaoTest@5cdd8682]" name="springTestContextAfterTestMethod" is-config="true" duration-ms="7" started-at="2018-11-07T18:43:33 CET" finished-at="2018-11-07T18:43:33 CET">
          <params>
            <param index="0">
              <value>
                <![CDATA[public void cz.muni.fi.pa165.smartphonEShop.dao.PhoneDaoTest.findByIdNegative()]]>
              </value>
            </param>
          </params>
          <reporter-output>
          </reporter-output>
        </test-method> <!-- springTestContextAfterTestMethod -->
        <test-method status="PASS" signature="springTestContextBeforeTestMethod(java.lang.reflect.Method)[pri:0, instance:cz.muni.fi.pa165.smartphonEShop.dao.PhoneDaoTest@5cdd8682]" name="springTestContextBeforeTestMethod" is-config="true" duration-ms="3" started-at="2018-11-07T18:43:33 CET" finished-at="2018-11-07T18:43:33 CET">
          <params>
            <param index="0">
              <value>
                <![CDATA[public void cz.muni.fi.pa165.smartphonEShop.dao.PhoneDaoTest.findByIdNull()]]>
              </value>
            </param>
          </params>
          <reporter-output>
          </reporter-output>
        </test-method> <!-- springTestContextBeforeTestMethod -->
        <test-method status="PASS" signature="springTestContextAfterTestMethod(java.lang.reflect.Method)[pri:0, instance:cz.muni.fi.pa165.smartphonEShop.dao.PhoneDaoTest@5cdd8682]" name="springTestContextAfterTestMethod" is-config="true" duration-ms="2" started-at="2018-11-07T18:43:33 CET" finished-at="2018-11-07T18:43:33 CET">
          <params>
            <param index="0">
              <value>
                <![CDATA[public void cz.muni.fi.pa165.smartphonEShop.dao.PhoneDaoTest.findByIdNull()]]>
              </value>
            </param>
          </params>
          <reporter-output>
          </reporter-output>
        </test-method> <!-- springTestContextAfterTestMethod -->
        <test-method status="PASS" signature="findByIdNull()[pri:0, instance:cz.muni.fi.pa165.smartphonEShop.dao.PhoneDaoTest@5cdd8682]" name="findByIdNull" duration-ms="0" started-at="2018-11-07T18:43:33 CET" finished-at="2018-11-07T18:43:33 CET">
          <exception class="java.lang.IllegalArgumentException">
            <message>
              <![CDATA[PhoneId is null or less than 0!]]>
            </message>
            <full-stacktrace>
              <![CDATA[java.lang.IllegalArgumentException: PhoneId is null or less than 0!
at cz.muni.fi.pa165.smartphonEShop.dao.PhoneDaoImpl.findById(PhoneDaoImpl.java:59)
at cz.muni.fi.pa165.smartphonEShop.dao.PhoneDaoTest.findByIdNull(PhoneDaoTest.java:165)
at sun.reflect.NativeMethodAccessorImpl.invoke0(Native Method)
at sun.reflect.NativeMethodAccessorImpl.invoke(NativeMethodAccessorImpl.java:62)
at sun.reflect.DelegatingMethodAccessorImpl.invoke(DelegatingMethodAccessorImpl.java:43)
at java.lang.reflect.Method.invoke(Method.java:498)
at org.testng.internal.MethodInvocationHelper.invokeMethod(MethodInvocationHelper.java:131)
at org.testng.internal.MethodInvocationHelper$1.runTestMethod(MethodInvocationHelper.java:237)
at org.springframework.test.context.testng.AbstractTestNGSpringContextTests.run(AbstractTestNGSpringContextTests.java:180)
at org.testng.internal.MethodInvocationHelper.invokeHookable(MethodInvocationHelper.java:249)
at org.testng.internal.Invoker.invokeMethod(Invoker.java:654)
at org.testng.internal.Invoker.invokeTestMethod(Invoker.java:792)
at org.testng.internal.Invoker.invokeTestMethods(Invoker.java:1103)
at org.testng.internal.TestMethodWorker.invokeTestMethods(TestMethodWorker.java:140)
at org.testng.internal.TestMethodWorker.run(TestMethodWorker.java:122)
at org.testng.TestRunner.privateRun(TestRunner.java:739)
at org.testng.TestRunner.run(TestRunner.java:589)
at org.testng.SuiteRunner.runTest(SuiteRunner.java:398)
at org.testng.SuiteRunner.runSequentially(SuiteRunner.java:392)
at org.testng.SuiteRunner.privateRun(SuiteRunner.java:354)
at org.testng.SuiteRunner.run(SuiteRunner.java:302)
at org.testng.SuiteRunnerWorker.runSuite(SuiteRunnerWorker.java:53)
at org.testng.SuiteRunnerWorker.run(SuiteRunnerWorker.java:96)
at org.testng.TestNG.runSuitesSequentially(TestNG.java:1145)
at org.testng.TestNG.runSuitesLocally(TestNG.java:1067)
at org.testng.TestNG.runSuites(TestNG.java:997)
at org.testng.TestNG.run(TestNG.java:965)
at org.apache.maven.surefire.testng.TestNGExecutor.run(TestNGExecutor.java:135)
at org.apache.maven.surefire.testng.TestNGDirectoryTestSuite.executeMulti(TestNGDirectoryTestSuite.java:193)
at org.apache.maven.surefire.testng.TestNGDirectoryTestSuite.execute(TestNGDirectoryTestSuite.java:94)
at org.apache.maven.surefire.testng.TestNGProvider.invoke(TestNGProvider.java:146)
at org.apache.maven.surefire.booter.ForkedBooter.invokeProviderInSameClassLoader(ForkedBooter.java:384)
at org.apache.maven.surefire.booter.ForkedBooter.runSuitesInProcess(ForkedBooter.java:345)
at org.apache.maven.surefire.booter.ForkedBooter.execute(ForkedBooter.java:126)
at org.apache.maven.surefire.booter.ForkedBooter.main(ForkedBooter.java:418)
]]>
            </full-stacktrace>
          </exception> <!-- java.lang.IllegalArgumentException -->
          <reporter-output>
          </reporter-output>
        </test-method> <!-- findByIdNull -->
        <test-method status="PASS" signature="setUp()[pri:0, instance:cz.muni.fi.pa165.smartphonEShop.dao.PhoneDaoTest@5cdd8682]" name="setUp" is-config="true" duration-ms="0" started-at="2018-11-07T18:43:33 CET" finished-at="2018-11-07T18:43:33 CET">
          <reporter-output>
          </reporter-output>
        </test-method> <!-- setUp -->
        <test-method status="PASS" signature="springTestContextBeforeTestMethod(java.lang.reflect.Method)[pri:0, instance:cz.muni.fi.pa165.smartphonEShop.dao.PhoneDaoTest@5cdd8682]" name="springTestContextBeforeTestMethod" is-config="true" duration-ms="7" started-at="2018-11-07T18:43:33 CET" finished-at="2018-11-07T18:43:33 CET">
          <params>
            <param index="0">
              <value>
                <![CDATA[public void cz.muni.fi.pa165.smartphonEShop.dao.PhoneDaoTest.update()]]>
              </value>
            </param>
          </params>
          <reporter-output>
          </reporter-output>
        </test-method> <!-- springTestContextBeforeTestMethod -->
        <test-method status="PASS" signature="update()[pri:0, instance:cz.muni.fi.pa165.smartphonEShop.dao.PhoneDaoTest@5cdd8682]" name="update" duration-ms="6" started-at="2018-11-07T18:43:33 CET" finished-at="2018-11-07T18:43:33 CET">
          <reporter-output>
          </reporter-output>
        </test-method> <!-- update -->
        <test-method status="PASS" signature="setUp()[pri:0, instance:cz.muni.fi.pa165.smartphonEShop.dao.PhoneDaoTest@5cdd8682]" name="setUp" is-config="true" duration-ms="0" started-at="2018-11-07T18:43:33 CET" finished-at="2018-11-07T18:43:33 CET">
          <reporter-output>
          </reporter-output>
        </test-method> <!-- setUp -->
        <test-method status="PASS" signature="springTestContextAfterTestMethod(java.lang.reflect.Method)[pri:0, instance:cz.muni.fi.pa165.smartphonEShop.dao.PhoneDaoTest@5cdd8682]" name="springTestContextAfterTestMethod" is-config="true" duration-ms="12" started-at="2018-11-07T18:43:33 CET" finished-at="2018-11-07T18:43:33 CET">
          <params>
            <param index="0">
              <value>
                <![CDATA[public void cz.muni.fi.pa165.smartphonEShop.dao.PhoneDaoTest.update()]]>
              </value>
            </param>
          </params>
          <reporter-output>
          </reporter-output>
        </test-method> <!-- springTestContextAfterTestMethod -->
        <test-method status="PASS" signature="springTestContextBeforeTestMethod(java.lang.reflect.Method)[pri:0, instance:cz.muni.fi.pa165.smartphonEShop.dao.PhoneDaoTest@5cdd8682]" name="springTestContextBeforeTestMethod" is-config="true" duration-ms="3" started-at="2018-11-07T18:43:33 CET" finished-at="2018-11-07T18:43:33 CET">
          <params>
            <param index="0">
              <value>
                <![CDATA[public void cz.muni.fi.pa165.smartphonEShop.dao.PhoneDaoTest.updateNull()]]>
              </value>
            </param>
          </params>
          <reporter-output>
          </reporter-output>
        </test-method> <!-- springTestContextBeforeTestMethod -->
        <test-method status="PASS" signature="updateNull()[pri:0, instance:cz.muni.fi.pa165.smartphonEShop.dao.PhoneDaoTest@5cdd8682]" name="updateNull" duration-ms="1" started-at="2018-11-07T18:43:33 CET" finished-at="2018-11-07T18:43:33 CET">
          <exception class="java.lang.IllegalArgumentException">
            <message>
              <![CDATA[Phone is null!]]>
            </message>
            <full-stacktrace>
              <![CDATA[java.lang.IllegalArgumentException: Phone is null!
at cz.muni.fi.pa165.smartphonEShop.dao.PhoneDaoImpl.update(PhoneDaoImpl.java:37)
at cz.muni.fi.pa165.smartphonEShop.dao.PhoneDaoTest.updateNull(PhoneDaoTest.java:153)
at sun.reflect.NativeMethodAccessorImpl.invoke0(Native Method)
at sun.reflect.NativeMethodAccessorImpl.invoke(NativeMethodAccessorImpl.java:62)
at sun.reflect.DelegatingMethodAccessorImpl.invoke(DelegatingMethodAccessorImpl.java:43)
at java.lang.reflect.Method.invoke(Method.java:498)
at org.testng.internal.MethodInvocationHelper.invokeMethod(MethodInvocationHelper.java:131)
at org.testng.internal.MethodInvocationHelper$1.runTestMethod(MethodInvocationHelper.java:237)
at org.springframework.test.context.testng.AbstractTestNGSpringContextTests.run(AbstractTestNGSpringContextTests.java:180)
at org.testng.internal.MethodInvocationHelper.invokeHookable(MethodInvocationHelper.java:249)
at org.testng.internal.Invoker.invokeMethod(Invoker.java:654)
at org.testng.internal.Invoker.invokeTestMethod(Invoker.java:792)
at org.testng.internal.Invoker.invokeTestMethods(Invoker.java:1103)
at org.testng.internal.TestMethodWorker.invokeTestMethods(TestMethodWorker.java:140)
at org.testng.internal.TestMethodWorker.run(TestMethodWorker.java:122)
at org.testng.TestRunner.privateRun(TestRunner.java:739)
at org.testng.TestRunner.run(TestRunner.java:589)
at org.testng.SuiteRunner.runTest(SuiteRunner.java:398)
at org.testng.SuiteRunner.runSequentially(SuiteRunner.java:392)
at org.testng.SuiteRunner.privateRun(SuiteRunner.java:354)
at org.testng.SuiteRunner.run(SuiteRunner.java:302)
at org.testng.SuiteRunnerWorker.runSuite(SuiteRunnerWorker.java:53)
at org.testng.SuiteRunnerWorker.run(SuiteRunnerWorker.java:96)
at org.testng.TestNG.runSuitesSequentially(TestNG.java:1145)
at org.testng.TestNG.runSuitesLocally(TestNG.java:1067)
at org.testng.TestNG.runSuites(TestNG.java:997)
at org.testng.TestNG.run(TestNG.java:965)
at org.apache.maven.surefire.testng.TestNGExecutor.run(TestNGExecutor.java:135)
at org.apache.maven.surefire.testng.TestNGDirectoryTestSuite.executeMulti(TestNGDirectoryTestSuite.java:193)
at org.apache.maven.surefire.testng.TestNGDirectoryTestSuite.execute(TestNGDirectoryTestSuite.java:94)
at org.apache.maven.surefire.testng.TestNGProvider.invoke(TestNGProvider.java:146)
at org.apache.maven.surefire.booter.ForkedBooter.invokeProviderInSameClassLoader(ForkedBooter.java:384)
at org.apache.maven.surefire.booter.ForkedBooter.runSuitesInProcess(ForkedBooter.java:345)
at org.apache.maven.surefire.booter.ForkedBooter.execute(ForkedBooter.java:126)
at org.apache.maven.surefire.booter.ForkedBooter.main(ForkedBooter.java:418)
]]>
            </full-stacktrace>
          </exception> <!-- java.lang.IllegalArgumentException -->
          <reporter-output>
          </reporter-output>
        </test-method> <!-- updateNull -->
        <test-method status="PASS" signature="setUp()[pri:0, instance:cz.muni.fi.pa165.smartphonEShop.dao.PhoneDaoTest@5cdd8682]" name="setUp" is-config="true" duration-ms="0" started-at="2018-11-07T18:43:33 CET" finished-at="2018-11-07T18:43:33 CET">
          <reporter-output>
          </reporter-output>
        </test-method> <!-- setUp -->
        <test-method status="PASS" signature="springTestContextAfterTestMethod(java.lang.reflect.Method)[pri:0, instance:cz.muni.fi.pa165.smartphonEShop.dao.PhoneDaoTest@5cdd8682]" name="springTestContextAfterTestMethod" is-config="true" duration-ms="2" started-at="2018-11-07T18:43:33 CET" finished-at="2018-11-07T18:43:33 CET">
          <params>
            <param index="0">
              <value>
                <![CDATA[public void cz.muni.fi.pa165.smartphonEShop.dao.PhoneDaoTest.updateNull()]]>
              </value>
            </param>
          </params>
          <reporter-output>
          </reporter-output>
        </test-method> <!-- springTestContextAfterTestMethod -->
        <test-method status="PASS" signature="springTestContextAfterTestClass()[pri:0, instance:cz.muni.fi.pa165.smartphonEShop.dao.PhoneDaoTest@5cdd8682]" name="springTestContextAfterTestClass" is-config="true" duration-ms="0" started-at="2018-11-07T18:43:33 CET" finished-at="2018-11-07T18:43:33 CET">
          <reporter-output>
          </reporter-output>
        </test-method> <!-- springTestContextAfterTestClass -->
      </class> <!-- cz.muni.fi.pa165.smartphonEShop.dao.PhoneDaoTest -->
      <class name="cz.muni.fi.pa165.smartphonEShop.dao.OrderDaoTest">
        <test-method status="PASS" signature="springTestContextBeforeTestClass()[pri:0, instance:cz.muni.fi.pa165.smartphonEShop.dao.OrderDaoTest@290dbf45]" name="springTestContextBeforeTestClass" is-config="true" duration-ms="0" started-at="2018-11-07T18:43:34 CET" finished-at="2018-11-07T18:43:34 CET">
          <reporter-output>
          </reporter-output>
        </test-method> <!-- springTestContextBeforeTestClass -->
        <test-method status="PASS" signature="springTestContextPrepareTestInstance()[pri:0, instance:cz.muni.fi.pa165.smartphonEShop.dao.OrderDaoTest@290dbf45]" name="springTestContextPrepareTestInstance" is-config="true" duration-ms="5" started-at="2018-11-07T18:43:34 CET" depends-on-methods="org.springframework.test.context.testng.AbstractTestNGSpringContextTests.springTestContextBeforeTestClass" finished-at="2018-11-07T18:43:34 CET">
          <reporter-output>
          </reporter-output>
        </test-method> <!-- springTestContextPrepareTestInstance -->
        <test-method status="PASS" signature="springTestContextBeforeTestMethod(java.lang.reflect.Method)[pri:0, instance:cz.muni.fi.pa165.smartphonEShop.dao.OrderDaoTest@290dbf45]" name="springTestContextBeforeTestMethod" is-config="true" duration-ms="3" started-at="2018-11-07T18:43:34 CET" finished-at="2018-11-07T18:43:34 CET">
          <params>
            <param index="0">
              <value>
                <![CDATA[public void cz.muni.fi.pa165.smartphonEShop.dao.OrderDaoTest.create()]]>
              </value>
            </param>
          </params>
          <reporter-output>
          </reporter-output>
        </test-method> <!-- springTestContextBeforeTestMethod -->
        <test-method status="PASS" signature="setUp()[pri:0, instance:cz.muni.fi.pa165.smartphonEShop.dao.OrderDaoTest@290dbf45]" name="setUp" is-config="true" duration-ms="4" started-at="2018-11-07T18:43:34 CET" finished-at="2018-11-07T18:43:34 CET">
          <reporter-output>
          </reporter-output>
        </test-method> <!-- setUp -->
        <test-method status="PASS" signature="create()[pri:0, instance:cz.muni.fi.pa165.smartphonEShop.dao.OrderDaoTest@290dbf45]" name="create" duration-ms="1" started-at="2018-11-07T18:43:34 CET" finished-at="2018-11-07T18:43:34 CET">
          <reporter-output>
          </reporter-output>
        </test-method> <!-- create -->
        <test-method status="PASS" signature="springTestContextAfterTestMethod(java.lang.reflect.Method)[pri:0, instance:cz.muni.fi.pa165.smartphonEShop.dao.OrderDaoTest@290dbf45]" name="springTestContextAfterTestMethod" is-config="true" duration-ms="18" started-at="2018-11-07T18:43:34 CET" finished-at="2018-11-07T18:43:34 CET">
          <params>
            <param index="0">
              <value>
                <![CDATA[public void cz.muni.fi.pa165.smartphonEShop.dao.OrderDaoTest.create()]]>
              </value>
            </param>
          </params>
          <reporter-output>
          </reporter-output>
        </test-method> <!-- springTestContextAfterTestMethod -->
        <test-method status="PASS" signature="springTestContextBeforeTestMethod(java.lang.reflect.Method)[pri:0, instance:cz.muni.fi.pa165.smartphonEShop.dao.OrderDaoTest@290dbf45]" name="springTestContextBeforeTestMethod" is-config="true" duration-ms="3" started-at="2018-11-07T18:43:34 CET" finished-at="2018-11-07T18:43:34 CET">
          <params>
            <param index="0">
              <value>
                <![CDATA[public void cz.muni.fi.pa165.smartphonEShop.dao.OrderDaoTest.createNull()]]>
              </value>
            </param>
          </params>
          <reporter-output>
          </reporter-output>
        </test-method> <!-- springTestContextBeforeTestMethod -->
        <test-method status="PASS" signature="setUp()[pri:0, instance:cz.muni.fi.pa165.smartphonEShop.dao.OrderDaoTest@290dbf45]" name="setUp" is-config="true" duration-ms="14" started-at="2018-11-07T18:43:34 CET" finished-at="2018-11-07T18:43:34 CET">
          <reporter-output>
          </reporter-output>
        </test-method> <!-- setUp -->
        <test-method status="PASS" signature="createNull()[pri:0, instance:cz.muni.fi.pa165.smartphonEShop.dao.OrderDaoTest@290dbf45]" name="createNull" duration-ms="0" started-at="2018-11-07T18:43:34 CET" finished-at="2018-11-07T18:43:34 CET">
          <exception class="java.lang.IllegalArgumentException">
            <message>
              <![CDATA[Order is null!]]>
            </message>
            <full-stacktrace>
              <![CDATA[java.lang.IllegalArgumentException: Order is null!
at cz.muni.fi.pa165.smartphonEShop.dao.OrderDaoImpl.create(OrderDaoImpl.java:21)
at cz.muni.fi.pa165.smartphonEShop.dao.OrderDaoTest.createNull(OrderDaoTest.java:171)
at sun.reflect.NativeMethodAccessorImpl.invoke0(Native Method)
at sun.reflect.NativeMethodAccessorImpl.invoke(NativeMethodAccessorImpl.java:62)
at sun.reflect.DelegatingMethodAccessorImpl.invoke(DelegatingMethodAccessorImpl.java:43)
at java.lang.reflect.Method.invoke(Method.java:498)
at org.testng.internal.MethodInvocationHelper.invokeMethod(MethodInvocationHelper.java:131)
at org.testng.internal.MethodInvocationHelper$1.runTestMethod(MethodInvocationHelper.java:237)
at org.springframework.test.context.testng.AbstractTestNGSpringContextTests.run(AbstractTestNGSpringContextTests.java:180)
at org.testng.internal.MethodInvocationHelper.invokeHookable(MethodInvocationHelper.java:249)
at org.testng.internal.Invoker.invokeMethod(Invoker.java:654)
at org.testng.internal.Invoker.invokeTestMethod(Invoker.java:792)
at org.testng.internal.Invoker.invokeTestMethods(Invoker.java:1103)
at org.testng.internal.TestMethodWorker.invokeTestMethods(TestMethodWorker.java:140)
at org.testng.internal.TestMethodWorker.run(TestMethodWorker.java:122)
at org.testng.TestRunner.privateRun(TestRunner.java:739)
at org.testng.TestRunner.run(TestRunner.java:589)
at org.testng.SuiteRunner.runTest(SuiteRunner.java:398)
at org.testng.SuiteRunner.runSequentially(SuiteRunner.java:392)
at org.testng.SuiteRunner.privateRun(SuiteRunner.java:354)
at org.testng.SuiteRunner.run(SuiteRunner.java:302)
at org.testng.SuiteRunnerWorker.runSuite(SuiteRunnerWorker.java:53)
at org.testng.SuiteRunnerWorker.run(SuiteRunnerWorker.java:96)
at org.testng.TestNG.runSuitesSequentially(TestNG.java:1145)
at org.testng.TestNG.runSuitesLocally(TestNG.java:1067)
at org.testng.TestNG.runSuites(TestNG.java:997)
at org.testng.TestNG.run(TestNG.java:965)
at org.apache.maven.surefire.testng.TestNGExecutor.run(TestNGExecutor.java:135)
at org.apache.maven.surefire.testng.TestNGDirectoryTestSuite.executeMulti(TestNGDirectoryTestSuite.java:193)
at org.apache.maven.surefire.testng.TestNGDirectoryTestSuite.execute(TestNGDirectoryTestSuite.java:94)
at org.apache.maven.surefire.testng.TestNGProvider.invoke(TestNGProvider.java:146)
at org.apache.maven.surefire.booter.ForkedBooter.invokeProviderInSameClassLoader(ForkedBooter.java:384)
at org.apache.maven.surefire.booter.ForkedBooter.runSuitesInProcess(ForkedBooter.java:345)
at org.apache.maven.surefire.booter.ForkedBooter.execute(ForkedBooter.java:126)
at org.apache.maven.surefire.booter.ForkedBooter.main(ForkedBooter.java:418)
]]>
            </full-stacktrace>
          </exception> <!-- java.lang.IllegalArgumentException -->
          <reporter-output>
          </reporter-output>
        </test-method> <!-- createNull -->
        <test-method status="PASS" signature="springTestContextAfterTestMethod(java.lang.reflect.Method)[pri:0, instance:cz.muni.fi.pa165.smartphonEShop.dao.OrderDaoTest@290dbf45]" name="springTestContextAfterTestMethod" is-config="true" duration-ms="1" started-at="2018-11-07T18:43:34 CET" finished-at="2018-11-07T18:43:34 CET">
          <params>
            <param index="0">
              <value>
                <![CDATA[public void cz.muni.fi.pa165.smartphonEShop.dao.OrderDaoTest.createNull()]]>
              </value>
            </param>
          </params>
          <reporter-output>
          </reporter-output>
        </test-method> <!-- springTestContextAfterTestMethod -->
        <test-method status="PASS" signature="springTestContextBeforeTestMethod(java.lang.reflect.Method)[pri:0, instance:cz.muni.fi.pa165.smartphonEShop.dao.OrderDaoTest@290dbf45]" name="springTestContextBeforeTestMethod" is-config="true" duration-ms="3" started-at="2018-11-07T18:43:34 CET" finished-at="2018-11-07T18:43:34 CET">
          <params>
            <param index="0">
              <value>
                <![CDATA[public void cz.muni.fi.pa165.smartphonEShop.dao.OrderDaoTest.delete()]]>
              </value>
            </param>
          </params>
          <reporter-output>
          </reporter-output>
        </test-method> <!-- springTestContextBeforeTestMethod -->
        <test-method status="PASS" signature="setUp()[pri:0, instance:cz.muni.fi.pa165.smartphonEShop.dao.OrderDaoTest@290dbf45]" name="setUp" is-config="true" duration-ms="7" started-at="2018-11-07T18:43:34 CET" finished-at="2018-11-07T18:43:34 CET">
          <reporter-output>
          </reporter-output>
        </test-method> <!-- setUp -->
        <test-method status="PASS" signature="delete()[pri:0, instance:cz.muni.fi.pa165.smartphonEShop.dao.OrderDaoTest@290dbf45]" name="delete" duration-ms="107" started-at="2018-11-07T18:43:34 CET" finished-at="2018-11-07T18:43:34 CET">
          <reporter-output>
          </reporter-output>
        </test-method> <!-- delete -->
        <test-method status="PASS" signature="springTestContextAfterTestMethod(java.lang.reflect.Method)[pri:0, instance:cz.muni.fi.pa165.smartphonEShop.dao.OrderDaoTest@290dbf45]" name="springTestContextAfterTestMethod" is-config="true" duration-ms="3" started-at="2018-11-07T18:43:34 CET" finished-at="2018-11-07T18:43:34 CET">
          <params>
            <param index="0">
              <value>
                <![CDATA[public void cz.muni.fi.pa165.smartphonEShop.dao.OrderDaoTest.delete()]]>
              </value>
            </param>
          </params>
          <reporter-output>
          </reporter-output>
        </test-method> <!-- springTestContextAfterTestMethod -->
        <test-method status="PASS" signature="springTestContextBeforeTestMethod(java.lang.reflect.Method)[pri:0, instance:cz.muni.fi.pa165.smartphonEShop.dao.OrderDaoTest@290dbf45]" name="springTestContextBeforeTestMethod" is-config="true" duration-ms="3" started-at="2018-11-07T18:43:34 CET" finished-at="2018-11-07T18:43:34 CET">
          <params>
            <param index="0">
              <value>
                <![CDATA[public void cz.muni.fi.pa165.smartphonEShop.dao.OrderDaoTest.deleteNull()]]>
              </value>
            </param>
          </params>
          <reporter-output>
          </reporter-output>
        </test-method> <!-- springTestContextBeforeTestMethod -->
        <test-method status="PASS" signature="setUp()[pri:0, instance:cz.muni.fi.pa165.smartphonEShop.dao.OrderDaoTest@290dbf45]" name="setUp" is-config="true" duration-ms="17" started-at="2018-11-07T18:43:34 CET" finished-at="2018-11-07T18:43:34 CET">
          <reporter-output>
          </reporter-output>
        </test-method> <!-- setUp -->
        <test-method status="PASS" signature="deleteNull()[pri:0, instance:cz.muni.fi.pa165.smartphonEShop.dao.OrderDaoTest@290dbf45]" name="deleteNull" duration-ms="1" started-at="2018-11-07T18:43:34 CET" finished-at="2018-11-07T18:43:34 CET">
          <exception class="java.lang.IllegalArgumentException">
            <message>
              <![CDATA[Order is null!]]>
            </message>
            <full-stacktrace>
              <![CDATA[java.lang.IllegalArgumentException: Order is null!
at cz.muni.fi.pa165.smartphonEShop.dao.OrderDaoImpl.delete(OrderDaoImpl.java:39)
at cz.muni.fi.pa165.smartphonEShop.dao.OrderDaoTest.deleteNull(OrderDaoTest.java:183)
at sun.reflect.NativeMethodAccessorImpl.invoke0(Native Method)
at sun.reflect.NativeMethodAccessorImpl.invoke(NativeMethodAccessorImpl.java:62)
at sun.reflect.DelegatingMethodAccessorImpl.invoke(DelegatingMethodAccessorImpl.java:43)
at java.lang.reflect.Method.invoke(Method.java:498)
at org.testng.internal.MethodInvocationHelper.invokeMethod(MethodInvocationHelper.java:131)
at org.testng.internal.MethodInvocationHelper$1.runTestMethod(MethodInvocationHelper.java:237)
at org.springframework.test.context.testng.AbstractTestNGSpringContextTests.run(AbstractTestNGSpringContextTests.java:180)
at org.testng.internal.MethodInvocationHelper.invokeHookable(MethodInvocationHelper.java:249)
at org.testng.internal.Invoker.invokeMethod(Invoker.java:654)
at org.testng.internal.Invoker.invokeTestMethod(Invoker.java:792)
at org.testng.internal.Invoker.invokeTestMethods(Invoker.java:1103)
at org.testng.internal.TestMethodWorker.invokeTestMethods(TestMethodWorker.java:140)
at org.testng.internal.TestMethodWorker.run(TestMethodWorker.java:122)
at org.testng.TestRunner.privateRun(TestRunner.java:739)
at org.testng.TestRunner.run(TestRunner.java:589)
at org.testng.SuiteRunner.runTest(SuiteRunner.java:398)
at org.testng.SuiteRunner.runSequentially(SuiteRunner.java:392)
at org.testng.SuiteRunner.privateRun(SuiteRunner.java:354)
at org.testng.SuiteRunner.run(SuiteRunner.java:302)
at org.testng.SuiteRunnerWorker.runSuite(SuiteRunnerWorker.java:53)
at org.testng.SuiteRunnerWorker.run(SuiteRunnerWorker.java:96)
at org.testng.TestNG.runSuitesSequentially(TestNG.java:1145)
at org.testng.TestNG.runSuitesLocally(TestNG.java:1067)
at org.testng.TestNG.runSuites(TestNG.java:997)
at org.testng.TestNG.run(TestNG.java:965)
at org.apache.maven.surefire.testng.TestNGExecutor.run(TestNGExecutor.java:135)
at org.apache.maven.surefire.testng.TestNGDirectoryTestSuite.executeMulti(TestNGDirectoryTestSuite.java:193)
at org.apache.maven.surefire.testng.TestNGDirectoryTestSuite.execute(TestNGDirectoryTestSuite.java:94)
at org.apache.maven.surefire.testng.TestNGProvider.invoke(TestNGProvider.java:146)
at org.apache.maven.surefire.booter.ForkedBooter.invokeProviderInSameClassLoader(ForkedBooter.java:384)
at org.apache.maven.surefire.booter.ForkedBooter.runSuitesInProcess(ForkedBooter.java:345)
at org.apache.maven.surefire.booter.ForkedBooter.execute(ForkedBooter.java:126)
at org.apache.maven.surefire.booter.ForkedBooter.main(ForkedBooter.java:418)
]]>
            </full-stacktrace>
          </exception> <!-- java.lang.IllegalArgumentException -->
          <reporter-output>
          </reporter-output>
        </test-method> <!-- deleteNull -->
        <test-method status="PASS" signature="springTestContextAfterTestMethod(java.lang.reflect.Method)[pri:0, instance:cz.muni.fi.pa165.smartphonEShop.dao.OrderDaoTest@290dbf45]" name="springTestContextAfterTestMethod" is-config="true" duration-ms="1" started-at="2018-11-07T18:43:34 CET" finished-at="2018-11-07T18:43:34 CET">
          <params>
            <param index="0">
              <value>
                <![CDATA[public void cz.muni.fi.pa165.smartphonEShop.dao.OrderDaoTest.deleteNull()]]>
              </value>
            </param>
          </params>
          <reporter-output>
          </reporter-output>
        </test-method> <!-- springTestContextAfterTestMethod -->
        <test-method status="PASS" signature="springTestContextBeforeTestMethod(java.lang.reflect.Method)[pri:0, instance:cz.muni.fi.pa165.smartphonEShop.dao.OrderDaoTest@290dbf45]" name="springTestContextBeforeTestMethod" is-config="true" duration-ms="2" started-at="2018-11-07T18:43:34 CET" finished-at="2018-11-07T18:43:34 CET">
          <params>
            <param index="0">
              <value>
                <![CDATA[public void cz.muni.fi.pa165.smartphonEShop.dao.OrderDaoTest.findAll()]]>
              </value>
            </param>
          </params>
          <reporter-output>
          </reporter-output>
        </test-method> <!-- springTestContextBeforeTestMethod -->
        <test-method status="PASS" signature="setUp()[pri:0, instance:cz.muni.fi.pa165.smartphonEShop.dao.OrderDaoTest@290dbf45]" name="setUp" is-config="true" duration-ms="15" started-at="2018-11-07T18:43:34 CET" finished-at="2018-11-07T18:43:34 CET">
          <reporter-output>
          </reporter-output>
        </test-method> <!-- setUp -->
        <test-method status="PASS" signature="findAll()[pri:0, instance:cz.muni.fi.pa165.smartphonEShop.dao.OrderDaoTest@290dbf45]" name="findAll" duration-ms="15" started-at="2018-11-07T18:43:34 CET" finished-at="2018-11-07T18:43:34 CET">
          <reporter-output>
          </reporter-output>
        </test-method> <!-- findAll -->
        <test-method status="PASS" signature="springTestContextAfterTestMethod(java.lang.reflect.Method)[pri:0, instance:cz.muni.fi.pa165.smartphonEShop.dao.OrderDaoTest@290dbf45]" name="springTestContextAfterTestMethod" is-config="true" duration-ms="12" started-at="2018-11-07T18:43:34 CET" finished-at="2018-11-07T18:43:34 CET">
          <params>
            <param index="0">
              <value>
                <![CDATA[public void cz.muni.fi.pa165.smartphonEShop.dao.OrderDaoTest.findAll()]]>
              </value>
            </param>
          </params>
          <reporter-output>
          </reporter-output>
        </test-method> <!-- springTestContextAfterTestMethod -->
        <test-method status="PASS" signature="springTestContextBeforeTestMethod(java.lang.reflect.Method)[pri:0, instance:cz.muni.fi.pa165.smartphonEShop.dao.OrderDaoTest@290dbf45]" name="springTestContextBeforeTestMethod" is-config="true" duration-ms="5" started-at="2018-11-07T18:43:34 CET" finished-at="2018-11-07T18:43:34 CET">
          <params>
            <param index="0">
              <value>
                <![CDATA[public void cz.muni.fi.pa165.smartphonEShop.dao.OrderDaoTest.findById()]]>
              </value>
            </param>
          </params>
          <reporter-output>
          </reporter-output>
        </test-method> <!-- springTestContextBeforeTestMethod -->
        <test-method status="PASS" signature="setUp()[pri:0, instance:cz.muni.fi.pa165.smartphonEShop.dao.OrderDaoTest@290dbf45]" name="setUp" is-config="true" duration-ms="15" started-at="2018-11-07T18:43:34 CET" finished-at="2018-11-07T18:43:34 CET">
          <reporter-output>
          </reporter-output>
        </test-method> <!-- setUp -->
        <test-method status="PASS" signature="findById()[pri:0, instance:cz.muni.fi.pa165.smartphonEShop.dao.OrderDaoTest@290dbf45]" name="findById" duration-ms="1" started-at="2018-11-07T18:43:34 CET" finished-at="2018-11-07T18:43:34 CET">
          <reporter-output>
          </reporter-output>
        </test-method> <!-- findById -->
        <test-method status="PASS" signature="springTestContextAfterTestMethod(java.lang.reflect.Method)[pri:0, instance:cz.muni.fi.pa165.smartphonEShop.dao.OrderDaoTest@290dbf45]" name="springTestContextAfterTestMethod" is-config="true" duration-ms="2" started-at="2018-11-07T18:43:34 CET" finished-at="2018-11-07T18:43:34 CET">
          <params>
            <param index="0">
              <value>
                <![CDATA[public void cz.muni.fi.pa165.smartphonEShop.dao.OrderDaoTest.findById()]]>
              </value>
            </param>
          </params>
          <reporter-output>
          </reporter-output>
        </test-method> <!-- springTestContextAfterTestMethod -->
        <test-method status="PASS" signature="springTestContextBeforeTestMethod(java.lang.reflect.Method)[pri:0, instance:cz.muni.fi.pa165.smartphonEShop.dao.OrderDaoTest@290dbf45]" name="springTestContextBeforeTestMethod" is-config="true" duration-ms="5" started-at="2018-11-07T18:43:34 CET" finished-at="2018-11-07T18:43:34 CET">
          <params>
            <param index="0">
              <value>
                <![CDATA[public void cz.muni.fi.pa165.smartphonEShop.dao.OrderDaoTest.findByIdNegative()]]>
              </value>
            </param>
          </params>
          <reporter-output>
          </reporter-output>
        </test-method> <!-- springTestContextBeforeTestMethod -->
        <test-method status="PASS" signature="setUp()[pri:0, instance:cz.muni.fi.pa165.smartphonEShop.dao.OrderDaoTest@290dbf45]" name="setUp" is-config="true" duration-ms="27" started-at="2018-11-07T18:43:34 CET" finished-at="2018-11-07T18:43:34 CET">
          <reporter-output>
          </reporter-output>
        </test-method> <!-- setUp -->
        <test-method status="PASS" signature="springTestContextAfterTestMethod(java.lang.reflect.Method)[pri:0, instance:cz.muni.fi.pa165.smartphonEShop.dao.OrderDaoTest@290dbf45]" name="springTestContextAfterTestMethod" is-config="true" duration-ms="1" started-at="2018-11-07T18:43:34 CET" finished-at="2018-11-07T18:43:34 CET">
          <params>
            <param index="0">
              <value>
                <![CDATA[public void cz.muni.fi.pa165.smartphonEShop.dao.OrderDaoTest.findByIdNegative()]]>
              </value>
            </param>
          </params>
          <reporter-output>
          </reporter-output>
        </test-method> <!-- springTestContextAfterTestMethod -->
        <test-method status="PASS" signature="findByIdNegative()[pri:0, instance:cz.muni.fi.pa165.smartphonEShop.dao.OrderDaoTest@290dbf45]" name="findByIdNegative" duration-ms="0" started-at="2018-11-07T18:43:34 CET" finished-at="2018-11-07T18:43:34 CET">
          <exception class="java.lang.IllegalArgumentException">
            <message>
              <![CDATA[ID is null or less than 0!]]>
            </message>
            <full-stacktrace>
              <![CDATA[java.lang.IllegalArgumentException: ID is null or less than 0!
at cz.muni.fi.pa165.smartphonEShop.dao.OrderDaoImpl.findById(OrderDaoImpl.java:48)
at cz.muni.fi.pa165.smartphonEShop.dao.OrderDaoTest.findByIdNegative(OrderDaoTest.java:195)
at sun.reflect.NativeMethodAccessorImpl.invoke0(Native Method)
at sun.reflect.NativeMethodAccessorImpl.invoke(NativeMethodAccessorImpl.java:62)
at sun.reflect.DelegatingMethodAccessorImpl.invoke(DelegatingMethodAccessorImpl.java:43)
at java.lang.reflect.Method.invoke(Method.java:498)
at org.testng.internal.MethodInvocationHelper.invokeMethod(MethodInvocationHelper.java:131)
at org.testng.internal.MethodInvocationHelper$1.runTestMethod(MethodInvocationHelper.java:237)
at org.springframework.test.context.testng.AbstractTestNGSpringContextTests.run(AbstractTestNGSpringContextTests.java:180)
at org.testng.internal.MethodInvocationHelper.invokeHookable(MethodInvocationHelper.java:249)
at org.testng.internal.Invoker.invokeMethod(Invoker.java:654)
at org.testng.internal.Invoker.invokeTestMethod(Invoker.java:792)
at org.testng.internal.Invoker.invokeTestMethods(Invoker.java:1103)
at org.testng.internal.TestMethodWorker.invokeTestMethods(TestMethodWorker.java:140)
at org.testng.internal.TestMethodWorker.run(TestMethodWorker.java:122)
at org.testng.TestRunner.privateRun(TestRunner.java:739)
at org.testng.TestRunner.run(TestRunner.java:589)
at org.testng.SuiteRunner.runTest(SuiteRunner.java:398)
at org.testng.SuiteRunner.runSequentially(SuiteRunner.java:392)
at org.testng.SuiteRunner.privateRun(SuiteRunner.java:354)
at org.testng.SuiteRunner.run(SuiteRunner.java:302)
at org.testng.SuiteRunnerWorker.runSuite(SuiteRunnerWorker.java:53)
at org.testng.SuiteRunnerWorker.run(SuiteRunnerWorker.java:96)
at org.testng.TestNG.runSuitesSequentially(TestNG.java:1145)
at org.testng.TestNG.runSuitesLocally(TestNG.java:1067)
at org.testng.TestNG.runSuites(TestNG.java:997)
at org.testng.TestNG.run(TestNG.java:965)
at org.apache.maven.surefire.testng.TestNGExecutor.run(TestNGExecutor.java:135)
at org.apache.maven.surefire.testng.TestNGDirectoryTestSuite.executeMulti(TestNGDirectoryTestSuite.java:193)
at org.apache.maven.surefire.testng.TestNGDirectoryTestSuite.execute(TestNGDirectoryTestSuite.java:94)
at org.apache.maven.surefire.testng.TestNGProvider.invoke(TestNGProvider.java:146)
at org.apache.maven.surefire.booter.ForkedBooter.invokeProviderInSameClassLoader(ForkedBooter.java:384)
at org.apache.maven.surefire.booter.ForkedBooter.runSuitesInProcess(ForkedBooter.java:345)
at org.apache.maven.surefire.booter.ForkedBooter.execute(ForkedBooter.java:126)
at org.apache.maven.surefire.booter.ForkedBooter.main(ForkedBooter.java:418)
]]>
            </full-stacktrace>
          </exception> <!-- java.lang.IllegalArgumentException -->
          <reporter-output>
          </reporter-output>
        </test-method> <!-- findByIdNegative -->
        <test-method status="PASS" signature="springTestContextBeforeTestMethod(java.lang.reflect.Method)[pri:0, instance:cz.muni.fi.pa165.smartphonEShop.dao.OrderDaoTest@290dbf45]" name="springTestContextBeforeTestMethod" is-config="true" duration-ms="3" started-at="2018-11-07T18:43:34 CET" finished-at="2018-11-07T18:43:34 CET">
          <params>
            <param index="0">
              <value>
                <![CDATA[public void cz.muni.fi.pa165.smartphonEShop.dao.OrderDaoTest.findByIdNull()]]>
              </value>
            </param>
          </params>
          <reporter-output>
          </reporter-output>
        </test-method> <!-- springTestContextBeforeTestMethod -->
        <test-method status="PASS" signature="setUp()[pri:0, instance:cz.muni.fi.pa165.smartphonEShop.dao.OrderDaoTest@290dbf45]" name="setUp" is-config="true" duration-ms="11" started-at="2018-11-07T18:43:34 CET" finished-at="2018-11-07T18:43:34 CET">
          <reporter-output>
          </reporter-output>
        </test-method> <!-- setUp -->
        <test-method status="PASS" signature="findByIdNull()[pri:0, instance:cz.muni.fi.pa165.smartphonEShop.dao.OrderDaoTest@290dbf45]" name="findByIdNull" duration-ms="0" started-at="2018-11-07T18:43:34 CET" finished-at="2018-11-07T18:43:34 CET">
          <exception class="java.lang.IllegalArgumentException">
            <message>
              <![CDATA[ID is null or less than 0!]]>
            </message>
            <full-stacktrace>
              <![CDATA[java.lang.IllegalArgumentException: ID is null or less than 0!
at cz.muni.fi.pa165.smartphonEShop.dao.OrderDaoImpl.findById(OrderDaoImpl.java:48)
at cz.muni.fi.pa165.smartphonEShop.dao.OrderDaoTest.findByIdNull(OrderDaoTest.java:189)
at sun.reflect.NativeMethodAccessorImpl.invoke0(Native Method)
at sun.reflect.NativeMethodAccessorImpl.invoke(NativeMethodAccessorImpl.java:62)
at sun.reflect.DelegatingMethodAccessorImpl.invoke(DelegatingMethodAccessorImpl.java:43)
at java.lang.reflect.Method.invoke(Method.java:498)
at org.testng.internal.MethodInvocationHelper.invokeMethod(MethodInvocationHelper.java:131)
at org.testng.internal.MethodInvocationHelper$1.runTestMethod(MethodInvocationHelper.java:237)
at org.springframework.test.context.testng.AbstractTestNGSpringContextTests.run(AbstractTestNGSpringContextTests.java:180)
at org.testng.internal.MethodInvocationHelper.invokeHookable(MethodInvocationHelper.java:249)
at org.testng.internal.Invoker.invokeMethod(Invoker.java:654)
at org.testng.internal.Invoker.invokeTestMethod(Invoker.java:792)
at org.testng.internal.Invoker.invokeTestMethods(Invoker.java:1103)
at org.testng.internal.TestMethodWorker.invokeTestMethods(TestMethodWorker.java:140)
at org.testng.internal.TestMethodWorker.run(TestMethodWorker.java:122)
at org.testng.TestRunner.privateRun(TestRunner.java:739)
at org.testng.TestRunner.run(TestRunner.java:589)
at org.testng.SuiteRunner.runTest(SuiteRunner.java:398)
at org.testng.SuiteRunner.runSequentially(SuiteRunner.java:392)
at org.testng.SuiteRunner.privateRun(SuiteRunner.java:354)
at org.testng.SuiteRunner.run(SuiteRunner.java:302)
at org.testng.SuiteRunnerWorker.runSuite(SuiteRunnerWorker.java:53)
at org.testng.SuiteRunnerWorker.run(SuiteRunnerWorker.java:96)
at org.testng.TestNG.runSuitesSequentially(TestNG.java:1145)
at org.testng.TestNG.runSuitesLocally(TestNG.java:1067)
at org.testng.TestNG.runSuites(TestNG.java:997)
at org.testng.TestNG.run(TestNG.java:965)
at org.apache.maven.surefire.testng.TestNGExecutor.run(TestNGExecutor.java:135)
at org.apache.maven.surefire.testng.TestNGDirectoryTestSuite.executeMulti(TestNGDirectoryTestSuite.java:193)
at org.apache.maven.surefire.testng.TestNGDirectoryTestSuite.execute(TestNGDirectoryTestSuite.java:94)
at org.apache.maven.surefire.testng.TestNGProvider.invoke(TestNGProvider.java:146)
at org.apache.maven.surefire.booter.ForkedBooter.invokeProviderInSameClassLoader(ForkedBooter.java:384)
at org.apache.maven.surefire.booter.ForkedBooter.runSuitesInProcess(ForkedBooter.java:345)
at org.apache.maven.surefire.booter.ForkedBooter.execute(ForkedBooter.java:126)
at org.apache.maven.surefire.booter.ForkedBooter.main(ForkedBooter.java:418)
]]>
            </full-stacktrace>
          </exception> <!-- java.lang.IllegalArgumentException -->
          <reporter-output>
          </reporter-output>
        </test-method> <!-- findByIdNull -->
        <test-method status="PASS" signature="springTestContextAfterTestMethod(java.lang.reflect.Method)[pri:0, instance:cz.muni.fi.pa165.smartphonEShop.dao.OrderDaoTest@290dbf45]" name="springTestContextAfterTestMethod" is-config="true" duration-ms="2" started-at="2018-11-07T18:43:34 CET" finished-at="2018-11-07T18:43:34 CET">
          <params>
            <param index="0">
              <value>
                <![CDATA[public void cz.muni.fi.pa165.smartphonEShop.dao.OrderDaoTest.findByIdNull()]]>
              </value>
            </param>
          </params>
          <reporter-output>
          </reporter-output>
        </test-method> <!-- springTestContextAfterTestMethod -->
        <test-method status="PASS" signature="springTestContextBeforeTestMethod(java.lang.reflect.Method)[pri:0, instance:cz.muni.fi.pa165.smartphonEShop.dao.OrderDaoTest@290dbf45]" name="springTestContextBeforeTestMethod" is-config="true" duration-ms="7" started-at="2018-11-07T18:43:34 CET" finished-at="2018-11-07T18:43:34 CET">
          <params>
            <param index="0">
              <value>
                <![CDATA[public void cz.muni.fi.pa165.smartphonEShop.dao.OrderDaoTest.update()]]>
              </value>
            </param>
          </params>
          <reporter-output>
          </reporter-output>
        </test-method> <!-- springTestContextBeforeTestMethod -->
        <test-method status="PASS" signature="setUp()[pri:0, instance:cz.muni.fi.pa165.smartphonEShop.dao.OrderDaoTest@290dbf45]" name="setUp" is-config="true" duration-ms="10" started-at="2018-11-07T18:43:34 CET" finished-at="2018-11-07T18:43:34 CET">
          <reporter-output>
          </reporter-output>
        </test-method> <!-- setUp -->
        <test-method status="PASS" signature="update()[pri:0, instance:cz.muni.fi.pa165.smartphonEShop.dao.OrderDaoTest@290dbf45]" name="update" duration-ms="1" started-at="2018-11-07T18:43:34 CET" finished-at="2018-11-07T18:43:34 CET">
          <reporter-output>
          </reporter-output>
        </test-method> <!-- update -->
        <test-method status="PASS" signature="springTestContextAfterTestMethod(java.lang.reflect.Method)[pri:0, instance:cz.muni.fi.pa165.smartphonEShop.dao.OrderDaoTest@290dbf45]" name="springTestContextAfterTestMethod" is-config="true" duration-ms="10" started-at="2018-11-07T18:43:34 CET" finished-at="2018-11-07T18:43:34 CET">
          <params>
            <param index="0">
              <value>
                <![CDATA[public void cz.muni.fi.pa165.smartphonEShop.dao.OrderDaoTest.update()]]>
              </value>
            </param>
          </params>
          <reporter-output>
          </reporter-output>
        </test-method> <!-- springTestContextAfterTestMethod -->
        <test-method status="PASS" signature="springTestContextBeforeTestMethod(java.lang.reflect.Method)[pri:0, instance:cz.muni.fi.pa165.smartphonEShop.dao.OrderDaoTest@290dbf45]" name="springTestContextBeforeTestMethod" is-config="true" duration-ms="3" started-at="2018-11-07T18:43:34 CET" finished-at="2018-11-07T18:43:34 CET">
          <params>
            <param index="0">
              <value>
                <![CDATA[public void cz.muni.fi.pa165.smartphonEShop.dao.OrderDaoTest.updateNull()]]>
              </value>
            </param>
          </params>
          <reporter-output>
          </reporter-output>
        </test-method> <!-- springTestContextBeforeTestMethod -->
        <test-method status="PASS" signature="setUp()[pri:0, instance:cz.muni.fi.pa165.smartphonEShop.dao.OrderDaoTest@290dbf45]" name="setUp" is-config="true" duration-ms="3" started-at="2018-11-07T18:43:34 CET" finished-at="2018-11-07T18:43:34 CET">
          <reporter-output>
          </reporter-output>
        </test-method> <!-- setUp -->
        <test-method status="PASS" signature="springTestContextAfterTestMethod(java.lang.reflect.Method)[pri:0, instance:cz.muni.fi.pa165.smartphonEShop.dao.OrderDaoTest@290dbf45]" name="springTestContextAfterTestMethod" is-config="true" duration-ms="3" started-at="2018-11-07T18:43:34 CET" finished-at="2018-11-07T18:43:34 CET">
          <params>
            <param index="0">
              <value>
                <![CDATA[public void cz.muni.fi.pa165.smartphonEShop.dao.OrderDaoTest.updateNull()]]>
              </value>
            </param>
          </params>
          <reporter-output>
          </reporter-output>
        </test-method> <!-- springTestContextAfterTestMethod -->
        <test-method status="PASS" signature="updateNull()[pri:0, instance:cz.muni.fi.pa165.smartphonEShop.dao.OrderDaoTest@290dbf45]" name="updateNull" duration-ms="0" started-at="2018-11-07T18:43:34 CET" finished-at="2018-11-07T18:43:34 CET">
          <exception class="java.lang.IllegalArgumentException">
            <message>
              <![CDATA[Order is null!]]>
            </message>
            <full-stacktrace>
              <![CDATA[java.lang.IllegalArgumentException: Order is null!
at cz.muni.fi.pa165.smartphonEShop.dao.OrderDaoImpl.update(OrderDaoImpl.java:30)
at cz.muni.fi.pa165.smartphonEShop.dao.OrderDaoTest.updateNull(OrderDaoTest.java:177)
at sun.reflect.NativeMethodAccessorImpl.invoke0(Native Method)
at sun.reflect.NativeMethodAccessorImpl.invoke(NativeMethodAccessorImpl.java:62)
at sun.reflect.DelegatingMethodAccessorImpl.invoke(DelegatingMethodAccessorImpl.java:43)
at java.lang.reflect.Method.invoke(Method.java:498)
at org.testng.internal.MethodInvocationHelper.invokeMethod(MethodInvocationHelper.java:131)
at org.testng.internal.MethodInvocationHelper$1.runTestMethod(MethodInvocationHelper.java:237)
at org.springframework.test.context.testng.AbstractTestNGSpringContextTests.run(AbstractTestNGSpringContextTests.java:180)
at org.testng.internal.MethodInvocationHelper.invokeHookable(MethodInvocationHelper.java:249)
at org.testng.internal.Invoker.invokeMethod(Invoker.java:654)
at org.testng.internal.Invoker.invokeTestMethod(Invoker.java:792)
at org.testng.internal.Invoker.invokeTestMethods(Invoker.java:1103)
at org.testng.internal.TestMethodWorker.invokeTestMethods(TestMethodWorker.java:140)
at org.testng.internal.TestMethodWorker.run(TestMethodWorker.java:122)
at org.testng.TestRunner.privateRun(TestRunner.java:739)
at org.testng.TestRunner.run(TestRunner.java:589)
at org.testng.SuiteRunner.runTest(SuiteRunner.java:398)
at org.testng.SuiteRunner.runSequentially(SuiteRunner.java:392)
at org.testng.SuiteRunner.privateRun(SuiteRunner.java:354)
at org.testng.SuiteRunner.run(SuiteRunner.java:302)
at org.testng.SuiteRunnerWorker.runSuite(SuiteRunnerWorker.java:53)
at org.testng.SuiteRunnerWorker.run(SuiteRunnerWorker.java:96)
at org.testng.TestNG.runSuitesSequentially(TestNG.java:1145)
at org.testng.TestNG.runSuitesLocally(TestNG.java:1067)
at org.testng.TestNG.runSuites(TestNG.java:997)
at org.testng.TestNG.run(TestNG.java:965)
at org.apache.maven.surefire.testng.TestNGExecutor.run(TestNGExecutor.java:135)
at org.apache.maven.surefire.testng.TestNGDirectoryTestSuite.executeMulti(TestNGDirectoryTestSuite.java:193)
at org.apache.maven.surefire.testng.TestNGDirectoryTestSuite.execute(TestNGDirectoryTestSuite.java:94)
at org.apache.maven.surefire.testng.TestNGProvider.invoke(TestNGProvider.java:146)
at org.apache.maven.surefire.booter.ForkedBooter.invokeProviderInSameClassLoader(ForkedBooter.java:384)
at org.apache.maven.surefire.booter.ForkedBooter.runSuitesInProcess(ForkedBooter.java:345)
at org.apache.maven.surefire.booter.ForkedBooter.execute(ForkedBooter.java:126)
at org.apache.maven.surefire.booter.ForkedBooter.main(ForkedBooter.java:418)
]]>
            </full-stacktrace>
          </exception> <!-- java.lang.IllegalArgumentException -->
          <reporter-output>
          </reporter-output>
        </test-method> <!-- updateNull -->
        <test-method status="PASS" signature="springTestContextAfterTestClass()[pri:0, instance:cz.muni.fi.pa165.smartphonEShop.dao.OrderDaoTest@290dbf45]" name="springTestContextAfterTestClass" is-config="true" duration-ms="0" started-at="2018-11-07T18:43:34 CET" finished-at="2018-11-07T18:43:34 CET">
          <reporter-output>
          </reporter-output>
        </test-method> <!-- springTestContextAfterTestClass -->
      </class> <!-- cz.muni.fi.pa165.smartphonEShop.dao.OrderDaoTest -->
      <class name="cz.muni.fi.pa165.smartphonEShop.dao.AddressDaoTest">
        <test-method status="PASS" signature="springTestContextBeforeTestClass()[pri:0, instance:cz.muni.fi.pa165.smartphonEShop.dao.AddressDaoTest@49c43f4e]" name="springTestContextBeforeTestClass" is-config="true" duration-ms="1" started-at="2018-11-07T18:43:34 CET" finished-at="2018-11-07T18:43:34 CET">
          <reporter-output>
          </reporter-output>
        </test-method> <!-- springTestContextBeforeTestClass -->
        <test-method status="PASS" signature="springTestContextPrepareTestInstance()[pri:0, instance:cz.muni.fi.pa165.smartphonEShop.dao.AddressDaoTest@49c43f4e]" name="springTestContextPrepareTestInstance" is-config="true" duration-ms="5" started-at="2018-11-07T18:43:34 CET" depends-on-methods="org.springframework.test.context.testng.AbstractTestNGSpringContextTests.springTestContextBeforeTestClass" finished-at="2018-11-07T18:43:34 CET">
          <reporter-output>
          </reporter-output>
        </test-method> <!-- springTestContextPrepareTestInstance -->
        <test-method status="PASS" signature="springTestContextBeforeTestMethod(java.lang.reflect.Method)[pri:0, instance:cz.muni.fi.pa165.smartphonEShop.dao.AddressDaoTest@49c43f4e]" name="springTestContextBeforeTestMethod" is-config="true" duration-ms="4" started-at="2018-11-07T18:43:34 CET" finished-at="2018-11-07T18:43:34 CET">
          <params>
            <param index="0">
              <value>
                <![CDATA[public void cz.muni.fi.pa165.smartphonEShop.dao.AddressDaoTest.createNull()]]>
              </value>
            </param>
          </params>
          <reporter-output>
          </reporter-output>
        </test-method> <!-- springTestContextBeforeTestMethod -->
        <test-method status="PASS" signature="setUp()[pri:0, instance:cz.muni.fi.pa165.smartphonEShop.dao.AddressDaoTest@49c43f4e]" name="setUp" is-config="true" duration-ms="4" started-at="2018-11-07T18:43:34 CET" finished-at="2018-11-07T18:43:34 CET">
          <reporter-output>
          </reporter-output>
        </test-method> <!-- setUp -->
        <test-method status="PASS" signature="createNull()[pri:0, instance:cz.muni.fi.pa165.smartphonEShop.dao.AddressDaoTest@49c43f4e]" name="createNull" duration-ms="5" started-at="2018-11-07T18:43:34 CET" finished-at="2018-11-07T18:43:34 CET">
          <exception class="java.lang.IllegalArgumentException">
            <message>
              <![CDATA[Address is null!]]>
            </message>
            <full-stacktrace>
              <![CDATA[java.lang.IllegalArgumentException: Address is null!
at cz.muni.fi.pa165.smartphonEShop.dao.AddressDaoImpl.create(AddressDaoImpl.java:24)
at cz.muni.fi.pa165.smartphonEShop.dao.AddressDaoTest.createNull(AddressDaoTest.java:110)
at sun.reflect.NativeMethodAccessorImpl.invoke0(Native Method)
at sun.reflect.NativeMethodAccessorImpl.invoke(NativeMethodAccessorImpl.java:62)
at sun.reflect.DelegatingMethodAccessorImpl.invoke(DelegatingMethodAccessorImpl.java:43)
at java.lang.reflect.Method.invoke(Method.java:498)
at org.testng.internal.MethodInvocationHelper.invokeMethod(MethodInvocationHelper.java:131)
at org.testng.internal.MethodInvocationHelper$1.runTestMethod(MethodInvocationHelper.java:237)
at org.springframework.test.context.testng.AbstractTestNGSpringContextTests.run(AbstractTestNGSpringContextTests.java:180)
at org.testng.internal.MethodInvocationHelper.invokeHookable(MethodInvocationHelper.java:249)
at org.testng.internal.Invoker.invokeMethod(Invoker.java:654)
at org.testng.internal.Invoker.invokeTestMethod(Invoker.java:792)
at org.testng.internal.Invoker.invokeTestMethods(Invoker.java:1103)
at org.testng.internal.TestMethodWorker.invokeTestMethods(TestMethodWorker.java:140)
at org.testng.internal.TestMethodWorker.run(TestMethodWorker.java:122)
at org.testng.TestRunner.privateRun(TestRunner.java:739)
at org.testng.TestRunner.run(TestRunner.java:589)
at org.testng.SuiteRunner.runTest(SuiteRunner.java:398)
at org.testng.SuiteRunner.runSequentially(SuiteRunner.java:392)
at org.testng.SuiteRunner.privateRun(SuiteRunner.java:354)
at org.testng.SuiteRunner.run(SuiteRunner.java:302)
at org.testng.SuiteRunnerWorker.runSuite(SuiteRunnerWorker.java:53)
at org.testng.SuiteRunnerWorker.run(SuiteRunnerWorker.java:96)
at org.testng.TestNG.runSuitesSequentially(TestNG.java:1145)
at org.testng.TestNG.runSuitesLocally(TestNG.java:1067)
at org.testng.TestNG.runSuites(TestNG.java:997)
at org.testng.TestNG.run(TestNG.java:965)
at org.apache.maven.surefire.testng.TestNGExecutor.run(TestNGExecutor.java:135)
at org.apache.maven.surefire.testng.TestNGDirectoryTestSuite.executeMulti(TestNGDirectoryTestSuite.java:193)
at org.apache.maven.surefire.testng.TestNGDirectoryTestSuite.execute(TestNGDirectoryTestSuite.java:94)
at org.apache.maven.surefire.testng.TestNGProvider.invoke(TestNGProvider.java:146)
at org.apache.maven.surefire.booter.ForkedBooter.invokeProviderInSameClassLoader(ForkedBooter.java:384)
at org.apache.maven.surefire.booter.ForkedBooter.runSuitesInProcess(ForkedBooter.java:345)
at org.apache.maven.surefire.booter.ForkedBooter.execute(ForkedBooter.java:126)
at org.apache.maven.surefire.booter.ForkedBooter.main(ForkedBooter.java:418)
]]>
            </full-stacktrace>
          </exception> <!-- java.lang.IllegalArgumentException -->
          <reporter-output>
          </reporter-output>
        </test-method> <!-- createNull -->
        <test-method status="PASS" signature="springTestContextAfterTestMethod(java.lang.reflect.Method)[pri:0, instance:cz.muni.fi.pa165.smartphonEShop.dao.AddressDaoTest@49c43f4e]" name="springTestContextAfterTestMethod" is-config="true" duration-ms="2" started-at="2018-11-07T18:43:34 CET" finished-at="2018-11-07T18:43:34 CET">
          <params>
            <param index="0">
              <value>
                <![CDATA[public void cz.muni.fi.pa165.smartphonEShop.dao.AddressDaoTest.createNull()]]>
              </value>
            </param>
          </params>
          <reporter-output>
          </reporter-output>
        </test-method> <!-- springTestContextAfterTestMethod -->
        <test-method status="PASS" signature="springTestContextBeforeTestMethod(java.lang.reflect.Method)[pri:0, instance:cz.muni.fi.pa165.smartphonEShop.dao.AddressDaoTest@49c43f4e]" name="springTestContextBeforeTestMethod" is-config="true" duration-ms="20" started-at="2018-11-07T18:43:34 CET" finished-at="2018-11-07T18:43:34 CET">
          <params>
            <param index="0">
              <value>
                <![CDATA[public void cz.muni.fi.pa165.smartphonEShop.dao.AddressDaoTest.delete()]]>
              </value>
            </param>
          </params>
          <reporter-output>
          </reporter-output>
        </test-method> <!-- springTestContextBeforeTestMethod -->
        <test-method status="PASS" signature="setUp()[pri:0, instance:cz.muni.fi.pa165.smartphonEShop.dao.AddressDaoTest@49c43f4e]" name="setUp" is-config="true" duration-ms="0" started-at="2018-11-07T18:43:34 CET" finished-at="2018-11-07T18:43:34 CET">
          <reporter-output>
          </reporter-output>
        </test-method> <!-- setUp -->
        <test-method status="PASS" signature="delete()[pri:0, instance:cz.muni.fi.pa165.smartphonEShop.dao.AddressDaoTest@49c43f4e]" name="delete" duration-ms="34" started-at="2018-11-07T18:43:34 CET" finished-at="2018-11-07T18:43:34 CET">
          <reporter-output>
          </reporter-output>
        </test-method> <!-- delete -->
        <test-method status="PASS" signature="springTestContextAfterTestMethod(java.lang.reflect.Method)[pri:0, instance:cz.muni.fi.pa165.smartphonEShop.dao.AddressDaoTest@49c43f4e]" name="springTestContextAfterTestMethod" is-config="true" duration-ms="6" started-at="2018-11-07T18:43:34 CET" finished-at="2018-11-07T18:43:34 CET">
          <params>
            <param index="0">
              <value>
                <![CDATA[public void cz.muni.fi.pa165.smartphonEShop.dao.AddressDaoTest.delete()]]>
              </value>
            </param>
          </params>
          <reporter-output>
          </reporter-output>
        </test-method> <!-- springTestContextAfterTestMethod -->
        <test-method status="PASS" signature="springTestContextBeforeTestMethod(java.lang.reflect.Method)[pri:0, instance:cz.muni.fi.pa165.smartphonEShop.dao.AddressDaoTest@49c43f4e]" name="springTestContextBeforeTestMethod" is-config="true" duration-ms="15" started-at="2018-11-07T18:43:34 CET" finished-at="2018-11-07T18:43:34 CET">
          <params>
            <param index="0">
              <value>
                <![CDATA[public void cz.muni.fi.pa165.smartphonEShop.dao.AddressDaoTest.deleteNull()]]>
              </value>
            </param>
          </params>
          <reporter-output>
          </reporter-output>
        </test-method> <!-- springTestContextBeforeTestMethod -->
        <test-method status="PASS" signature="deleteNull()[pri:0, instance:cz.muni.fi.pa165.smartphonEShop.dao.AddressDaoTest@49c43f4e]" name="deleteNull" duration-ms="0" started-at="2018-11-07T18:43:34 CET" finished-at="2018-11-07T18:43:34 CET">
          <exception class="java.lang.IllegalArgumentException">
            <message>
              <![CDATA[Address is null!]]>
            </message>
            <full-stacktrace>
              <![CDATA[java.lang.IllegalArgumentException: Address is null!
at cz.muni.fi.pa165.smartphonEShop.dao.AddressDaoImpl.delete(AddressDaoImpl.java:40)
at cz.muni.fi.pa165.smartphonEShop.dao.AddressDaoTest.deleteNull(AddressDaoTest.java:122)
at sun.reflect.NativeMethodAccessorImpl.invoke0(Native Method)
at sun.reflect.NativeMethodAccessorImpl.invoke(NativeMethodAccessorImpl.java:62)
at sun.reflect.DelegatingMethodAccessorImpl.invoke(DelegatingMethodAccessorImpl.java:43)
at java.lang.reflect.Method.invoke(Method.java:498)
at org.testng.internal.MethodInvocationHelper.invokeMethod(MethodInvocationHelper.java:131)
at org.testng.internal.MethodInvocationHelper$1.runTestMethod(MethodInvocationHelper.java:237)
at org.springframework.test.context.testng.AbstractTestNGSpringContextTests.run(AbstractTestNGSpringContextTests.java:180)
at org.testng.internal.MethodInvocationHelper.invokeHookable(MethodInvocationHelper.java:249)
at org.testng.internal.Invoker.invokeMethod(Invoker.java:654)
at org.testng.internal.Invoker.invokeTestMethod(Invoker.java:792)
at org.testng.internal.Invoker.invokeTestMethods(Invoker.java:1103)
at org.testng.internal.TestMethodWorker.invokeTestMethods(TestMethodWorker.java:140)
at org.testng.internal.TestMethodWorker.run(TestMethodWorker.java:122)
at org.testng.TestRunner.privateRun(TestRunner.java:739)
at org.testng.TestRunner.run(TestRunner.java:589)
at org.testng.SuiteRunner.runTest(SuiteRunner.java:398)
at org.testng.SuiteRunner.runSequentially(SuiteRunner.java:392)
at org.testng.SuiteRunner.privateRun(SuiteRunner.java:354)
at org.testng.SuiteRunner.run(SuiteRunner.java:302)
at org.testng.SuiteRunnerWorker.runSuite(SuiteRunnerWorker.java:53)
at org.testng.SuiteRunnerWorker.run(SuiteRunnerWorker.java:96)
at org.testng.TestNG.runSuitesSequentially(TestNG.java:1145)
at org.testng.TestNG.runSuitesLocally(TestNG.java:1067)
at org.testng.TestNG.runSuites(TestNG.java:997)
at org.testng.TestNG.run(TestNG.java:965)
at org.apache.maven.surefire.testng.TestNGExecutor.run(TestNGExecutor.java:135)
at org.apache.maven.surefire.testng.TestNGDirectoryTestSuite.executeMulti(TestNGDirectoryTestSuite.java:193)
at org.apache.maven.surefire.testng.TestNGDirectoryTestSuite.execute(TestNGDirectoryTestSuite.java:94)
at org.apache.maven.surefire.testng.TestNGProvider.invoke(TestNGProvider.java:146)
at org.apache.maven.surefire.booter.ForkedBooter.invokeProviderInSameClassLoader(ForkedBooter.java:384)
at org.apache.maven.surefire.booter.ForkedBooter.runSuitesInProcess(ForkedBooter.java:345)
at org.apache.maven.surefire.booter.ForkedBooter.execute(ForkedBooter.java:126)
at org.apache.maven.surefire.booter.ForkedBooter.main(ForkedBooter.java:418)
]]>
            </full-stacktrace>
          </exception> <!-- java.lang.IllegalArgumentException -->
          <reporter-output>
          </reporter-output>
        </test-method> <!-- deleteNull -->
        <test-method status="PASS" signature="springTestContextAfterTestMethod(java.lang.reflect.Method)[pri:0, instance:cz.muni.fi.pa165.smartphonEShop.dao.AddressDaoTest@49c43f4e]" name="springTestContextAfterTestMethod" is-config="true" duration-ms="2" started-at="2018-11-07T18:43:34 CET" finished-at="2018-11-07T18:43:34 CET">
          <params>
            <param index="0">
              <value>
                <![CDATA[public void cz.muni.fi.pa165.smartphonEShop.dao.AddressDaoTest.deleteNull()]]>
              </value>
            </param>
          </params>
          <reporter-output>
          </reporter-output>
        </test-method> <!-- springTestContextAfterTestMethod -->
        <test-method status="PASS" signature="setUp()[pri:0, instance:cz.muni.fi.pa165.smartphonEShop.dao.AddressDaoTest@49c43f4e]" name="setUp" is-config="true" duration-ms="0" started-at="2018-11-07T18:43:34 CET" finished-at="2018-11-07T18:43:34 CET">
          <reporter-output>
          </reporter-output>
        </test-method> <!-- setUp -->
        <test-method status="PASS" signature="springTestContextBeforeTestMethod(java.lang.reflect.Method)[pri:0, instance:cz.muni.fi.pa165.smartphonEShop.dao.AddressDaoTest@49c43f4e]" name="springTestContextBeforeTestMethod" is-config="true" duration-ms="3" started-at="2018-11-07T18:43:34 CET" finished-at="2018-11-07T18:43:34 CET">
          <params>
            <param index="0">
              <value>
                <![CDATA[public void cz.muni.fi.pa165.smartphonEShop.dao.AddressDaoTest.findAll()]]>
              </value>
            </param>
          </params>
          <reporter-output>
          </reporter-output>
        </test-method> <!-- springTestContextBeforeTestMethod -->
        <test-method status="PASS" signature="setUp()[pri:0, instance:cz.muni.fi.pa165.smartphonEShop.dao.AddressDaoTest@49c43f4e]" name="setUp" is-config="true" duration-ms="0" started-at="2018-11-07T18:43:34 CET" finished-at="2018-11-07T18:43:34 CET">
          <reporter-output>
          </reporter-output>
        </test-method> <!-- setUp -->
        <test-method status="PASS" signature="findAll()[pri:0, instance:cz.muni.fi.pa165.smartphonEShop.dao.AddressDaoTest@49c43f4e]" name="findAll" duration-ms="9" started-at="2018-11-07T18:43:34 CET" finished-at="2018-11-07T18:43:34 CET">
          <reporter-output>
          </reporter-output>
        </test-method> <!-- findAll -->
        <test-method status="PASS" signature="springTestContextAfterTestMethod(java.lang.reflect.Method)[pri:0, instance:cz.muni.fi.pa165.smartphonEShop.dao.AddressDaoTest@49c43f4e]" name="springTestContextAfterTestMethod" is-config="true" duration-ms="5" started-at="2018-11-07T18:43:34 CET" finished-at="2018-11-07T18:43:34 CET">
          <params>
            <param index="0">
              <value>
                <![CDATA[public void cz.muni.fi.pa165.smartphonEShop.dao.AddressDaoTest.findAll()]]>
              </value>
            </param>
          </params>
          <reporter-output>
          </reporter-output>
        </test-method> <!-- springTestContextAfterTestMethod -->
        <test-method status="PASS" signature="springTestContextBeforeTestMethod(java.lang.reflect.Method)[pri:0, instance:cz.muni.fi.pa165.smartphonEShop.dao.AddressDaoTest@49c43f4e]" name="springTestContextBeforeTestMethod" is-config="true" duration-ms="4" started-at="2018-11-07T18:43:34 CET" finished-at="2018-11-07T18:43:34 CET">
          <params>
            <param index="0">
              <value>
                <![CDATA[public void cz.muni.fi.pa165.smartphonEShop.dao.AddressDaoTest.findById()]]>
              </value>
            </param>
          </params>
          <reporter-output>
          </reporter-output>
        </test-method> <!-- springTestContextBeforeTestMethod -->
        <test-method status="PASS" signature="setUp()[pri:0, instance:cz.muni.fi.pa165.smartphonEShop.dao.AddressDaoTest@49c43f4e]" name="setUp" is-config="true" duration-ms="0" started-at="2018-11-07T18:43:34 CET" finished-at="2018-11-07T18:43:34 CET">
          <reporter-output>
          </reporter-output>
        </test-method> <!-- setUp -->
        <test-method status="PASS" signature="findById()[pri:0, instance:cz.muni.fi.pa165.smartphonEShop.dao.AddressDaoTest@49c43f4e]" name="findById" duration-ms="2" started-at="2018-11-07T18:43:34 CET" finished-at="2018-11-07T18:43:34 CET">
          <reporter-output>
          </reporter-output>
        </test-method> <!-- findById -->
        <test-method status="PASS" signature="springTestContextAfterTestMethod(java.lang.reflect.Method)[pri:0, instance:cz.muni.fi.pa165.smartphonEShop.dao.AddressDaoTest@49c43f4e]" name="springTestContextAfterTestMethod" is-config="true" duration-ms="20" started-at="2018-11-07T18:43:34 CET" finished-at="2018-11-07T18:43:34 CET">
          <params>
            <param index="0">
              <value>
                <![CDATA[public void cz.muni.fi.pa165.smartphonEShop.dao.AddressDaoTest.findById()]]>
              </value>
            </param>
          </params>
          <reporter-output>
          </reporter-output>
        </test-method> <!-- springTestContextAfterTestMethod -->
        <test-method status="PASS" signature="springTestContextBeforeTestMethod(java.lang.reflect.Method)[pri:0, instance:cz.muni.fi.pa165.smartphonEShop.dao.AddressDaoTest@49c43f4e]" name="springTestContextBeforeTestMethod" is-config="true" duration-ms="7" started-at="2018-11-07T18:43:34 CET" finished-at="2018-11-07T18:43:34 CET">
          <params>
            <param index="0">
              <value>
                <![CDATA[public void cz.muni.fi.pa165.smartphonEShop.dao.AddressDaoTest.findByIdNegative()]]>
              </value>
            </param>
          </params>
          <reporter-output>
          </reporter-output>
        </test-method> <!-- springTestContextBeforeTestMethod -->
        <test-method status="PASS" signature="setUp()[pri:0, instance:cz.muni.fi.pa165.smartphonEShop.dao.AddressDaoTest@49c43f4e]" name="setUp" is-config="true" duration-ms="1" started-at="2018-11-07T18:43:34 CET" finished-at="2018-11-07T18:43:34 CET">
          <reporter-output>
          </reporter-output>
        </test-method> <!-- setUp -->
        <test-method status="PASS" signature="findByIdNegative()[pri:0, instance:cz.muni.fi.pa165.smartphonEShop.dao.AddressDaoTest@49c43f4e]" name="findByIdNegative" duration-ms="0" started-at="2018-11-07T18:43:34 CET" finished-at="2018-11-07T18:43:34 CET">
          <exception class="java.lang.IllegalArgumentException">
            <message>
              <![CDATA[AddressId is null or less than 0!]]>
            </message>
            <full-stacktrace>
              <![CDATA[java.lang.IllegalArgumentException: AddressId is null or less than 0!
at cz.muni.fi.pa165.smartphonEShop.dao.AddressDaoImpl.findById(AddressDaoImpl.java:54)
at cz.muni.fi.pa165.smartphonEShop.dao.AddressDaoTest.findByIdNegative(AddressDaoTest.java:134)
at sun.reflect.NativeMethodAccessorImpl.invoke0(Native Method)
at sun.reflect.NativeMethodAccessorImpl.invoke(NativeMethodAccessorImpl.java:62)
at sun.reflect.DelegatingMethodAccessorImpl.invoke(DelegatingMethodAccessorImpl.java:43)
at java.lang.reflect.Method.invoke(Method.java:498)
at org.testng.internal.MethodInvocationHelper.invokeMethod(MethodInvocationHelper.java:131)
at org.testng.internal.MethodInvocationHelper$1.runTestMethod(MethodInvocationHelper.java:237)
at org.springframework.test.context.testng.AbstractTestNGSpringContextTests.run(AbstractTestNGSpringContextTests.java:180)
at org.testng.internal.MethodInvocationHelper.invokeHookable(MethodInvocationHelper.java:249)
at org.testng.internal.Invoker.invokeMethod(Invoker.java:654)
at org.testng.internal.Invoker.invokeTestMethod(Invoker.java:792)
at org.testng.internal.Invoker.invokeTestMethods(Invoker.java:1103)
at org.testng.internal.TestMethodWorker.invokeTestMethods(TestMethodWorker.java:140)
at org.testng.internal.TestMethodWorker.run(TestMethodWorker.java:122)
at org.testng.TestRunner.privateRun(TestRunner.java:739)
at org.testng.TestRunner.run(TestRunner.java:589)
at org.testng.SuiteRunner.runTest(SuiteRunner.java:398)
at org.testng.SuiteRunner.runSequentially(SuiteRunner.java:392)
at org.testng.SuiteRunner.privateRun(SuiteRunner.java:354)
at org.testng.SuiteRunner.run(SuiteRunner.java:302)
at org.testng.SuiteRunnerWorker.runSuite(SuiteRunnerWorker.java:53)
at org.testng.SuiteRunnerWorker.run(SuiteRunnerWorker.java:96)
at org.testng.TestNG.runSuitesSequentially(TestNG.java:1145)
at org.testng.TestNG.runSuitesLocally(TestNG.java:1067)
at org.testng.TestNG.runSuites(TestNG.java:997)
at org.testng.TestNG.run(TestNG.java:965)
at org.apache.maven.surefire.testng.TestNGExecutor.run(TestNGExecutor.java:135)
at org.apache.maven.surefire.testng.TestNGDirectoryTestSuite.executeMulti(TestNGDirectoryTestSuite.java:193)
at org.apache.maven.surefire.testng.TestNGDirectoryTestSuite.execute(TestNGDirectoryTestSuite.java:94)
at org.apache.maven.surefire.testng.TestNGProvider.invoke(TestNGProvider.java:146)
at org.apache.maven.surefire.booter.ForkedBooter.invokeProviderInSameClassLoader(ForkedBooter.java:384)
at org.apache.maven.surefire.booter.ForkedBooter.runSuitesInProcess(ForkedBooter.java:345)
at org.apache.maven.surefire.booter.ForkedBooter.execute(ForkedBooter.java:126)
at org.apache.maven.surefire.booter.ForkedBooter.main(ForkedBooter.java:418)
]]>
            </full-stacktrace>
          </exception> <!-- java.lang.IllegalArgumentException -->
          <reporter-output>
          </reporter-output>
        </test-method> <!-- findByIdNegative -->
        <test-method status="PASS" signature="springTestContextAfterTestMethod(java.lang.reflect.Method)[pri:0, instance:cz.muni.fi.pa165.smartphonEShop.dao.AddressDaoTest@49c43f4e]" name="springTestContextAfterTestMethod" is-config="true" duration-ms="2" started-at="2018-11-07T18:43:34 CET" finished-at="2018-11-07T18:43:34 CET">
          <params>
            <param index="0">
              <value>
                <![CDATA[public void cz.muni.fi.pa165.smartphonEShop.dao.AddressDaoTest.findByIdNegative()]]>
              </value>
            </param>
          </params>
          <reporter-output>
          </reporter-output>
        </test-method> <!-- springTestContextAfterTestMethod -->
        <test-method status="PASS" signature="springTestContextBeforeTestMethod(java.lang.reflect.Method)[pri:0, instance:cz.muni.fi.pa165.smartphonEShop.dao.AddressDaoTest@49c43f4e]" name="springTestContextBeforeTestMethod" is-config="true" duration-ms="11" started-at="2018-11-07T18:43:34 CET" finished-at="2018-11-07T18:43:34 CET">
          <params>
            <param index="0">
              <value>
                <![CDATA[public void cz.muni.fi.pa165.smartphonEShop.dao.AddressDaoTest.findByIdNull()]]>
              </value>
            </param>
          </params>
          <reporter-output>
          </reporter-output>
        </test-method> <!-- springTestContextBeforeTestMethod -->
        <test-method status="PASS" signature="setUp()[pri:0, instance:cz.muni.fi.pa165.smartphonEShop.dao.AddressDaoTest@49c43f4e]" name="setUp" is-config="true" duration-ms="0" started-at="2018-11-07T18:43:34 CET" finished-at="2018-11-07T18:43:34 CET">
          <reporter-output>
          </reporter-output>
        </test-method> <!-- setUp -->
        <test-method status="PASS" signature="findByIdNull()[pri:0, instance:cz.muni.fi.pa165.smartphonEShop.dao.AddressDaoTest@49c43f4e]" name="findByIdNull" duration-ms="1" started-at="2018-11-07T18:43:34 CET" finished-at="2018-11-07T18:43:34 CET">
          <exception class="java.lang.IllegalArgumentException">
            <message>
              <![CDATA[AddressId is null or less than 0!]]>
            </message>
            <full-stacktrace>
              <![CDATA[java.lang.IllegalArgumentException: AddressId is null or less than 0!
at cz.muni.fi.pa165.smartphonEShop.dao.AddressDaoImpl.findById(AddressDaoImpl.java:54)
at cz.muni.fi.pa165.smartphonEShop.dao.AddressDaoTest.findByIdNull(AddressDaoTest.java:128)
at sun.reflect.NativeMethodAccessorImpl.invoke0(Native Method)
at sun.reflect.NativeMethodAccessorImpl.invoke(NativeMethodAccessorImpl.java:62)
at sun.reflect.DelegatingMethodAccessorImpl.invoke(DelegatingMethodAccessorImpl.java:43)
at java.lang.reflect.Method.invoke(Method.java:498)
at org.testng.internal.MethodInvocationHelper.invokeMethod(MethodInvocationHelper.java:131)
at org.testng.internal.MethodInvocationHelper$1.runTestMethod(MethodInvocationHelper.java:237)
at org.springframework.test.context.testng.AbstractTestNGSpringContextTests.run(AbstractTestNGSpringContextTests.java:180)
at org.testng.internal.MethodInvocationHelper.invokeHookable(MethodInvocationHelper.java:249)
at org.testng.internal.Invoker.invokeMethod(Invoker.java:654)
at org.testng.internal.Invoker.invokeTestMethod(Invoker.java:792)
at org.testng.internal.Invoker.invokeTestMethods(Invoker.java:1103)
at org.testng.internal.TestMethodWorker.invokeTestMethods(TestMethodWorker.java:140)
at org.testng.internal.TestMethodWorker.run(TestMethodWorker.java:122)
at org.testng.TestRunner.privateRun(TestRunner.java:739)
at org.testng.TestRunner.run(TestRunner.java:589)
at org.testng.SuiteRunner.runTest(SuiteRunner.java:398)
at org.testng.SuiteRunner.runSequentially(SuiteRunner.java:392)
at org.testng.SuiteRunner.privateRun(SuiteRunner.java:354)
at org.testng.SuiteRunner.run(SuiteRunner.java:302)
at org.testng.SuiteRunnerWorker.runSuite(SuiteRunnerWorker.java:53)
at org.testng.SuiteRunnerWorker.run(SuiteRunnerWorker.java:96)
at org.testng.TestNG.runSuitesSequentially(TestNG.java:1145)
at org.testng.TestNG.runSuitesLocally(TestNG.java:1067)
at org.testng.TestNG.runSuites(TestNG.java:997)
at org.testng.TestNG.run(TestNG.java:965)
at org.apache.maven.surefire.testng.TestNGExecutor.run(TestNGExecutor.java:135)
at org.apache.maven.surefire.testng.TestNGDirectoryTestSuite.executeMulti(TestNGDirectoryTestSuite.java:193)
at org.apache.maven.surefire.testng.TestNGDirectoryTestSuite.execute(TestNGDirectoryTestSuite.java:94)
at org.apache.maven.surefire.testng.TestNGProvider.invoke(TestNGProvider.java:146)
at org.apache.maven.surefire.booter.ForkedBooter.invokeProviderInSameClassLoader(ForkedBooter.java:384)
at org.apache.maven.surefire.booter.ForkedBooter.runSuitesInProcess(ForkedBooter.java:345)
at org.apache.maven.surefire.booter.ForkedBooter.execute(ForkedBooter.java:126)
at org.apache.maven.surefire.booter.ForkedBooter.main(ForkedBooter.java:418)
]]>
            </full-stacktrace>
          </exception> <!-- java.lang.IllegalArgumentException -->
          <reporter-output>
          </reporter-output>
        </test-method> <!-- findByIdNull -->
        <test-method status="PASS" signature="springTestContextAfterTestMethod(java.lang.reflect.Method)[pri:0, instance:cz.muni.fi.pa165.smartphonEShop.dao.AddressDaoTest@49c43f4e]" name="springTestContextAfterTestMethod" is-config="true" duration-ms="1" started-at="2018-11-07T18:43:34 CET" finished-at="2018-11-07T18:43:34 CET">
          <params>
            <param index="0">
              <value>
                <![CDATA[public void cz.muni.fi.pa165.smartphonEShop.dao.AddressDaoTest.findByIdNull()]]>
              </value>
            </param>
          </params>
          <reporter-output>
          </reporter-output>
        </test-method> <!-- springTestContextAfterTestMethod -->
        <test-method status="PASS" signature="springTestContextBeforeTestMethod(java.lang.reflect.Method)[pri:0, instance:cz.muni.fi.pa165.smartphonEShop.dao.AddressDaoTest@49c43f4e]" name="springTestContextBeforeTestMethod" is-config="true" duration-ms="3" started-at="2018-11-07T18:43:34 CET" finished-at="2018-11-07T18:43:34 CET">
          <params>
            <param index="0">
              <value>
                <![CDATA[public void cz.muni.fi.pa165.smartphonEShop.dao.AddressDaoTest.update()]]>
              </value>
            </param>
          </params>
          <reporter-output>
          </reporter-output>
        </test-method> <!-- springTestContextBeforeTestMethod -->
        <test-method status="PASS" signature="setUp()[pri:0, instance:cz.muni.fi.pa165.smartphonEShop.dao.AddressDaoTest@49c43f4e]" name="setUp" is-config="true" duration-ms="0" started-at="2018-11-07T18:43:34 CET" finished-at="2018-11-07T18:43:34 CET">
          <reporter-output>
          </reporter-output>
        </test-method> <!-- setUp -->
        <test-method status="PASS" signature="update()[pri:0, instance:cz.muni.fi.pa165.smartphonEShop.dao.AddressDaoTest@49c43f4e]" name="update" duration-ms="1" started-at="2018-11-07T18:43:34 CET" finished-at="2018-11-07T18:43:34 CET">
          <reporter-output>
          </reporter-output>
        </test-method> <!-- update -->
        <test-method status="PASS" signature="springTestContextAfterTestMethod(java.lang.reflect.Method)[pri:0, instance:cz.muni.fi.pa165.smartphonEShop.dao.AddressDaoTest@49c43f4e]" name="springTestContextAfterTestMethod" is-config="true" duration-ms="1" started-at="2018-11-07T18:43:34 CET" finished-at="2018-11-07T18:43:34 CET">
          <params>
            <param index="0">
              <value>
                <![CDATA[public void cz.muni.fi.pa165.smartphonEShop.dao.AddressDaoTest.update()]]>
              </value>
            </param>
          </params>
          <reporter-output>
          </reporter-output>
        </test-method> <!-- springTestContextAfterTestMethod -->
        <test-method status="PASS" signature="springTestContextBeforeTestMethod(java.lang.reflect.Method)[pri:0, instance:cz.muni.fi.pa165.smartphonEShop.dao.AddressDaoTest@49c43f4e]" name="springTestContextBeforeTestMethod" is-config="true" duration-ms="2" started-at="2018-11-07T18:43:34 CET" finished-at="2018-11-07T18:43:34 CET">
          <params>
            <param index="0">
              <value>
                <![CDATA[public void cz.muni.fi.pa165.smartphonEShop.dao.AddressDaoTest.updateNull()]]>
              </value>
            </param>
          </params>
          <reporter-output>
          </reporter-output>
        </test-method> <!-- springTestContextBeforeTestMethod -->
        <test-method status="PASS" signature="setUp()[pri:0, instance:cz.muni.fi.pa165.smartphonEShop.dao.AddressDaoTest@49c43f4e]" name="setUp" is-config="true" duration-ms="1" started-at="2018-11-07T18:43:34 CET" finished-at="2018-11-07T18:43:34 CET">
          <reporter-output>
          </reporter-output>
        </test-method> <!-- setUp -->
        <test-method status="PASS" signature="updateNull()[pri:0, instance:cz.muni.fi.pa165.smartphonEShop.dao.AddressDaoTest@49c43f4e]" name="updateNull" duration-ms="0" started-at="2018-11-07T18:43:34 CET" finished-at="2018-11-07T18:43:34 CET">
          <exception class="java.lang.IllegalArgumentException">
            <message>
              <![CDATA[Address is null!]]>
            </message>
            <full-stacktrace>
              <![CDATA[java.lang.IllegalArgumentException: Address is null!
at cz.muni.fi.pa165.smartphonEShop.dao.AddressDaoImpl.update(AddressDaoImpl.java:32)
at cz.muni.fi.pa165.smartphonEShop.dao.AddressDaoTest.updateNull(AddressDaoTest.java:116)
at sun.reflect.NativeMethodAccessorImpl.invoke0(Native Method)
at sun.reflect.NativeMethodAccessorImpl.invoke(NativeMethodAccessorImpl.java:62)
at sun.reflect.DelegatingMethodAccessorImpl.invoke(DelegatingMethodAccessorImpl.java:43)
at java.lang.reflect.Method.invoke(Method.java:498)
at org.testng.internal.MethodInvocationHelper.invokeMethod(MethodInvocationHelper.java:131)
at org.testng.internal.MethodInvocationHelper$1.runTestMethod(MethodInvocationHelper.java:237)
at org.springframework.test.context.testng.AbstractTestNGSpringContextTests.run(AbstractTestNGSpringContextTests.java:180)
at org.testng.internal.MethodInvocationHelper.invokeHookable(MethodInvocationHelper.java:249)
at org.testng.internal.Invoker.invokeMethod(Invoker.java:654)
at org.testng.internal.Invoker.invokeTestMethod(Invoker.java:792)
at org.testng.internal.Invoker.invokeTestMethods(Invoker.java:1103)
at org.testng.internal.TestMethodWorker.invokeTestMethods(TestMethodWorker.java:140)
at org.testng.internal.TestMethodWorker.run(TestMethodWorker.java:122)
at org.testng.TestRunner.privateRun(TestRunner.java:739)
at org.testng.TestRunner.run(TestRunner.java:589)
at org.testng.SuiteRunner.runTest(SuiteRunner.java:398)
at org.testng.SuiteRunner.runSequentially(SuiteRunner.java:392)
at org.testng.SuiteRunner.privateRun(SuiteRunner.java:354)
at org.testng.SuiteRunner.run(SuiteRunner.java:302)
at org.testng.SuiteRunnerWorker.runSuite(SuiteRunnerWorker.java:53)
at org.testng.SuiteRunnerWorker.run(SuiteRunnerWorker.java:96)
at org.testng.TestNG.runSuitesSequentially(TestNG.java:1145)
at org.testng.TestNG.runSuitesLocally(TestNG.java:1067)
at org.testng.TestNG.runSuites(TestNG.java:997)
at org.testng.TestNG.run(TestNG.java:965)
at org.apache.maven.surefire.testng.TestNGExecutor.run(TestNGExecutor.java:135)
at org.apache.maven.surefire.testng.TestNGDirectoryTestSuite.executeMulti(TestNGDirectoryTestSuite.java:193)
at org.apache.maven.surefire.testng.TestNGDirectoryTestSuite.execute(TestNGDirectoryTestSuite.java:94)
at org.apache.maven.surefire.testng.TestNGProvider.invoke(TestNGProvider.java:146)
at org.apache.maven.surefire.booter.ForkedBooter.invokeProviderInSameClassLoader(ForkedBooter.java:384)
at org.apache.maven.surefire.booter.ForkedBooter.runSuitesInProcess(ForkedBooter.java:345)
at org.apache.maven.surefire.booter.ForkedBooter.execute(ForkedBooter.java:126)
at org.apache.maven.surefire.booter.ForkedBooter.main(ForkedBooter.java:418)
]]>
            </full-stacktrace>
          </exception> <!-- java.lang.IllegalArgumentException -->
          <reporter-output>
          </reporter-output>
        </test-method> <!-- updateNull -->
        <test-method status="PASS" signature="springTestContextAfterTestMethod(java.lang.reflect.Method)[pri:0, instance:cz.muni.fi.pa165.smartphonEShop.dao.AddressDaoTest@49c43f4e]" name="springTestContextAfterTestMethod" is-config="true" duration-ms="27" started-at="2018-11-07T18:43:34 CET" finished-at="2018-11-07T18:43:34 CET">
          <params>
            <param index="0">
              <value>
                <![CDATA[public void cz.muni.fi.pa165.smartphonEShop.dao.AddressDaoTest.updateNull()]]>
              </value>
            </param>
          </params>
          <reporter-output>
          </reporter-output>
        </test-method> <!-- springTestContextAfterTestMethod -->
        <test-method status="PASS" signature="springTestContextAfterTestClass()[pri:0, instance:cz.muni.fi.pa165.smartphonEShop.dao.AddressDaoTest@49c43f4e]" name="springTestContextAfterTestClass" is-config="true" duration-ms="0" started-at="2018-11-07T18:43:34 CET" finished-at="2018-11-07T18:43:34 CET">
          <reporter-output>
          </reporter-output>
        </test-method> <!-- springTestContextAfterTestClass -->
      </class> <!-- cz.muni.fi.pa165.smartphonEShop.dao.AddressDaoTest -->
      <class name="cz.muni.fi.pa165.smartphonEShop.dao.StockDaoTest">
        <test-method status="PASS" signature="springTestContextBeforeTestClass()[pri:0, instance:cz.muni.fi.pa165.smartphonEShop.dao.StockDaoTest@d6da883]" name="springTestContextBeforeTestClass" is-config="true" duration-ms="0" started-at="2018-11-07T18:43:33 CET" finished-at="2018-11-07T18:43:33 CET">
          <reporter-output>
          </reporter-output>
        </test-method> <!-- springTestContextBeforeTestClass -->
        <test-method status="PASS" signature="springTestContextPrepareTestInstance()[pri:0, instance:cz.muni.fi.pa165.smartphonEShop.dao.StockDaoTest@d6da883]" name="springTestContextPrepareTestInstance" is-config="true" duration-ms="2" started-at="2018-11-07T18:43:33 CET" depends-on-methods="org.springframework.test.context.testng.AbstractTestNGSpringContextTests.springTestContextBeforeTestClass" finished-at="2018-11-07T18:43:33 CET">
          <reporter-output>
          </reporter-output>
        </test-method> <!-- springTestContextPrepareTestInstance -->
        <test-method status="PASS" signature="springTestContextBeforeTestMethod(java.lang.reflect.Method)[pri:0, instance:cz.muni.fi.pa165.smartphonEShop.dao.StockDaoTest@d6da883]" name="springTestContextBeforeTestMethod" is-config="true" duration-ms="18" started-at="2018-11-07T18:43:33 CET" finished-at="2018-11-07T18:43:33 CET">
          <params>
            <param index="0">
              <value>
                <![CDATA[public void cz.muni.fi.pa165.smartphonEShop.dao.StockDaoTest.createNull()]]>
              </value>
            </param>
          </params>
          <reporter-output>
          </reporter-output>
        </test-method> <!-- springTestContextBeforeTestMethod -->
        <test-method status="PASS" signature="setUp()[pri:0, instance:cz.muni.fi.pa165.smartphonEShop.dao.StockDaoTest@d6da883]" name="setUp" is-config="true" duration-ms="1" started-at="2018-11-07T18:43:33 CET" finished-at="2018-11-07T18:43:33 CET">
          <reporter-output>
          </reporter-output>
        </test-method> <!-- setUp -->
        <test-method status="PASS" signature="createNull()[pri:0, instance:cz.muni.fi.pa165.smartphonEShop.dao.StockDaoTest@d6da883]" name="createNull" duration-ms="0" started-at="2018-11-07T18:43:33 CET" finished-at="2018-11-07T18:43:33 CET">
          <exception class="java.lang.IllegalArgumentException">
            <message>
              <![CDATA[Stock is null!]]>
            </message>
            <full-stacktrace>
              <![CDATA[java.lang.IllegalArgumentException: Stock is null!
at cz.muni.fi.pa165.smartphonEShop.dao.StockDaoImpl.create(StockDaoImpl.java:28)
at cz.muni.fi.pa165.smartphonEShop.dao.StockDaoTest.createNull(StockDaoTest.java:133)
at sun.reflect.NativeMethodAccessorImpl.invoke0(Native Method)
at sun.reflect.NativeMethodAccessorImpl.invoke(NativeMethodAccessorImpl.java:62)
at sun.reflect.DelegatingMethodAccessorImpl.invoke(DelegatingMethodAccessorImpl.java:43)
at java.lang.reflect.Method.invoke(Method.java:498)
at org.testng.internal.MethodInvocationHelper.invokeMethod(MethodInvocationHelper.java:131)
at org.testng.internal.MethodInvocationHelper$1.runTestMethod(MethodInvocationHelper.java:237)
at org.springframework.test.context.testng.AbstractTestNGSpringContextTests.run(AbstractTestNGSpringContextTests.java:180)
at org.testng.internal.MethodInvocationHelper.invokeHookable(MethodInvocationHelper.java:249)
at org.testng.internal.Invoker.invokeMethod(Invoker.java:654)
at org.testng.internal.Invoker.invokeTestMethod(Invoker.java:792)
at org.testng.internal.Invoker.invokeTestMethods(Invoker.java:1103)
at org.testng.internal.TestMethodWorker.invokeTestMethods(TestMethodWorker.java:140)
at org.testng.internal.TestMethodWorker.run(TestMethodWorker.java:122)
at org.testng.TestRunner.privateRun(TestRunner.java:739)
at org.testng.TestRunner.run(TestRunner.java:589)
at org.testng.SuiteRunner.runTest(SuiteRunner.java:398)
at org.testng.SuiteRunner.runSequentially(SuiteRunner.java:392)
at org.testng.SuiteRunner.privateRun(SuiteRunner.java:354)
at org.testng.SuiteRunner.run(SuiteRunner.java:302)
at org.testng.SuiteRunnerWorker.runSuite(SuiteRunnerWorker.java:53)
at org.testng.SuiteRunnerWorker.run(SuiteRunnerWorker.java:96)
at org.testng.TestNG.runSuitesSequentially(TestNG.java:1145)
at org.testng.TestNG.runSuitesLocally(TestNG.java:1067)
at org.testng.TestNG.runSuites(TestNG.java:997)
at org.testng.TestNG.run(TestNG.java:965)
at org.apache.maven.surefire.testng.TestNGExecutor.run(TestNGExecutor.java:135)
at org.apache.maven.surefire.testng.TestNGDirectoryTestSuite.executeMulti(TestNGDirectoryTestSuite.java:193)
at org.apache.maven.surefire.testng.TestNGDirectoryTestSuite.execute(TestNGDirectoryTestSuite.java:94)
at org.apache.maven.surefire.testng.TestNGProvider.invoke(TestNGProvider.java:146)
at org.apache.maven.surefire.booter.ForkedBooter.invokeProviderInSameClassLoader(ForkedBooter.java:384)
at org.apache.maven.surefire.booter.ForkedBooter.runSuitesInProcess(ForkedBooter.java:345)
at org.apache.maven.surefire.booter.ForkedBooter.execute(ForkedBooter.java:126)
at org.apache.maven.surefire.booter.ForkedBooter.main(ForkedBooter.java:418)
]]>
            </full-stacktrace>
          </exception> <!-- java.lang.IllegalArgumentException -->
          <reporter-output>
          </reporter-output>
        </test-method> <!-- createNull -->
        <test-method status="PASS" signature="springTestContextAfterTestMethod(java.lang.reflect.Method)[pri:0, instance:cz.muni.fi.pa165.smartphonEShop.dao.StockDaoTest@d6da883]" name="springTestContextAfterTestMethod" is-config="true" duration-ms="2" started-at="2018-11-07T18:43:33 CET" finished-at="2018-11-07T18:43:33 CET">
          <params>
            <param index="0">
              <value>
                <![CDATA[public void cz.muni.fi.pa165.smartphonEShop.dao.StockDaoTest.createNull()]]>
              </value>
            </param>
          </params>
          <reporter-output>
          </reporter-output>
        </test-method> <!-- springTestContextAfterTestMethod -->
        <test-method status="PASS" signature="springTestContextBeforeTestMethod(java.lang.reflect.Method)[pri:0, instance:cz.muni.fi.pa165.smartphonEShop.dao.StockDaoTest@d6da883]" name="springTestContextBeforeTestMethod" is-config="true" duration-ms="15" started-at="2018-11-07T18:43:33 CET" finished-at="2018-11-07T18:43:33 CET">
          <params>
            <param index="0">
              <value>
                <![CDATA[public void cz.muni.fi.pa165.smartphonEShop.dao.StockDaoTest.delete()]]>
              </value>
            </param>
          </params>
          <reporter-output>
          </reporter-output>
        </test-method> <!-- springTestContextBeforeTestMethod -->
        <test-method status="PASS" signature="delete()[pri:0, instance:cz.muni.fi.pa165.smartphonEShop.dao.StockDaoTest@d6da883]" name="delete" duration-ms="19" started-at="2018-11-07T18:43:33 CET" finished-at="2018-11-07T18:43:33 CET">
          <reporter-output>
          </reporter-output>
        </test-method> <!-- delete -->
        <test-method status="PASS" signature="setUp()[pri:0, instance:cz.muni.fi.pa165.smartphonEShop.dao.StockDaoTest@d6da883]" name="setUp" is-config="true" duration-ms="0" started-at="2018-11-07T18:43:33 CET" finished-at="2018-11-07T18:43:33 CET">
          <reporter-output>
          </reporter-output>
        </test-method> <!-- setUp -->
        <test-method status="PASS" signature="springTestContextAfterTestMethod(java.lang.reflect.Method)[pri:0, instance:cz.muni.fi.pa165.smartphonEShop.dao.StockDaoTest@d6da883]" name="springTestContextAfterTestMethod" is-config="true" duration-ms="3" started-at="2018-11-07T18:43:33 CET" finished-at="2018-11-07T18:43:33 CET">
          <params>
            <param index="0">
              <value>
                <![CDATA[public void cz.muni.fi.pa165.smartphonEShop.dao.StockDaoTest.delete()]]>
              </value>
            </param>
          </params>
          <reporter-output>
          </reporter-output>
        </test-method> <!-- springTestContextAfterTestMethod -->
        <test-method status="PASS" signature="springTestContextBeforeTestMethod(java.lang.reflect.Method)[pri:0, instance:cz.muni.fi.pa165.smartphonEShop.dao.StockDaoTest@d6da883]" name="springTestContextBeforeTestMethod" is-config="true" duration-ms="17" started-at="2018-11-07T18:43:33 CET" finished-at="2018-11-07T18:43:33 CET">
          <params>
            <param index="0">
              <value>
                <![CDATA[public void cz.muni.fi.pa165.smartphonEShop.dao.StockDaoTest.deleteNull()]]>
              </value>
            </param>
          </params>
          <reporter-output>
          </reporter-output>
        </test-method> <!-- springTestContextBeforeTestMethod -->
        <test-method status="PASS" signature="deleteNull()[pri:0, instance:cz.muni.fi.pa165.smartphonEShop.dao.StockDaoTest@d6da883]" name="deleteNull" duration-ms="0" started-at="2018-11-07T18:43:33 CET" finished-at="2018-11-07T18:43:33 CET">
          <exception class="java.lang.IllegalArgumentException">
            <message>
              <![CDATA[Stock is null!]]>
            </message>
            <full-stacktrace>
              <![CDATA[java.lang.IllegalArgumentException: Stock is null!
at cz.muni.fi.pa165.smartphonEShop.dao.StockDaoImpl.delete(StockDaoImpl.java:46)
at cz.muni.fi.pa165.smartphonEShop.dao.StockDaoTest.deleteNull(StockDaoTest.java:145)
at sun.reflect.NativeMethodAccessorImpl.invoke0(Native Method)
at sun.reflect.NativeMethodAccessorImpl.invoke(NativeMethodAccessorImpl.java:62)
at sun.reflect.DelegatingMethodAccessorImpl.invoke(DelegatingMethodAccessorImpl.java:43)
at java.lang.reflect.Method.invoke(Method.java:498)
at org.testng.internal.MethodInvocationHelper.invokeMethod(MethodInvocationHelper.java:131)
at org.testng.internal.MethodInvocationHelper$1.runTestMethod(MethodInvocationHelper.java:237)
at org.springframework.test.context.testng.AbstractTestNGSpringContextTests.run(AbstractTestNGSpringContextTests.java:180)
at org.testng.internal.MethodInvocationHelper.invokeHookable(MethodInvocationHelper.java:249)
at org.testng.internal.Invoker.invokeMethod(Invoker.java:654)
at org.testng.internal.Invoker.invokeTestMethod(Invoker.java:792)
at org.testng.internal.Invoker.invokeTestMethods(Invoker.java:1103)
at org.testng.internal.TestMethodWorker.invokeTestMethods(TestMethodWorker.java:140)
at org.testng.internal.TestMethodWorker.run(TestMethodWorker.java:122)
at org.testng.TestRunner.privateRun(TestRunner.java:739)
at org.testng.TestRunner.run(TestRunner.java:589)
at org.testng.SuiteRunner.runTest(SuiteRunner.java:398)
at org.testng.SuiteRunner.runSequentially(SuiteRunner.java:392)
at org.testng.SuiteRunner.privateRun(SuiteRunner.java:354)
at org.testng.SuiteRunner.run(SuiteRunner.java:302)
at org.testng.SuiteRunnerWorker.runSuite(SuiteRunnerWorker.java:53)
at org.testng.SuiteRunnerWorker.run(SuiteRunnerWorker.java:96)
at org.testng.TestNG.runSuitesSequentially(TestNG.java:1145)
at org.testng.TestNG.runSuitesLocally(TestNG.java:1067)
at org.testng.TestNG.runSuites(TestNG.java:997)
at org.testng.TestNG.run(TestNG.java:965)
at org.apache.maven.surefire.testng.TestNGExecutor.run(TestNGExecutor.java:135)
at org.apache.maven.surefire.testng.TestNGDirectoryTestSuite.executeMulti(TestNGDirectoryTestSuite.java:193)
at org.apache.maven.surefire.testng.TestNGDirectoryTestSuite.execute(TestNGDirectoryTestSuite.java:94)
at org.apache.maven.surefire.testng.TestNGProvider.invoke(TestNGProvider.java:146)
at org.apache.maven.surefire.booter.ForkedBooter.invokeProviderInSameClassLoader(ForkedBooter.java:384)
at org.apache.maven.surefire.booter.ForkedBooter.runSuitesInProcess(ForkedBooter.java:345)
at org.apache.maven.surefire.booter.ForkedBooter.execute(ForkedBooter.java:126)
at org.apache.maven.surefire.booter.ForkedBooter.main(ForkedBooter.java:418)
]]>
            </full-stacktrace>
          </exception> <!-- java.lang.IllegalArgumentException -->
          <reporter-output>
          </reporter-output>
        </test-method> <!-- deleteNull -->
        <test-method status="PASS" signature="setUp()[pri:0, instance:cz.muni.fi.pa165.smartphonEShop.dao.StockDaoTest@d6da883]" name="setUp" is-config="true" duration-ms="0" started-at="2018-11-07T18:43:33 CET" finished-at="2018-11-07T18:43:33 CET">
          <reporter-output>
          </reporter-output>
        </test-method> <!-- setUp -->
        <test-method status="PASS" signature="springTestContextAfterTestMethod(java.lang.reflect.Method)[pri:0, instance:cz.muni.fi.pa165.smartphonEShop.dao.StockDaoTest@d6da883]" name="springTestContextAfterTestMethod" is-config="true" duration-ms="2" started-at="2018-11-07T18:43:33 CET" finished-at="2018-11-07T18:43:33 CET">
          <params>
            <param index="0">
              <value>
                <![CDATA[public void cz.muni.fi.pa165.smartphonEShop.dao.StockDaoTest.deleteNull()]]>
              </value>
            </param>
          </params>
          <reporter-output>
          </reporter-output>
        </test-method> <!-- springTestContextAfterTestMethod -->
        <test-method status="PASS" signature="springTestContextBeforeTestMethod(java.lang.reflect.Method)[pri:0, instance:cz.muni.fi.pa165.smartphonEShop.dao.StockDaoTest@d6da883]" name="springTestContextBeforeTestMethod" is-config="true" duration-ms="4" started-at="2018-11-07T18:43:33 CET" finished-at="2018-11-07T18:43:33 CET">
          <params>
            <param index="0">
              <value>
                <![CDATA[public void cz.muni.fi.pa165.smartphonEShop.dao.StockDaoTest.findAll()]]>
              </value>
            </param>
          </params>
          <reporter-output>
          </reporter-output>
        </test-method> <!-- springTestContextBeforeTestMethod -->
        <test-method status="PASS" signature="setUp()[pri:0, instance:cz.muni.fi.pa165.smartphonEShop.dao.StockDaoTest@d6da883]" name="setUp" is-config="true" duration-ms="0" started-at="2018-11-07T18:43:33 CET" finished-at="2018-11-07T18:43:33 CET">
          <reporter-output>
          </reporter-output>
        </test-method> <!-- setUp -->
        <test-method status="PASS" signature="findAll()[pri:0, instance:cz.muni.fi.pa165.smartphonEShop.dao.StockDaoTest@d6da883]" name="findAll" duration-ms="38" started-at="2018-11-07T18:43:33 CET" finished-at="2018-11-07T18:43:33 CET">
          <reporter-output>
          </reporter-output>
        </test-method> <!-- findAll -->
        <test-method status="PASS" signature="springTestContextAfterTestMethod(java.lang.reflect.Method)[pri:0, instance:cz.muni.fi.pa165.smartphonEShop.dao.StockDaoTest@d6da883]" name="springTestContextAfterTestMethod" is-config="true" duration-ms="3" started-at="2018-11-07T18:43:33 CET" finished-at="2018-11-07T18:43:33 CET">
          <params>
            <param index="0">
              <value>
                <![CDATA[public void cz.muni.fi.pa165.smartphonEShop.dao.StockDaoTest.findAll()]]>
              </value>
            </param>
          </params>
          <reporter-output>
          </reporter-output>
        </test-method> <!-- springTestContextAfterTestMethod -->
        <test-method status="PASS" signature="springTestContextBeforeTestMethod(java.lang.reflect.Method)[pri:0, instance:cz.muni.fi.pa165.smartphonEShop.dao.StockDaoTest@d6da883]" name="springTestContextBeforeTestMethod" is-config="true" duration-ms="6" started-at="2018-11-07T18:43:33 CET" finished-at="2018-11-07T18:43:33 CET">
          <params>
            <param index="0">
              <value>
                <![CDATA[public void cz.muni.fi.pa165.smartphonEShop.dao.StockDaoTest.findById()]]>
              </value>
            </param>
          </params>
          <reporter-output>
          </reporter-output>
        </test-method> <!-- springTestContextBeforeTestMethod -->
        <test-method status="PASS" signature="setUp()[pri:0, instance:cz.muni.fi.pa165.smartphonEShop.dao.StockDaoTest@d6da883]" name="setUp" is-config="true" duration-ms="0" started-at="2018-11-07T18:43:33 CET" finished-at="2018-11-07T18:43:33 CET">
          <reporter-output>
          </reporter-output>
        </test-method> <!-- setUp -->
        <test-method status="PASS" signature="findById()[pri:0, instance:cz.muni.fi.pa165.smartphonEShop.dao.StockDaoTest@d6da883]" name="findById" duration-ms="4" started-at="2018-11-07T18:43:33 CET" finished-at="2018-11-07T18:43:33 CET">
          <reporter-output>
          </reporter-output>
        </test-method> <!-- findById -->
        <test-method status="PASS" signature="springTestContextAfterTestMethod(java.lang.reflect.Method)[pri:0, instance:cz.muni.fi.pa165.smartphonEShop.dao.StockDaoTest@d6da883]" name="springTestContextAfterTestMethod" is-config="true" duration-ms="18" started-at="2018-11-07T18:43:33 CET" finished-at="2018-11-07T18:43:33 CET">
          <params>
            <param index="0">
              <value>
                <![CDATA[public void cz.muni.fi.pa165.smartphonEShop.dao.StockDaoTest.findById()]]>
              </value>
            </param>
          </params>
          <reporter-output>
          </reporter-output>
        </test-method> <!-- springTestContextAfterTestMethod -->
        <test-method status="PASS" signature="springTestContextBeforeTestMethod(java.lang.reflect.Method)[pri:0, instance:cz.muni.fi.pa165.smartphonEShop.dao.StockDaoTest@d6da883]" name="springTestContextBeforeTestMethod" is-config="true" duration-ms="3" started-at="2018-11-07T18:43:33 CET" finished-at="2018-11-07T18:43:33 CET">
          <params>
            <param index="0">
              <value>
                <![CDATA[public void cz.muni.fi.pa165.smartphonEShop.dao.StockDaoTest.findByIdNegative()]]>
              </value>
            </param>
          </params>
          <reporter-output>
          </reporter-output>
        </test-method> <!-- springTestContextBeforeTestMethod -->
        <test-method status="PASS" signature="setUp()[pri:0, instance:cz.muni.fi.pa165.smartphonEShop.dao.StockDaoTest@d6da883]" name="setUp" is-config="true" duration-ms="0" started-at="2018-11-07T18:43:33 CET" finished-at="2018-11-07T18:43:33 CET">
          <reporter-output>
          </reporter-output>
        </test-method> <!-- setUp -->
        <test-method status="PASS" signature="findByIdNegative()[pri:0, instance:cz.muni.fi.pa165.smartphonEShop.dao.StockDaoTest@d6da883]" name="findByIdNegative" duration-ms="1" started-at="2018-11-07T18:43:33 CET" finished-at="2018-11-07T18:43:33 CET">
          <exception class="java.lang.IllegalArgumentException">
            <message>
              <![CDATA[StockId is null or less than 0!]]>
            </message>
            <full-stacktrace>
              <![CDATA[java.lang.IllegalArgumentException: StockId is null or less than 0!
at cz.muni.fi.pa165.smartphonEShop.dao.StockDaoImpl.findById(StockDaoImpl.java:59)
at cz.muni.fi.pa165.smartphonEShop.dao.StockDaoTest.findByIdNegative(StockDaoTest.java:157)
at sun.reflect.NativeMethodAccessorImpl.invoke0(Native Method)
at sun.reflect.NativeMethodAccessorImpl.invoke(NativeMethodAccessorImpl.java:62)
at sun.reflect.DelegatingMethodAccessorImpl.invoke(DelegatingMethodAccessorImpl.java:43)
at java.lang.reflect.Method.invoke(Method.java:498)
at org.testng.internal.MethodInvocationHelper.invokeMethod(MethodInvocationHelper.java:131)
at org.testng.internal.MethodInvocationHelper$1.runTestMethod(MethodInvocationHelper.java:237)
at org.springframework.test.context.testng.AbstractTestNGSpringContextTests.run(AbstractTestNGSpringContextTests.java:180)
at org.testng.internal.MethodInvocationHelper.invokeHookable(MethodInvocationHelper.java:249)
at org.testng.internal.Invoker.invokeMethod(Invoker.java:654)
at org.testng.internal.Invoker.invokeTestMethod(Invoker.java:792)
at org.testng.internal.Invoker.invokeTestMethods(Invoker.java:1103)
at org.testng.internal.TestMethodWorker.invokeTestMethods(TestMethodWorker.java:140)
at org.testng.internal.TestMethodWorker.run(TestMethodWorker.java:122)
at org.testng.TestRunner.privateRun(TestRunner.java:739)
at org.testng.TestRunner.run(TestRunner.java:589)
at org.testng.SuiteRunner.runTest(SuiteRunner.java:398)
at org.testng.SuiteRunner.runSequentially(SuiteRunner.java:392)
at org.testng.SuiteRunner.privateRun(SuiteRunner.java:354)
at org.testng.SuiteRunner.run(SuiteRunner.java:302)
at org.testng.SuiteRunnerWorker.runSuite(SuiteRunnerWorker.java:53)
at org.testng.SuiteRunnerWorker.run(SuiteRunnerWorker.java:96)
at org.testng.TestNG.runSuitesSequentially(TestNG.java:1145)
at org.testng.TestNG.runSuitesLocally(TestNG.java:1067)
at org.testng.TestNG.runSuites(TestNG.java:997)
at org.testng.TestNG.run(TestNG.java:965)
at org.apache.maven.surefire.testng.TestNGExecutor.run(TestNGExecutor.java:135)
at org.apache.maven.surefire.testng.TestNGDirectoryTestSuite.executeMulti(TestNGDirectoryTestSuite.java:193)
at org.apache.maven.surefire.testng.TestNGDirectoryTestSuite.execute(TestNGDirectoryTestSuite.java:94)
at org.apache.maven.surefire.testng.TestNGProvider.invoke(TestNGProvider.java:146)
at org.apache.maven.surefire.booter.ForkedBooter.invokeProviderInSameClassLoader(ForkedBooter.java:384)
at org.apache.maven.surefire.booter.ForkedBooter.runSuitesInProcess(ForkedBooter.java:345)
at org.apache.maven.surefire.booter.ForkedBooter.execute(ForkedBooter.java:126)
at org.apache.maven.surefire.booter.ForkedBooter.main(ForkedBooter.java:418)
]]>
            </full-stacktrace>
          </exception> <!-- java.lang.IllegalArgumentException -->
          <reporter-output>
          </reporter-output>
        </test-method> <!-- findByIdNegative -->
        <test-method status="PASS" signature="springTestContextAfterTestMethod(java.lang.reflect.Method)[pri:0, instance:cz.muni.fi.pa165.smartphonEShop.dao.StockDaoTest@d6da883]" name="springTestContextAfterTestMethod" is-config="true" duration-ms="1" started-at="2018-11-07T18:43:33 CET" finished-at="2018-11-07T18:43:33 CET">
          <params>
            <param index="0">
              <value>
                <![CDATA[public void cz.muni.fi.pa165.smartphonEShop.dao.StockDaoTest.findByIdNegative()]]>
              </value>
            </param>
          </params>
          <reporter-output>
          </reporter-output>
        </test-method> <!-- springTestContextAfterTestMethod -->
        <test-method status="PASS" signature="springTestContextBeforeTestMethod(java.lang.reflect.Method)[pri:0, instance:cz.muni.fi.pa165.smartphonEShop.dao.StockDaoTest@d6da883]" name="springTestContextBeforeTestMethod" is-config="true" duration-ms="15" started-at="2018-11-07T18:43:33 CET" finished-at="2018-11-07T18:43:33 CET">
          <params>
            <param index="0">
              <value>
                <![CDATA[public void cz.muni.fi.pa165.smartphonEShop.dao.StockDaoTest.findByIdNull()]]>
              </value>
            </param>
          </params>
          <reporter-output>
          </reporter-output>
        </test-method> <!-- springTestContextBeforeTestMethod -->
        <test-method status="PASS" signature="findByIdNull()[pri:0, instance:cz.muni.fi.pa165.smartphonEShop.dao.StockDaoTest@d6da883]" name="findByIdNull" duration-ms="0" started-at="2018-11-07T18:43:33 CET" finished-at="2018-11-07T18:43:33 CET">
          <exception class="java.lang.IllegalArgumentException">
            <message>
              <![CDATA[StockId is null or less than 0!]]>
            </message>
            <full-stacktrace>
              <![CDATA[java.lang.IllegalArgumentException: StockId is null or less than 0!
at cz.muni.fi.pa165.smartphonEShop.dao.StockDaoImpl.findById(StockDaoImpl.java:59)
at cz.muni.fi.pa165.smartphonEShop.dao.StockDaoTest.findByIdNull(StockDaoTest.java:151)
at sun.reflect.NativeMethodAccessorImpl.invoke0(Native Method)
at sun.reflect.NativeMethodAccessorImpl.invoke(NativeMethodAccessorImpl.java:62)
at sun.reflect.DelegatingMethodAccessorImpl.invoke(DelegatingMethodAccessorImpl.java:43)
at java.lang.reflect.Method.invoke(Method.java:498)
at org.testng.internal.MethodInvocationHelper.invokeMethod(MethodInvocationHelper.java:131)
at org.testng.internal.MethodInvocationHelper$1.runTestMethod(MethodInvocationHelper.java:237)
at org.springframework.test.context.testng.AbstractTestNGSpringContextTests.run(AbstractTestNGSpringContextTests.java:180)
at org.testng.internal.MethodInvocationHelper.invokeHookable(MethodInvocationHelper.java:249)
at org.testng.internal.Invoker.invokeMethod(Invoker.java:654)
at org.testng.internal.Invoker.invokeTestMethod(Invoker.java:792)
at org.testng.internal.Invoker.invokeTestMethods(Invoker.java:1103)
at org.testng.internal.TestMethodWorker.invokeTestMethods(TestMethodWorker.java:140)
at org.testng.internal.TestMethodWorker.run(TestMethodWorker.java:122)
at org.testng.TestRunner.privateRun(TestRunner.java:739)
at org.testng.TestRunner.run(TestRunner.java:589)
at org.testng.SuiteRunner.runTest(SuiteRunner.java:398)
at org.testng.SuiteRunner.runSequentially(SuiteRunner.java:392)
at org.testng.SuiteRunner.privateRun(SuiteRunner.java:354)
at org.testng.SuiteRunner.run(SuiteRunner.java:302)
at org.testng.SuiteRunnerWorker.runSuite(SuiteRunnerWorker.java:53)
at org.testng.SuiteRunnerWorker.run(SuiteRunnerWorker.java:96)
at org.testng.TestNG.runSuitesSequentially(TestNG.java:1145)
at org.testng.TestNG.runSuitesLocally(TestNG.java:1067)
at org.testng.TestNG.runSuites(TestNG.java:997)
at org.testng.TestNG.run(TestNG.java:965)
at org.apache.maven.surefire.testng.TestNGExecutor.run(TestNGExecutor.java:135)
at org.apache.maven.surefire.testng.TestNGDirectoryTestSuite.executeMulti(TestNGDirectoryTestSuite.java:193)
at org.apache.maven.surefire.testng.TestNGDirectoryTestSuite.execute(TestNGDirectoryTestSuite.java:94)
at org.apache.maven.surefire.testng.TestNGProvider.invoke(TestNGProvider.java:146)
at org.apache.maven.surefire.booter.ForkedBooter.invokeProviderInSameClassLoader(ForkedBooter.java:384)
at org.apache.maven.surefire.booter.ForkedBooter.runSuitesInProcess(ForkedBooter.java:345)
at org.apache.maven.surefire.booter.ForkedBooter.execute(ForkedBooter.java:126)
at org.apache.maven.surefire.booter.ForkedBooter.main(ForkedBooter.java:418)
]]>
            </full-stacktrace>
          </exception> <!-- java.lang.IllegalArgumentException -->
          <reporter-output>
          </reporter-output>
        </test-method> <!-- findByIdNull -->
        <test-method status="PASS" signature="setUp()[pri:0, instance:cz.muni.fi.pa165.smartphonEShop.dao.StockDaoTest@d6da883]" name="setUp" is-config="true" duration-ms="0" started-at="2018-11-07T18:43:33 CET" finished-at="2018-11-07T18:43:33 CET">
          <reporter-output>
          </reporter-output>
        </test-method> <!-- setUp -->
        <test-method status="PASS" signature="springTestContextAfterTestMethod(java.lang.reflect.Method)[pri:0, instance:cz.muni.fi.pa165.smartphonEShop.dao.StockDaoTest@d6da883]" name="springTestContextAfterTestMethod" is-config="true" duration-ms="2" started-at="2018-11-07T18:43:33 CET" finished-at="2018-11-07T18:43:33 CET">
          <params>
            <param index="0">
              <value>
                <![CDATA[public void cz.muni.fi.pa165.smartphonEShop.dao.StockDaoTest.findByIdNull()]]>
              </value>
            </param>
          </params>
          <reporter-output>
          </reporter-output>
        </test-method> <!-- springTestContextAfterTestMethod -->
        <test-method status="PASS" signature="springTestContextBeforeTestMethod(java.lang.reflect.Method)[pri:0, instance:cz.muni.fi.pa165.smartphonEShop.dao.StockDaoTest@d6da883]" name="springTestContextBeforeTestMethod" is-config="true" duration-ms="12" started-at="2018-11-07T18:43:33 CET" finished-at="2018-11-07T18:43:33 CET">
          <params>
            <param index="0">
              <value>
                <![CDATA[public void cz.muni.fi.pa165.smartphonEShop.dao.StockDaoTest.update()]]>
              </value>
            </param>
          </params>
          <reporter-output>
          </reporter-output>
        </test-method> <!-- springTestContextBeforeTestMethod -->
        <test-method status="PASS" signature="setUp()[pri:0, instance:cz.muni.fi.pa165.smartphonEShop.dao.StockDaoTest@d6da883]" name="setUp" is-config="true" duration-ms="1" started-at="2018-11-07T18:43:33 CET" finished-at="2018-11-07T18:43:33 CET">
          <reporter-output>
          </reporter-output>
        </test-method> <!-- setUp -->
        <test-method status="PASS" signature="update()[pri:0, instance:cz.muni.fi.pa165.smartphonEShop.dao.StockDaoTest@d6da883]" name="update" duration-ms="2" started-at="2018-11-07T18:43:33 CET" finished-at="2018-11-07T18:43:33 CET">
          <reporter-output>
          </reporter-output>
        </test-method> <!-- update -->
        <test-method status="PASS" signature="springTestContextAfterTestMethod(java.lang.reflect.Method)[pri:0, instance:cz.muni.fi.pa165.smartphonEShop.dao.StockDaoTest@d6da883]" name="springTestContextAfterTestMethod" is-config="true" duration-ms="2" started-at="2018-11-07T18:43:33 CET" finished-at="2018-11-07T18:43:33 CET">
          <params>
            <param index="0">
              <value>
                <![CDATA[public void cz.muni.fi.pa165.smartphonEShop.dao.StockDaoTest.update()]]>
              </value>
            </param>
          </params>
          <reporter-output>
          </reporter-output>
        </test-method> <!-- springTestContextAfterTestMethod -->
        <test-method status="PASS" signature="springTestContextBeforeTestMethod(java.lang.reflect.Method)[pri:0, instance:cz.muni.fi.pa165.smartphonEShop.dao.StockDaoTest@d6da883]" name="springTestContextBeforeTestMethod" is-config="true" duration-ms="22" started-at="2018-11-07T18:43:33 CET" finished-at="2018-11-07T18:43:33 CET">
          <params>
            <param index="0">
              <value>
                <![CDATA[public void cz.muni.fi.pa165.smartphonEShop.dao.StockDaoTest.updateNull()]]>
              </value>
            </param>
          </params>
          <reporter-output>
          </reporter-output>
        </test-method> <!-- springTestContextBeforeTestMethod -->
        <test-method status="PASS" signature="setUp()[pri:0, instance:cz.muni.fi.pa165.smartphonEShop.dao.StockDaoTest@d6da883]" name="setUp" is-config="true" duration-ms="1" started-at="2018-11-07T18:43:33 CET" finished-at="2018-11-07T18:43:33 CET">
          <reporter-output>
          </reporter-output>
        </test-method> <!-- setUp -->
        <test-method status="PASS" signature="springTestContextAfterTestMethod(java.lang.reflect.Method)[pri:0, instance:cz.muni.fi.pa165.smartphonEShop.dao.StockDaoTest@d6da883]" name="springTestContextAfterTestMethod" is-config="true" duration-ms="2" started-at="2018-11-07T18:43:33 CET" finished-at="2018-11-07T18:43:33 CET">
          <params>
            <param index="0">
              <value>
                <![CDATA[public void cz.muni.fi.pa165.smartphonEShop.dao.StockDaoTest.updateNull()]]>
              </value>
            </param>
          </params>
          <reporter-output>
          </reporter-output>
        </test-method> <!-- springTestContextAfterTestMethod -->
        <test-method status="PASS" signature="updateNull()[pri:0, instance:cz.muni.fi.pa165.smartphonEShop.dao.StockDaoTest@d6da883]" name="updateNull" duration-ms="0" started-at="2018-11-07T18:43:33 CET" finished-at="2018-11-07T18:43:33 CET">
          <exception class="java.lang.IllegalArgumentException">
            <message>
              <![CDATA[Stock is null!]]>
            </message>
            <full-stacktrace>
              <![CDATA[java.lang.IllegalArgumentException: Stock is null!
at cz.muni.fi.pa165.smartphonEShop.dao.StockDaoImpl.update(StockDaoImpl.java:37)
at cz.muni.fi.pa165.smartphonEShop.dao.StockDaoTest.updateNull(StockDaoTest.java:139)
at sun.reflect.NativeMethodAccessorImpl.invoke0(Native Method)
at sun.reflect.NativeMethodAccessorImpl.invoke(NativeMethodAccessorImpl.java:62)
at sun.reflect.DelegatingMethodAccessorImpl.invoke(DelegatingMethodAccessorImpl.java:43)
at java.lang.reflect.Method.invoke(Method.java:498)
at org.testng.internal.MethodInvocationHelper.invokeMethod(MethodInvocationHelper.java:131)
at org.testng.internal.MethodInvocationHelper$1.runTestMethod(MethodInvocationHelper.java:237)
at org.springframework.test.context.testng.AbstractTestNGSpringContextTests.run(AbstractTestNGSpringContextTests.java:180)
at org.testng.internal.MethodInvocationHelper.invokeHookable(MethodInvocationHelper.java:249)
at org.testng.internal.Invoker.invokeMethod(Invoker.java:654)
at org.testng.internal.Invoker.invokeTestMethod(Invoker.java:792)
at org.testng.internal.Invoker.invokeTestMethods(Invoker.java:1103)
at org.testng.internal.TestMethodWorker.invokeTestMethods(TestMethodWorker.java:140)
at org.testng.internal.TestMethodWorker.run(TestMethodWorker.java:122)
at org.testng.TestRunner.privateRun(TestRunner.java:739)
at org.testng.TestRunner.run(TestRunner.java:589)
at org.testng.SuiteRunner.runTest(SuiteRunner.java:398)
at org.testng.SuiteRunner.runSequentially(SuiteRunner.java:392)
at org.testng.SuiteRunner.privateRun(SuiteRunner.java:354)
at org.testng.SuiteRunner.run(SuiteRunner.java:302)
at org.testng.SuiteRunnerWorker.runSuite(SuiteRunnerWorker.java:53)
at org.testng.SuiteRunnerWorker.run(SuiteRunnerWorker.java:96)
at org.testng.TestNG.runSuitesSequentially(TestNG.java:1145)
at org.testng.TestNG.runSuitesLocally(TestNG.java:1067)
at org.testng.TestNG.runSuites(TestNG.java:997)
at org.testng.TestNG.run(TestNG.java:965)
at org.apache.maven.surefire.testng.TestNGExecutor.run(TestNGExecutor.java:135)
at org.apache.maven.surefire.testng.TestNGDirectoryTestSuite.executeMulti(TestNGDirectoryTestSuite.java:193)
at org.apache.maven.surefire.testng.TestNGDirectoryTestSuite.execute(TestNGDirectoryTestSuite.java:94)
at org.apache.maven.surefire.testng.TestNGProvider.invoke(TestNGProvider.java:146)
at org.apache.maven.surefire.booter.ForkedBooter.invokeProviderInSameClassLoader(ForkedBooter.java:384)
at org.apache.maven.surefire.booter.ForkedBooter.runSuitesInProcess(ForkedBooter.java:345)
at org.apache.maven.surefire.booter.ForkedBooter.execute(ForkedBooter.java:126)
at org.apache.maven.surefire.booter.ForkedBooter.main(ForkedBooter.java:418)
]]>
            </full-stacktrace>
          </exception> <!-- java.lang.IllegalArgumentException -->
          <reporter-output>
          </reporter-output>
        </test-method> <!-- updateNull -->
        <test-method status="PASS" signature="springTestContextAfterTestClass()[pri:0, instance:cz.muni.fi.pa165.smartphonEShop.dao.StockDaoTest@d6da883]" name="springTestContextAfterTestClass" is-config="true" duration-ms="0" started-at="2018-11-07T18:43:33 CET" finished-at="2018-11-07T18:43:33 CET">
          <reporter-output>
          </reporter-output>
        </test-method> <!-- springTestContextAfterTestClass -->
      </class> <!-- cz.muni.fi.pa165.smartphonEShop.dao.StockDaoTest -->
    </test> <!-- Surefire test -->
  </suite> <!-- Surefire suite -->
</testng-results>
